<?xml version="1.0" encoding="UTF-8"?>
<testsuite xmlns:xsi="http://www.w3.org/2001/XMLSchema-instance" xsi:noNamespaceSchemaLocation="https://maven.apache.org/surefire/maven-surefire-plugin/xsd/surefire-test-report.xsd" name="com.camping.camp.CampApplicationTests" time="7.841" tests="1" errors="1" skipped="0" failures="0">
  <properties>
    <property name="sun.desktop" value="windows"/>
    <property name="awt.toolkit" value="sun.awt.windows.WToolkit"/>
    <property name="java.specification.version" value="11"/>
    <property name="sun.cpu.isalist" value="amd64"/>
    <property name="sun.jnu.encoding" value="Cp1252"/>
    <property name="java.class.path" value="C:\Users\m.essid\Desktop\Camp\camp\target\test-classes;C:\Users\m.essid\Desktop\Camp\camp\target\classes;C:\Users\m.essid\.m2\repository\org\springframework\boot\spring-boot-starter-data-jpa\2.7.12\spring-boot-starter-data-jpa-2.7.12.jar;C:\Users\m.essid\.m2\repository\org\springframework\boot\spring-boot-starter-aop\2.7.12\spring-boot-starter-aop-2.7.12.jar;C:\Users\m.essid\.m2\repository\org\aspectj\aspectjweaver\1.9.7\aspectjweaver-1.9.7.jar;C:\Users\m.essid\.m2\repository\org\springframework\boot\spring-boot-starter-jdbc\2.7.12\spring-boot-starter-jdbc-2.7.12.jar;C:\Users\m.essid\.m2\repository\com\zaxxer\HikariCP\4.0.3\HikariCP-4.0.3.jar;C:\Users\m.essid\.m2\repository\org\springframework\spring-jdbc\5.3.27\spring-jdbc-5.3.27.jar;C:\Users\m.essid\.m2\repository\jakarta\transaction\jakarta.transaction-api\1.3.3\jakarta.transaction-api-1.3.3.jar;C:\Users\m.essid\.m2\repository\jakarta\persistence\jakarta.persistence-api\2.2.3\jakarta.persistence-api-2.2.3.jar;C:\Users\m.essid\.m2\repository\org\hibernate\hibernate-core\5.6.15.Final\hibernate-core-5.6.15.Final.jar;C:\Users\m.essid\.m2\repository\org\jboss\logging\jboss-logging\3.4.3.Final\jboss-logging-3.4.3.Final.jar;C:\Users\m.essid\.m2\repository\net\bytebuddy\byte-buddy\1.12.23\byte-buddy-1.12.23.jar;C:\Users\m.essid\.m2\repository\antlr\antlr\2.7.7\antlr-2.7.7.jar;C:\Users\m.essid\.m2\repository\org\jboss\jandex\2.4.2.Final\jandex-2.4.2.Final.jar;C:\Users\m.essid\.m2\repository\com\fasterxml\classmate\1.5.1\classmate-1.5.1.jar;C:\Users\m.essid\.m2\repository\org\hibernate\common\hibernate-commons-annotations\5.1.2.Final\hibernate-commons-annotations-5.1.2.Final.jar;C:\Users\m.essid\.m2\repository\org\glassfish\jaxb\jaxb-runtime\2.3.8\jaxb-runtime-2.3.8.jar;C:\Users\m.essid\.m2\repository\org\glassfish\jaxb\txw2\2.3.8\txw2-2.3.8.jar;C:\Users\m.essid\.m2\repository\com\sun\istack\istack-commons-runtime\3.0.12\istack-commons-runtime-3.0.12.jar;C:\Users\m.essid\.m2\repository\com\sun\activation\jakarta.activation\1.2.2\jakarta.activation-1.2.2.jar;C:\Users\m.essid\.m2\repository\org\springframework\data\spring-data-jpa\2.7.12\spring-data-jpa-2.7.12.jar;C:\Users\m.essid\.m2\repository\org\springframework\data\spring-data-commons\2.7.12\spring-data-commons-2.7.12.jar;C:\Users\m.essid\.m2\repository\org\springframework\spring-orm\5.3.27\spring-orm-5.3.27.jar;C:\Users\m.essid\.m2\repository\org\springframework\spring-context\5.3.27\spring-context-5.3.27.jar;C:\Users\m.essid\.m2\repository\org\springframework\spring-tx\5.3.27\spring-tx-5.3.27.jar;C:\Users\m.essid\.m2\repository\org\springframework\spring-beans\5.3.27\spring-beans-5.3.27.jar;C:\Users\m.essid\.m2\repository\org\slf4j\slf4j-api\1.7.36\slf4j-api-1.7.36.jar;C:\Users\m.essid\.m2\repository\org\springframework\spring-aspects\5.3.27\spring-aspects-5.3.27.jar;C:\Users\m.essid\.m2\repository\org\springframework\boot\spring-boot-starter-oauth2-client\2.7.12\spring-boot-starter-oauth2-client-2.7.12.jar;C:\Users\m.essid\.m2\repository\org\springframework\boot\spring-boot-starter\2.7.12\spring-boot-starter-2.7.12.jar;C:\Users\m.essid\.m2\repository\org\springframework\boot\spring-boot-starter-logging\2.7.12\spring-boot-starter-logging-2.7.12.jar;C:\Users\m.essid\.m2\repository\ch\qos\logback\logback-classic\1.2.12\logback-classic-1.2.12.jar;C:\Users\m.essid\.m2\repository\ch\qos\logback\logback-core\1.2.12\logback-core-1.2.12.jar;C:\Users\m.essid\.m2\repository\org\apache\logging\log4j\log4j-to-slf4j\2.17.2\log4j-to-slf4j-2.17.2.jar;C:\Users\m.essid\.m2\repository\org\apache\logging\log4j\log4j-api\2.17.2\log4j-api-2.17.2.jar;C:\Users\m.essid\.m2\repository\org\slf4j\jul-to-slf4j\1.7.36\jul-to-slf4j-1.7.36.jar;C:\Users\m.essid\.m2\repository\jakarta\annotation\jakarta.annotation-api\1.3.5\jakarta.annotation-api-1.3.5.jar;C:\Users\m.essid\.m2\repository\org\yaml\snakeyaml\1.30\snakeyaml-1.30.jar;C:\Users\m.essid\.m2\repository\org\springframework\security\spring-security-config\5.7.8\spring-security-config-5.7.8.jar;C:\Users\m.essid\.m2\repository\org\springframework\security\spring-security-core\5.7.8\spring-security-core-5.7.8.jar;C:\Users\m.essid\.m2\repository\org\springframework\security\spring-security-crypto\5.7.8\spring-security-crypto-5.7.8.jar;C:\Users\m.essid\.m2\repository\org\springframework\spring-expression\5.3.27\spring-expression-5.3.27.jar;C:\Users\m.essid\.m2\repository\org\springframework\security\spring-security-oauth2-client\5.7.8\spring-security-oauth2-client-5.7.8.jar;C:\Users\m.essid\.m2\repository\org\springframework\security\spring-security-oauth2-core\5.7.8\spring-security-oauth2-core-5.7.8.jar;C:\Users\m.essid\.m2\repository\com\nimbusds\oauth2-oidc-sdk\9.35\oauth2-oidc-sdk-9.35.jar;C:\Users\m.essid\.m2\repository\com\github\stephenc\jcip\jcip-annotations\1.0-1\jcip-annotations-1.0-1.jar;C:\Users\m.essid\.m2\repository\com\nimbusds\content-type\2.2\content-type-2.2.jar;C:\Users\m.essid\.m2\repository\com\nimbusds\lang-tag\1.6\lang-tag-1.6.jar;C:\Users\m.essid\.m2\repository\org\springframework\security\spring-security-oauth2-jose\5.7.8\spring-security-oauth2-jose-5.7.8.jar;C:\Users\m.essid\.m2\repository\com\nimbusds\nimbus-jose-jwt\9.22\nimbus-jose-jwt-9.22.jar;C:\Users\m.essid\.m2\repository\org\springframework\boot\spring-boot-starter-security\2.7.12\spring-boot-starter-security-2.7.12.jar;C:\Users\m.essid\.m2\repository\org\springframework\spring-aop\5.3.27\spring-aop-5.3.27.jar;C:\Users\m.essid\.m2\repository\org\springframework\security\spring-security-web\5.7.8\spring-security-web-5.7.8.jar;C:\Users\m.essid\.m2\repository\org\springframework\boot\spring-boot-starter-validation\2.7.12\spring-boot-starter-validation-2.7.12.jar;C:\Users\m.essid\.m2\repository\org\apache\tomcat\embed\tomcat-embed-el\9.0.75\tomcat-embed-el-9.0.75.jar;C:\Users\m.essid\.m2\repository\org\hibernate\validator\hibernate-validator\6.2.5.Final\hibernate-validator-6.2.5.Final.jar;C:\Users\m.essid\.m2\repository\jakarta\validation\jakarta.validation-api\2.0.2\jakarta.validation-api-2.0.2.jar;C:\Users\m.essid\.m2\repository\org\springframework\boot\spring-boot-starter-web\2.7.12\spring-boot-starter-web-2.7.12.jar;C:\Users\m.essid\.m2\repository\org\springframework\boot\spring-boot-starter-json\2.7.12\spring-boot-starter-json-2.7.12.jar;C:\Users\m.essid\.m2\repository\com\fasterxml\jackson\datatype\jackson-datatype-jdk8\2.13.5\jackson-datatype-jdk8-2.13.5.jar;C:\Users\m.essid\.m2\repository\com\fasterxml\jackson\datatype\jackson-datatype-jsr310\2.13.5\jackson-datatype-jsr310-2.13.5.jar;C:\Users\m.essid\.m2\repository\com\fasterxml\jackson\module\jackson-module-parameter-names\2.13.5\jackson-module-parameter-names-2.13.5.jar;C:\Users\m.essid\.m2\repository\org\springframework\boot\spring-boot-starter-tomcat\2.7.12\spring-boot-starter-tomcat-2.7.12.jar;C:\Users\m.essid\.m2\repository\org\apache\tomcat\embed\tomcat-embed-core\9.0.75\tomcat-embed-core-9.0.75.jar;C:\Users\m.essid\.m2\repository\org\apache\tomcat\embed\tomcat-embed-websocket\9.0.75\tomcat-embed-websocket-9.0.75.jar;C:\Users\m.essid\.m2\repository\org\springframework\spring-web\5.3.27\spring-web-5.3.27.jar;C:\Users\m.essid\.m2\repository\org\springframework\spring-webmvc\5.3.27\spring-webmvc-5.3.27.jar;C:\Users\m.essid\.m2\repository\org\springframework\boot\spring-boot-devtools\2.7.12\spring-boot-devtools-2.7.12.jar;C:\Users\m.essid\.m2\repository\org\springframework\boot\spring-boot\2.7.12\spring-boot-2.7.12.jar;C:\Users\m.essid\.m2\repository\org\springframework\boot\spring-boot-autoconfigure\2.7.12\spring-boot-autoconfigure-2.7.12.jar;C:\Users\m.essid\.m2\repository\com\mysql\mysql-connector-j\8.0.33\mysql-connector-j-8.0.33.jar;C:\Users\m.essid\.m2\repository\org\projectlombok\lombok\1.18.26\lombok-1.18.26.jar;C:\Users\m.essid\.m2\repository\org\springframework\boot\spring-boot-starter-test\2.7.12\spring-boot-starter-test-2.7.12.jar;C:\Users\m.essid\.m2\repository\org\springframework\boot\spring-boot-test\2.7.12\spring-boot-test-2.7.12.jar;C:\Users\m.essid\.m2\repository\org\springframework\boot\spring-boot-test-autoconfigure\2.7.12\spring-boot-test-autoconfigure-2.7.12.jar;C:\Users\m.essid\.m2\repository\com\jayway\jsonpath\json-path\2.7.0\json-path-2.7.0.jar;C:\Users\m.essid\.m2\repository\net\minidev\json-smart\2.4.11\json-smart-2.4.11.jar;C:\Users\m.essid\.m2\repository\net\minidev\accessors-smart\2.4.11\accessors-smart-2.4.11.jar;C:\Users\m.essid\.m2\repository\org\ow2\asm\asm\9.3\asm-9.3.jar;C:\Users\m.essid\.m2\repository\jakarta\xml\bind\jakarta.xml.bind-api\2.3.3\jakarta.xml.bind-api-2.3.3.jar;C:\Users\m.essid\.m2\repository\jakarta\activation\jakarta.activation-api\1.2.2\jakarta.activation-api-1.2.2.jar;C:\Users\m.essid\.m2\repository\org\assertj\assertj-core\3.22.0\assertj-core-3.22.0.jar;C:\Users\m.essid\.m2\repository\org\hamcrest\hamcrest\2.2\hamcrest-2.2.jar;C:\Users\m.essid\.m2\repository\org\junit\jupiter\junit-jupiter\5.8.2\junit-jupiter-5.8.2.jar;C:\Users\m.essid\.m2\repository\org\junit\jupiter\junit-jupiter-api\5.8.2\junit-jupiter-api-5.8.2.jar;C:\Users\m.essid\.m2\repository\org\opentest4j\opentest4j\1.2.0\opentest4j-1.2.0.jar;C:\Users\m.essid\.m2\repository\org\junit\platform\junit-platform-commons\1.8.2\junit-platform-commons-1.8.2.jar;C:\Users\m.essid\.m2\repository\org\apiguardian\apiguardian-api\1.1.2\apiguardian-api-1.1.2.jar;C:\Users\m.essid\.m2\repository\org\junit\jupiter\junit-jupiter-params\5.8.2\junit-jupiter-params-5.8.2.jar;C:\Users\m.essid\.m2\repository\org\junit\jupiter\junit-jupiter-engine\5.8.2\junit-jupiter-engine-5.8.2.jar;C:\Users\m.essid\.m2\repository\org\junit\platform\junit-platform-engine\1.8.2\junit-platform-engine-1.8.2.jar;C:\Users\m.essid\.m2\repository\org\mockito\mockito-core\4.5.1\mockito-core-4.5.1.jar;C:\Users\m.essid\.m2\repository\net\bytebuddy\byte-buddy-agent\1.12.23\byte-buddy-agent-1.12.23.jar;C:\Users\m.essid\.m2\repository\org\objenesis\objenesis\3.2\objenesis-3.2.jar;C:\Users\m.essid\.m2\repository\org\mockito\mockito-junit-jupiter\4.5.1\mockito-junit-jupiter-4.5.1.jar;C:\Users\m.essid\.m2\repository\org\skyscreamer\jsonassert\1.5.1\jsonassert-1.5.1.jar;C:\Users\m.essid\.m2\repository\com\vaadin\external\google\android-json\0.0.20131108.vaadin1\android-json-0.0.20131108.vaadin1.jar;C:\Users\m.essid\.m2\repository\org\springframework\spring-core\5.3.27\spring-core-5.3.27.jar;C:\Users\m.essid\.m2\repository\org\springframework\spring-jcl\5.3.27\spring-jcl-5.3.27.jar;C:\Users\m.essid\.m2\repository\org\springframework\spring-test\5.3.27\spring-test-5.3.27.jar;C:\Users\m.essid\.m2\repository\org\xmlunit\xmlunit-core\2.9.1\xmlunit-core-2.9.1.jar;C:\Users\m.essid\.m2\repository\org\springframework\security\spring-security-test\5.7.8\spring-security-test-5.7.8.jar;C:\Users\m.essid\.m2\repository\io\jsonwebtoken\jjwt-api\0.11.5\jjwt-api-0.11.5.jar;C:\Users\m.essid\.m2\repository\io\jsonwebtoken\jjwt-impl\0.11.5\jjwt-impl-0.11.5.jar;C:\Users\m.essid\.m2\repository\io\jsonwebtoken\jjwt-jackson\0.11.5\jjwt-jackson-0.11.5.jar;C:\Users\m.essid\.m2\repository\com\fasterxml\jackson\core\jackson-databind\2.13.5\jackson-databind-2.13.5.jar;C:\Users\m.essid\.m2\repository\com\fasterxml\jackson\core\jackson-annotations\2.13.5\jackson-annotations-2.13.5.jar;C:\Users\m.essid\.m2\repository\com\fasterxml\jackson\core\jackson-core\2.13.5\jackson-core-2.13.5.jar;"/>
    <property name="java.vm.vendor" value="Eclipse Adoptium"/>
    <property name="sun.arch.data.model" value="64"/>
    <property name="user.variant" value=""/>
    <property name="java.vendor.url" value="https://adoptium.net/"/>
    <property name="user.timezone" value="Africa/Luanda"/>
    <property name="java.vm.specification.version" value="11"/>
    <property name="os.name" value="Windows 10"/>
    <property name="sun.java.launcher" value="SUN_STANDARD"/>
    <property name="user.country" value="FR"/>
    <property name="sun.boot.library.path" value="C:\Users\m.essid\.jdks\temurin-11.0.18\bin"/>
    <property name="sun.java.command" value="C:\Users\MFA00~1.ESS\AppData\Local\Temp\surefire16066679434643011766\surefirebooter5341107303772828552.jar C:\Users\m.essid\AppData\Local\Temp\surefire16066679434643011766 2023-07-21T02-45-37_886-jvmRun1 surefire13651938682751742745tmp surefire_014970440364043103124tmp"/>
    <property name="jdk.debug" value="release"/>
    <property name="surefire.test.class.path" value="C:\Users\m.essid\Desktop\Camp\camp\target\test-classes;C:\Users\m.essid\Desktop\Camp\camp\target\classes;C:\Users\m.essid\.m2\repository\org\springframework\boot\spring-boot-starter-data-jpa\2.7.12\spring-boot-starter-data-jpa-2.7.12.jar;C:\Users\m.essid\.m2\repository\org\springframework\boot\spring-boot-starter-aop\2.7.12\spring-boot-starter-aop-2.7.12.jar;C:\Users\m.essid\.m2\repository\org\aspectj\aspectjweaver\1.9.7\aspectjweaver-1.9.7.jar;C:\Users\m.essid\.m2\repository\org\springframework\boot\spring-boot-starter-jdbc\2.7.12\spring-boot-starter-jdbc-2.7.12.jar;C:\Users\m.essid\.m2\repository\com\zaxxer\HikariCP\4.0.3\HikariCP-4.0.3.jar;C:\Users\m.essid\.m2\repository\org\springframework\spring-jdbc\5.3.27\spring-jdbc-5.3.27.jar;C:\Users\m.essid\.m2\repository\jakarta\transaction\jakarta.transaction-api\1.3.3\jakarta.transaction-api-1.3.3.jar;C:\Users\m.essid\.m2\repository\jakarta\persistence\jakarta.persistence-api\2.2.3\jakarta.persistence-api-2.2.3.jar;C:\Users\m.essid\.m2\repository\org\hibernate\hibernate-core\5.6.15.Final\hibernate-core-5.6.15.Final.jar;C:\Users\m.essid\.m2\repository\org\jboss\logging\jboss-logging\3.4.3.Final\jboss-logging-3.4.3.Final.jar;C:\Users\m.essid\.m2\repository\net\bytebuddy\byte-buddy\1.12.23\byte-buddy-1.12.23.jar;C:\Users\m.essid\.m2\repository\antlr\antlr\2.7.7\antlr-2.7.7.jar;C:\Users\m.essid\.m2\repository\org\jboss\jandex\2.4.2.Final\jandex-2.4.2.Final.jar;C:\Users\m.essid\.m2\repository\com\fasterxml\classmate\1.5.1\classmate-1.5.1.jar;C:\Users\m.essid\.m2\repository\org\hibernate\common\hibernate-commons-annotations\5.1.2.Final\hibernate-commons-annotations-5.1.2.Final.jar;C:\Users\m.essid\.m2\repository\org\glassfish\jaxb\jaxb-runtime\2.3.8\jaxb-runtime-2.3.8.jar;C:\Users\m.essid\.m2\repository\org\glassfish\jaxb\txw2\2.3.8\txw2-2.3.8.jar;C:\Users\m.essid\.m2\repository\com\sun\istack\istack-commons-runtime\3.0.12\istack-commons-runtime-3.0.12.jar;C:\Users\m.essid\.m2\repository\com\sun\activation\jakarta.activation\1.2.2\jakarta.activation-1.2.2.jar;C:\Users\m.essid\.m2\repository\org\springframework\data\spring-data-jpa\2.7.12\spring-data-jpa-2.7.12.jar;C:\Users\m.essid\.m2\repository\org\springframework\data\spring-data-commons\2.7.12\spring-data-commons-2.7.12.jar;C:\Users\m.essid\.m2\repository\org\springframework\spring-orm\5.3.27\spring-orm-5.3.27.jar;C:\Users\m.essid\.m2\repository\org\springframework\spring-context\5.3.27\spring-context-5.3.27.jar;C:\Users\m.essid\.m2\repository\org\springframework\spring-tx\5.3.27\spring-tx-5.3.27.jar;C:\Users\m.essid\.m2\repository\org\springframework\spring-beans\5.3.27\spring-beans-5.3.27.jar;C:\Users\m.essid\.m2\repository\org\slf4j\slf4j-api\1.7.36\slf4j-api-1.7.36.jar;C:\Users\m.essid\.m2\repository\org\springframework\spring-aspects\5.3.27\spring-aspects-5.3.27.jar;C:\Users\m.essid\.m2\repository\org\springframework\boot\spring-boot-starter-oauth2-client\2.7.12\spring-boot-starter-oauth2-client-2.7.12.jar;C:\Users\m.essid\.m2\repository\org\springframework\boot\spring-boot-starter\2.7.12\spring-boot-starter-2.7.12.jar;C:\Users\m.essid\.m2\repository\org\springframework\boot\spring-boot-starter-logging\2.7.12\spring-boot-starter-logging-2.7.12.jar;C:\Users\m.essid\.m2\repository\ch\qos\logback\logback-classic\1.2.12\logback-classic-1.2.12.jar;C:\Users\m.essid\.m2\repository\ch\qos\logback\logback-core\1.2.12\logback-core-1.2.12.jar;C:\Users\m.essid\.m2\repository\org\apache\logging\log4j\log4j-to-slf4j\2.17.2\log4j-to-slf4j-2.17.2.jar;C:\Users\m.essid\.m2\repository\org\apache\logging\log4j\log4j-api\2.17.2\log4j-api-2.17.2.jar;C:\Users\m.essid\.m2\repository\org\slf4j\jul-to-slf4j\1.7.36\jul-to-slf4j-1.7.36.jar;C:\Users\m.essid\.m2\repository\jakarta\annotation\jakarta.annotation-api\1.3.5\jakarta.annotation-api-1.3.5.jar;C:\Users\m.essid\.m2\repository\org\yaml\snakeyaml\1.30\snakeyaml-1.30.jar;C:\Users\m.essid\.m2\repository\org\springframework\security\spring-security-config\5.7.8\spring-security-config-5.7.8.jar;C:\Users\m.essid\.m2\repository\org\springframework\security\spring-security-core\5.7.8\spring-security-core-5.7.8.jar;C:\Users\m.essid\.m2\repository\org\springframework\security\spring-security-crypto\5.7.8\spring-security-crypto-5.7.8.jar;C:\Users\m.essid\.m2\repository\org\springframework\spring-expression\5.3.27\spring-expression-5.3.27.jar;C:\Users\m.essid\.m2\repository\org\springframework\security\spring-security-oauth2-client\5.7.8\spring-security-oauth2-client-5.7.8.jar;C:\Users\m.essid\.m2\repository\org\springframework\security\spring-security-oauth2-core\5.7.8\spring-security-oauth2-core-5.7.8.jar;C:\Users\m.essid\.m2\repository\com\nimbusds\oauth2-oidc-sdk\9.35\oauth2-oidc-sdk-9.35.jar;C:\Users\m.essid\.m2\repository\com\github\stephenc\jcip\jcip-annotations\1.0-1\jcip-annotations-1.0-1.jar;C:\Users\m.essid\.m2\repository\com\nimbusds\content-type\2.2\content-type-2.2.jar;C:\Users\m.essid\.m2\repository\com\nimbusds\lang-tag\1.6\lang-tag-1.6.jar;C:\Users\m.essid\.m2\repository\org\springframework\security\spring-security-oauth2-jose\5.7.8\spring-security-oauth2-jose-5.7.8.jar;C:\Users\m.essid\.m2\repository\com\nimbusds\nimbus-jose-jwt\9.22\nimbus-jose-jwt-9.22.jar;C:\Users\m.essid\.m2\repository\org\springframework\boot\spring-boot-starter-security\2.7.12\spring-boot-starter-security-2.7.12.jar;C:\Users\m.essid\.m2\repository\org\springframework\spring-aop\5.3.27\spring-aop-5.3.27.jar;C:\Users\m.essid\.m2\repository\org\springframework\security\spring-security-web\5.7.8\spring-security-web-5.7.8.jar;C:\Users\m.essid\.m2\repository\org\springframework\boot\spring-boot-starter-validation\2.7.12\spring-boot-starter-validation-2.7.12.jar;C:\Users\m.essid\.m2\repository\org\apache\tomcat\embed\tomcat-embed-el\9.0.75\tomcat-embed-el-9.0.75.jar;C:\Users\m.essid\.m2\repository\org\hibernate\validator\hibernate-validator\6.2.5.Final\hibernate-validator-6.2.5.Final.jar;C:\Users\m.essid\.m2\repository\jakarta\validation\jakarta.validation-api\2.0.2\jakarta.validation-api-2.0.2.jar;C:\Users\m.essid\.m2\repository\org\springframework\boot\spring-boot-starter-web\2.7.12\spring-boot-starter-web-2.7.12.jar;C:\Users\m.essid\.m2\repository\org\springframework\boot\spring-boot-starter-json\2.7.12\spring-boot-starter-json-2.7.12.jar;C:\Users\m.essid\.m2\repository\com\fasterxml\jackson\datatype\jackson-datatype-jdk8\2.13.5\jackson-datatype-jdk8-2.13.5.jar;C:\Users\m.essid\.m2\repository\com\fasterxml\jackson\datatype\jackson-datatype-jsr310\2.13.5\jackson-datatype-jsr310-2.13.5.jar;C:\Users\m.essid\.m2\repository\com\fasterxml\jackson\module\jackson-module-parameter-names\2.13.5\jackson-module-parameter-names-2.13.5.jar;C:\Users\m.essid\.m2\repository\org\springframework\boot\spring-boot-starter-tomcat\2.7.12\spring-boot-starter-tomcat-2.7.12.jar;C:\Users\m.essid\.m2\repository\org\apache\tomcat\embed\tomcat-embed-core\9.0.75\tomcat-embed-core-9.0.75.jar;C:\Users\m.essid\.m2\repository\org\apache\tomcat\embed\tomcat-embed-websocket\9.0.75\tomcat-embed-websocket-9.0.75.jar;C:\Users\m.essid\.m2\repository\org\springframework\spring-web\5.3.27\spring-web-5.3.27.jar;C:\Users\m.essid\.m2\repository\org\springframework\spring-webmvc\5.3.27\spring-webmvc-5.3.27.jar;C:\Users\m.essid\.m2\repository\org\springframework\boot\spring-boot-devtools\2.7.12\spring-boot-devtools-2.7.12.jar;C:\Users\m.essid\.m2\repository\org\springframework\boot\spring-boot\2.7.12\spring-boot-2.7.12.jar;C:\Users\m.essid\.m2\repository\org\springframework\boot\spring-boot-autoconfigure\2.7.12\spring-boot-autoconfigure-2.7.12.jar;C:\Users\m.essid\.m2\repository\com\mysql\mysql-connector-j\8.0.33\mysql-connector-j-8.0.33.jar;C:\Users\m.essid\.m2\repository\org\projectlombok\lombok\1.18.26\lombok-1.18.26.jar;C:\Users\m.essid\.m2\repository\org\springframework\boot\spring-boot-starter-test\2.7.12\spring-boot-starter-test-2.7.12.jar;C:\Users\m.essid\.m2\repository\org\springframework\boot\spring-boot-test\2.7.12\spring-boot-test-2.7.12.jar;C:\Users\m.essid\.m2\repository\org\springframework\boot\spring-boot-test-autoconfigure\2.7.12\spring-boot-test-autoconfigure-2.7.12.jar;C:\Users\m.essid\.m2\repository\com\jayway\jsonpath\json-path\2.7.0\json-path-2.7.0.jar;C:\Users\m.essid\.m2\repository\net\minidev\json-smart\2.4.11\json-smart-2.4.11.jar;C:\Users\m.essid\.m2\repository\net\minidev\accessors-smart\2.4.11\accessors-smart-2.4.11.jar;C:\Users\m.essid\.m2\repository\org\ow2\asm\asm\9.3\asm-9.3.jar;C:\Users\m.essid\.m2\repository\jakarta\xml\bind\jakarta.xml.bind-api\2.3.3\jakarta.xml.bind-api-2.3.3.jar;C:\Users\m.essid\.m2\repository\jakarta\activation\jakarta.activation-api\1.2.2\jakarta.activation-api-1.2.2.jar;C:\Users\m.essid\.m2\repository\org\assertj\assertj-core\3.22.0\assertj-core-3.22.0.jar;C:\Users\m.essid\.m2\repository\org\hamcrest\hamcrest\2.2\hamcrest-2.2.jar;C:\Users\m.essid\.m2\repository\org\junit\jupiter\junit-jupiter\5.8.2\junit-jupiter-5.8.2.jar;C:\Users\m.essid\.m2\repository\org\junit\jupiter\junit-jupiter-api\5.8.2\junit-jupiter-api-5.8.2.jar;C:\Users\m.essid\.m2\repository\org\opentest4j\opentest4j\1.2.0\opentest4j-1.2.0.jar;C:\Users\m.essid\.m2\repository\org\junit\platform\junit-platform-commons\1.8.2\junit-platform-commons-1.8.2.jar;C:\Users\m.essid\.m2\repository\org\apiguardian\apiguardian-api\1.1.2\apiguardian-api-1.1.2.jar;C:\Users\m.essid\.m2\repository\org\junit\jupiter\junit-jupiter-params\5.8.2\junit-jupiter-params-5.8.2.jar;C:\Users\m.essid\.m2\repository\org\junit\jupiter\junit-jupiter-engine\5.8.2\junit-jupiter-engine-5.8.2.jar;C:\Users\m.essid\.m2\repository\org\junit\platform\junit-platform-engine\1.8.2\junit-platform-engine-1.8.2.jar;C:\Users\m.essid\.m2\repository\org\mockito\mockito-core\4.5.1\mockito-core-4.5.1.jar;C:\Users\m.essid\.m2\repository\net\bytebuddy\byte-buddy-agent\1.12.23\byte-buddy-agent-1.12.23.jar;C:\Users\m.essid\.m2\repository\org\objenesis\objenesis\3.2\objenesis-3.2.jar;C:\Users\m.essid\.m2\repository\org\mockito\mockito-junit-jupiter\4.5.1\mockito-junit-jupiter-4.5.1.jar;C:\Users\m.essid\.m2\repository\org\skyscreamer\jsonassert\1.5.1\jsonassert-1.5.1.jar;C:\Users\m.essid\.m2\repository\com\vaadin\external\google\android-json\0.0.20131108.vaadin1\android-json-0.0.20131108.vaadin1.jar;C:\Users\m.essid\.m2\repository\org\springframework\spring-core\5.3.27\spring-core-5.3.27.jar;C:\Users\m.essid\.m2\repository\org\springframework\spring-jcl\5.3.27\spring-jcl-5.3.27.jar;C:\Users\m.essid\.m2\repository\org\springframework\spring-test\5.3.27\spring-test-5.3.27.jar;C:\Users\m.essid\.m2\repository\org\xmlunit\xmlunit-core\2.9.1\xmlunit-core-2.9.1.jar;C:\Users\m.essid\.m2\repository\org\springframework\security\spring-security-test\5.7.8\spring-security-test-5.7.8.jar;C:\Users\m.essid\.m2\repository\io\jsonwebtoken\jjwt-api\0.11.5\jjwt-api-0.11.5.jar;C:\Users\m.essid\.m2\repository\io\jsonwebtoken\jjwt-impl\0.11.5\jjwt-impl-0.11.5.jar;C:\Users\m.essid\.m2\repository\io\jsonwebtoken\jjwt-jackson\0.11.5\jjwt-jackson-0.11.5.jar;C:\Users\m.essid\.m2\repository\com\fasterxml\jackson\core\jackson-databind\2.13.5\jackson-databind-2.13.5.jar;C:\Users\m.essid\.m2\repository\com\fasterxml\jackson\core\jackson-annotations\2.13.5\jackson-annotations-2.13.5.jar;C:\Users\m.essid\.m2\repository\com\fasterxml\jackson\core\jackson-core\2.13.5\jackson-core-2.13.5.jar;"/>
    <property name="sun.cpu.endian" value="little"/>
    <property name="user.home" value="C:\Users\m.essid"/>
    <property name="user.language" value="fr"/>
    <property name="java.specification.vendor" value="Oracle Corporation"/>
    <property name="java.version.date" value="2023-01-17"/>
    <property name="java.home" value="C:\Users\m.essid\.jdks\temurin-11.0.18"/>
    <property name="file.separator" value="\"/>
    <property name="basedir" value="C:\Users\m.essid\Desktop\Camp\camp"/>
    <property name="java.vm.compressedOopsMode" value="Zero based"/>
    <property name="line.separator" value="&#10;"/>
    <property name="java.specification.name" value="Java Platform API Specification"/>
    <property name="java.vm.specification.vendor" value="Oracle Corporation"/>
    <property name="java.awt.graphicsenv" value="sun.awt.Win32GraphicsEnvironment"/>
    <property name="surefire.real.class.path" value="C:\Users\MFA00~1.ESS\AppData\Local\Temp\surefire16066679434643011766\surefirebooter5341107303772828552.jar"/>
    <property name="user.script" value=""/>
    <property name="sun.management.compiler" value="HotSpot 64-Bit Tiered Compilers"/>
    <property name="java.runtime.version" value="11.0.18+10"/>
    <property name="user.name" value="m.essid"/>
    <property name="path.separator" value=";"/>
    <property name="os.version" value="10.0"/>
    <property name="java.runtime.name" value="OpenJDK Runtime Environment"/>
    <property name="file.encoding" value="Cp1252"/>
    <property name="java.vm.name" value="OpenJDK 64-Bit Server VM"/>
    <property name="java.vendor.version" value="Temurin-11.0.18+10"/>
    <property name="localRepository" value="C:\Users\m.essid\.m2\repository"/>
    <property name="java.vendor.url.bug" value="https://github.com/adoptium/adoptium-support/issues"/>
    <property name="java.io.tmpdir" value="C:\Users\MFA00~1.ESS\AppData\Local\Temp\"/>
    <property name="idea.version" value="2022.3.3"/>
    <property name="java.version" value="11.0.18"/>
    <property name="user.dir" value="C:\Users\m.essid\Desktop\Camp\camp"/>
    <property name="os.arch" value="amd64"/>
    <property name="java.vm.specification.name" value="Java Virtual Machine Specification"/>
    <property name="java.awt.printerjob" value="sun.awt.windows.WPrinterJob"/>
    <property name="sun.os.patch.level" value=""/>
    <property name="java.library.path" value="C:\Users\m.essid\.jdks\temurin-11.0.18\bin;C:\Windows\Sun\Java\bin;C:\Windows\system32;C:\Windows;C:\Program Files\Common Files\Oracle\Java\javapath;C:\Python311\Scripts\;C:\Python311\;C:\Windows\system32;C:\Windows;C:\Windows\System32\Wbem;C:\Windows\System32\WindowsPowerShell\v1.0\;C:\Windows\System32\OpenSSH\;C:\Program Files (x86)\Sennheiser\SenncomSDK\;C:\Program Files\SafeNet\Authentication\SAC\x64;C:\Program Files\SafeNet\Authentication\SAC\x32;C:\Program Files (x86)\Pulse Secure\VC142.CRT\X64\;C:\Program Files (x86)\Pulse Secure\VC142.CRT\X86\;C:\Program Files\PuTTY\;C:\Program Files\nodejs\;C:\ProgramData\chocolatey\bin;C:\Program Files\Git\cmd;C:\Program Files\Java\jdk-11.0.16\bin;C:\Users\m.essid\AppData\Local\Microsoft\WindowsApps;C:\Users\m.essid\AppData\Roaming\npm;C:\Users\m.essid\AppData\Local\JetBrains\IntelliJ IDEA 2022.3.3\bin;;C:\Users\m.essid\AppData\Local\Programs\Microsoft VS Code\bin;."/>
    <property name="java.vm.info" value="mixed mode"/>
    <property name="java.vendor" value="Eclipse Adoptium"/>
    <property name="java.vm.version" value="11.0.18+10"/>
    <property name="sun.io.unicode.encoding" value="UnicodeLittle"/>
    <property name="java.class.version" value="55.0"/>
  </properties>
  <testcase name="contextLoads" classname="com.camping.camp.CampApplicationTests" time="0.008">
    <error message="Failed to load ApplicationContext" type="java.lang.IllegalStateException">java.lang.IllegalStateException: Failed to load ApplicationContext
Caused by: org.springframework.beans.factory.BeanCreationException: Error creating bean with name 'entityManagerFactory' defined in class path resource [org/springframework/boot/autoconfigure/orm/jpa/HibernateJpaConfiguration.class]: Invocation of init method failed; nested exception is javax.persistence.PersistenceException: [PersistenceUnit: default] Unable to build Hibernate SessionFactory; nested exception is org.hibernate.exception.GenericJDBCException: Unable to open JDBC Connection for DDL execution
Caused by: javax.persistence.PersistenceException: [PersistenceUnit: default] Unable to build Hibernate SessionFactory; nested exception is org.hibernate.exception.GenericJDBCException: Unable to open JDBC Connection for DDL execution
Caused by: org.hibernate.exception.GenericJDBCException: Unable to open JDBC Connection for DDL execution
Caused by: java.sql.SQLException: Accès refusé pour l'utilisateur: 'root'@'@localhost' (mot de passe: OUI)
</error>
    <system-out><![CDATA[02:45:39.212 [main] DEBUG org.springframework.test.context.BootstrapUtils - Instantiating CacheAwareContextLoaderDelegate from class [org.springframework.test.context.cache.DefaultCacheAwareContextLoaderDelegate]
02:45:39.225 [main] DEBUG org.springframework.test.context.BootstrapUtils - Instantiating BootstrapContext using constructor [public org.springframework.test.context.support.DefaultBootstrapContext(java.lang.Class,org.springframework.test.context.CacheAwareContextLoaderDelegate)]
02:45:39.279 [main] DEBUG org.springframework.test.context.BootstrapUtils - Instantiating TestContextBootstrapper for test class [com.camping.camp.CampApplicationTests] from class [org.springframework.boot.test.context.SpringBootTestContextBootstrapper]
02:45:39.295 [main] INFO org.springframework.boot.test.context.SpringBootTestContextBootstrapper - Neither @ContextConfiguration nor @ContextHierarchy found for test class [com.camping.camp.CampApplicationTests], using SpringBootContextLoader
02:45:39.299 [main] DEBUG org.springframework.test.context.support.AbstractContextLoader - Did not detect default resource location for test class [com.camping.camp.CampApplicationTests]: class path resource [com/camping/camp/CampApplicationTests-context.xml] does not exist
02:45:39.300 [main] DEBUG org.springframework.test.context.support.AbstractContextLoader - Did not detect default resource location for test class [com.camping.camp.CampApplicationTests]: class path resource [com/camping/camp/CampApplicationTestsContext.groovy] does not exist
02:45:39.300 [main] INFO org.springframework.test.context.support.AbstractContextLoader - Could not detect default resource locations for test class [com.camping.camp.CampApplicationTests]: no resource found for suffixes {-context.xml, Context.groovy}.
02:45:39.301 [main] INFO org.springframework.test.context.support.AnnotationConfigContextLoaderUtils - Could not detect default configuration classes for test class [com.camping.camp.CampApplicationTests]: CampApplicationTests does not declare any static, non-private, non-final, nested classes annotated with @Configuration.
02:45:39.369 [main] DEBUG org.springframework.test.context.support.ActiveProfilesUtils - Could not find an 'annotation declaring class' for annotation type [org.springframework.test.context.ActiveProfiles] and class [com.camping.camp.CampApplicationTests]
02:45:39.462 [main] DEBUG org.springframework.context.annotation.ClassPathScanningCandidateComponentProvider - Identified candidate component class: file [C:\Users\m.essid\Desktop\Camp\camp\target\classes\com\camping\camp\CampApplication.class]
02:45:39.464 [main] INFO org.springframework.boot.test.context.SpringBootTestContextBootstrapper - Found @SpringBootConfiguration com.camping.camp.CampApplication for test class com.camping.camp.CampApplicationTests
02:45:39.605 [main] DEBUG org.springframework.boot.test.context.SpringBootTestContextBootstrapper - @TestExecutionListeners is not present for class [com.camping.camp.CampApplicationTests]: using defaults.
02:45:39.606 [main] INFO org.springframework.boot.test.context.SpringBootTestContextBootstrapper - Loaded default TestExecutionListener class names from location [META-INF/spring.factories]: [org.springframework.boot.test.mock.mockito.MockitoTestExecutionListener, org.springframework.boot.test.mock.mockito.ResetMocksTestExecutionListener, org.springframework.boot.test.autoconfigure.restdocs.RestDocsTestExecutionListener, org.springframework.boot.test.autoconfigure.web.client.MockRestServiceServerResetTestExecutionListener, org.springframework.boot.test.autoconfigure.web.servlet.MockMvcPrintOnlyOnFailureTestExecutionListener, org.springframework.boot.test.autoconfigure.web.servlet.WebDriverTestExecutionListener, org.springframework.boot.test.autoconfigure.webservices.client.MockWebServiceServerTestExecutionListener, org.springframework.test.context.web.ServletTestExecutionListener, org.springframework.test.context.support.DirtiesContextBeforeModesTestExecutionListener, org.springframework.test.context.event.ApplicationEventsTestExecutionListener, org.springframework.test.context.support.DependencyInjectionTestExecutionListener, org.springframework.test.context.support.DirtiesContextTestExecutionListener, org.springframework.test.context.transaction.TransactionalTestExecutionListener, org.springframework.test.context.jdbc.SqlScriptsTestExecutionListener, org.springframework.test.context.event.EventPublishingTestExecutionListener, org.springframework.security.test.context.support.WithSecurityContextTestExecutionListener, org.springframework.security.test.context.support.ReactorContextTestExecutionListener]
02:45:39.642 [main] INFO org.springframework.boot.test.context.SpringBootTestContextBootstrapper - Using TestExecutionListeners: [org.springframework.test.context.web.ServletTestExecutionListener@e98770d, org.springframework.test.context.support.DirtiesContextBeforeModesTestExecutionListener@1ae67cad, org.springframework.test.context.event.ApplicationEventsTestExecutionListener@2f6e28bc, org.springframework.boot.test.mock.mockito.MockitoTestExecutionListener@7c098bb3, org.springframework.boot.test.autoconfigure.SpringBootDependencyInjectionTestExecutionListener@31e4bb20, org.springframework.test.context.support.DirtiesContextTestExecutionListener@18cebaa5, org.springframework.test.context.transaction.TransactionalTestExecutionListener@463b4ac8, org.springframework.test.context.jdbc.SqlScriptsTestExecutionListener@765f05af, org.springframework.test.context.event.EventPublishingTestExecutionListener@62f68dff, org.springframework.security.test.context.support.WithSecurityContextTestExecutionListener@f001896, org.springframework.security.test.context.support.ReactorContextTestExecutionListener@13f17eb4, org.springframework.boot.test.mock.mockito.ResetMocksTestExecutionListener@1d0d6318, org.springframework.boot.test.autoconfigure.restdocs.RestDocsTestExecutionListener@4bc28c33, org.springframework.boot.test.autoconfigure.web.client.MockRestServiceServerResetTestExecutionListener@4409e975, org.springframework.boot.test.autoconfigure.web.servlet.MockMvcPrintOnlyOnFailureTestExecutionListener@5c153b9e, org.springframework.boot.test.autoconfigure.web.servlet.WebDriverTestExecutionListener@2a7686a7, org.springframework.boot.test.autoconfigure.webservices.client.MockWebServiceServerTestExecutionListener@758a34ce]
02:45:39.649 [main] DEBUG org.springframework.test.context.support.AbstractDirtiesContextTestExecutionListener - Before test class: context [DefaultTestContext@2ccca26f testClass = CampApplicationTests, testInstance = [null], testMethod = [null], testException = [null], mergedContextConfiguration = [WebMergedContextConfiguration@66b7550d testClass = CampApplicationTests, locations = '{}', classes = '{class com.camping.camp.CampApplication}', contextInitializerClasses = '[]', activeProfiles = '{}', propertySourceLocations = '{}', propertySourceProperties = '{org.springframework.boot.test.context.SpringBootTestContextBootstrapper=true}', contextCustomizers = set[org.springframework.boot.test.context.filter.ExcludeFilterContextCustomizer@3116c353, org.springframework.boot.test.json.DuplicateJsonObjectContextCustomizerFactory$DuplicateJsonObjectContextCustomizer@2e32ccc5, org.springframework.boot.test.mock.mockito.MockitoContextCustomizer@0, org.springframework.boot.test.web.client.TestRestTemplateContextCustomizer@329dbdbf, org.springframework.boot.test.autoconfigure.actuate.metrics.MetricsExportContextCustomizerFactory$DisableMetricExportContextCustomizer@2fba3fc4, org.springframework.boot.test.autoconfigure.properties.PropertyMappingContextCustomizer@0, org.springframework.boot.test.autoconfigure.web.servlet.WebDriverContextCustomizerFactory$Customizer@29a5f4e7, org.springframework.boot.test.context.SpringBootTestArgs@1, org.springframework.boot.test.context.SpringBootTestWebEnvironment@243c4f91], resourceBasePath = 'src/main/webapp', contextLoader = 'org.springframework.boot.test.context.SpringBootContextLoader', parent = [null]], attributes = map['org.springframework.test.context.web.ServletTestExecutionListener.activateListener' -> true]], class annotated with @DirtiesContext [false] with mode [null].
2023-07-21 02:45:40.135 TRACE 29880 --- [           main] o.s.c.io.support.SpringFactoriesLoader   : Loaded [org.springframework.boot.ApplicationContextFactory] names: [org.springframework.boot.web.reactive.context.AnnotationConfigReactiveWebServerApplicationContext.Factory, org.springframework.boot.web.servlet.context.AnnotationConfigServletWebServerApplicationContext.Factory]

  .   ____          _            __ _ _
 /\\ / ___'_ __ _ _(_)_ __  __ _ \ \ \ \
( ( )\___ | '_ | '_| | '_ \/ _` | \ \ \ \
 \\/  ___)| |_)| | | | | || (_| |  ) ) ) )
  '  |____| .__|_| |_|_| |_\__, | / / / /
 =========|_|==============|___/=/_/_/_/
 :: Spring Boot ::               (v2.7.12)

2023-07-21 02:45:40.211 TRACE 29880 --- [           main] o.s.b.f.s.DefaultListableBeanFactory     : Registering scope 'restart' with implementation [org.springframework.boot.devtools.restart.RestartScopeInitializer$RestartScope@49d98dc5]
2023-07-21 02:45:40.220  INFO 29880 --- [           main] com.camping.camp.CampApplicationTests    : Starting CampApplicationTests using Java 11.0.18 on mESSID1-PC with PID 29880 (started by m.essid in C:\Users\m.essid\Desktop\Camp\camp)
2023-07-21 02:45:40.221 DEBUG 29880 --- [           main] com.camping.camp.CampApplicationTests    : Running with Spring Boot v2.7.12, Spring v5.3.27
2023-07-21 02:45:40.222  INFO 29880 --- [           main] com.camping.camp.CampApplicationTests    : No active profile set, falling back to 1 default profile: "default"
2023-07-21 02:45:40.222 DEBUG 29880 --- [           main] o.s.boot.SpringApplication               : Loading source class com.camping.camp.CampApplication
2023-07-21 02:45:40.248 TRACE 29880 --- [           main] o.s.c.a.ClassPathBeanDefinitionScanner   : JSR-250 'javax.annotation.ManagedBean' found and supported for component scanning
2023-07-21 02:45:40.270 TRACE 29880 --- [           main] o.s.boot.env.EnvironmentPostProcessor    : RandomValuePropertySource add to Environment
2023-07-21 02:45:40.270 TRACE 29880 --- [           main] b.c.c.ConfigDataEnvironmentPostProcessor : Post-processing environment to add config data
2023-07-21 02:45:40.270 TRACE 29880 --- [           main] o.s.b.c.config.ConfigDataEnvironment     : Building config data environment contributors
2023-07-21 02:45:40.270 TRACE 29880 --- [           main] o.s.b.c.config.ConfigDataEnvironment     : Creating wrapped config data contributor for 'Inlined Test Properties'
2023-07-21 02:45:40.270 TRACE 29880 --- [           main] o.s.b.c.config.ConfigDataEnvironment     : Creating wrapped config data contributor for 'configurationProperties'
2023-07-21 02:45:40.271 TRACE 29880 --- [           main] o.s.b.c.config.ConfigDataEnvironment     : Creating wrapped config data contributor for 'servletConfigInitParams'
2023-07-21 02:45:40.271 TRACE 29880 --- [           main] o.s.b.c.config.ConfigDataEnvironment     : Creating wrapped config data contributor for 'servletContextInitParams'
2023-07-21 02:45:40.271 TRACE 29880 --- [           main] o.s.b.c.config.ConfigDataEnvironment     : Creating wrapped config data contributor for 'systemProperties'
2023-07-21 02:45:40.271 TRACE 29880 --- [           main] o.s.b.c.config.ConfigDataEnvironment     : Creating wrapped config data contributor for 'systemEnvironment'
2023-07-21 02:45:40.271 TRACE 29880 --- [           main] o.s.b.c.config.ConfigDataEnvironment     : Creating wrapped config data contributor for 'random'
2023-07-21 02:45:40.271 TRACE 29880 --- [           main] o.s.b.c.config.ConfigDataEnvironment     : Adding initial config data import from location 'optional:file:./;optional:file:./config/;optional:file:./config/*/'
2023-07-21 02:45:40.271 TRACE 29880 --- [           main] o.s.b.c.config.ConfigDataEnvironment     : Adding initial config data import from location 'optional:classpath:/;optional:classpath:/config/'
2023-07-21 02:45:40.271 TRACE 29880 --- [           main] o.s.b.c.config.ConfigDataEnvironment     : Processing initial config data environment contributors without activation context
2023-07-21 02:45:40.272 TRACE 29880 --- [           main] .b.c.c.ConfigDataEnvironmentContributors : Processing imports for phase BEFORE_PROFILE_ACTIVATION. no activation context
2023-07-21 02:45:40.272 TRACE 29880 --- [           main] .b.c.c.ConfigDataEnvironmentContributors : Processing imports [optional:file:./;optional:file:./config/;optional:file:./config/*/]
2023-07-21 02:45:40.272 TRACE 29880 --- [           main] o.s.b.c.c.ConfigDataLocationResolver     : Skipping missing resource file:./application.yaml
2023-07-21 02:45:40.272 TRACE 29880 --- [           main] o.s.b.c.c.ConfigDataLocationResolver     : Skipping missing resource file:./application.yml
2023-07-21 02:45:40.272 TRACE 29880 --- [           main] o.s.b.c.c.ConfigDataLocationResolver     : Skipping missing resource file:./application.xml
2023-07-21 02:45:40.272 TRACE 29880 --- [           main] o.s.b.c.c.ConfigDataLocationResolver     : Skipping missing resource file:./application.properties
2023-07-21 02:45:40.272 TRACE 29880 --- [           main] o.s.b.c.c.ConfigDataLocationResolver     : Skipping missing resource file:./config/application.yaml
2023-07-21 02:45:40.273 TRACE 29880 --- [           main] o.s.b.c.c.ConfigDataLocationResolver     : Skipping missing resource file:./config/application.yml
2023-07-21 02:45:40.274 TRACE 29880 --- [           main] o.s.b.c.c.ConfigDataLocationResolver     : Skipping missing resource file:./config/application.xml
2023-07-21 02:45:40.274 TRACE 29880 --- [           main] o.s.b.c.c.ConfigDataLocationResolver     : Skipping missing resource file:./config/application.properties
2023-07-21 02:45:40.274 TRACE 29880 --- [           main] o.s.b.context.config.ConfigDataImporter  : Considering resource file [.] from location optional:file:./;optional:file:./config/;optional:file:./config/*/
2023-07-21 02:45:40.274 TRACE 29880 --- [           main] o.s.b.context.config.ConfigDataLoaders   : Loading file [.] using loader org.springframework.boot.context.config.StandardConfigDataLoader
2023-07-21 02:45:40.274 TRACE 29880 --- [           main] o.s.b.context.config.ConfigDataImporter  : Loaded resource file [.] from location optional:file:./;optional:file:./config/;optional:file:./config/*/
2023-07-21 02:45:40.274 TRACE 29880 --- [           main] .b.c.c.ConfigDataEnvironmentContributors : Imported 1 resource [file [.]]
2023-07-21 02:45:40.275 TRACE 29880 --- [           main] .b.c.c.ConfigDataEnvironmentContributors : Processing imports [optional:classpath:/;optional:classpath:/config/]
2023-07-21 02:45:40.275 TRACE 29880 --- [           main] o.s.b.c.c.ConfigDataLocationResolver     : Skipping missing resource classpath:/application.yaml
2023-07-21 02:45:40.275 TRACE 29880 --- [           main] o.s.b.c.c.ConfigDataLocationResolver     : Skipping missing resource classpath:/application.yml
2023-07-21 02:45:40.276 TRACE 29880 --- [           main] o.s.b.c.c.ConfigDataLocationResolver     : Skipping missing resource classpath:/application.xml
2023-07-21 02:45:40.276 TRACE 29880 --- [           main] o.s.b.c.c.ConfigDataLocationResolver     : Skipping missing resource classpath:/config/application.yaml
2023-07-21 02:45:40.276 TRACE 29880 --- [           main] o.s.b.c.c.ConfigDataLocationResolver     : Skipping missing resource classpath:/config/application.yml
2023-07-21 02:45:40.276 TRACE 29880 --- [           main] o.s.b.c.c.ConfigDataLocationResolver     : Skipping missing resource classpath:/config/application.xml
2023-07-21 02:45:40.276 TRACE 29880 --- [           main] o.s.b.c.c.ConfigDataLocationResolver     : Skipping missing resource classpath:/config/application.properties
2023-07-21 02:45:40.276 TRACE 29880 --- [           main] o.s.b.context.config.ConfigDataImporter  : Considering resource class path resource [application.properties] from location optional:classpath:/;optional:classpath:/config/
2023-07-21 02:45:40.276 TRACE 29880 --- [           main] o.s.b.context.config.ConfigDataLoaders   : Loading class path resource [application.properties] using loader org.springframework.boot.context.config.StandardConfigDataLoader
2023-07-21 02:45:40.277 TRACE 29880 --- [           main] o.s.b.context.config.ConfigDataImporter  : Loaded resource class path resource [application.properties] from location optional:classpath:/;optional:classpath:/config/
2023-07-21 02:45:40.277 TRACE 29880 --- [           main] .b.c.c.ConfigDataEnvironmentContributors : Imported 1 resource [class path resource [application.properties]]
2023-07-21 02:45:40.277 TRACE 29880 --- [           main] .b.c.c.ConfigDataEnvironmentContributors : Processed imports for of 2 contributors
2023-07-21 02:45:40.277 TRACE 29880 --- [           main] o.s.b.c.config.ConfigDataEnvironment     : Creating config data activation context from initial contributions
2023-07-21 02:45:40.277 TRACE 29880 --- [           main] o.s.b.c.config.ConfigDataEnvironment     : Processing config data environment contributors with initial activation context
2023-07-21 02:45:40.277 TRACE 29880 --- [           main] .b.c.c.ConfigDataEnvironmentContributors : Processing imports for phase BEFORE_PROFILE_ACTIVATION. [ConfigDataActivationContext@155d1021 cloudPlatform = [null], profiles = [null]]
2023-07-21 02:45:40.277 TRACE 29880 --- [           main] .b.c.c.ConfigDataEnvironmentContributors : Processed imports for of 0 contributors
2023-07-21 02:45:40.277 TRACE 29880 --- [           main] o.s.b.c.config.ConfigDataEnvironment     : Deducing profiles from current config data environment contributors
2023-07-21 02:45:40.277 TRACE 29880 --- [           main] o.s.b.c.config.ConfigDataEnvironment     : Processing config data environment contributors with profile activation context
2023-07-21 02:45:40.278 TRACE 29880 --- [           main] .b.c.c.ConfigDataEnvironmentContributors : Processing imports for phase AFTER_PROFILE_ACTIVATION. [ConfigDataActivationContext@4bd2f0dc cloudPlatform = [null], profiles = [Profiles@2e647e59 active = '[]', default = '[default]', accepted = '[default]']]
2023-07-21 02:45:40.278 TRACE 29880 --- [           main] .b.c.c.ConfigDataEnvironmentContributors : Processing imports [optional:file:./;optional:file:./config/;optional:file:./config/*/]
2023-07-21 02:45:40.278 TRACE 29880 --- [           main] o.s.b.c.c.ConfigDataLocationResolver     : Skipping missing resource file:./application.yaml
2023-07-21 02:45:40.278 TRACE 29880 --- [           main] o.s.b.c.c.ConfigDataLocationResolver     : Skipping missing resource file:./application.yml
2023-07-21 02:45:40.278 TRACE 29880 --- [           main] o.s.b.c.c.ConfigDataLocationResolver     : Skipping missing resource file:./application.xml
2023-07-21 02:45:40.278 TRACE 29880 --- [           main] o.s.b.c.c.ConfigDataLocationResolver     : Skipping missing resource file:./application.properties
2023-07-21 02:45:40.278 TRACE 29880 --- [           main] o.s.b.c.c.ConfigDataLocationResolver     : Skipping missing resource file:./config/application.yaml
2023-07-21 02:45:40.278 TRACE 29880 --- [           main] o.s.b.c.c.ConfigDataLocationResolver     : Skipping missing resource file:./config/application.yml
2023-07-21 02:45:40.278 TRACE 29880 --- [           main] o.s.b.c.c.ConfigDataLocationResolver     : Skipping missing resource file:./config/application.xml
2023-07-21 02:45:40.278 TRACE 29880 --- [           main] o.s.b.c.c.ConfigDataLocationResolver     : Skipping missing resource file:./config/application.properties
2023-07-21 02:45:40.279 TRACE 29880 --- [           main] o.s.b.c.c.ConfigDataLocationResolver     : Skipping missing resource file:./application-default.yaml
2023-07-21 02:45:40.279 TRACE 29880 --- [           main] o.s.b.c.c.ConfigDataLocationResolver     : Skipping missing resource file:./application-default.yml
2023-07-21 02:45:40.279 TRACE 29880 --- [           main] o.s.b.c.c.ConfigDataLocationResolver     : Skipping missing resource file:./application-default.xml
2023-07-21 02:45:40.280 TRACE 29880 --- [           main] o.s.b.c.c.ConfigDataLocationResolver     : Skipping missing resource file:./application-default.properties
2023-07-21 02:45:40.280 TRACE 29880 --- [           main] o.s.b.c.c.ConfigDataLocationResolver     : Skipping missing resource file:./config/application-default.yaml
2023-07-21 02:45:40.280 TRACE 29880 --- [           main] o.s.b.c.c.ConfigDataLocationResolver     : Skipping missing resource file:./config/application-default.yml
2023-07-21 02:45:40.280 TRACE 29880 --- [           main] o.s.b.c.c.ConfigDataLocationResolver     : Skipping missing resource file:./config/application-default.xml
2023-07-21 02:45:40.280 TRACE 29880 --- [           main] o.s.b.c.c.ConfigDataLocationResolver     : Skipping missing resource file:./config/application-default.properties
2023-07-21 02:45:40.280 TRACE 29880 --- [           main] o.s.b.context.config.ConfigDataImporter  : Considering resource file [.] from location optional:file:./;optional:file:./config/;optional:file:./config/*/
2023-07-21 02:45:40.281 TRACE 29880 --- [           main] o.s.b.context.config.ConfigDataImporter  : Already loaded resource file [.] ignoring location optional:file:./;optional:file:./config/;optional:file:./config/*/
2023-07-21 02:45:40.281 TRACE 29880 --- [           main] o.s.b.context.config.ConfigDataImporter  : Considering resource file [.] from location optional:file:./;optional:file:./config/;optional:file:./config/*/
2023-07-21 02:45:40.281 TRACE 29880 --- [           main] o.s.b.context.config.ConfigDataImporter  : Already loaded resource file [.] ignoring location optional:file:./;optional:file:./config/;optional:file:./config/*/
2023-07-21 02:45:40.281 TRACE 29880 --- [           main] .b.c.c.ConfigDataEnvironmentContributors : Nothing imported
2023-07-21 02:45:40.281 TRACE 29880 --- [           main] .b.c.c.ConfigDataEnvironmentContributors : Processing imports [optional:classpath:/;optional:classpath:/config/]
2023-07-21 02:45:40.281 TRACE 29880 --- [           main] o.s.b.c.c.ConfigDataLocationResolver     : Skipping missing resource classpath:/application.yaml
2023-07-21 02:45:40.281 TRACE 29880 --- [           main] o.s.b.c.c.ConfigDataLocationResolver     : Skipping missing resource classpath:/application.yml
2023-07-21 02:45:40.281 TRACE 29880 --- [           main] o.s.b.c.c.ConfigDataLocationResolver     : Skipping missing resource classpath:/application.xml
2023-07-21 02:45:40.281 TRACE 29880 --- [           main] o.s.b.c.c.ConfigDataLocationResolver     : Skipping missing resource classpath:/config/application.yaml
2023-07-21 02:45:40.282 TRACE 29880 --- [           main] o.s.b.c.c.ConfigDataLocationResolver     : Skipping missing resource classpath:/config/application.yml
2023-07-21 02:45:40.282 TRACE 29880 --- [           main] o.s.b.c.c.ConfigDataLocationResolver     : Skipping missing resource classpath:/config/application.xml
2023-07-21 02:45:40.282 TRACE 29880 --- [           main] o.s.b.c.c.ConfigDataLocationResolver     : Skipping missing resource classpath:/config/application.properties
2023-07-21 02:45:40.282 TRACE 29880 --- [           main] o.s.b.c.c.ConfigDataLocationResolver     : Skipping missing resource classpath:/application-default.yaml
2023-07-21 02:45:40.282 TRACE 29880 --- [           main] o.s.b.c.c.ConfigDataLocationResolver     : Skipping missing resource classpath:/application-default.yml
2023-07-21 02:45:40.282 TRACE 29880 --- [           main] o.s.b.c.c.ConfigDataLocationResolver     : Skipping missing resource classpath:/application-default.xml
2023-07-21 02:45:40.282 TRACE 29880 --- [           main] o.s.b.c.c.ConfigDataLocationResolver     : Skipping missing resource classpath:/application-default.properties
2023-07-21 02:45:40.282 TRACE 29880 --- [           main] o.s.b.c.c.ConfigDataLocationResolver     : Skipping missing resource classpath:/config/application-default.yaml
2023-07-21 02:45:40.282 TRACE 29880 --- [           main] o.s.b.c.c.ConfigDataLocationResolver     : Skipping missing resource classpath:/config/application-default.yml
2023-07-21 02:45:40.282 TRACE 29880 --- [           main] o.s.b.c.c.ConfigDataLocationResolver     : Skipping missing resource classpath:/config/application-default.xml
2023-07-21 02:45:40.282 TRACE 29880 --- [           main] o.s.b.c.c.ConfigDataLocationResolver     : Skipping missing resource classpath:/config/application-default.properties
2023-07-21 02:45:40.282 TRACE 29880 --- [           main] o.s.b.context.config.ConfigDataImporter  : Considering resource class path resource [application.properties] from location optional:classpath:/;optional:classpath:/config/
2023-07-21 02:45:40.283 TRACE 29880 --- [           main] o.s.b.context.config.ConfigDataImporter  : Already loaded resource class path resource [application.properties] ignoring location optional:classpath:/;optional:classpath:/config/
2023-07-21 02:45:40.283 TRACE 29880 --- [           main] .b.c.c.ConfigDataEnvironmentContributors : Nothing imported
2023-07-21 02:45:40.283 TRACE 29880 --- [           main] .b.c.c.ConfigDataEnvironmentContributors : Processed imports for of 2 contributors
2023-07-21 02:45:40.283 TRACE 29880 --- [           main] o.s.b.c.config.ConfigDataEnvironment     : Applying config data environment contributions
2023-07-21 02:45:40.283 TRACE 29880 --- [           main] o.s.b.c.config.ConfigDataEnvironment     : Adding imported property source 'Config resource 'class path resource [application.properties]' via location 'optional:classpath:/''
2023-07-21 02:45:40.283 TRACE 29880 --- [           main] o.s.b.c.config.ConfigDataEnvironment     : Setting default profiles: [default]
2023-07-21 02:45:40.283 TRACE 29880 --- [           main] o.s.b.c.config.ConfigDataEnvironment     : Setting active profiles: []
2023-07-21 02:45:40.293 TRACE 29880 --- [           main] o.s.w.c.s.GenericWebApplicationContext   : Refreshing org.springframework.web.context.support.GenericWebApplicationContext@545f80bf, started on Fri Jul 21 02:45:40 WAT 2023
2023-07-21 02:45:40.311 TRACE 29880 --- [           main] o.s.b.f.s.DefaultListableBeanFactory     : Registering scope 'request' with implementation [org.springframework.web.context.request.RequestScope@5a4c638d]
2023-07-21 02:45:40.311 TRACE 29880 --- [           main] o.s.b.f.s.DefaultListableBeanFactory     : Registering scope 'session' with implementation [org.springframework.web.context.request.SessionScope@1f12e153]
2023-07-21 02:45:40.311 TRACE 29880 --- [           main] o.s.b.f.s.DefaultListableBeanFactory     : Registering scope 'application' with implementation [org.springframework.web.context.support.ServletContextScope@3a60c416]
2023-07-21 02:45:40.323 DEBUG 29880 --- [           main] o.s.b.f.s.DefaultListableBeanFactory     : Creating shared instance of singleton bean 'org.springframework.context.annotation.internalConfigurationAnnotationProcessor'
2023-07-21 02:45:40.324 TRACE 29880 --- [           main] o.s.b.f.s.DefaultListableBeanFactory     : Creating instance of bean 'org.springframework.context.annotation.internalConfigurationAnnotationProcessor'
2023-07-21 02:45:40.333 TRACE 29880 --- [           main] o.s.b.f.s.DefaultListableBeanFactory     : Eagerly caching bean 'org.springframework.context.annotation.internalConfigurationAnnotationProcessor' to allow for resolving potential circular references
2023-07-21 02:45:40.347 DEBUG 29880 --- [           main] o.s.b.f.s.DefaultListableBeanFactory     : Creating shared instance of singleton bean 'org.springframework.boot.autoconfigure.internalCachingMetadataReaderFactory'
2023-07-21 02:45:40.347 TRACE 29880 --- [           main] o.s.b.f.s.DefaultListableBeanFactory     : Creating instance of bean 'org.springframework.boot.autoconfigure.internalCachingMetadataReaderFactory'
2023-07-21 02:45:40.347 TRACE 29880 --- [           main] o.s.b.f.s.DefaultListableBeanFactory     : Eagerly caching bean 'org.springframework.boot.autoconfigure.internalCachingMetadataReaderFactory' to allow for resolving potential circular references
2023-07-21 02:45:40.349 TRACE 29880 --- [           main] o.s.b.f.s.DefaultListableBeanFactory     : Finished creating instance of bean 'org.springframework.boot.autoconfigure.internalCachingMetadataReaderFactory'
2023-07-21 02:45:40.353 TRACE 29880 --- [           main] o.s.c.io.support.SpringFactoriesLoader   : Loaded [org.springframework.beans.BeanInfoFactory] names: [org.springframework.beans.ExtendedBeanInfoFactory]
2023-07-21 02:45:40.355 TRACE 29880 --- [           main] o.s.beans.CachedIntrospectionResults     : Getting BeanInfo for class [org.springframework.context.annotation.ConfigurationClassPostProcessor]
2023-07-21 02:45:40.369 TRACE 29880 --- [           main] o.s.beans.CachedIntrospectionResults     : Caching PropertyDescriptors for class [org.springframework.context.annotation.ConfigurationClassPostProcessor]
2023-07-21 02:45:40.370 TRACE 29880 --- [           main] o.s.beans.CachedIntrospectionResults     : Found bean property 'applicationStartup' of type [org.springframework.core.metrics.ApplicationStartup]
2023-07-21 02:45:40.370 TRACE 29880 --- [           main] o.s.beans.CachedIntrospectionResults     : Found bean property 'beanClassLoader' of type [java.lang.ClassLoader]
2023-07-21 02:45:40.370 TRACE 29880 --- [           main] o.s.beans.CachedIntrospectionResults     : Found bean property 'beanNameGenerator' of type [org.springframework.beans.factory.support.BeanNameGenerator]
2023-07-21 02:45:40.370 TRACE 29880 --- [           main] o.s.beans.CachedIntrospectionResults     : Found bean property 'class' of type [java.lang.Class]
2023-07-21 02:45:40.371 TRACE 29880 --- [           main] o.s.beans.CachedIntrospectionResults     : Found bean property 'environment' of type [org.springframework.core.env.Environment]
2023-07-21 02:45:40.371 TRACE 29880 --- [           main] o.s.beans.CachedIntrospectionResults     : Found bean property 'metadataReaderFactory' of type [org.springframework.core.type.classreading.MetadataReaderFactory]
2023-07-21 02:45:40.371 TRACE 29880 --- [           main] o.s.beans.CachedIntrospectionResults     : Found bean property 'order' of type [int]
2023-07-21 02:45:40.371 TRACE 29880 --- [           main] o.s.beans.CachedIntrospectionResults     : Found bean property 'problemReporter' of type [org.springframework.beans.factory.parsing.ProblemReporter]
2023-07-21 02:45:40.371 TRACE 29880 --- [           main] o.s.beans.CachedIntrospectionResults     : Found bean property 'resourceLoader' of type [org.springframework.core.io.ResourceLoader]
2023-07-21 02:45:40.371 TRACE 29880 --- [           main] o.s.beans.CachedIntrospectionResults     : Found bean property 'sourceExtractor' of type [org.springframework.beans.factory.parsing.SourceExtractor]
2023-07-21 02:45:40.385 TRACE 29880 --- [           main] o.s.b.f.s.DefaultListableBeanFactory     : Finished creating instance of bean 'org.springframework.context.annotation.internalConfigurationAnnotationProcessor'
2023-07-21 02:45:40.400 TRACE 29880 --- [           main] o.s.c.a.ClassPathBeanDefinitionScanner   : JSR-250 'javax.annotation.ManagedBean' found and supported for component scanning
2023-07-21 02:45:40.405 TRACE 29880 --- [           main] .i.s.PathMatchingResourcePatternResolver : Resolved classpath location [com/camping/camp/] to resources [URL [file:/C:/Users/m.essid/Desktop/Camp/camp/target/test-classes/com/camping/camp/], URL [file:/C:/Users/m.essid/Desktop/Camp/camp/target/classes/com/camping/camp/]]
2023-07-21 02:45:40.406 TRACE 29880 --- [           main] .i.s.PathMatchingResourcePatternResolver : Looking for matching resources in directory tree [C:\Users\m.essid\Desktop\Camp\camp\target\test-classes\com\camping\camp]
2023-07-21 02:45:40.406 TRACE 29880 --- [           main] .i.s.PathMatchingResourcePatternResolver : Searching directory [C:\Users\m.essid\Desktop\Camp\camp\target\test-classes\com\camping\camp] for files matching pattern [C:/Users/m.essid/Desktop/Camp/camp/target/test-classes/com/camping/camp/**/*.class]
2023-07-21 02:45:40.406 TRACE 29880 --- [           main] .i.s.PathMatchingResourcePatternResolver : Looking for matching resources in directory tree [C:\Users\m.essid\Desktop\Camp\camp\target\classes\com\camping\camp]
2023-07-21 02:45:40.406 TRACE 29880 --- [           main] .i.s.PathMatchingResourcePatternResolver : Searching directory [C:\Users\m.essid\Desktop\Camp\camp\target\classes\com\camping\camp] for files matching pattern [C:/Users/m.essid/Desktop/Camp/camp/target/classes/com/camping/camp/**/*.class]
2023-07-21 02:45:40.408 TRACE 29880 --- [           main] .i.s.PathMatchingResourcePatternResolver : Searching directory [C:\Users\m.essid\Desktop\Camp\camp\target\classes\com\camping\camp\Configuration] for files matching pattern [C:/Users/m.essid/Desktop/Camp/camp/target/classes/com/camping/camp/**/*.class]
2023-07-21 02:45:40.409 TRACE 29880 --- [           main] .i.s.PathMatchingResourcePatternResolver : Searching directory [C:\Users\m.essid\Desktop\Camp\camp\target\classes\com\camping\camp\Controllers] for files matching pattern [C:/Users/m.essid/Desktop/Camp/camp/target/classes/com/camping/camp/**/*.class]
2023-07-21 02:45:40.410 TRACE 29880 --- [           main] .i.s.PathMatchingResourcePatternResolver : Searching directory [C:\Users\m.essid\Desktop\Camp\camp\target\classes\com\camping\camp\Exception] for files matching pattern [C:/Users/m.essid/Desktop/Camp/camp/target/classes/com/camping/camp/**/*.class]
2023-07-21 02:45:40.411 TRACE 29880 --- [           main] .i.s.PathMatchingResourcePatternResolver : Searching directory [C:\Users\m.essid\Desktop\Camp\camp\target\classes\com\camping\camp\Exception\handler] for files matching pattern [C:/Users/m.essid/Desktop/Camp/camp/target/classes/com/camping/camp/**/*.class]
2023-07-21 02:45:40.412 TRACE 29880 --- [           main] .i.s.PathMatchingResourcePatternResolver : Searching directory [C:\Users\m.essid\Desktop\Camp\camp\target\classes\com\camping\camp\Security] for files matching pattern [C:/Users/m.essid/Desktop/Camp/camp/target/classes/com/camping/camp/**/*.class]
2023-07-21 02:45:40.412 TRACE 29880 --- [           main] .i.s.PathMatchingResourcePatternResolver : Searching directory [C:\Users\m.essid\Desktop\Camp\camp\target\classes\com\camping\camp\Security\Jwt] for files matching pattern [C:/Users/m.essid/Desktop/Camp/camp/target/classes/com/camping/camp/**/*.class]
2023-07-21 02:45:40.413 TRACE 29880 --- [           main] .i.s.PathMatchingResourcePatternResolver : Searching directory [C:\Users\m.essid\Desktop\Camp\camp\target\classes\com\camping\camp\Security\oauth2] for files matching pattern [C:/Users/m.essid/Desktop/Camp/camp/target/classes/com/camping/camp/**/*.class]
2023-07-21 02:45:40.416 TRACE 29880 --- [           main] .i.s.PathMatchingResourcePatternResolver : Searching directory [C:\Users\m.essid\Desktop\Camp\camp\target\classes\com\camping\camp\Util] for files matching pattern [C:/Users/m.essid/Desktop/Camp/camp/target/classes/com/camping/camp/**/*.class]
2023-07-21 02:45:40.417 TRACE 29880 --- [           main] .i.s.PathMatchingResourcePatternResolver : Searching directory [C:\Users\m.essid\Desktop\Camp\camp\target\classes\com\camping\camp\Validator] for files matching pattern [C:/Users/m.essid/Desktop/Camp/camp/target/classes/com/camping/camp/**/*.class]
2023-07-21 02:45:40.418 TRACE 29880 --- [           main] .i.s.PathMatchingResourcePatternResolver : Searching directory [C:\Users\m.essid\Desktop\Camp\camp\target\classes\com\camping\camp\dto] for files matching pattern [C:/Users/m.essid/Desktop/Camp/camp/target/classes/com/camping/camp/**/*.class]
2023-07-21 02:45:40.419 TRACE 29880 --- [           main] .i.s.PathMatchingResourcePatternResolver : Searching directory [C:\Users\m.essid\Desktop\Camp\camp\target\classes\com\camping\camp\entities] for files matching pattern [C:/Users/m.essid/Desktop/Camp/camp/target/classes/com/camping/camp/**/*.class]
2023-07-21 02:45:40.421 TRACE 29880 --- [           main] .i.s.PathMatchingResourcePatternResolver : Searching directory [C:\Users\m.essid\Desktop\Camp\camp\target\classes\com\camping\camp\repositories] for files matching pattern [C:/Users/m.essid/Desktop/Camp/camp/target/classes/com/camping/camp/**/*.class]
2023-07-21 02:45:40.421 TRACE 29880 --- [           main] .i.s.PathMatchingResourcePatternResolver : Searching directory [C:\Users\m.essid\Desktop\Camp\camp\target\classes\com\camping\camp\services] for files matching pattern [C:/Users/m.essid/Desktop/Camp/camp/target/classes/com/camping/camp/**/*.class]
2023-07-21 02:45:40.422 TRACE 29880 --- [           main] .i.s.PathMatchingResourcePatternResolver : Searching directory [C:\Users\m.essid\Desktop\Camp\camp\target\classes\com\camping\camp\services\Impl] for files matching pattern [C:/Users/m.essid/Desktop/Camp/camp/target/classes/com/camping/camp/**/*.class]
2023-07-21 02:45:40.425 TRACE 29880 --- [           main] .i.s.PathMatchingResourcePatternResolver : Resolved location pattern [classpath*:com/camping/camp/**/*.class] to resources [file [C:\Users\m.essid\Desktop\Camp\camp\target\test-classes\com\camping\camp\CampApplicationTests.class], file [C:\Users\m.essid\Desktop\Camp\camp\target\classes\com\camping\camp\CampApplication.class], file [C:\Users\m.essid\Desktop\Camp\camp\target\classes\com\camping\camp\Configuration\AppProperties$Auth.class], file [C:\Users\m.essid\Desktop\Camp\camp\target\classes\com\camping\camp\Configuration\AppProperties$OAuth2.class], file [C:\Users\m.essid\Desktop\Camp\camp\target\classes\com\camping\camp\Configuration\AppProperties.class], file [C:\Users\m.essid\Desktop\Camp\camp\target\classes\com\camping\camp\Configuration\CurrentUser.class], file [C:\Users\m.essid\Desktop\Camp\camp\target\classes\com\camping\camp\Configuration\RestAuthenticationEntryPoint.class], file [C:\Users\m.essid\Desktop\Camp\camp\target\classes\com\camping\camp\Configuration\SetupDataLoader.class], file [C:\Users\m.essid\Desktop\Camp\camp\target\classes\com\camping\camp\Configuration\WebConfig.class], file [C:\Users\m.essid\Desktop\Camp\camp\target\classes\com\camping\camp\Configuration\WebSecurityConfig.class], file [C:\Users\m.essid\Desktop\Camp\camp\target\classes\com\camping\camp\Controllers\AuthController.class], file [C:\Users\m.essid\Desktop\Camp\camp\target\classes\com\camping\camp\Controllers\CommentaireController.class], file [C:\Users\m.essid\Desktop\Camp\camp\target\classes\com\camping\camp\Controllers\PublicationController.class], file [C:\Users\m.essid\Desktop\Camp\camp\target\classes\com\camping\camp\Controllers\UserController.class], file [C:\Users\m.essid\Desktop\Camp\camp\target\classes\com\camping\camp\Exception\BadRequestException.class], file [C:\Users\m.essid\Desktop\Camp\camp\target\classes\com\camping\camp\Exception\OAuth2AuthenticationProcessingException.class], file [C:\Users\m.essid\Desktop\Camp\camp\target\classes\com\camping\camp\Exception\ResourceNotFoundException.class], file [C:\Users\m.essid\Desktop\Camp\camp\target\classes\com\camping\camp\Exception\UserAlreadyExistAuthenticationException.class], file [C:\Users\m.essid\Desktop\Camp\camp\target\classes\com\camping\camp\Exception\handler\RestResponseEntityExceptionHandler.class], file [C:\Users\m.essid\Desktop\Camp\camp\target\classes\com\camping\camp\Security\Jwt\TokenAuthenticationFilter.class], file [C:\Users\m.essid\Desktop\Camp\camp\target\classes\com\camping\camp\Security\Jwt\TokenProvider.class], file [C:\Users\m.essid\Desktop\Camp\camp\target\classes\com\camping\camp\Security\oauth2\CustomOAuth2UserService.class], file [C:\Users\m.essid\Desktop\Camp\camp\target\classes\com\camping\camp\Security\oauth2\CustomOidcUserService.class], file [C:\Users\m.essid\Desktop\Camp\camp\target\classes\com\camping\camp\Security\oauth2\FacebookOAuth2UserInfo.class], file [C:\Users\m.essid\Desktop\Camp\camp\target\classes\com\camping\camp\Security\oauth2\GithubOAuth2UserInfo.class], file [C:\Users\m.essid\Desktop\Camp\camp\target\classes\com\camping\camp\Security\oauth2\GoogleOAuth2UserInfo.class], file [C:\Users\m.essid\Desktop\Camp\camp\target\classes\com\camping\camp\Security\oauth2\HttpCookieOAuth2AuthorizationRequestRepository.class], file [C:\Users\m.essid\Desktop\Camp\camp\target\classes\com\camping\camp\Security\oauth2\LinkedinOAuth2UserInfo.class], file [C:\Users\m.essid\Desktop\Camp\camp\target\classes\com\camping\camp\Security\oauth2\OAuth2AccessTokenResponseConverterWithDefaults.class], file [C:\Users\m.essid\Desktop\Camp\camp\target\classes\com\camping\camp\Security\oauth2\OAuth2AuthenticationFailureHandler.class], file [C:\Users\m.essid\Desktop\Camp\camp\target\classes\com\camping\camp\Security\oauth2\OAuth2AuthenticationSuccessHandler.class], file [C:\Users\m.essid\Desktop\Camp\camp\target\classes\com\camping\camp\Security\oauth2\OAuth2UserInfo.class], file [C:\Users\m.essid\Desktop\Camp\camp\target\classes\com\camping\camp\Security\oauth2\OAuth2UserInfoFactory.class], file [C:\Users\m.essid\Desktop\Camp\camp\target\classes\com\camping\camp\Util\CookieUtils.class], file [C:\Users\m.essid\Desktop\Camp\camp\target\classes\com\camping\camp\Util\GeneralUtils.class], file [C:\Users\m.essid\Desktop\Camp\camp\target\classes\com\camping\camp\Validator\PasswordMatches.class], file [C:\Users\m.essid\Desktop\Camp\camp\target\classes\com\camping\camp\Validator\PasswordMatchesValidator.class], file [C:\Users\m.essid\Desktop\Camp\camp\target\classes\com\camping\camp\dto\ApiResponse.class], file [C:\Users\m.essid\Desktop\Camp\camp\target\classes\com\camping\camp\dto\CommentaireDto.class], file [C:\Users\m.essid\Desktop\Camp\camp\target\classes\com\camping\camp\dto\JwtAuthenticationResponse.class], file [C:\Users\m.essid\Desktop\Camp\camp\target\classes\com\camping\camp\dto\LocalUser.class], file [C:\Users\m.essid\Desktop\Camp\camp\target\classes\com\camping\camp\dto\LoginRequest.class], file [C:\Users\m.essid\Desktop\Camp\camp\target\classes\com\camping\camp\dto\PublicationDto.class], file [C:\Users\m.essid\Desktop\Camp\camp\target\classes\com\camping\camp\dto\SignUpRequest$Builder.class], file [C:\Users\m.essid\Desktop\Camp\camp\target\classes\com\camping\camp\dto\SignUpRequest.class], file [C:\Users\m.essid\Desktop\Camp\camp\target\classes\com\camping\camp\dto\SocialProvider.class], file [C:\Users\m.essid\Desktop\Camp\camp\target\classes\com\camping\camp\dto\TitleDto.class], file [C:\Users\m.essid\Desktop\Camp\camp\target\classes\com\camping\camp\dto\UserInfo.class], file [C:\Users\m.essid\Desktop\Camp\camp\target\classes\com\camping\camp\entities\Commentaire.class], file [C:\Users\m.essid\Desktop\Camp\camp\target\classes\com\camping\camp\entities\Publication.class], file [C:\Users\m.essid\Desktop\Camp\camp\target\classes\com\camping\camp\entities\Role.class], file [C:\Users\m.essid\Desktop\Camp\camp\target\classes\com\camping\camp\entities\User.class], file [C:\Users\m.essid\Desktop\Camp\camp\target\classes\com\camping\camp\entities\campCenter.class], file [C:\Users\m.essid\Desktop\Camp\camp\target\classes\com\camping\camp\entities\category.class], file [C:\Users\m.essid\Desktop\Camp\camp\target\classes\com\camping\camp\entities\complaint.class], file [C:\Users\m.essid\Desktop\Camp\camp\target\classes\com\camping\camp\entities\products.class], file [C:\Users\m.essid\Desktop\Camp\camp\target\classes\com\camping\camp\repositories\CommentaireRepository.class], file [C:\Users\m.essid\Desktop\Camp\camp\target\classes\com\camping\camp\repositories\PublicationRepository.class], file [C:\Users\m.essid\Desktop\Camp\camp\target\classes\com\camping\camp\repositories\RoleRepository.class], file [C:\Users\m.essid\Desktop\Camp\camp\target\classes\com\camping\camp\repositories\UserRepository.class], file [C:\Users\m.essid\Desktop\Camp\camp\target\classes\com\camping\camp\services\Impl\CommentaireServiceImp.class], file [C:\Users\m.essid\Desktop\Camp\camp\target\classes\com\camping\camp\services\Impl\LocalUserDetailService.class], file [C:\Users\m.essid\Desktop\Camp\camp\target\classes\com\camping\camp\services\Impl\PublicationServiceImp.class], file [C:\Users\m.essid\Desktop\Camp\camp\target\classes\com\camping\camp\services\Impl\UserServiceImpl.class], file [C:\Users\m.essid\Desktop\Camp\camp\target\classes\com\camping\camp\services\UserService.class]]
2023-07-21 02:45:40.425 TRACE 29880 --- [           main] o.s.c.a.ClassPathBeanDefinitionScanner   : Scanning file [C:\Users\m.essid\Desktop\Camp\camp\target\test-classes\com\camping\camp\CampApplicationTests.class]
2023-07-21 02:45:40.428 TRACE 29880 --- [           main] o.s.b.f.s.DefaultListableBeanFactory     : Returning cached instance of singleton bean 'org.springframework.boot.test.context.filter.TestTypeExcludeFilter'
2023-07-21 02:45:40.429 TRACE 29880 --- [           main] o.s.c.a.ClassPathBeanDefinitionScanner   : Ignored because not matching any filter: file [C:\Users\m.essid\Desktop\Camp\camp\target\test-classes\com\camping\camp\CampApplicationTests.class]
2023-07-21 02:45:40.429 TRACE 29880 --- [           main] o.s.c.a.ClassPathBeanDefinitionScanner   : Scanning file [C:\Users\m.essid\Desktop\Camp\camp\target\classes\com\camping\camp\CampApplication.class]
2023-07-21 02:45:40.431 TRACE 29880 --- [           main] o.s.c.a.ClassPathBeanDefinitionScanner   : Ignored because not matching any filter: file [C:\Users\m.essid\Desktop\Camp\camp\target\classes\com\camping\camp\CampApplication.class]
2023-07-21 02:45:40.432 TRACE 29880 --- [           main] o.s.c.a.ClassPathBeanDefinitionScanner   : Scanning file [C:\Users\m.essid\Desktop\Camp\camp\target\classes\com\camping\camp\Configuration\AppProperties$Auth.class]
2023-07-21 02:45:40.437 TRACE 29880 --- [           main] o.s.c.a.ClassPathBeanDefinitionScanner   : Ignored because not matching any filter: file [C:\Users\m.essid\Desktop\Camp\camp\target\classes\com\camping\camp\Configuration\AppProperties$Auth.class]
2023-07-21 02:45:40.437 TRACE 29880 --- [           main] o.s.c.a.ClassPathBeanDefinitionScanner   : Scanning file [C:\Users\m.essid\Desktop\Camp\camp\target\classes\com\camping\camp\Configuration\AppProperties$OAuth2.class]
2023-07-21 02:45:40.438 TRACE 29880 --- [           main] o.s.c.a.ClassPathBeanDefinitionScanner   : Ignored because not matching any filter: file [C:\Users\m.essid\Desktop\Camp\camp\target\classes\com\camping\camp\Configuration\AppProperties$OAuth2.class]
2023-07-21 02:45:40.439 TRACE 29880 --- [           main] o.s.c.a.ClassPathBeanDefinitionScanner   : Scanning file [C:\Users\m.essid\Desktop\Camp\camp\target\classes\com\camping\camp\Configuration\AppProperties.class]
2023-07-21 02:45:40.439 DEBUG 29880 --- [           main] o.s.c.a.ClassPathBeanDefinitionScanner   : Identified candidate component class: file [C:\Users\m.essid\Desktop\Camp\camp\target\classes\com\camping\camp\Configuration\AppProperties.class]
2023-07-21 02:45:40.440 TRACE 29880 --- [           main] o.s.c.a.ClassPathBeanDefinitionScanner   : Scanning file [C:\Users\m.essid\Desktop\Camp\camp\target\classes\com\camping\camp\Configuration\CurrentUser.class]
2023-07-21 02:45:40.442 TRACE 29880 --- [           main] o.s.c.a.ClassPathBeanDefinitionScanner   : Ignored because not matching any filter: file [C:\Users\m.essid\Desktop\Camp\camp\target\classes\com\camping\camp\Configuration\CurrentUser.class]
2023-07-21 02:45:40.442 TRACE 29880 --- [           main] o.s.c.a.ClassPathBeanDefinitionScanner   : Scanning file [C:\Users\m.essid\Desktop\Camp\camp\target\classes\com\camping\camp\Configuration\RestAuthenticationEntryPoint.class]
2023-07-21 02:45:40.443 TRACE 29880 --- [           main] o.s.c.a.ClassPathBeanDefinitionScanner   : Ignored because not matching any filter: file [C:\Users\m.essid\Desktop\Camp\camp\target\classes\com\camping\camp\Configuration\RestAuthenticationEntryPoint.class]
2023-07-21 02:45:40.443 TRACE 29880 --- [           main] o.s.c.a.ClassPathBeanDefinitionScanner   : Scanning file [C:\Users\m.essid\Desktop\Camp\camp\target\classes\com\camping\camp\Configuration\SetupDataLoader.class]
2023-07-21 02:45:40.447 DEBUG 29880 --- [           main] o.s.c.a.ClassPathBeanDefinitionScanner   : Identified candidate component class: file [C:\Users\m.essid\Desktop\Camp\camp\target\classes\com\camping\camp\Configuration\SetupDataLoader.class]
2023-07-21 02:45:40.447 TRACE 29880 --- [           main] o.s.c.a.ClassPathBeanDefinitionScanner   : Scanning file [C:\Users\m.essid\Desktop\Camp\camp\target\classes\com\camping\camp\Configuration\WebConfig.class]
2023-07-21 02:45:40.454 DEBUG 29880 --- [           main] o.s.c.a.ClassPathBeanDefinitionScanner   : Identified candidate component class: file [C:\Users\m.essid\Desktop\Camp\camp\target\classes\com\camping\camp\Configuration\WebConfig.class]
2023-07-21 02:45:40.454 TRACE 29880 --- [           main] o.s.c.a.ClassPathBeanDefinitionScanner   : Scanning file [C:\Users\m.essid\Desktop\Camp\camp\target\classes\com\camping\camp\Configuration\WebSecurityConfig.class]
2023-07-21 02:45:40.465 DEBUG 29880 --- [           main] o.s.c.a.ClassPathBeanDefinitionScanner   : Identified candidate component class: file [C:\Users\m.essid\Desktop\Camp\camp\target\classes\com\camping\camp\Configuration\WebSecurityConfig.class]
2023-07-21 02:45:40.465 TRACE 29880 --- [           main] o.s.c.a.ClassPathBeanDefinitionScanner   : Scanning file [C:\Users\m.essid\Desktop\Camp\camp\target\classes\com\camping\camp\Controllers\AuthController.class]
2023-07-21 02:45:40.478 DEBUG 29880 --- [           main] o.s.c.a.ClassPathBeanDefinitionScanner   : Identified candidate component class: file [C:\Users\m.essid\Desktop\Camp\camp\target\classes\com\camping\camp\Controllers\AuthController.class]
2023-07-21 02:45:40.478 TRACE 29880 --- [           main] o.s.c.a.ClassPathBeanDefinitionScanner   : Scanning file [C:\Users\m.essid\Desktop\Camp\camp\target\classes\com\camping\camp\Controllers\CommentaireController.class]
2023-07-21 02:45:40.484 DEBUG 29880 --- [           main] o.s.c.a.ClassPathBeanDefinitionScanner   : Identified candidate component class: file [C:\Users\m.essid\Desktop\Camp\camp\target\classes\com\camping\camp\Controllers\CommentaireController.class]
2023-07-21 02:45:40.484 TRACE 29880 --- [           main] o.s.c.a.ClassPathBeanDefinitionScanner   : Scanning file [C:\Users\m.essid\Desktop\Camp\camp\target\classes\com\camping\camp\Controllers\PublicationController.class]
2023-07-21 02:45:40.486 DEBUG 29880 --- [           main] o.s.c.a.ClassPathBeanDefinitionScanner   : Identified candidate component class: file [C:\Users\m.essid\Desktop\Camp\camp\target\classes\com\camping\camp\Controllers\PublicationController.class]
2023-07-21 02:45:40.486 TRACE 29880 --- [           main] o.s.c.a.ClassPathBeanDefinitionScanner   : Scanning file [C:\Users\m.essid\Desktop\Camp\camp\target\classes\com\camping\camp\Controllers\UserController.class]
2023-07-21 02:45:40.490 DEBUG 29880 --- [           main] o.s.c.a.ClassPathBeanDefinitionScanner   : Identified candidate component class: file [C:\Users\m.essid\Desktop\Camp\camp\target\classes\com\camping\camp\Controllers\UserController.class]
2023-07-21 02:45:40.491 TRACE 29880 --- [           main] o.s.c.a.ClassPathBeanDefinitionScanner   : Scanning file [C:\Users\m.essid\Desktop\Camp\camp\target\classes\com\camping\camp\Exception\BadRequestException.class]
2023-07-21 02:45:40.496 TRACE 29880 --- [           main] o.s.c.a.ClassPathBeanDefinitionScanner   : Ignored because not matching any filter: file [C:\Users\m.essid\Desktop\Camp\camp\target\classes\com\camping\camp\Exception\BadRequestException.class]
2023-07-21 02:45:40.496 TRACE 29880 --- [           main] o.s.c.a.ClassPathBeanDefinitionScanner   : Scanning file [C:\Users\m.essid\Desktop\Camp\camp\target\classes\com\camping\camp\Exception\OAuth2AuthenticationProcessingException.class]
2023-07-21 02:45:40.497 TRACE 29880 --- [           main] o.s.c.a.ClassPathBeanDefinitionScanner   : Ignored because not matching any filter: file [C:\Users\m.essid\Desktop\Camp\camp\target\classes\com\camping\camp\Exception\OAuth2AuthenticationProcessingException.class]
2023-07-21 02:45:40.497 TRACE 29880 --- [           main] o.s.c.a.ClassPathBeanDefinitionScanner   : Scanning file [C:\Users\m.essid\Desktop\Camp\camp\target\classes\com\camping\camp\Exception\ResourceNotFoundException.class]
2023-07-21 02:45:40.498 TRACE 29880 --- [           main] o.s.c.a.ClassPathBeanDefinitionScanner   : Ignored because not matching any filter: file [C:\Users\m.essid\Desktop\Camp\camp\target\classes\com\camping\camp\Exception\ResourceNotFoundException.class]
2023-07-21 02:45:40.498 TRACE 29880 --- [           main] o.s.c.a.ClassPathBeanDefinitionScanner   : Scanning file [C:\Users\m.essid\Desktop\Camp\camp\target\classes\com\camping\camp\Exception\UserAlreadyExistAuthenticationException.class]
2023-07-21 02:45:40.500 TRACE 29880 --- [           main] o.s.c.a.ClassPathBeanDefinitionScanner   : Ignored because not matching any filter: file [C:\Users\m.essid\Desktop\Camp\camp\target\classes\com\camping\camp\Exception\UserAlreadyExistAuthenticationException.class]
2023-07-21 02:45:40.500 TRACE 29880 --- [           main] o.s.c.a.ClassPathBeanDefinitionScanner   : Scanning file [C:\Users\m.essid\Desktop\Camp\camp\target\classes\com\camping\camp\Exception\handler\RestResponseEntityExceptionHandler.class]
2023-07-21 02:45:40.503 DEBUG 29880 --- [           main] o.s.c.a.ClassPathBeanDefinitionScanner   : Identified candidate component class: file [C:\Users\m.essid\Desktop\Camp\camp\target\classes\com\camping\camp\Exception\handler\RestResponseEntityExceptionHandler.class]
2023-07-21 02:45:40.503 TRACE 29880 --- [           main] o.s.c.a.ClassPathBeanDefinitionScanner   : Scanning file [C:\Users\m.essid\Desktop\Camp\camp\target\classes\com\camping\camp\Security\Jwt\TokenAuthenticationFilter.class]
2023-07-21 02:45:40.504 TRACE 29880 --- [           main] o.s.c.a.ClassPathBeanDefinitionScanner   : Ignored because not matching any filter: file [C:\Users\m.essid\Desktop\Camp\camp\target\classes\com\camping\camp\Security\Jwt\TokenAuthenticationFilter.class]
2023-07-21 02:45:40.504 TRACE 29880 --- [           main] o.s.c.a.ClassPathBeanDefinitionScanner   : Scanning file [C:\Users\m.essid\Desktop\Camp\camp\target\classes\com\camping\camp\Security\Jwt\TokenProvider.class]
2023-07-21 02:45:40.505 DEBUG 29880 --- [           main] o.s.c.a.ClassPathBeanDefinitionScanner   : Identified candidate component class: file [C:\Users\m.essid\Desktop\Camp\camp\target\classes\com\camping\camp\Security\Jwt\TokenProvider.class]
2023-07-21 02:45:40.506 TRACE 29880 --- [           main] o.s.c.a.ClassPathBeanDefinitionScanner   : Scanning file [C:\Users\m.essid\Desktop\Camp\camp\target\classes\com\camping\camp\Security\oauth2\CustomOAuth2UserService.class]
2023-07-21 02:45:40.506 DEBUG 29880 --- [           main] o.s.c.a.ClassPathBeanDefinitionScanner   : Identified candidate component class: file [C:\Users\m.essid\Desktop\Camp\camp\target\classes\com\camping\camp\Security\oauth2\CustomOAuth2UserService.class]
2023-07-21 02:45:40.507 TRACE 29880 --- [           main] o.s.c.a.ClassPathBeanDefinitionScanner   : Scanning file [C:\Users\m.essid\Desktop\Camp\camp\target\classes\com\camping\camp\Security\oauth2\CustomOidcUserService.class]
2023-07-21 02:45:40.508 DEBUG 29880 --- [           main] o.s.c.a.ClassPathBeanDefinitionScanner   : Identified candidate component class: file [C:\Users\m.essid\Desktop\Camp\camp\target\classes\com\camping\camp\Security\oauth2\CustomOidcUserService.class]
2023-07-21 02:45:40.508 TRACE 29880 --- [           main] o.s.c.a.ClassPathBeanDefinitionScanner   : Scanning file [C:\Users\m.essid\Desktop\Camp\camp\target\classes\com\camping\camp\Security\oauth2\FacebookOAuth2UserInfo.class]
2023-07-21 02:45:40.509 TRACE 29880 --- [           main] o.s.c.a.ClassPathBeanDefinitionScanner   : Ignored because not matching any filter: file [C:\Users\m.essid\Desktop\Camp\camp\target\classes\com\camping\camp\Security\oauth2\FacebookOAuth2UserInfo.class]
2023-07-21 02:45:40.509 TRACE 29880 --- [           main] o.s.c.a.ClassPathBeanDefinitionScanner   : Scanning file [C:\Users\m.essid\Desktop\Camp\camp\target\classes\com\camping\camp\Security\oauth2\GithubOAuth2UserInfo.class]
2023-07-21 02:45:40.510 TRACE 29880 --- [           main] o.s.c.a.ClassPathBeanDefinitionScanner   : Ignored because not matching any filter: file [C:\Users\m.essid\Desktop\Camp\camp\target\classes\com\camping\camp\Security\oauth2\GithubOAuth2UserInfo.class]
2023-07-21 02:45:40.510 TRACE 29880 --- [           main] o.s.c.a.ClassPathBeanDefinitionScanner   : Scanning file [C:\Users\m.essid\Desktop\Camp\camp\target\classes\com\camping\camp\Security\oauth2\GoogleOAuth2UserInfo.class]
2023-07-21 02:45:40.511 TRACE 29880 --- [           main] o.s.c.a.ClassPathBeanDefinitionScanner   : Ignored because not matching any filter: file [C:\Users\m.essid\Desktop\Camp\camp\target\classes\com\camping\camp\Security\oauth2\GoogleOAuth2UserInfo.class]
2023-07-21 02:45:40.511 TRACE 29880 --- [           main] o.s.c.a.ClassPathBeanDefinitionScanner   : Scanning file [C:\Users\m.essid\Desktop\Camp\camp\target\classes\com\camping\camp\Security\oauth2\HttpCookieOAuth2AuthorizationRequestRepository.class]
2023-07-21 02:45:40.512 DEBUG 29880 --- [           main] o.s.c.a.ClassPathBeanDefinitionScanner   : Identified candidate component class: file [C:\Users\m.essid\Desktop\Camp\camp\target\classes\com\camping\camp\Security\oauth2\HttpCookieOAuth2AuthorizationRequestRepository.class]
2023-07-21 02:45:40.512 TRACE 29880 --- [           main] o.s.c.a.ClassPathBeanDefinitionScanner   : Scanning file [C:\Users\m.essid\Desktop\Camp\camp\target\classes\com\camping\camp\Security\oauth2\LinkedinOAuth2UserInfo.class]
2023-07-21 02:45:40.513 TRACE 29880 --- [           main] o.s.c.a.ClassPathBeanDefinitionScanner   : Ignored because not matching any filter: file [C:\Users\m.essid\Desktop\Camp\camp\target\classes\com\camping\camp\Security\oauth2\LinkedinOAuth2UserInfo.class]
2023-07-21 02:45:40.514 TRACE 29880 --- [           main] o.s.c.a.ClassPathBeanDefinitionScanner   : Scanning file [C:\Users\m.essid\Desktop\Camp\camp\target\classes\com\camping\camp\Security\oauth2\OAuth2AccessTokenResponseConverterWithDefaults.class]
2023-07-21 02:45:40.515 TRACE 29880 --- [           main] o.s.c.a.ClassPathBeanDefinitionScanner   : Ignored because not matching any filter: file [C:\Users\m.essid\Desktop\Camp\camp\target\classes\com\camping\camp\Security\oauth2\OAuth2AccessTokenResponseConverterWithDefaults.class]
2023-07-21 02:45:40.515 TRACE 29880 --- [           main] o.s.c.a.ClassPathBeanDefinitionScanner   : Scanning file [C:\Users\m.essid\Desktop\Camp\camp\target\classes\com\camping\camp\Security\oauth2\OAuth2AuthenticationFailureHandler.class]
2023-07-21 02:45:40.516 DEBUG 29880 --- [           main] o.s.c.a.ClassPathBeanDefinitionScanner   : Identified candidate component class: file [C:\Users\m.essid\Desktop\Camp\camp\target\classes\com\camping\camp\Security\oauth2\OAuth2AuthenticationFailureHandler.class]
2023-07-21 02:45:40.516 TRACE 29880 --- [           main] o.s.c.a.ClassPathBeanDefinitionScanner   : Scanning file [C:\Users\m.essid\Desktop\Camp\camp\target\classes\com\camping\camp\Security\oauth2\OAuth2AuthenticationSuccessHandler.class]
2023-07-21 02:45:40.517 DEBUG 29880 --- [           main] o.s.c.a.ClassPathBeanDefinitionScanner   : Identified candidate component class: file [C:\Users\m.essid\Desktop\Camp\camp\target\classes\com\camping\camp\Security\oauth2\OAuth2AuthenticationSuccessHandler.class]
2023-07-21 02:45:40.518 TRACE 29880 --- [           main] o.s.c.a.ClassPathBeanDefinitionScanner   : Scanning file [C:\Users\m.essid\Desktop\Camp\camp\target\classes\com\camping\camp\Security\oauth2\OAuth2UserInfo.class]
2023-07-21 02:45:40.519 TRACE 29880 --- [           main] o.s.c.a.ClassPathBeanDefinitionScanner   : Ignored because not matching any filter: file [C:\Users\m.essid\Desktop\Camp\camp\target\classes\com\camping\camp\Security\oauth2\OAuth2UserInfo.class]
2023-07-21 02:45:40.519 TRACE 29880 --- [           main] o.s.c.a.ClassPathBeanDefinitionScanner   : Scanning file [C:\Users\m.essid\Desktop\Camp\camp\target\classes\com\camping\camp\Security\oauth2\OAuth2UserInfoFactory.class]
2023-07-21 02:45:40.520 TRACE 29880 --- [           main] o.s.c.a.ClassPathBeanDefinitionScanner   : Ignored because not matching any filter: file [C:\Users\m.essid\Desktop\Camp\camp\target\classes\com\camping\camp\Security\oauth2\OAuth2UserInfoFactory.class]
2023-07-21 02:45:40.520 TRACE 29880 --- [           main] o.s.c.a.ClassPathBeanDefinitionScanner   : Scanning file [C:\Users\m.essid\Desktop\Camp\camp\target\classes\com\camping\camp\Util\CookieUtils.class]
2023-07-21 02:45:40.521 TRACE 29880 --- [           main] o.s.c.a.ClassPathBeanDefinitionScanner   : Ignored because not matching any filter: file [C:\Users\m.essid\Desktop\Camp\camp\target\classes\com\camping\camp\Util\CookieUtils.class]
2023-07-21 02:45:40.521 TRACE 29880 --- [           main] o.s.c.a.ClassPathBeanDefinitionScanner   : Scanning file [C:\Users\m.essid\Desktop\Camp\camp\target\classes\com\camping\camp\Util\GeneralUtils.class]
2023-07-21 02:45:40.522 TRACE 29880 --- [           main] o.s.c.a.ClassPathBeanDefinitionScanner   : Ignored because not matching any filter: file [C:\Users\m.essid\Desktop\Camp\camp\target\classes\com\camping\camp\Util\GeneralUtils.class]
2023-07-21 02:45:40.522 TRACE 29880 --- [           main] o.s.c.a.ClassPathBeanDefinitionScanner   : Scanning file [C:\Users\m.essid\Desktop\Camp\camp\target\classes\com\camping\camp\Validator\PasswordMatches.class]
2023-07-21 02:45:40.524 TRACE 29880 --- [           main] o.s.c.a.ClassPathBeanDefinitionScanner   : Ignored because not matching any filter: file [C:\Users\m.essid\Desktop\Camp\camp\target\classes\com\camping\camp\Validator\PasswordMatches.class]
2023-07-21 02:45:40.524 TRACE 29880 --- [           main] o.s.c.a.ClassPathBeanDefinitionScanner   : Scanning file [C:\Users\m.essid\Desktop\Camp\camp\target\classes\com\camping\camp\Validator\PasswordMatchesValidator.class]
2023-07-21 02:45:40.531 TRACE 29880 --- [           main] o.s.c.a.ClassPathBeanDefinitionScanner   : Ignored because not matching any filter: file [C:\Users\m.essid\Desktop\Camp\camp\target\classes\com\camping\camp\Validator\PasswordMatchesValidator.class]
2023-07-21 02:45:40.532 TRACE 29880 --- [           main] o.s.c.a.ClassPathBeanDefinitionScanner   : Scanning file [C:\Users\m.essid\Desktop\Camp\camp\target\classes\com\camping\camp\dto\ApiResponse.class]
2023-07-21 02:45:40.533 TRACE 29880 --- [           main] o.s.c.a.ClassPathBeanDefinitionScanner   : Ignored because not matching any filter: file [C:\Users\m.essid\Desktop\Camp\camp\target\classes\com\camping\camp\dto\ApiResponse.class]
2023-07-21 02:45:40.533 TRACE 29880 --- [           main] o.s.c.a.ClassPathBeanDefinitionScanner   : Scanning file [C:\Users\m.essid\Desktop\Camp\camp\target\classes\com\camping\camp\dto\CommentaireDto.class]
2023-07-21 02:45:40.534 TRACE 29880 --- [           main] o.s.c.a.ClassPathBeanDefinitionScanner   : Ignored because not matching any filter: file [C:\Users\m.essid\Desktop\Camp\camp\target\classes\com\camping\camp\dto\CommentaireDto.class]
2023-07-21 02:45:40.534 TRACE 29880 --- [           main] o.s.c.a.ClassPathBeanDefinitionScanner   : Scanning file [C:\Users\m.essid\Desktop\Camp\camp\target\classes\com\camping\camp\dto\JwtAuthenticationResponse.class]
2023-07-21 02:45:40.536 TRACE 29880 --- [           main] o.s.c.a.ClassPathBeanDefinitionScanner   : Ignored because not matching any filter: file [C:\Users\m.essid\Desktop\Camp\camp\target\classes\com\camping\camp\dto\JwtAuthenticationResponse.class]
2023-07-21 02:45:40.536 TRACE 29880 --- [           main] o.s.c.a.ClassPathBeanDefinitionScanner   : Scanning file [C:\Users\m.essid\Desktop\Camp\camp\target\classes\com\camping\camp\dto\LocalUser.class]
2023-07-21 02:45:40.537 TRACE 29880 --- [           main] o.s.c.a.ClassPathBeanDefinitionScanner   : Ignored because not matching any filter: file [C:\Users\m.essid\Desktop\Camp\camp\target\classes\com\camping\camp\dto\LocalUser.class]
2023-07-21 02:45:40.537 TRACE 29880 --- [           main] o.s.c.a.ClassPathBeanDefinitionScanner   : Scanning file [C:\Users\m.essid\Desktop\Camp\camp\target\classes\com\camping\camp\dto\LoginRequest.class]
2023-07-21 02:45:40.538 TRACE 29880 --- [           main] o.s.c.a.ClassPathBeanDefinitionScanner   : Ignored because not matching any filter: file [C:\Users\m.essid\Desktop\Camp\camp\target\classes\com\camping\camp\dto\LoginRequest.class]
2023-07-21 02:45:40.538 TRACE 29880 --- [           main] o.s.c.a.ClassPathBeanDefinitionScanner   : Scanning file [C:\Users\m.essid\Desktop\Camp\camp\target\classes\com\camping\camp\dto\PublicationDto.class]
2023-07-21 02:45:40.539 TRACE 29880 --- [           main] o.s.c.a.ClassPathBeanDefinitionScanner   : Ignored because not matching any filter: file [C:\Users\m.essid\Desktop\Camp\camp\target\classes\com\camping\camp\dto\PublicationDto.class]
2023-07-21 02:45:40.540 TRACE 29880 --- [           main] o.s.c.a.ClassPathBeanDefinitionScanner   : Scanning file [C:\Users\m.essid\Desktop\Camp\camp\target\classes\com\camping\camp\dto\SignUpRequest$Builder.class]
2023-07-21 02:45:40.546 TRACE 29880 --- [           main] o.s.c.a.ClassPathBeanDefinitionScanner   : Ignored because not matching any filter: file [C:\Users\m.essid\Desktop\Camp\camp\target\classes\com\camping\camp\dto\SignUpRequest$Builder.class]
2023-07-21 02:45:40.546 TRACE 29880 --- [           main] o.s.c.a.ClassPathBeanDefinitionScanner   : Scanning file [C:\Users\m.essid\Desktop\Camp\camp\target\classes\com\camping\camp\dto\SignUpRequest.class]
2023-07-21 02:45:40.547 TRACE 29880 --- [           main] o.s.c.a.ClassPathBeanDefinitionScanner   : Ignored because not matching any filter: file [C:\Users\m.essid\Desktop\Camp\camp\target\classes\com\camping\camp\dto\SignUpRequest.class]
2023-07-21 02:45:40.548 TRACE 29880 --- [           main] o.s.c.a.ClassPathBeanDefinitionScanner   : Scanning file [C:\Users\m.essid\Desktop\Camp\camp\target\classes\com\camping\camp\dto\SocialProvider.class]
2023-07-21 02:45:40.549 TRACE 29880 --- [           main] o.s.c.a.ClassPathBeanDefinitionScanner   : Ignored because not matching any filter: file [C:\Users\m.essid\Desktop\Camp\camp\target\classes\com\camping\camp\dto\SocialProvider.class]
2023-07-21 02:45:40.549 TRACE 29880 --- [           main] o.s.c.a.ClassPathBeanDefinitionScanner   : Scanning file [C:\Users\m.essid\Desktop\Camp\camp\target\classes\com\camping\camp\dto\TitleDto.class]
2023-07-21 02:45:40.550 TRACE 29880 --- [           main] o.s.c.a.ClassPathBeanDefinitionScanner   : Ignored because not matching any filter: file [C:\Users\m.essid\Desktop\Camp\camp\target\classes\com\camping\camp\dto\TitleDto.class]
2023-07-21 02:45:40.551 TRACE 29880 --- [           main] o.s.c.a.ClassPathBeanDefinitionScanner   : Scanning file [C:\Users\m.essid\Desktop\Camp\camp\target\classes\com\camping\camp\dto\UserInfo.class]
2023-07-21 02:45:40.552 TRACE 29880 --- [           main] o.s.c.a.ClassPathBeanDefinitionScanner   : Ignored because not matching any filter: file [C:\Users\m.essid\Desktop\Camp\camp\target\classes\com\camping\camp\dto\UserInfo.class]
2023-07-21 02:45:40.552 TRACE 29880 --- [           main] o.s.c.a.ClassPathBeanDefinitionScanner   : Scanning file [C:\Users\m.essid\Desktop\Camp\camp\target\classes\com\camping\camp\entities\Commentaire.class]
2023-07-21 02:45:40.557 TRACE 29880 --- [           main] o.s.c.a.ClassPathBeanDefinitionScanner   : Ignored because not matching any filter: file [C:\Users\m.essid\Desktop\Camp\camp\target\classes\com\camping\camp\entities\Commentaire.class]
2023-07-21 02:45:40.557 TRACE 29880 --- [           main] o.s.c.a.ClassPathBeanDefinitionScanner   : Scanning file [C:\Users\m.essid\Desktop\Camp\camp\target\classes\com\camping\camp\entities\Publication.class]
2023-07-21 02:45:40.558 TRACE 29880 --- [           main] o.s.c.a.ClassPathBeanDefinitionScanner   : Ignored because not matching any filter: file [C:\Users\m.essid\Desktop\Camp\camp\target\classes\com\camping\camp\entities\Publication.class]
2023-07-21 02:45:40.558 TRACE 29880 --- [           main] o.s.c.a.ClassPathBeanDefinitionScanner   : Scanning file [C:\Users\m.essid\Desktop\Camp\camp\target\classes\com\camping\camp\entities\Role.class]
2023-07-21 02:45:40.560 TRACE 29880 --- [           main] o.s.c.a.ClassPathBeanDefinitionScanner   : Ignored because not matching any filter: file [C:\Users\m.essid\Desktop\Camp\camp\target\classes\com\camping\camp\entities\Role.class]
2023-07-21 02:45:40.560 TRACE 29880 --- [           main] o.s.c.a.ClassPathBeanDefinitionScanner   : Scanning file [C:\Users\m.essid\Desktop\Camp\camp\target\classes\com\camping\camp\entities\User.class]
2023-07-21 02:45:40.561 TRACE 29880 --- [           main] o.s.c.a.ClassPathBeanDefinitionScanner   : Ignored because not matching any filter: file [C:\Users\m.essid\Desktop\Camp\camp\target\classes\com\camping\camp\entities\User.class]
2023-07-21 02:45:40.561 TRACE 29880 --- [           main] o.s.c.a.ClassPathBeanDefinitionScanner   : Scanning file [C:\Users\m.essid\Desktop\Camp\camp\target\classes\com\camping\camp\entities\campCenter.class]
2023-07-21 02:45:40.562 TRACE 29880 --- [           main] o.s.c.a.ClassPathBeanDefinitionScanner   : Ignored because not matching any filter: file [C:\Users\m.essid\Desktop\Camp\camp\target\classes\com\camping\camp\entities\campCenter.class]
2023-07-21 02:45:40.562 TRACE 29880 --- [           main] o.s.c.a.ClassPathBeanDefinitionScanner   : Scanning file [C:\Users\m.essid\Desktop\Camp\camp\target\classes\com\camping\camp\entities\category.class]
2023-07-21 02:45:40.563 TRACE 29880 --- [           main] o.s.c.a.ClassPathBeanDefinitionScanner   : Ignored because not matching any filter: file [C:\Users\m.essid\Desktop\Camp\camp\target\classes\com\camping\camp\entities\category.class]
2023-07-21 02:45:40.563 TRACE 29880 --- [           main] o.s.c.a.ClassPathBeanDefinitionScanner   : Scanning file [C:\Users\m.essid\Desktop\Camp\camp\target\classes\com\camping\camp\entities\complaint.class]
2023-07-21 02:45:40.564 TRACE 29880 --- [           main] o.s.c.a.ClassPathBeanDefinitionScanner   : Ignored because not matching any filter: file [C:\Users\m.essid\Desktop\Camp\camp\target\classes\com\camping\camp\entities\complaint.class]
2023-07-21 02:45:40.564 TRACE 29880 --- [           main] o.s.c.a.ClassPathBeanDefinitionScanner   : Scanning file [C:\Users\m.essid\Desktop\Camp\camp\target\classes\com\camping\camp\entities\products.class]
2023-07-21 02:45:40.565 TRACE 29880 --- [           main] o.s.c.a.ClassPathBeanDefinitionScanner   : Ignored because not matching any filter: file [C:\Users\m.essid\Desktop\Camp\camp\target\classes\com\camping\camp\entities\products.class]
2023-07-21 02:45:40.565 TRACE 29880 --- [           main] o.s.c.a.ClassPathBeanDefinitionScanner   : Scanning file [C:\Users\m.essid\Desktop\Camp\camp\target\classes\com\camping\camp\repositories\CommentaireRepository.class]
2023-07-21 02:45:40.567 DEBUG 29880 --- [           main] o.s.c.a.ClassPathBeanDefinitionScanner   : Ignored because not a concrete top-level class: file [C:\Users\m.essid\Desktop\Camp\camp\target\classes\com\camping\camp\repositories\CommentaireRepository.class]
2023-07-21 02:45:40.567 TRACE 29880 --- [           main] o.s.c.a.ClassPathBeanDefinitionScanner   : Scanning file [C:\Users\m.essid\Desktop\Camp\camp\target\classes\com\camping\camp\repositories\PublicationRepository.class]
2023-07-21 02:45:40.568 DEBUG 29880 --- [           main] o.s.c.a.ClassPathBeanDefinitionScanner   : Ignored because not a concrete top-level class: file [C:\Users\m.essid\Desktop\Camp\camp\target\classes\com\camping\camp\repositories\PublicationRepository.class]
2023-07-21 02:45:40.569 TRACE 29880 --- [           main] o.s.c.a.ClassPathBeanDefinitionScanner   : Scanning file [C:\Users\m.essid\Desktop\Camp\camp\target\classes\com\camping\camp\repositories\RoleRepository.class]
2023-07-21 02:45:40.569 DEBUG 29880 --- [           main] o.s.c.a.ClassPathBeanDefinitionScanner   : Ignored because not a concrete top-level class: file [C:\Users\m.essid\Desktop\Camp\camp\target\classes\com\camping\camp\repositories\RoleRepository.class]
2023-07-21 02:45:40.569 TRACE 29880 --- [           main] o.s.c.a.ClassPathBeanDefinitionScanner   : Scanning file [C:\Users\m.essid\Desktop\Camp\camp\target\classes\com\camping\camp\repositories\UserRepository.class]
2023-07-21 02:45:40.571 DEBUG 29880 --- [           main] o.s.c.a.ClassPathBeanDefinitionScanner   : Ignored because not a concrete top-level class: file [C:\Users\m.essid\Desktop\Camp\camp\target\classes\com\camping\camp\repositories\UserRepository.class]
2023-07-21 02:45:40.571 TRACE 29880 --- [           main] o.s.c.a.ClassPathBeanDefinitionScanner   : Scanning file [C:\Users\m.essid\Desktop\Camp\camp\target\classes\com\camping\camp\services\Impl\CommentaireServiceImp.class]
2023-07-21 02:45:40.572 DEBUG 29880 --- [           main] o.s.c.a.ClassPathBeanDefinitionScanner   : Identified candidate component class: file [C:\Users\m.essid\Desktop\Camp\camp\target\classes\com\camping\camp\services\Impl\CommentaireServiceImp.class]
2023-07-21 02:45:40.572 TRACE 29880 --- [           main] o.s.c.a.ClassPathBeanDefinitionScanner   : Scanning file [C:\Users\m.essid\Desktop\Camp\camp\target\classes\com\camping\camp\services\Impl\LocalUserDetailService.class]
2023-07-21 02:45:40.573 DEBUG 29880 --- [           main] o.s.c.a.ClassPathBeanDefinitionScanner   : Identified candidate component class: file [C:\Users\m.essid\Desktop\Camp\camp\target\classes\com\camping\camp\services\Impl\LocalUserDetailService.class]
2023-07-21 02:45:40.573 TRACE 29880 --- [           main] o.s.c.a.ClassPathBeanDefinitionScanner   : Scanning file [C:\Users\m.essid\Desktop\Camp\camp\target\classes\com\camping\camp\services\Impl\PublicationServiceImp.class]
2023-07-21 02:45:40.574 DEBUG 29880 --- [           main] o.s.c.a.ClassPathBeanDefinitionScanner   : Identified candidate component class: file [C:\Users\m.essid\Desktop\Camp\camp\target\classes\com\camping\camp\services\Impl\PublicationServiceImp.class]
2023-07-21 02:45:40.574 TRACE 29880 --- [           main] o.s.c.a.ClassPathBeanDefinitionScanner   : Scanning file [C:\Users\m.essid\Desktop\Camp\camp\target\classes\com\camping\camp\services\Impl\UserServiceImpl.class]
2023-07-21 02:45:40.575 DEBUG 29880 --- [           main] o.s.c.a.ClassPathBeanDefinitionScanner   : Identified candidate component class: file [C:\Users\m.essid\Desktop\Camp\camp\target\classes\com\camping\camp\services\Impl\UserServiceImpl.class]
2023-07-21 02:45:40.575 TRACE 29880 --- [           main] o.s.c.a.ClassPathBeanDefinitionScanner   : Scanning file [C:\Users\m.essid\Desktop\Camp\camp\target\classes\com\camping\camp\services\UserService.class]
2023-07-21 02:45:40.575 TRACE 29880 --- [           main] o.s.c.a.ClassPathBeanDefinitionScanner   : Ignored because not matching any filter: file [C:\Users\m.essid\Desktop\Camp\camp\target\classes\com\camping\camp\services\UserService.class]
2023-07-21 02:45:40.701 TRACE 29880 --- [           main] o.s.c.io.support.SpringFactoriesLoader   : Loaded [org.springframework.boot.autoconfigure.AutoConfigurationImportFilter] names: [org.springframework.boot.autoconfigure.condition.OnBeanCondition, org.springframework.boot.autoconfigure.condition.OnClassCondition, org.springframework.boot.autoconfigure.condition.OnWebApplicationCondition]
2023-07-21 02:45:40.719 TRACE 29880 --- [           main] o.s.b.f.s.DefaultListableBeanFactory     : Returning cached instance of singleton bean 'autoConfigurationReport'
2023-07-21 02:45:40.783 TRACE 29880 --- [           main] o.s.b.a.condition.OnClassCondition       : Condition OnClassCondition on org.springframework.boot.devtools.autoconfigure.DevToolsR2dbcAutoConfiguration did not match due to @ConditionalOnClass did not find required class 'io.r2dbc.spi.ConnectionFactory'
2023-07-21 02:45:40.784 TRACE 29880 --- [           main] o.s.b.a.condition.OnClassCondition       : Condition OnClassCondition on org.springframework.boot.autoconfigure.amqp.RabbitAutoConfiguration did not match due to @ConditionalOnClass did not find required class 'com.rabbitmq.client.Channel'
2023-07-21 02:45:40.784 TRACE 29880 --- [           main] o.s.b.a.condition.OnClassCondition       : Condition OnClassCondition on org.springframework.boot.autoconfigure.batch.BatchAutoConfiguration did not match due to @ConditionalOnClass did not find required class 'org.springframework.batch.core.launch.JobLauncher'
2023-07-21 02:45:40.784 TRACE 29880 --- [           main] o.s.b.a.condition.OnClassCondition       : Condition OnClassCondition on org.springframework.boot.autoconfigure.cassandra.CassandraAutoConfiguration did not match due to @ConditionalOnClass did not find required class 'com.datastax.oss.driver.api.core.CqlSession'
2023-07-21 02:45:40.784 TRACE 29880 --- [           main] o.s.b.a.condition.OnClassCondition       : Condition OnClassCondition on org.springframework.boot.autoconfigure.couchbase.CouchbaseAutoConfiguration did not match due to @ConditionalOnClass did not find required class 'com.couchbase.client.java.Cluster'
2023-07-21 02:45:40.784 TRACE 29880 --- [           main] o.s.b.a.condition.OnClassCondition       : Condition OnClassCondition on org.springframework.boot.autoconfigure.data.cassandra.CassandraDataAutoConfiguration did not match due to @ConditionalOnClass did not find required class 'com.datastax.oss.driver.api.core.CqlSession'
2023-07-21 02:45:40.784 TRACE 29880 --- [           main] o.s.b.a.condition.OnClassCondition       : Condition OnClassCondition on org.springframework.boot.autoconfigure.data.cassandra.CassandraReactiveDataAutoConfiguration did not match due to @ConditionalOnClass did not find required class 'com.datastax.oss.driver.api.core.CqlSession'
2023-07-21 02:45:40.784 TRACE 29880 --- [           main] o.s.b.a.condition.OnClassCondition       : Condition OnClassCondition on org.springframework.boot.autoconfigure.data.cassandra.CassandraReactiveRepositoriesAutoConfiguration did not match due to @ConditionalOnClass did not find required class 'org.springframework.data.cassandra.ReactiveSession'
2023-07-21 02:45:40.784 TRACE 29880 --- [           main] o.s.b.a.condition.OnClassCondition       : Condition OnClassCondition on org.springframework.boot.autoconfigure.data.cassandra.CassandraRepositoriesAutoConfiguration did not match due to @ConditionalOnClass did not find required class 'com.datastax.oss.driver.api.core.CqlSession'
2023-07-21 02:45:40.784 TRACE 29880 --- [           main] o.s.b.a.condition.OnClassCondition       : Condition OnClassCondition on org.springframework.boot.autoconfigure.data.couchbase.CouchbaseDataAutoConfiguration did not match due to @ConditionalOnClass did not find required class 'com.couchbase.client.java.Bucket'
2023-07-21 02:45:40.785 TRACE 29880 --- [           main] o.s.b.a.condition.OnClassCondition       : Condition OnClassCondition on org.springframework.boot.autoconfigure.data.couchbase.CouchbaseReactiveDataAutoConfiguration did not match due to @ConditionalOnClass did not find required class 'com.couchbase.client.java.Cluster'
2023-07-21 02:45:40.785 TRACE 29880 --- [           main] o.s.b.a.condition.OnClassCondition       : Condition OnClassCondition on org.springframework.boot.autoconfigure.data.couchbase.CouchbaseReactiveRepositoriesAutoConfiguration did not match due to @ConditionalOnClass did not find required class 'com.couchbase.client.java.Cluster'
2023-07-21 02:45:40.785 TRACE 29880 --- [           main] o.s.b.a.condition.OnClassCondition       : Condition OnClassCondition on org.springframework.boot.autoconfigure.data.couchbase.CouchbaseRepositoriesAutoConfiguration did not match due to @ConditionalOnClass did not find required class 'com.couchbase.client.java.Bucket'
2023-07-21 02:45:40.785 TRACE 29880 --- [           main] o.s.b.a.condition.OnClassCondition       : Condition OnClassCondition on org.springframework.boot.autoconfigure.data.elasticsearch.ElasticsearchDataAutoConfiguration did not match due to @ConditionalOnClass did not find required class 'org.springframework.data.elasticsearch.core.ElasticsearchRestTemplate'
2023-07-21 02:45:40.785 TRACE 29880 --- [           main] o.s.b.a.condition.OnClassCondition       : Condition OnClassCondition on org.springframework.boot.autoconfigure.data.elasticsearch.ElasticsearchRepositoriesAutoConfiguration did not match due to @ConditionalOnClass did not find required class 'org.elasticsearch.client.Client'
2023-07-21 02:45:40.785 TRACE 29880 --- [           main] o.s.b.a.condition.OnClassCondition       : Condition OnClassCondition on org.springframework.boot.autoconfigure.data.elasticsearch.ReactiveElasticsearchRepositoriesAutoConfiguration did not match due to @ConditionalOnClass did not find required class 'org.springframework.data.elasticsearch.client.reactive.ReactiveElasticsearchClient'
2023-07-21 02:45:40.785 TRACE 29880 --- [           main] o.s.b.a.condition.OnClassCondition       : Condition OnClassCondition on org.springframework.boot.autoconfigure.data.elasticsearch.ReactiveElasticsearchRestClientAutoConfiguration did not match due to @ConditionalOnClass did not find required class 'reactor.netty.http.client.HttpClient'
2023-07-21 02:45:40.785 TRACE 29880 --- [           main] o.s.b.a.condition.OnClassCondition       : Condition OnClassCondition on org.springframework.boot.autoconfigure.data.jdbc.JdbcRepositoriesAutoConfiguration did not match due to @ConditionalOnClass did not find required class 'org.springframework.data.jdbc.repository.config.AbstractJdbcConfiguration'
2023-07-21 02:45:40.785 TRACE 29880 --- [           main] o.s.b.a.condition.OnClassCondition       : Condition OnClassCondition on org.springframework.boot.autoconfigure.data.ldap.LdapRepositoriesAutoConfiguration did not match due to @ConditionalOnClass did not find required class 'org.springframework.data.ldap.repository.LdapRepository'
2023-07-21 02:45:40.785 TRACE 29880 --- [           main] o.s.b.a.condition.OnClassCondition       : Condition OnClassCondition on org.springframework.boot.autoconfigure.data.mongo.MongoDataAutoConfiguration did not match due to @ConditionalOnClass did not find required class 'com.mongodb.client.MongoClient'
2023-07-21 02:45:40.785 TRACE 29880 --- [           main] o.s.b.a.condition.OnClassCondition       : Condition OnClassCondition on org.springframework.boot.autoconfigure.data.mongo.MongoReactiveDataAutoConfiguration did not match due to @ConditionalOnClass did not find required class 'com.mongodb.reactivestreams.client.MongoClient'
2023-07-21 02:45:40.785 TRACE 29880 --- [           main] o.s.b.a.condition.OnClassCondition       : Condition OnClassCondition on org.springframework.boot.autoconfigure.data.mongo.MongoReactiveRepositoriesAutoConfiguration did not match due to @ConditionalOnClass did not find required class 'com.mongodb.reactivestreams.client.MongoClient'
2023-07-21 02:45:40.785 TRACE 29880 --- [           main] o.s.b.a.condition.OnClassCondition       : Condition OnClassCondition on org.springframework.boot.autoconfigure.data.mongo.MongoRepositoriesAutoConfiguration did not match due to @ConditionalOnClass did not find required class 'com.mongodb.client.MongoClient'
2023-07-21 02:45:40.785 TRACE 29880 --- [           main] o.s.b.a.condition.OnClassCondition       : Condition OnClassCondition on org.springframework.boot.autoconfigure.data.neo4j.Neo4jDataAutoConfiguration did not match due to @ConditionalOnClass did not find required class 'org.neo4j.driver.Driver'
2023-07-21 02:45:40.785 TRACE 29880 --- [           main] o.s.b.a.condition.OnClassCondition       : Condition OnClassCondition on org.springframework.boot.autoconfigure.data.neo4j.Neo4jReactiveDataAutoConfiguration did not match due to @ConditionalOnClass did not find required class 'org.neo4j.driver.Driver'
2023-07-21 02:45:40.785 TRACE 29880 --- [           main] o.s.b.a.condition.OnClassCondition       : Condition OnClassCondition on org.springframework.boot.autoconfigure.data.neo4j.Neo4jReactiveRepositoriesAutoConfiguration did not match due to @ConditionalOnClass did not find required class 'org.neo4j.driver.Driver'
2023-07-21 02:45:40.785 TRACE 29880 --- [           main] o.s.b.a.condition.OnClassCondition       : Condition OnClassCondition on org.springframework.boot.autoconfigure.data.neo4j.Neo4jRepositoriesAutoConfiguration did not match due to @ConditionalOnClass did not find required class 'org.neo4j.driver.Driver'
2023-07-21 02:45:40.785 TRACE 29880 --- [           main] o.s.b.a.condition.OnClassCondition       : Condition OnClassCondition on org.springframework.boot.autoconfigure.data.r2dbc.R2dbcDataAutoConfiguration did not match due to @ConditionalOnClass did not find required class 'org.springframework.data.r2dbc.core.R2dbcEntityTemplate'
2023-07-21 02:45:40.785 TRACE 29880 --- [           main] o.s.b.a.condition.OnClassCondition       : Condition OnClassCondition on org.springframework.boot.autoconfigure.data.r2dbc.R2dbcRepositoriesAutoConfiguration did not match due to @ConditionalOnClass did not find required class 'io.r2dbc.spi.ConnectionFactory'
2023-07-21 02:45:40.786 TRACE 29880 --- [           main] o.s.b.a.condition.OnClassCondition       : Condition OnClassCondition on org.springframework.boot.autoconfigure.data.redis.RedisAutoConfiguration did not match due to @ConditionalOnClass did not find required class 'org.springframework.data.redis.core.RedisOperations'
2023-07-21 02:45:40.786 TRACE 29880 --- [           main] o.s.b.a.condition.OnClassCondition       : Condition OnClassCondition on org.springframework.boot.autoconfigure.data.redis.RedisReactiveAutoConfiguration did not match due to @ConditionalOnClass did not find required class 'reactor.core.publisher.Flux'
2023-07-21 02:45:40.786 TRACE 29880 --- [           main] o.s.b.a.condition.OnClassCondition       : Condition OnClassCondition on org.springframework.boot.autoconfigure.data.redis.RedisRepositoriesAutoConfiguration did not match due to @ConditionalOnClass did not find required class 'org.springframework.data.redis.repository.configuration.EnableRedisRepositories'
2023-07-21 02:45:40.786 TRACE 29880 --- [           main] o.s.b.a.condition.OnClassCondition       : Condition OnClassCondition on org.springframework.boot.autoconfigure.data.rest.RepositoryRestMvcAutoConfiguration did not match due to @ConditionalOnClass did not find required class 'org.springframework.data.rest.webmvc.config.RepositoryRestMvcConfiguration'
2023-07-21 02:45:40.786 TRACE 29880 --- [           main] o.s.b.a.condition.OnClassCondition       : Condition OnClassCondition on org.springframework.boot.autoconfigure.elasticsearch.ElasticsearchRestClientAutoConfiguration did not match due to @ConditionalOnClass did not find required class 'org.elasticsearch.client.RestClientBuilder'
2023-07-21 02:45:40.786 TRACE 29880 --- [           main] o.s.b.a.condition.OnClassCondition       : Condition OnClassCondition on org.springframework.boot.autoconfigure.flyway.FlywayAutoConfiguration did not match due to @ConditionalOnClass did not find required class 'org.flywaydb.core.Flyway'
2023-07-21 02:45:40.786 TRACE 29880 --- [           main] o.s.b.a.condition.OnClassCondition       : Condition OnClassCondition on org.springframework.boot.autoconfigure.freemarker.FreeMarkerAutoConfiguration did not match due to @ConditionalOnClass did not find required class 'freemarker.template.Configuration'
2023-07-21 02:45:40.786 TRACE 29880 --- [           main] o.s.b.a.condition.OnClassCondition       : Condition OnClassCondition on org.springframework.boot.autoconfigure.graphql.GraphQlAutoConfiguration did not match due to @ConditionalOnClass did not find required class 'graphql.GraphQL'
2023-07-21 02:45:40.786 TRACE 29880 --- [           main] o.s.b.a.condition.OnClassCondition       : Condition OnClassCondition on org.springframework.boot.autoconfigure.graphql.data.GraphQlReactiveQueryByExampleAutoConfiguration did not match due to @ConditionalOnClass did not find required class 'graphql.GraphQL'
2023-07-21 02:45:40.786 TRACE 29880 --- [           main] o.s.b.a.condition.OnClassCondition       : Condition OnClassCondition on org.springframework.boot.autoconfigure.graphql.data.GraphQlReactiveQuerydslAutoConfiguration did not match due to @ConditionalOnClass did not find required class 'graphql.GraphQL'
2023-07-21 02:45:40.786 TRACE 29880 --- [           main] o.s.b.a.condition.OnClassCondition       : Condition OnClassCondition on org.springframework.boot.autoconfigure.graphql.data.GraphQlQueryByExampleAutoConfiguration did not match due to @ConditionalOnClass did not find required class 'graphql.GraphQL'
2023-07-21 02:45:40.786 TRACE 29880 --- [           main] o.s.b.a.condition.OnClassCondition       : Condition OnClassCondition on org.springframework.boot.autoconfigure.graphql.data.GraphQlQuerydslAutoConfiguration did not match due to @ConditionalOnClass did not find required class 'graphql.GraphQL'
2023-07-21 02:45:40.786 TRACE 29880 --- [           main] o.s.b.a.condition.OnClassCondition       : Condition OnClassCondition on org.springframework.boot.autoconfigure.graphql.reactive.GraphQlWebFluxAutoConfiguration did not match due to @ConditionalOnClass did not find required class 'graphql.GraphQL'
2023-07-21 02:45:40.786 TRACE 29880 --- [           main] o.s.b.a.condition.OnClassCondition       : Condition OnClassCondition on org.springframework.boot.autoconfigure.graphql.rsocket.GraphQlRSocketAutoConfiguration did not match due to @ConditionalOnClass did not find required class 'graphql.GraphQL'
2023-07-21 02:45:40.786 TRACE 29880 --- [           main] o.s.b.a.condition.OnClassCondition       : Condition OnClassCondition on org.springframework.boot.autoconfigure.graphql.rsocket.RSocketGraphQlClientAutoConfiguration did not match due to @ConditionalOnClass did not find required class 'graphql.GraphQL'
2023-07-21 02:45:40.786 TRACE 29880 --- [           main] o.s.b.a.condition.OnClassCondition       : Condition OnClassCondition on org.springframework.boot.autoconfigure.graphql.security.GraphQlWebFluxSecurityAutoConfiguration did not match due to @ConditionalOnClass did not find required class 'graphql.GraphQL'
2023-07-21 02:45:40.786 TRACE 29880 --- [           main] o.s.b.a.condition.OnClassCondition       : Condition OnClassCondition on org.springframework.boot.autoconfigure.graphql.security.GraphQlWebMvcSecurityAutoConfiguration did not match due to @ConditionalOnClass did not find required class 'graphql.GraphQL'
2023-07-21 02:45:40.786 TRACE 29880 --- [           main] o.s.b.a.condition.OnClassCondition       : Condition OnClassCondition on org.springframework.boot.autoconfigure.graphql.servlet.GraphQlWebMvcAutoConfiguration did not match due to @ConditionalOnClass did not find required class 'graphql.GraphQL'
2023-07-21 02:45:40.786 TRACE 29880 --- [           main] o.s.b.a.condition.OnClassCondition       : Condition OnClassCondition on org.springframework.boot.autoconfigure.groovy.template.GroovyTemplateAutoConfiguration did not match due to @ConditionalOnClass did not find required class 'groovy.text.markup.MarkupTemplateEngine'
2023-07-21 02:45:40.787 TRACE 29880 --- [           main] o.s.b.a.condition.OnClassCondition       : Condition OnClassCondition on org.springframework.boot.autoconfigure.gson.GsonAutoConfiguration did not match due to @ConditionalOnClass did not find required class 'com.google.gson.Gson'
2023-07-21 02:45:40.787 TRACE 29880 --- [           main] o.s.b.a.condition.OnClassCondition       : Condition OnClassCondition on org.springframework.boot.autoconfigure.h2.H2ConsoleAutoConfiguration did not match due to @ConditionalOnClass did not find required class 'org.h2.server.web.WebServlet'
2023-07-21 02:45:40.787 TRACE 29880 --- [           main] o.s.b.a.condition.OnClassCondition       : Condition OnClassCondition on org.springframework.boot.autoconfigure.hateoas.HypermediaAutoConfiguration did not match due to @ConditionalOnClass did not find required class 'org.springframework.hateoas.EntityModel'
2023-07-21 02:45:40.787 TRACE 29880 --- [           main] o.s.b.a.condition.OnClassCondition       : Condition OnClassCondition on org.springframework.boot.autoconfigure.hazelcast.HazelcastAutoConfiguration did not match due to @ConditionalOnClass did not find required class 'com.hazelcast.core.HazelcastInstance'
2023-07-21 02:45:40.787 TRACE 29880 --- [           main] o.s.b.a.condition.OnClassCondition       : Condition OnClassCondition on org.springframework.boot.autoconfigure.hazelcast.HazelcastJpaDependencyAutoConfiguration did not match due to @ConditionalOnClass did not find required class 'com.hazelcast.core.HazelcastInstance'
2023-07-21 02:45:40.787 TRACE 29880 --- [           main] o.s.b.a.condition.OnClassCondition       : Condition OnClassCondition on org.springframework.boot.autoconfigure.http.codec.CodecsAutoConfiguration did not match due to @ConditionalOnClass did not find required class 'org.springframework.web.reactive.function.client.WebClient'
2023-07-21 02:45:40.787 TRACE 29880 --- [           main] o.s.b.a.condition.OnClassCondition       : Condition OnClassCondition on org.springframework.boot.autoconfigure.influx.InfluxDbAutoConfiguration did not match due to @ConditionalOnClass did not find required class 'org.influxdb.InfluxDB'
2023-07-21 02:45:40.787 TRACE 29880 --- [           main] o.s.b.a.condition.OnClassCondition       : Condition OnClassCondition on org.springframework.boot.autoconfigure.integration.IntegrationAutoConfiguration did not match due to @ConditionalOnClass did not find required class 'org.springframework.integration.config.EnableIntegration'
2023-07-21 02:45:40.787 TRACE 29880 --- [           main] o.s.b.a.condition.OnClassCondition       : Condition OnClassCondition on org.springframework.boot.autoconfigure.jms.JmsAutoConfiguration did not match due to @ConditionalOnClass did not find required class 'javax.jms.Message'
2023-07-21 02:45:40.787 TRACE 29880 --- [           main] o.s.b.a.condition.OnClassCondition       : Condition OnClassCondition on org.springframework.boot.autoconfigure.jms.JndiConnectionFactoryAutoConfiguration did not match due to @ConditionalOnClass did not find required class 'org.springframework.jms.core.JmsTemplate'
2023-07-21 02:45:40.787 TRACE 29880 --- [           main] o.s.b.a.condition.OnClassCondition       : Condition OnClassCondition on org.springframework.boot.autoconfigure.jms.activemq.ActiveMQAutoConfiguration did not match due to @ConditionalOnClass did not find required class 'javax.jms.ConnectionFactory'
2023-07-21 02:45:40.787 TRACE 29880 --- [           main] o.s.b.a.condition.OnClassCondition       : Condition OnClassCondition on org.springframework.boot.autoconfigure.jms.artemis.ArtemisAutoConfiguration did not match due to @ConditionalOnClass did not find required class 'javax.jms.ConnectionFactory'
2023-07-21 02:45:40.787 TRACE 29880 --- [           main] o.s.b.a.condition.OnClassCondition       : Condition OnClassCondition on org.springframework.boot.autoconfigure.jersey.JerseyAutoConfiguration did not match due to @ConditionalOnClass did not find required class 'org.glassfish.jersey.server.spring.SpringComponentProvider'
2023-07-21 02:45:40.787 TRACE 29880 --- [           main] o.s.b.a.condition.OnClassCondition       : Condition OnClassCondition on org.springframework.boot.autoconfigure.jooq.JooqAutoConfiguration did not match due to @ConditionalOnClass did not find required class 'org.jooq.DSLContext'
2023-07-21 02:45:40.787 TRACE 29880 --- [           main] o.s.b.a.condition.OnClassCondition       : Condition OnClassCondition on org.springframework.boot.autoconfigure.jsonb.JsonbAutoConfiguration did not match due to @ConditionalOnClass did not find required class 'javax.json.bind.Jsonb'
2023-07-21 02:45:40.788 TRACE 29880 --- [           main] o.s.b.a.condition.OnClassCondition       : Condition OnClassCondition on org.springframework.boot.autoconfigure.kafka.KafkaAutoConfiguration did not match due to @ConditionalOnClass did not find required class 'org.springframework.kafka.core.KafkaTemplate'
2023-07-21 02:45:40.788 TRACE 29880 --- [           main] o.s.b.a.condition.OnClassCondition       : Condition OnClassCondition on org.springframework.boot.autoconfigure.ldap.embedded.EmbeddedLdapAutoConfiguration did not match due to @ConditionalOnClass did not find required class 'com.unboundid.ldap.listener.InMemoryDirectoryServer'
2023-07-21 02:45:40.788 TRACE 29880 --- [           main] o.s.b.a.condition.OnClassCondition       : Condition OnClassCondition on org.springframework.boot.autoconfigure.ldap.LdapAutoConfiguration did not match due to @ConditionalOnClass did not find required class 'org.springframework.ldap.core.ContextSource'
2023-07-21 02:45:40.788 TRACE 29880 --- [           main] o.s.b.a.condition.OnClassCondition       : Condition OnClassCondition on org.springframework.boot.autoconfigure.liquibase.LiquibaseAutoConfiguration did not match due to @ConditionalOnClass did not find required class 'liquibase.change.DatabaseChange'
2023-07-21 02:45:40.788 TRACE 29880 --- [           main] o.s.b.a.condition.OnClassCondition       : Condition OnClassCondition on org.springframework.boot.autoconfigure.mail.MailSenderAutoConfiguration did not match due to @ConditionalOnClass did not find required class 'javax.mail.internet.MimeMessage'
2023-07-21 02:45:40.788 TRACE 29880 --- [           main] o.s.b.a.condition.OnClassCondition       : Condition OnClassCondition on org.springframework.boot.autoconfigure.mongo.embedded.EmbeddedMongoAutoConfiguration did not match due to @ConditionalOnClass did not find required class 'com.mongodb.MongoClientSettings'
2023-07-21 02:45:40.789 TRACE 29880 --- [           main] o.s.b.a.condition.OnClassCondition       : Condition OnClassCondition on org.springframework.boot.autoconfigure.mongo.MongoAutoConfiguration did not match due to @ConditionalOnClass did not find required class 'com.mongodb.client.MongoClient'
2023-07-21 02:45:40.789 TRACE 29880 --- [           main] o.s.b.a.condition.OnClassCondition       : Condition OnClassCondition on org.springframework.boot.autoconfigure.mongo.MongoReactiveAutoConfiguration did not match due to @ConditionalOnClass did not find required class 'com.mongodb.reactivestreams.client.MongoClient'
2023-07-21 02:45:40.789 TRACE 29880 --- [           main] o.s.b.a.condition.OnClassCondition       : Condition OnClassCondition on org.springframework.boot.autoconfigure.mustache.MustacheAutoConfiguration did not match due to @ConditionalOnClass did not find required class 'com.samskivert.mustache.Mustache'
2023-07-21 02:45:40.789 TRACE 29880 --- [           main] o.s.b.a.condition.OnClassCondition       : Condition OnClassCondition on org.springframework.boot.autoconfigure.neo4j.Neo4jAutoConfiguration did not match due to @ConditionalOnClass did not find required class 'org.neo4j.driver.Driver'
2023-07-21 02:45:40.789 TRACE 29880 --- [           main] o.s.b.a.condition.OnClassCondition       : Condition OnClassCondition on org.springframework.boot.autoconfigure.netty.NettyAutoConfiguration did not match due to @ConditionalOnClass did not find required class 'io.netty.util.NettyRuntime'
2023-07-21 02:45:40.789 TRACE 29880 --- [           main] o.s.b.a.condition.OnClassCondition       : Condition OnClassCondition on org.springframework.boot.autoconfigure.quartz.QuartzAutoConfiguration did not match due to @ConditionalOnClass did not find required class 'org.quartz.Scheduler'
2023-07-21 02:45:40.789 TRACE 29880 --- [           main] o.s.b.a.condition.OnClassCondition       : Condition OnClassCondition on org.springframework.boot.autoconfigure.r2dbc.R2dbcAutoConfiguration did not match due to @ConditionalOnClass did not find required class 'io.r2dbc.spi.ConnectionFactory'
2023-07-21 02:45:40.789 TRACE 29880 --- [           main] o.s.b.a.condition.OnClassCondition       : Condition OnClassCondition on org.springframework.boot.autoconfigure.r2dbc.R2dbcTransactionManagerAutoConfiguration did not match due to @ConditionalOnClass did not find required class 'org.springframework.r2dbc.connection.R2dbcTransactionManager'
2023-07-21 02:45:40.789 TRACE 29880 --- [           main] o.s.b.a.condition.OnClassCondition       : Condition OnClassCondition on org.springframework.boot.autoconfigure.rsocket.RSocketMessagingAutoConfiguration did not match due to @ConditionalOnClass did not find required class 'io.rsocket.RSocket'
2023-07-21 02:45:40.789 TRACE 29880 --- [           main] o.s.b.a.condition.OnClassCondition       : Condition OnClassCondition on org.springframework.boot.autoconfigure.rsocket.RSocketRequesterAutoConfiguration did not match due to @ConditionalOnClass did not find required class 'io.rsocket.RSocket'
2023-07-21 02:45:40.790 TRACE 29880 --- [           main] o.s.b.a.condition.OnClassCondition       : Condition OnClassCondition on org.springframework.boot.autoconfigure.rsocket.RSocketServerAutoConfiguration did not match due to @ConditionalOnClass did not find required class 'io.rsocket.core.RSocketServer'
2023-07-21 02:45:40.790 TRACE 29880 --- [           main] o.s.b.a.condition.OnClassCondition       : Condition OnClassCondition on org.springframework.boot.autoconfigure.rsocket.RSocketStrategiesAutoConfiguration did not match due to @ConditionalOnClass did not find required class 'io.netty.buffer.PooledByteBufAllocator'
2023-07-21 02:45:40.790 TRACE 29880 --- [           main] o.s.b.a.condition.OnClassCondition       : Condition OnClassCondition on org.springframework.boot.autoconfigure.security.reactive.ReactiveSecurityAutoConfiguration did not match due to @ConditionalOnClass did not find required class 'reactor.core.publisher.Flux'
2023-07-21 02:45:40.790 TRACE 29880 --- [           main] o.s.b.a.condition.OnClassCondition       : Condition OnClassCondition on org.springframework.boot.autoconfigure.security.rsocket.RSocketSecurityAutoConfiguration did not match due to @ConditionalOnClass did not find required class 'org.springframework.security.rsocket.core.SecuritySocketAcceptorInterceptor'
2023-07-21 02:45:40.790 TRACE 29880 --- [           main] o.s.b.a.condition.OnClassCondition       : Condition OnClassCondition on org.springframework.boot.autoconfigure.security.saml2.Saml2RelyingPartyAutoConfiguration did not match due to @ConditionalOnClass did not find required class 'org.springframework.security.saml2.provider.service.registration.RelyingPartyRegistrationRepository'
2023-07-21 02:45:40.790 TRACE 29880 --- [           main] o.s.b.a.condition.OnClassCondition       : Condition OnClassCondition on org.springframework.boot.autoconfigure.sendgrid.SendGridAutoConfiguration did not match due to @ConditionalOnClass did not find required class 'com.sendgrid.SendGrid'
2023-07-21 02:45:40.790 TRACE 29880 --- [           main] o.s.b.a.condition.OnClassCondition       : Condition OnClassCondition on org.springframework.boot.autoconfigure.session.SessionAutoConfiguration did not match due to @ConditionalOnClass did not find required class 'org.springframework.session.Session'
2023-07-21 02:45:40.790 TRACE 29880 --- [           main] o.s.b.a.condition.OnClassCondition       : Condition OnClassCondition on org.springframework.boot.autoconfigure.security.oauth2.client.reactive.ReactiveOAuth2ClientAutoConfiguration did not match due to @ConditionalOnClass did not find required class 'reactor.core.publisher.Flux'
2023-07-21 02:45:40.790 TRACE 29880 --- [           main] o.s.b.a.condition.OnClassCondition       : Condition OnClassCondition on org.springframework.boot.autoconfigure.security.oauth2.resource.servlet.OAuth2ResourceServerAutoConfiguration did not match due to @ConditionalOnClass did not find required class 'org.springframework.security.oauth2.server.resource.BearerTokenAuthenticationToken'
2023-07-21 02:45:40.790 TRACE 29880 --- [           main] o.s.b.a.condition.OnClassCondition       : Condition OnClassCondition on org.springframework.boot.autoconfigure.solr.SolrAutoConfiguration did not match due to @ConditionalOnClass did not find required class 'org.apache.solr.client.solrj.impl.CloudSolrClient'
2023-07-21 02:45:40.791 TRACE 29880 --- [           main] o.s.b.a.condition.OnClassCondition       : Condition OnClassCondition on org.springframework.boot.autoconfigure.thymeleaf.ThymeleafAutoConfiguration did not match due to @ConditionalOnClass did not find required class 'org.thymeleaf.spring5.SpringTemplateEngine'
2023-07-21 02:45:40.792 TRACE 29880 --- [           main] o.s.b.a.condition.OnClassCondition       : Condition OnClassCondition on org.springframework.boot.autoconfigure.web.reactive.HttpHandlerAutoConfiguration did not match due to @ConditionalOnClass did not find required class 'org.springframework.web.reactive.DispatcherHandler'
2023-07-21 02:45:40.792 TRACE 29880 --- [           main] o.s.b.a.condition.OnClassCondition       : Condition OnClassCondition on org.springframework.boot.autoconfigure.web.reactive.ReactiveMultipartAutoConfiguration did not match due to @ConditionalOnClass did not find required class 'org.springframework.web.reactive.config.WebFluxConfigurer'
2023-07-21 02:45:40.793 TRACE 29880 --- [           main] o.s.b.a.condition.OnClassCondition       : Condition OnClassCondition on org.springframework.boot.autoconfigure.web.reactive.WebFluxAutoConfiguration did not match due to @ConditionalOnClass did not find required class 'org.springframework.web.reactive.config.WebFluxConfigurer'
2023-07-21 02:45:40.793 TRACE 29880 --- [           main] o.s.b.a.condition.OnClassCondition       : Condition OnClassCondition on org.springframework.boot.autoconfigure.web.reactive.WebSessionIdResolverAutoConfiguration did not match due to @ConditionalOnClass did not find required class 'reactor.core.publisher.Mono'
2023-07-21 02:45:40.793 TRACE 29880 --- [           main] o.s.b.a.condition.OnClassCondition       : Condition OnClassCondition on org.springframework.boot.autoconfigure.web.reactive.error.ErrorWebFluxAutoConfiguration did not match due to @ConditionalOnClass did not find required class 'org.springframework.web.reactive.config.WebFluxConfigurer'
2023-07-21 02:45:40.793 TRACE 29880 --- [           main] o.s.b.a.condition.OnClassCondition       : Condition OnClassCondition on org.springframework.boot.autoconfigure.web.reactive.function.client.ClientHttpConnectorAutoConfiguration did not match due to @ConditionalOnClass did not find required class 'org.springframework.web.reactive.function.client.WebClient'
2023-07-21 02:45:40.793 TRACE 29880 --- [           main] o.s.b.a.condition.OnClassCondition       : Condition OnClassCondition on org.springframework.boot.autoconfigure.web.reactive.function.client.WebClientAutoConfiguration did not match due to @ConditionalOnClass did not find required class 'org.springframework.web.reactive.function.client.WebClient'
2023-07-21 02:45:40.793 TRACE 29880 --- [           main] o.s.b.a.condition.OnClassCondition       : Condition OnClassCondition on org.springframework.boot.autoconfigure.websocket.servlet.WebSocketMessagingAutoConfiguration did not match due to @ConditionalOnClass did not find required class 'org.springframework.web.socket.config.annotation.WebSocketMessageBrokerConfigurer'
2023-07-21 02:45:40.793 TRACE 29880 --- [           main] o.s.b.a.condition.OnClassCondition       : Condition OnClassCondition on org.springframework.boot.autoconfigure.webservices.WebServicesAutoConfiguration did not match due to @ConditionalOnClass did not find required class 'org.springframework.ws.transport.http.MessageDispatcherServlet'
2023-07-21 02:45:40.793 TRACE 29880 --- [           main] o.s.b.a.condition.OnClassCondition       : Condition OnClassCondition on org.springframework.boot.autoconfigure.webservices.client.WebServiceTemplateAutoConfiguration did not match due to @ConditionalOnClass did not find required class 'org.springframework.oxm.Marshaller'
2023-07-21 02:45:40.793 TRACE 29880 --- [           main] o.s.b.f.s.DefaultListableBeanFactory     : Returning cached instance of singleton bean 'autoConfigurationReport'
2023-07-21 02:45:40.795 TRACE 29880 --- [           main] o.s.b.a.c.OnWebApplicationCondition      : Condition OnWebApplicationCondition on org.springframework.boot.autoconfigure.security.oauth2.resource.reactive.ReactiveOAuth2ResourceServerAutoConfiguration did not match due to @ConditionalOnWebApplication did not find reactive web application classes
2023-07-21 02:45:40.795 TRACE 29880 --- [           main] o.s.b.a.c.OnWebApplicationCondition      : Condition OnWebApplicationCondition on org.springframework.boot.autoconfigure.web.reactive.ReactiveWebServerFactoryAutoConfiguration did not match due to @ConditionalOnWebApplication did not find reactive web application classes
2023-07-21 02:45:40.795 TRACE 29880 --- [           main] o.s.b.a.c.OnWebApplicationCondition      : Condition OnWebApplicationCondition on org.springframework.boot.autoconfigure.websocket.reactive.WebSocketReactiveAutoConfiguration did not match due to @ConditionalOnWebApplication did not find reactive web application classes
2023-07-21 02:45:40.795 TRACE 29880 --- [           main] o.s.b.f.s.DefaultListableBeanFactory     : Returning cached instance of singleton bean 'autoConfigurationReport'
2023-07-21 02:45:40.801 TRACE 29880 --- [           main] o.s.b.a.condition.OnBeanCondition        : Condition OnBeanCondition on org.springframework.boot.autoconfigure.mail.MailSenderValidatorAutoConfiguration did not match due to @ConditionalOnSingleCandidate did not find required type 'org.springframework.mail.javamail.JavaMailSenderImpl'
2023-07-21 02:45:40.801 TRACE 29880 --- [           main] o.s.b.a.AutoConfigurationImportSelector  : Filtered 104 auto configuration class in 81 ms
2023-07-21 02:45:40.801 TRACE 29880 --- [           main] o.s.c.io.support.SpringFactoriesLoader   : Loaded [org.springframework.boot.autoconfigure.AutoConfigurationImportListener] names: [org.springframework.boot.autoconfigure.condition.ConditionEvaluationReportAutoConfigurationImportListener]
2023-07-21 02:45:40.802 TRACE 29880 --- [           main] o.s.b.f.s.DefaultListableBeanFactory     : Returning cached instance of singleton bean 'autoConfigurationReport'
2023-07-21 02:45:40.812 TRACE 29880 --- [           main] o.s.b.f.s.DefaultListableBeanFactory     : Returning cached instance of singleton bean 'org.springframework.boot.autoconfigure.internalCachingMetadataReaderFactory'
2023-07-21 02:45:40.819 TRACE 29880 --- [           main] o.s.b.f.s.DefaultListableBeanFactory     : Returning cached instance of singleton bean 'autoConfigurationReport'
2023-07-21 02:45:40.819 TRACE 29880 --- [           main] o.s.b.f.s.DefaultListableBeanFactory     : Returning cached instance of singleton bean 'autoConfigurationReport'
2023-07-21 02:45:40.819 TRACE 29880 --- [           main] o.s.b.f.s.DefaultListableBeanFactory     : Returning cached instance of singleton bean 'autoConfigurationReport'
2023-07-21 02:45:40.820 TRACE 29880 --- [           main] o.s.b.f.s.DefaultListableBeanFactory     : Returning cached instance of singleton bean 'autoConfigurationReport'
2023-07-21 02:45:40.820 TRACE 29880 --- [           main] o.s.b.f.s.DefaultListableBeanFactory     : Returning cached instance of singleton bean 'autoConfigurationReport'
2023-07-21 02:45:40.820 TRACE 29880 --- [           main] o.s.b.f.s.DefaultListableBeanFactory     : Returning cached instance of singleton bean 'autoConfigurationReport'
2023-07-21 02:45:40.835 TRACE 29880 --- [           main] .i.s.PathMatchingResourcePatternResolver : Resolved classpath location [messages.properties] to resources []
2023-07-21 02:45:40.835 TRACE 29880 --- [           main] utoConfiguration$ResourceBundleCondition : Condition MessageSourceAutoConfiguration.ResourceBundleCondition on org.springframework.boot.autoconfigure.context.MessageSourceAutoConfiguration did not match due to ResourceBundle did not find bundle with basename messages
2023-07-21 02:45:40.835 TRACE 29880 --- [           main] o.s.b.f.s.DefaultListableBeanFactory     : Returning cached instance of singleton bean 'autoConfigurationReport'
2023-07-21 02:45:40.835 TRACE 29880 --- [           main] o.s.b.f.s.DefaultListableBeanFactory     : Returning cached instance of singleton bean 'autoConfigurationReport'
2023-07-21 02:45:40.835 TRACE 29880 --- [           main] o.s.b.f.s.DefaultListableBeanFactory     : Returning cached instance of singleton bean 'autoConfigurationReport'
2023-07-21 02:45:40.835 TRACE 29880 --- [           main] o.s.b.f.s.DefaultListableBeanFactory     : Returning cached instance of singleton bean 'autoConfigurationReport'
2023-07-21 02:45:40.836 TRACE 29880 --- [           main] o.s.b.f.s.DefaultListableBeanFactory     : Returning cached instance of singleton bean 'autoConfigurationReport'
2023-07-21 02:45:40.836 TRACE 29880 --- [           main] o.s.b.f.s.DefaultListableBeanFactory     : Returning cached instance of singleton bean 'autoConfigurationReport'
2023-07-21 02:45:40.836 TRACE 29880 --- [           main] o.s.b.f.s.DefaultListableBeanFactory     : Returning cached instance of singleton bean 'autoConfigurationReport'
2023-07-21 02:45:40.836 TRACE 29880 --- [           main] o.s.b.f.s.DefaultListableBeanFactory     : Returning cached instance of singleton bean 'autoConfigurationReport'
2023-07-21 02:45:40.837 TRACE 29880 --- [           main] o.s.b.f.s.DefaultListableBeanFactory     : Returning cached instance of singleton bean 'autoConfigurationReport'
2023-07-21 02:45:40.837 TRACE 29880 --- [           main] o.s.b.f.s.DefaultListableBeanFactory     : Returning cached instance of singleton bean 'autoConfigurationReport'
2023-07-21 02:45:40.840 TRACE 29880 --- [           main] o.s.b.f.s.DefaultListableBeanFactory     : Returning cached instance of singleton bean 'autoConfigurationReport'
2023-07-21 02:45:40.840 TRACE 29880 --- [           main] o.s.b.f.s.DefaultListableBeanFactory     : Returning cached instance of singleton bean 'autoConfigurationReport'
2023-07-21 02:45:40.840 TRACE 29880 --- [           main] o.s.b.f.s.DefaultListableBeanFactory     : Returning cached instance of singleton bean 'autoConfigurationReport'
2023-07-21 02:45:40.840 TRACE 29880 --- [           main] o.s.b.f.s.DefaultListableBeanFactory     : Returning cached instance of singleton bean 'autoConfigurationReport'
2023-07-21 02:45:40.840 TRACE 29880 --- [           main] o.s.b.f.s.DefaultListableBeanFactory     : Returning cached instance of singleton bean 'autoConfigurationReport'
2023-07-21 02:45:40.840 TRACE 29880 --- [           main] o.s.b.f.s.DefaultListableBeanFactory     : Returning cached instance of singleton bean 'autoConfigurationReport'
2023-07-21 02:45:40.843 TRACE 29880 --- [           main] o.s.b.a.condition.OnClassCondition       : Condition OnClassCondition on org.springframework.boot.autoconfigure.websocket.servlet.WebSocketServletAutoConfiguration matched due to @ConditionalOnClass found required classes 'javax.servlet.Servlet', 'javax.websocket.server.ServerContainer'
2023-07-21 02:45:40.843 TRACE 29880 --- [           main] o.s.b.f.s.DefaultListableBeanFactory     : Returning cached instance of singleton bean 'autoConfigurationReport'
2023-07-21 02:45:40.843 TRACE 29880 --- [           main] o.s.b.a.c.OnWebApplicationCondition      : Condition OnWebApplicationCondition on org.springframework.boot.autoconfigure.websocket.servlet.WebSocketServletAutoConfiguration matched due to found 'session' scope
2023-07-21 02:45:40.843 TRACE 29880 --- [           main] o.s.b.f.s.DefaultListableBeanFactory     : Returning cached instance of singleton bean 'autoConfigurationReport'
2023-07-21 02:45:40.843 TRACE 29880 --- [           main] o.s.b.f.s.DefaultListableBeanFactory     : Returning cached instance of singleton bean 'autoConfigurationReport'
2023-07-21 02:45:40.843 TRACE 29880 --- [           main] o.s.b.f.s.DefaultListableBeanFactory     : Returning cached instance of singleton bean 'autoConfigurationReport'
2023-07-21 02:45:40.843 TRACE 29880 --- [           main] o.s.b.f.s.DefaultListableBeanFactory     : Returning cached instance of singleton bean 'autoConfigurationReport'
2023-07-21 02:45:40.848 TRACE 29880 --- [           main] o.s.b.a.condition.OnClassCondition       : Condition OnClassCondition on org.springframework.boot.autoconfigure.websocket.servlet.WebSocketServletAutoConfiguration$UndertowWebSocketConfiguration did not match due to @ConditionalOnClass did not find required class 'io.undertow.websockets.jsr.Bootstrap'
2023-07-21 02:45:40.848 TRACE 29880 --- [           main] o.s.b.f.s.DefaultListableBeanFactory     : Returning cached instance of singleton bean 'autoConfigurationReport'
2023-07-21 02:45:40.850 TRACE 29880 --- [           main] o.s.b.a.condition.OnClassCondition       : Condition OnClassCondition on org.springframework.boot.autoconfigure.websocket.servlet.WebSocketServletAutoConfiguration$Jetty10WebSocketConfiguration did not match due to @ConditionalOnClass did not find required classes 'org.eclipse.jetty.websocket.javax.server.internal.JavaxWebSocketServerContainer', 'org.eclipse.jetty.websocket.server.JettyWebSocketServerContainer'
2023-07-21 02:45:40.850 TRACE 29880 --- [           main] o.s.b.f.s.DefaultListableBeanFactory     : Returning cached instance of singleton bean 'autoConfigurationReport'
2023-07-21 02:45:40.850 TRACE 29880 --- [           main] o.s.b.a.condition.OnClassCondition       : Condition OnClassCondition on org.springframework.boot.autoconfigure.websocket.servlet.WebSocketServletAutoConfiguration$JettyWebSocketConfiguration did not match due to @ConditionalOnClass did not find required class 'org.eclipse.jetty.websocket.jsr356.server.deploy.WebSocketServerContainerInitializer'
2023-07-21 02:45:40.850 TRACE 29880 --- [           main] o.s.b.f.s.DefaultListableBeanFactory     : Returning cached instance of singleton bean 'autoConfigurationReport'
2023-07-21 02:45:40.853 TRACE 29880 --- [           main] o.s.b.a.condition.OnClassCondition       : Condition OnClassCondition on org.springframework.boot.autoconfigure.websocket.servlet.WebSocketServletAutoConfiguration$TomcatWebSocketConfiguration matched due to @ConditionalOnClass found required classes 'org.apache.catalina.startup.Tomcat', 'org.apache.tomcat.websocket.server.WsSci'
2023-07-21 02:45:40.854 TRACE 29880 --- [           main] o.s.b.f.s.DefaultListableBeanFactory     : Returning cached instance of singleton bean 'autoConfigurationReport'
2023-07-21 02:45:40.854 TRACE 29880 --- [           main] o.s.b.f.s.DefaultListableBeanFactory     : Returning cached instance of singleton bean 'autoConfigurationReport'
2023-07-21 02:45:40.854 TRACE 29880 --- [           main] o.s.b.f.s.DefaultListableBeanFactory     : Returning cached instance of singleton bean 'autoConfigurationReport'
2023-07-21 02:45:40.854 TRACE 29880 --- [           main] o.s.b.f.s.DefaultListableBeanFactory     : Returning cached instance of singleton bean 'autoConfigurationReport'
2023-07-21 02:45:40.856 TRACE 29880 --- [           main] o.s.b.f.s.DefaultListableBeanFactory     : Returning cached instance of singleton bean 'autoConfigurationReport'
2023-07-21 02:45:40.856 TRACE 29880 --- [           main] o.s.b.f.s.DefaultListableBeanFactory     : Returning cached instance of singleton bean 'autoConfigurationReport'
2023-07-21 02:45:40.856 TRACE 29880 --- [           main] o.s.b.f.s.DefaultListableBeanFactory     : Returning cached instance of singleton bean 'autoConfigurationReport'
2023-07-21 02:45:40.856 TRACE 29880 --- [           main] o.s.b.f.s.DefaultListableBeanFactory     : Returning cached instance of singleton bean 'autoConfigurationReport'
2023-07-21 02:45:40.856 TRACE 29880 --- [           main] o.s.b.f.s.DefaultListableBeanFactory     : Returning cached instance of singleton bean 'autoConfigurationReport'
2023-07-21 02:45:40.856 TRACE 29880 --- [           main] o.s.b.f.s.DefaultListableBeanFactory     : Returning cached instance of singleton bean 'autoConfigurationReport'
2023-07-21 02:45:40.857 TRACE 29880 --- [           main] o.s.b.a.condition.OnClassCondition       : Condition OnClassCondition on org.springframework.boot.autoconfigure.web.servlet.ServletWebServerFactoryAutoConfiguration matched due to @ConditionalOnClass found required class 'javax.servlet.ServletRequest'
2023-07-21 02:45:40.857 TRACE 29880 --- [           main] o.s.b.f.s.DefaultListableBeanFactory     : Returning cached instance of singleton bean 'autoConfigurationReport'
2023-07-21 02:45:40.857 TRACE 29880 --- [           main] o.s.b.a.c.OnWebApplicationCondition      : Condition OnWebApplicationCondition on org.springframework.boot.autoconfigure.web.servlet.ServletWebServerFactoryAutoConfiguration matched due to found 'session' scope
2023-07-21 02:45:40.857 TRACE 29880 --- [           main] o.s.b.f.s.DefaultListableBeanFactory     : Returning cached instance of singleton bean 'autoConfigurationReport'
2023-07-21 02:45:40.857 TRACE 29880 --- [           main] o.s.b.f.s.DefaultListableBeanFactory     : Returning cached instance of singleton bean 'autoConfigurationReport'
2023-07-21 02:45:40.858 TRACE 29880 --- [           main] o.s.b.f.s.DefaultListableBeanFactory     : Returning cached instance of singleton bean 'autoConfigurationReport'
2023-07-21 02:45:40.858 TRACE 29880 --- [           main] o.s.b.f.s.DefaultListableBeanFactory     : Returning cached instance of singleton bean 'autoConfigurationReport'
2023-07-21 02:45:40.869 TRACE 29880 --- [           main] o.s.b.a.condition.OnPropertyCondition    : Condition OnPropertyCondition on org.springframework.boot.autoconfigure.web.servlet.ServletWebServerFactoryAutoConfiguration$ForwardedHeaderFilterConfiguration did not match due to @ConditionalOnProperty (server.forward-headers-strategy=framework) did not find property 'server.forward-headers-strategy'
2023-07-21 02:45:40.869 TRACE 29880 --- [           main] o.s.b.f.s.DefaultListableBeanFactory     : Returning cached instance of singleton bean 'autoConfigurationReport'
2023-07-21 02:45:40.874 TRACE 29880 --- [           main] o.s.b.a.condition.OnClassCondition       : Condition OnClassCondition on org.springframework.boot.autoconfigure.web.servlet.ServletWebServerFactoryConfiguration$EmbeddedTomcat matched due to @ConditionalOnClass found required classes 'javax.servlet.Servlet', 'org.apache.catalina.startup.Tomcat', 'org.apache.coyote.UpgradeProtocol'
2023-07-21 02:45:40.874 TRACE 29880 --- [           main] o.s.b.f.s.DefaultListableBeanFactory     : Returning cached instance of singleton bean 'autoConfigurationReport'
2023-07-21 02:45:40.874 TRACE 29880 --- [           main] o.s.b.f.s.DefaultListableBeanFactory     : Returning cached instance of singleton bean 'autoConfigurationReport'
2023-07-21 02:45:40.874 TRACE 29880 --- [           main] o.s.b.f.s.DefaultListableBeanFactory     : Returning cached instance of singleton bean 'autoConfigurationReport'
2023-07-21 02:45:40.874 TRACE 29880 --- [           main] o.s.b.f.s.DefaultListableBeanFactory     : Returning cached instance of singleton bean 'autoConfigurationReport'
2023-07-21 02:45:40.877 TRACE 29880 --- [           main] o.s.b.a.condition.OnClassCondition       : Condition OnClassCondition on org.springframework.boot.autoconfigure.web.servlet.ServletWebServerFactoryConfiguration$EmbeddedJetty did not match due to @ConditionalOnClass did not find required classes 'org.eclipse.jetty.server.Server', 'org.eclipse.jetty.util.Loader', 'org.eclipse.jetty.webapp.WebAppContext'
2023-07-21 02:45:40.877 TRACE 29880 --- [           main] o.s.b.f.s.DefaultListableBeanFactory     : Returning cached instance of singleton bean 'autoConfigurationReport'
2023-07-21 02:45:40.878 TRACE 29880 --- [           main] o.s.b.a.condition.OnClassCondition       : Condition OnClassCondition on org.springframework.boot.autoconfigure.web.servlet.ServletWebServerFactoryConfiguration$EmbeddedUndertow did not match due to @ConditionalOnClass did not find required classes 'io.undertow.Undertow', 'org.xnio.SslClientAuthMode'
2023-07-21 02:45:40.878 TRACE 29880 --- [           main] o.s.b.f.s.DefaultListableBeanFactory     : Returning cached instance of singleton bean 'autoConfigurationReport'
2023-07-21 02:45:40.878 TRACE 29880 --- [           main] o.s.b.f.s.DefaultListableBeanFactory     : Returning cached instance of singleton bean 'autoConfigurationReport'
2023-07-21 02:45:40.878 TRACE 29880 --- [           main] o.s.b.f.s.DefaultListableBeanFactory     : Returning cached instance of singleton bean 'autoConfigurationReport'
2023-07-21 02:45:40.878 TRACE 29880 --- [           main] o.s.b.f.s.DefaultListableBeanFactory     : Returning cached instance of singleton bean 'autoConfigurationReport'
2023-07-21 02:45:40.878 TRACE 29880 --- [           main] o.s.b.f.s.DefaultListableBeanFactory     : Returning cached instance of singleton bean 'autoConfigurationReport'
2023-07-21 02:45:40.878 TRACE 29880 --- [           main] o.s.b.f.s.DefaultListableBeanFactory     : Returning cached instance of singleton bean 'autoConfigurationReport'
2023-07-21 02:45:40.878 TRACE 29880 --- [           main] o.s.b.f.s.DefaultListableBeanFactory     : Returning cached instance of singleton bean 'autoConfigurationReport'
2023-07-21 02:45:40.880 TRACE 29880 --- [           main] o.s.b.a.condition.OnClassCondition       : Condition OnClassCondition on org.springframework.boot.autoconfigure.web.servlet.DispatcherServletAutoConfiguration matched due to @ConditionalOnClass found required class 'org.springframework.web.servlet.DispatcherServlet'
2023-07-21 02:45:40.880 TRACE 29880 --- [           main] o.s.b.f.s.DefaultListableBeanFactory     : Returning cached instance of singleton bean 'autoConfigurationReport'
2023-07-21 02:45:40.880 TRACE 29880 --- [           main] o.s.b.a.c.OnWebApplicationCondition      : Condition OnWebApplicationCondition on org.springframework.boot.autoconfigure.web.servlet.DispatcherServletAutoConfiguration matched due to found 'session' scope
2023-07-21 02:45:40.880 TRACE 29880 --- [           main] o.s.b.f.s.DefaultListableBeanFactory     : Returning cached instance of singleton bean 'autoConfigurationReport'
2023-07-21 02:45:40.880 TRACE 29880 --- [           main] o.s.b.f.s.DefaultListableBeanFactory     : Returning cached instance of singleton bean 'autoConfigurationReport'
2023-07-21 02:45:40.880 TRACE 29880 --- [           main] o.s.b.f.s.DefaultListableBeanFactory     : Returning cached instance of singleton bean 'autoConfigurationReport'
2023-07-21 02:45:40.880 TRACE 29880 --- [           main] o.s.b.f.s.DefaultListableBeanFactory     : Returning cached instance of singleton bean 'autoConfigurationReport'
2023-07-21 02:45:40.886 TRACE 29880 --- [           main] o.s.b.a.condition.OnClassCondition       : Condition OnClassCondition on org.springframework.boot.autoconfigure.web.servlet.DispatcherServletAutoConfiguration$DispatcherServletRegistrationConfiguration matched due to @ConditionalOnClass found required class 'javax.servlet.ServletRegistration'
2023-07-21 02:45:40.886 TRACE 29880 --- [           main] o.s.b.f.s.DefaultListableBeanFactory     : Returning cached instance of singleton bean 'autoConfigurationReport'
2023-07-21 02:45:40.912 TRACE 29880 --- [           main] n$DispatcherServletRegistrationCondition : Condition DispatcherServletAutoConfiguration.DispatcherServletRegistrationCondition on org.springframework.boot.autoconfigure.web.servlet.DispatcherServletAutoConfiguration$DispatcherServletRegistrationConfiguration matched due to DispatcherServlet Registration did not find servlet registration bean
2023-07-21 02:45:40.912 TRACE 29880 --- [           main] o.s.b.f.s.DefaultListableBeanFactory     : Returning cached instance of singleton bean 'autoConfigurationReport'
2023-07-21 02:45:40.913 TRACE 29880 --- [           main] o.s.b.f.s.DefaultListableBeanFactory     : Returning cached instance of singleton bean 'autoConfigurationReport'
2023-07-21 02:45:40.913 TRACE 29880 --- [           main] o.s.b.f.s.DefaultListableBeanFactory     : Returning cached instance of singleton bean 'autoConfigurationReport'
2023-07-21 02:45:40.913 TRACE 29880 --- [           main] o.s.b.f.s.DefaultListableBeanFactory     : Returning cached instance of singleton bean 'autoConfigurationReport'
2023-07-21 02:45:40.915 TRACE 29880 --- [           main] o.s.b.a.condition.OnClassCondition       : Condition OnClassCondition on org.springframework.boot.autoconfigure.web.servlet.DispatcherServletAutoConfiguration$DispatcherServletConfiguration matched due to @ConditionalOnClass found required class 'javax.servlet.ServletRegistration'
2023-07-21 02:45:40.915 TRACE 29880 --- [           main] o.s.b.f.s.DefaultListableBeanFactory     : Returning cached instance of singleton bean 'autoConfigurationReport'
2023-07-21 02:45:40.916 TRACE 29880 --- [           main] ration$DefaultDispatcherServletCondition : Condition DispatcherServletAutoConfiguration.DefaultDispatcherServletCondition on org.springframework.boot.autoconfigure.web.servlet.DispatcherServletAutoConfiguration$DispatcherServletConfiguration matched due to Default DispatcherServlet did not find dispatcher servlet beans
2023-07-21 02:45:40.916 TRACE 29880 --- [           main] o.s.b.f.s.DefaultListableBeanFactory     : Returning cached instance of singleton bean 'autoConfigurationReport'
2023-07-21 02:45:40.916 TRACE 29880 --- [           main] o.s.b.f.s.DefaultListableBeanFactory     : Returning cached instance of singleton bean 'autoConfigurationReport'
2023-07-21 02:45:40.916 TRACE 29880 --- [           main] o.s.b.f.s.DefaultListableBeanFactory     : Returning cached instance of singleton bean 'autoConfigurationReport'
2023-07-21 02:45:40.916 TRACE 29880 --- [           main] o.s.b.f.s.DefaultListableBeanFactory     : Returning cached instance of singleton bean 'autoConfigurationReport'
2023-07-21 02:45:40.917 TRACE 29880 --- [           main] o.s.b.a.condition.OnClassCondition       : Condition OnClassCondition on org.springframework.boot.autoconfigure.web.servlet.DispatcherServletAutoConfiguration$DispatcherServletConfiguration matched due to @ConditionalOnClass found required class 'javax.servlet.ServletRegistration'
2023-07-21 02:45:40.917 TRACE 29880 --- [           main] o.s.b.f.s.DefaultListableBeanFactory     : Returning cached instance of singleton bean 'autoConfigurationReport'
2023-07-21 02:45:40.918 TRACE 29880 --- [           main] ration$DefaultDispatcherServletCondition : Condition DispatcherServletAutoConfiguration.DefaultDispatcherServletCondition on org.springframework.boot.autoconfigure.web.servlet.DispatcherServletAutoConfiguration$DispatcherServletConfiguration matched due to Default DispatcherServlet did not find dispatcher servlet beans
2023-07-21 02:45:40.918 TRACE 29880 --- [           main] o.s.b.f.s.DefaultListableBeanFactory     : Returning cached instance of singleton bean 'autoConfigurationReport'
2023-07-21 02:45:40.918 TRACE 29880 --- [           main] o.s.b.f.s.DefaultListableBeanFactory     : Returning cached instance of singleton bean 'autoConfigurationReport'
2023-07-21 02:45:40.918 TRACE 29880 --- [           main] o.s.b.f.s.DefaultListableBeanFactory     : Returning cached instance of singleton bean 'autoConfigurationReport'
2023-07-21 02:45:40.918 TRACE 29880 --- [           main] o.s.b.f.s.DefaultListableBeanFactory     : Returning cached instance of singleton bean 'autoConfigurationReport'
2023-07-21 02:45:40.918 TRACE 29880 --- [           main] o.s.b.f.s.DefaultListableBeanFactory     : Returning cached instance of singleton bean 'autoConfigurationReport'
2023-07-21 02:45:40.918 TRACE 29880 --- [           main] o.s.b.f.s.DefaultListableBeanFactory     : Returning cached instance of singleton bean 'autoConfigurationReport'
2023-07-21 02:45:40.918 TRACE 29880 --- [           main] o.s.b.f.s.DefaultListableBeanFactory     : Returning cached instance of singleton bean 'autoConfigurationReport'
2023-07-21 02:45:40.919 TRACE 29880 --- [           main] o.s.b.a.condition.OnClassCondition       : Condition OnClassCondition on org.springframework.boot.autoconfigure.task.TaskExecutionAutoConfiguration matched due to @ConditionalOnClass found required class 'org.springframework.scheduling.concurrent.ThreadPoolTaskExecutor'
2023-07-21 02:45:40.919 TRACE 29880 --- [           main] o.s.b.f.s.DefaultListableBeanFactory     : Returning cached instance of singleton bean 'autoConfigurationReport'
2023-07-21 02:45:40.920 TRACE 29880 --- [           main] o.s.b.f.s.DefaultListableBeanFactory     : Returning cached instance of singleton bean 'autoConfigurationReport'
2023-07-21 02:45:40.920 TRACE 29880 --- [           main] o.s.b.f.s.DefaultListableBeanFactory     : Returning cached instance of singleton bean 'autoConfigurationReport'
2023-07-21 02:45:40.920 TRACE 29880 --- [           main] o.s.b.f.s.DefaultListableBeanFactory     : Returning cached instance of singleton bean 'autoConfigurationReport'
2023-07-21 02:45:40.920 TRACE 29880 --- [           main] o.s.b.f.s.DefaultListableBeanFactory     : Returning cached instance of singleton bean 'autoConfigurationReport'
2023-07-21 02:45:40.920 TRACE 29880 --- [           main] o.s.b.f.s.DefaultListableBeanFactory     : Returning cached instance of singleton bean 'autoConfigurationReport'
2023-07-21 02:45:40.920 TRACE 29880 --- [           main] o.s.b.f.s.DefaultListableBeanFactory     : Returning cached instance of singleton bean 'autoConfigurationReport'
2023-07-21 02:45:40.920 TRACE 29880 --- [           main] o.s.b.f.s.DefaultListableBeanFactory     : Returning cached instance of singleton bean 'autoConfigurationReport'
2023-07-21 02:45:40.920 TRACE 29880 --- [           main] o.s.b.f.s.DefaultListableBeanFactory     : Returning cached instance of singleton bean 'autoConfigurationReport'
2023-07-21 02:45:40.920 TRACE 29880 --- [           main] o.s.b.f.s.DefaultListableBeanFactory     : Returning cached instance of singleton bean 'autoConfigurationReport'
2023-07-21 02:45:40.923 TRACE 29880 --- [           main] o.s.b.a.condition.OnClassCondition       : Condition OnClassCondition on org.springframework.boot.autoconfigure.validation.ValidationAutoConfiguration matched due to @ConditionalOnClass found required class 'javax.validation.executable.ExecutableValidator'
2023-07-21 02:45:40.924 TRACE 29880 --- [           main] o.s.b.f.s.DefaultListableBeanFactory     : Returning cached instance of singleton bean 'autoConfigurationReport'
2023-07-21 02:45:40.924 TRACE 29880 --- [           main] o.s.b.a.condition.OnResourceCondition    : Condition OnResourceCondition on org.springframework.boot.autoconfigure.validation.ValidationAutoConfiguration matched due to @ConditionalOnResource found location classpath:META-INF/services/javax.validation.spi.ValidationProvider
2023-07-21 02:45:40.924 TRACE 29880 --- [           main] o.s.b.f.s.DefaultListableBeanFactory     : Returning cached instance of singleton bean 'autoConfigurationReport'
2023-07-21 02:45:40.924 TRACE 29880 --- [           main] o.s.b.f.s.DefaultListableBeanFactory     : Returning cached instance of singleton bean 'autoConfigurationReport'
2023-07-21 02:45:40.924 TRACE 29880 --- [           main] o.s.b.f.s.DefaultListableBeanFactory     : Returning cached instance of singleton bean 'autoConfigurationReport'
2023-07-21 02:45:40.924 TRACE 29880 --- [           main] o.s.b.f.s.DefaultListableBeanFactory     : Returning cached instance of singleton bean 'autoConfigurationReport'
2023-07-21 02:45:40.926 TRACE 29880 --- [           main] o.s.b.f.s.DefaultListableBeanFactory     : Returning cached instance of singleton bean 'autoConfigurationReport'
2023-07-21 02:45:40.926 TRACE 29880 --- [           main] o.s.b.f.s.DefaultListableBeanFactory     : Returning cached instance of singleton bean 'autoConfigurationReport'
2023-07-21 02:45:40.927 TRACE 29880 --- [           main] o.s.b.f.s.DefaultListableBeanFactory     : Returning cached instance of singleton bean 'autoConfigurationReport'
2023-07-21 02:45:40.927 TRACE 29880 --- [           main] o.s.b.f.s.DefaultListableBeanFactory     : Returning cached instance of singleton bean 'autoConfigurationReport'
2023-07-21 02:45:40.927 TRACE 29880 --- [           main] o.s.b.f.s.DefaultListableBeanFactory     : Returning cached instance of singleton bean 'autoConfigurationReport'
2023-07-21 02:45:40.927 TRACE 29880 --- [           main] o.s.b.f.s.DefaultListableBeanFactory     : Returning cached instance of singleton bean 'autoConfigurationReport'
2023-07-21 02:45:40.928 TRACE 29880 --- [           main] o.s.b.a.condition.OnClassCondition       : Condition OnClassCondition on org.springframework.boot.autoconfigure.web.servlet.error.ErrorMvcAutoConfiguration matched due to @ConditionalOnClass found required classes 'javax.servlet.Servlet', 'org.springframework.web.servlet.DispatcherServlet'
2023-07-21 02:45:40.928 TRACE 29880 --- [           main] o.s.b.f.s.DefaultListableBeanFactory     : Returning cached instance of singleton bean 'autoConfigurationReport'
2023-07-21 02:45:40.928 TRACE 29880 --- [           main] o.s.b.a.c.OnWebApplicationCondition      : Condition OnWebApplicationCondition on org.springframework.boot.autoconfigure.web.servlet.error.ErrorMvcAutoConfiguration matched due to found 'session' scope
2023-07-21 02:45:40.928 TRACE 29880 --- [           main] o.s.b.f.s.DefaultListableBeanFactory     : Returning cached instance of singleton bean 'autoConfigurationReport'
2023-07-21 02:45:40.928 TRACE 29880 --- [           main] o.s.b.f.s.DefaultListableBeanFactory     : Returning cached instance of singleton bean 'autoConfigurationReport'
2023-07-21 02:45:40.928 TRACE 29880 --- [           main] o.s.b.f.s.DefaultListableBeanFactory     : Returning cached instance of singleton bean 'autoConfigurationReport'
2023-07-21 02:45:40.928 TRACE 29880 --- [           main] o.s.b.f.s.DefaultListableBeanFactory     : Returning cached instance of singleton bean 'autoConfigurationReport'
2023-07-21 02:45:40.934 TRACE 29880 --- [           main] o.s.b.a.condition.OnPropertyCondition    : Condition OnPropertyCondition on org.springframework.boot.autoconfigure.web.servlet.error.ErrorMvcAutoConfiguration$WhitelabelErrorViewConfiguration matched due to @ConditionalOnProperty (server.error.whitelabel.enabled) matched
2023-07-21 02:45:40.934 TRACE 29880 --- [           main] o.s.b.f.s.DefaultListableBeanFactory     : Returning cached instance of singleton bean 'autoConfigurationReport'
2023-07-21 02:45:40.935 TRACE 29880 --- [           main] o.s.c.io.support.SpringFactoriesLoader   : Loaded [org.springframework.boot.autoconfigure.template.TemplateAvailabilityProvider] names: [org.springframework.boot.autoconfigure.freemarker.FreeMarkerTemplateAvailabilityProvider, org.springframework.boot.autoconfigure.mustache.MustacheTemplateAvailabilityProvider, org.springframework.boot.autoconfigure.groovy.template.GroovyTemplateAvailabilityProvider, org.springframework.boot.autoconfigure.thymeleaf.ThymeleafTemplateAvailabilityProvider, org.springframework.boot.autoconfigure.web.servlet.JspTemplateAvailabilityProvider]
2023-07-21 02:45:40.941 TRACE 29880 --- [           main] figuration$ErrorTemplateMissingCondition : Condition ErrorMvcAutoConfiguration.ErrorTemplateMissingCondition on org.springframework.boot.autoconfigure.web.servlet.error.ErrorMvcAutoConfiguration$WhitelabelErrorViewConfiguration matched due to ErrorTemplate Missing did not find error template view
2023-07-21 02:45:40.941 TRACE 29880 --- [           main] o.s.b.f.s.DefaultListableBeanFactory     : Returning cached instance of singleton bean 'autoConfigurationReport'
2023-07-21 02:45:40.941 TRACE 29880 --- [           main] o.s.b.f.s.DefaultListableBeanFactory     : Returning cached instance of singleton bean 'autoConfigurationReport'
2023-07-21 02:45:40.941 TRACE 29880 --- [           main] o.s.b.f.s.DefaultListableBeanFactory     : Returning cached instance of singleton bean 'autoConfigurationReport'
2023-07-21 02:45:40.941 TRACE 29880 --- [           main] o.s.b.f.s.DefaultListableBeanFactory     : Returning cached instance of singleton bean 'autoConfigurationReport'
2023-07-21 02:45:40.942 TRACE 29880 --- [           main] o.s.b.f.s.DefaultListableBeanFactory     : Returning cached instance of singleton bean 'autoConfigurationReport'
2023-07-21 02:45:40.943 TRACE 29880 --- [           main] o.s.b.f.s.DefaultListableBeanFactory     : Returning cached instance of singleton bean 'autoConfigurationReport'
2023-07-21 02:45:40.943 TRACE 29880 --- [           main] o.s.b.f.s.DefaultListableBeanFactory     : Returning cached instance of singleton bean 'autoConfigurationReport'
2023-07-21 02:45:40.943 TRACE 29880 --- [           main] o.s.b.f.s.DefaultListableBeanFactory     : Returning cached instance of singleton bean 'autoConfigurationReport'
2023-07-21 02:45:40.943 TRACE 29880 --- [           main] o.s.b.f.s.DefaultListableBeanFactory     : Returning cached instance of singleton bean 'autoConfigurationReport'
2023-07-21 02:45:40.943 TRACE 29880 --- [           main] o.s.b.f.s.DefaultListableBeanFactory     : Returning cached instance of singleton bean 'autoConfigurationReport'
2023-07-21 02:45:40.943 TRACE 29880 --- [           main] o.s.b.f.s.DefaultListableBeanFactory     : Returning cached instance of singleton bean 'autoConfigurationReport'
2023-07-21 02:45:40.943 TRACE 29880 --- [           main] o.s.b.f.s.DefaultListableBeanFactory     : Returning cached instance of singleton bean 'autoConfigurationReport'
2023-07-21 02:45:40.943 TRACE 29880 --- [           main] o.s.b.f.s.DefaultListableBeanFactory     : Returning cached instance of singleton bean 'autoConfigurationReport'
2023-07-21 02:45:40.944 TRACE 29880 --- [           main] o.s.b.a.condition.OnClassCondition       : Condition OnClassCondition on org.springframework.boot.autoconfigure.web.servlet.WebMvcAutoConfiguration matched due to @ConditionalOnClass found required classes 'javax.servlet.Servlet', 'org.springframework.web.servlet.DispatcherServlet', 'org.springframework.web.servlet.config.annotation.WebMvcConfigurer'
2023-07-21 02:45:40.945 TRACE 29880 --- [           main] o.s.b.f.s.DefaultListableBeanFactory     : Returning cached instance of singleton bean 'autoConfigurationReport'
2023-07-21 02:45:40.945 TRACE 29880 --- [           main] o.s.b.a.c.OnWebApplicationCondition      : Condition OnWebApplicationCondition on org.springframework.boot.autoconfigure.web.servlet.WebMvcAutoConfiguration matched due to found 'session' scope
2023-07-21 02:45:40.945 TRACE 29880 --- [           main] o.s.b.f.s.DefaultListableBeanFactory     : Returning cached instance of singleton bean 'autoConfigurationReport'
2023-07-21 02:45:40.945 TRACE 29880 --- [           main] o.s.b.f.s.DefaultListableBeanFactory     : Returning cached instance of singleton bean 'autoConfigurationReport'
2023-07-21 02:45:40.945 TRACE 29880 --- [           main] o.s.b.f.s.DefaultListableBeanFactory     : Returning cached instance of singleton bean 'autoConfigurationReport'
2023-07-21 02:45:40.945 TRACE 29880 --- [           main] o.s.b.f.s.DefaultListableBeanFactory     : Returning cached instance of singleton bean 'autoConfigurationReport'
2023-07-21 02:45:40.949 TRACE 29880 --- [           main] o.s.b.f.s.DefaultListableBeanFactory     : Returning cached instance of singleton bean 'autoConfigurationReport'
2023-07-21 02:45:40.949 TRACE 29880 --- [           main] o.s.b.f.s.DefaultListableBeanFactory     : Returning cached instance of singleton bean 'autoConfigurationReport'
2023-07-21 02:45:40.949 TRACE 29880 --- [           main] o.s.b.f.s.DefaultListableBeanFactory     : Returning cached instance of singleton bean 'autoConfigurationReport'
2023-07-21 02:45:40.953 TRACE 29880 --- [           main] o.s.b.f.s.DefaultListableBeanFactory     : Returning cached instance of singleton bean 'autoConfigurationReport'
2023-07-21 02:45:40.953 TRACE 29880 --- [           main] o.s.b.f.s.DefaultListableBeanFactory     : Returning cached instance of singleton bean 'autoConfigurationReport'
2023-07-21 02:45:40.953 TRACE 29880 --- [           main] o.s.b.f.s.DefaultListableBeanFactory     : Returning cached instance of singleton bean 'autoConfigurationReport'
2023-07-21 02:45:40.956 TRACE 29880 --- [           main] .s.b.a.w.OnEnabledResourceChainCondition : Condition OnEnabledResourceChainCondition on org.springframework.boot.autoconfigure.web.servlet.WebMvcAutoConfiguration$ResourceChainCustomizerConfiguration did not match due to @ConditionalOnEnabledResourceChain did not find class org.webjars.WebJarAssetLocator
2023-07-21 02:45:40.956 TRACE 29880 --- [           main] o.s.b.f.s.DefaultListableBeanFactory     : Returning cached instance of singleton bean 'autoConfigurationReport'
2023-07-21 02:45:40.957 TRACE 29880 --- [           main] o.s.b.f.s.DefaultListableBeanFactory     : Returning cached instance of singleton bean 'autoConfigurationReport'
2023-07-21 02:45:40.957 TRACE 29880 --- [           main] o.s.b.f.s.DefaultListableBeanFactory     : Returning cached instance of singleton bean 'autoConfigurationReport'
2023-07-21 02:45:40.957 TRACE 29880 --- [           main] o.s.b.f.s.DefaultListableBeanFactory     : Returning cached instance of singleton bean 'autoConfigurationReport'
2023-07-21 02:45:40.957 TRACE 29880 --- [           main] o.s.b.f.s.DefaultListableBeanFactory     : Returning cached instance of singleton bean 'autoConfigurationReport'
2023-07-21 02:45:40.957 TRACE 29880 --- [           main] o.s.b.f.s.DefaultListableBeanFactory     : Returning cached instance of singleton bean 'autoConfigurationReport'
2023-07-21 02:45:40.957 TRACE 29880 --- [           main] o.s.b.f.s.DefaultListableBeanFactory     : Returning cached instance of singleton bean 'autoConfigurationReport'
2023-07-21 02:45:40.958 TRACE 29880 --- [           main] o.s.b.a.condition.OnClassCondition       : Condition OnClassCondition on org.springframework.boot.autoconfigure.jmx.JmxAutoConfiguration matched due to @ConditionalOnClass found required class 'org.springframework.jmx.export.MBeanExporter'
2023-07-21 02:45:40.958 TRACE 29880 --- [           main] o.s.b.f.s.DefaultListableBeanFactory     : Returning cached instance of singleton bean 'autoConfigurationReport'
2023-07-21 02:45:40.959 TRACE 29880 --- [           main] o.s.b.a.condition.OnPropertyCondition    : Condition OnPropertyCondition on org.springframework.boot.autoconfigure.jmx.JmxAutoConfiguration did not match due to @ConditionalOnProperty (spring.jmx.enabled=true) found different value in property 'enabled'
2023-07-21 02:45:40.959 TRACE 29880 --- [           main] o.s.b.f.s.DefaultListableBeanFactory     : Returning cached instance of singleton bean 'autoConfigurationReport'
2023-07-21 02:45:40.959 TRACE 29880 --- [           main] o.s.b.f.s.DefaultListableBeanFactory     : Returning cached instance of singleton bean 'autoConfigurationReport'
2023-07-21 02:45:40.959 TRACE 29880 --- [           main] o.s.b.f.s.DefaultListableBeanFactory     : Returning cached instance of singleton bean 'autoConfigurationReport'
2023-07-21 02:45:40.959 TRACE 29880 --- [           main] o.s.b.f.s.DefaultListableBeanFactory     : Returning cached instance of singleton bean 'autoConfigurationReport'
2023-07-21 02:45:40.959 TRACE 29880 --- [           main] o.s.b.f.s.DefaultListableBeanFactory     : Returning cached instance of singleton bean 'autoConfigurationReport'
2023-07-21 02:45:40.959 TRACE 29880 --- [           main] o.s.b.f.s.DefaultListableBeanFactory     : Returning cached instance of singleton bean 'autoConfigurationReport'
2023-07-21 02:45:40.959 TRACE 29880 --- [           main] o.s.b.f.s.DefaultListableBeanFactory     : Returning cached instance of singleton bean 'autoConfigurationReport'
2023-07-21 02:45:40.960 TRACE 29880 --- [           main] o.s.b.a.condition.OnPropertyCondition    : Condition OnPropertyCondition on org.springframework.boot.autoconfigure.admin.SpringApplicationAdminJmxAutoConfiguration did not match due to @ConditionalOnProperty (spring.application.admin.enabled=true) did not find property 'enabled'
2023-07-21 02:45:40.960 TRACE 29880 --- [           main] o.s.b.f.s.DefaultListableBeanFactory     : Returning cached instance of singleton bean 'autoConfigurationReport'
2023-07-21 02:45:40.960 TRACE 29880 --- [           main] o.s.b.f.s.DefaultListableBeanFactory     : Returning cached instance of singleton bean 'autoConfigurationReport'
2023-07-21 02:45:40.960 TRACE 29880 --- [           main] o.s.b.f.s.DefaultListableBeanFactory     : Returning cached instance of singleton bean 'autoConfigurationReport'
2023-07-21 02:45:40.960 TRACE 29880 --- [           main] o.s.b.f.s.DefaultListableBeanFactory     : Returning cached instance of singleton bean 'autoConfigurationReport'
2023-07-21 02:45:40.960 TRACE 29880 --- [           main] o.s.b.f.s.DefaultListableBeanFactory     : Returning cached instance of singleton bean 'autoConfigurationReport'
2023-07-21 02:45:40.960 TRACE 29880 --- [           main] o.s.b.f.s.DefaultListableBeanFactory     : Returning cached instance of singleton bean 'autoConfigurationReport'
2023-07-21 02:45:40.960 TRACE 29880 --- [           main] o.s.b.f.s.DefaultListableBeanFactory     : Returning cached instance of singleton bean 'autoConfigurationReport'
2023-07-21 02:45:40.961 TRACE 29880 --- [           main] o.s.b.a.condition.OnPropertyCondition    : Condition OnPropertyCondition on org.springframework.boot.autoconfigure.aop.AopAutoConfiguration matched due to @ConditionalOnProperty (spring.aop.auto=true) matched
2023-07-21 02:45:40.962 TRACE 29880 --- [           main] o.s.b.f.s.DefaultListableBeanFactory     : Returning cached instance of singleton bean 'autoConfigurationReport'
2023-07-21 02:45:40.962 TRACE 29880 --- [           main] o.s.b.f.s.DefaultListableBeanFactory     : Returning cached instance of singleton bean 'autoConfigurationReport'
2023-07-21 02:45:40.962 TRACE 29880 --- [           main] o.s.b.f.s.DefaultListableBeanFactory     : Returning cached instance of singleton bean 'autoConfigurationReport'
2023-07-21 02:45:40.962 TRACE 29880 --- [           main] o.s.b.f.s.DefaultListableBeanFactory     : Returning cached instance of singleton bean 'autoConfigurationReport'
2023-07-21 02:45:40.966 TRACE 29880 --- [           main] o.s.b.a.condition.OnClassCondition       : Condition OnClassCondition on org.springframework.boot.autoconfigure.aop.AopAutoConfiguration$ClassProxyingConfiguration did not match due to @ConditionalOnMissingClass found unwanted class 'org.aspectj.weaver.Advice'
2023-07-21 02:45:40.966 TRACE 29880 --- [           main] o.s.b.f.s.DefaultListableBeanFactory     : Returning cached instance of singleton bean 'autoConfigurationReport'
2023-07-21 02:45:40.967 TRACE 29880 --- [           main] o.s.b.a.condition.OnClassCondition       : Condition OnClassCondition on org.springframework.boot.autoconfigure.aop.AopAutoConfiguration$AspectJAutoProxyingConfiguration matched due to @ConditionalOnClass found required class 'org.aspectj.weaver.Advice'
2023-07-21 02:45:40.967 TRACE 29880 --- [           main] o.s.b.f.s.DefaultListableBeanFactory     : Returning cached instance of singleton bean 'autoConfigurationReport'
2023-07-21 02:45:40.967 TRACE 29880 --- [           main] o.s.b.f.s.DefaultListableBeanFactory     : Returning cached instance of singleton bean 'autoConfigurationReport'
2023-07-21 02:45:40.967 TRACE 29880 --- [           main] o.s.b.f.s.DefaultListableBeanFactory     : Returning cached instance of singleton bean 'autoConfigurationReport'
2023-07-21 02:45:40.967 TRACE 29880 --- [           main] o.s.b.f.s.DefaultListableBeanFactory     : Returning cached instance of singleton bean 'autoConfigurationReport'
2023-07-21 02:45:40.969 TRACE 29880 --- [           main] o.s.b.a.condition.OnPropertyCondition    : Condition OnPropertyCondition on org.springframework.boot.autoconfigure.aop.AopAutoConfiguration$AspectJAutoProxyingConfiguration$CglibAutoProxyConfiguration matched due to @ConditionalOnProperty (spring.aop.proxy-target-class=true) matched
2023-07-21 02:45:40.969 TRACE 29880 --- [           main] o.s.b.f.s.DefaultListableBeanFactory     : Returning cached instance of singleton bean 'autoConfigurationReport'
2023-07-21 02:45:40.969 TRACE 29880 --- [           main] o.s.b.f.s.DefaultListableBeanFactory     : Returning cached instance of singleton bean 'autoConfigurationReport'
2023-07-21 02:45:40.969 TRACE 29880 --- [           main] o.s.b.f.s.DefaultListableBeanFactory     : Returning cached instance of singleton bean 'autoConfigurationReport'
2023-07-21 02:45:40.969 TRACE 29880 --- [           main] o.s.b.f.s.DefaultListableBeanFactory     : Returning cached instance of singleton bean 'autoConfigurationReport'
2023-07-21 02:45:40.970 TRACE 29880 --- [           main] o.s.b.a.condition.OnPropertyCondition    : Condition OnPropertyCondition on org.springframework.boot.autoconfigure.aop.AopAutoConfiguration$AspectJAutoProxyingConfiguration$JdkDynamicAutoProxyConfiguration did not match due to @ConditionalOnProperty (spring.aop.proxy-target-class=false) did not find property 'proxy-target-class'
2023-07-21 02:45:40.970 TRACE 29880 --- [           main] o.s.b.f.s.DefaultListableBeanFactory     : Returning cached instance of singleton bean 'autoConfigurationReport'
2023-07-21 02:45:40.971 TRACE 29880 --- [           main] o.s.b.f.s.DefaultListableBeanFactory     : Returning cached instance of singleton bean 'autoConfigurationReport'
2023-07-21 02:45:40.971 TRACE 29880 --- [           main] o.s.b.f.s.DefaultListableBeanFactory     : Returning cached instance of singleton bean 'autoConfigurationReport'
2023-07-21 02:45:40.971 TRACE 29880 --- [           main] o.s.b.f.s.DefaultListableBeanFactory     : Returning cached instance of singleton bean 'autoConfigurationReport'
2023-07-21 02:45:40.971 TRACE 29880 --- [           main] o.s.b.f.s.DefaultListableBeanFactory     : Returning cached instance of singleton bean 'autoConfigurationReport'
2023-07-21 02:45:40.971 TRACE 29880 --- [           main] o.s.b.f.s.DefaultListableBeanFactory     : Returning cached instance of singleton bean 'autoConfigurationReport'
2023-07-21 02:45:40.971 TRACE 29880 --- [           main] o.s.b.f.s.DefaultListableBeanFactory     : Returning cached instance of singleton bean 'autoConfigurationReport'
2023-07-21 02:45:40.972 TRACE 29880 --- [           main] o.s.b.f.s.DefaultListableBeanFactory     : Returning cached instance of singleton bean 'autoConfigurationReport'
2023-07-21 02:45:40.972 TRACE 29880 --- [           main] o.s.b.f.s.DefaultListableBeanFactory     : Returning cached instance of singleton bean 'autoConfigurationReport'
2023-07-21 02:45:40.972 TRACE 29880 --- [           main] o.s.b.f.s.DefaultListableBeanFactory     : Returning cached instance of singleton bean 'autoConfigurationReport'
2023-07-21 02:45:40.972 TRACE 29880 --- [           main] o.s.b.f.s.DefaultListableBeanFactory     : Returning cached instance of singleton bean 'autoConfigurationReport'
2023-07-21 02:45:40.972 TRACE 29880 --- [           main] o.s.b.f.s.DefaultListableBeanFactory     : Returning cached instance of singleton bean 'autoConfigurationReport'
2023-07-21 02:45:40.972 TRACE 29880 --- [           main] o.s.b.f.s.DefaultListableBeanFactory     : Returning cached instance of singleton bean 'autoConfigurationReport'
2023-07-21 02:45:40.972 TRACE 29880 --- [           main] o.s.b.f.s.DefaultListableBeanFactory     : Returning cached instance of singleton bean 'autoConfigurationReport'
2023-07-21 02:45:40.972 TRACE 29880 --- [           main] o.s.b.f.s.DefaultListableBeanFactory     : Returning cached instance of singleton bean 'autoConfigurationReport'
2023-07-21 02:45:40.972 TRACE 29880 --- [           main] o.s.b.f.s.DefaultListableBeanFactory     : Returning cached instance of singleton bean 'autoConfigurationReport'
2023-07-21 02:45:40.973 TRACE 29880 --- [           main] o.s.b.a.condition.OnClassCondition       : Condition OnClassCondition on org.springframework.boot.autoconfigure.jackson.JacksonAutoConfiguration matched due to @ConditionalOnClass found required class 'com.fasterxml.jackson.databind.ObjectMapper'
2023-07-21 02:45:40.973 TRACE 29880 --- [           main] o.s.b.f.s.DefaultListableBeanFactory     : Returning cached instance of singleton bean 'autoConfigurationReport'
2023-07-21 02:45:40.973 TRACE 29880 --- [           main] o.s.b.f.s.DefaultListableBeanFactory     : Returning cached instance of singleton bean 'autoConfigurationReport'
2023-07-21 02:45:40.973 TRACE 29880 --- [           main] o.s.b.f.s.DefaultListableBeanFactory     : Returning cached instance of singleton bean 'autoConfigurationReport'
2023-07-21 02:45:40.973 TRACE 29880 --- [           main] o.s.b.f.s.DefaultListableBeanFactory     : Returning cached instance of singleton bean 'autoConfigurationReport'
2023-07-21 02:45:40.974 TRACE 29880 --- [           main] o.s.b.a.condition.OnClassCondition       : Condition OnClassCondition on org.springframework.boot.autoconfigure.jackson.JacksonAutoConfiguration$Jackson2ObjectMapperBuilderCustomizerConfiguration matched due to @ConditionalOnClass found required class 'org.springframework.http.converter.json.Jackson2ObjectMapperBuilder'
2023-07-21 02:45:40.975 TRACE 29880 --- [           main] o.s.b.f.s.DefaultListableBeanFactory     : Returning cached instance of singleton bean 'autoConfigurationReport'
2023-07-21 02:45:40.975 TRACE 29880 --- [           main] o.s.b.f.s.DefaultListableBeanFactory     : Returning cached instance of singleton bean 'autoConfigurationReport'
2023-07-21 02:45:40.975 TRACE 29880 --- [           main] o.s.b.f.s.DefaultListableBeanFactory     : Returning cached instance of singleton bean 'autoConfigurationReport'
2023-07-21 02:45:40.975 TRACE 29880 --- [           main] o.s.b.f.s.DefaultListableBeanFactory     : Returning cached instance of singleton bean 'autoConfigurationReport'
2023-07-21 02:45:40.976 TRACE 29880 --- [           main] o.s.b.a.condition.OnClassCondition       : Condition OnClassCondition on org.springframework.boot.autoconfigure.jackson.JacksonAutoConfiguration$JacksonObjectMapperBuilderConfiguration matched due to @ConditionalOnClass found required class 'org.springframework.http.converter.json.Jackson2ObjectMapperBuilder'
2023-07-21 02:45:40.976 TRACE 29880 --- [           main] o.s.b.f.s.DefaultListableBeanFactory     : Returning cached instance of singleton bean 'autoConfigurationReport'
2023-07-21 02:45:40.976 TRACE 29880 --- [           main] o.s.b.f.s.DefaultListableBeanFactory     : Returning cached instance of singleton bean 'autoConfigurationReport'
2023-07-21 02:45:40.976 TRACE 29880 --- [           main] o.s.b.f.s.DefaultListableBeanFactory     : Returning cached instance of singleton bean 'autoConfigurationReport'
2023-07-21 02:45:40.976 TRACE 29880 --- [           main] o.s.b.f.s.DefaultListableBeanFactory     : Returning cached instance of singleton bean 'autoConfigurationReport'
2023-07-21 02:45:40.977 TRACE 29880 --- [           main] o.s.b.a.condition.OnClassCondition       : Condition OnClassCondition on org.springframework.boot.autoconfigure.jackson.JacksonAutoConfiguration$ParameterNamesModuleConfiguration matched due to @ConditionalOnClass found required class 'com.fasterxml.jackson.module.paramnames.ParameterNamesModule'
2023-07-21 02:45:40.977 TRACE 29880 --- [           main] o.s.b.f.s.DefaultListableBeanFactory     : Returning cached instance of singleton bean 'autoConfigurationReport'
2023-07-21 02:45:40.977 TRACE 29880 --- [           main] o.s.b.f.s.DefaultListableBeanFactory     : Returning cached instance of singleton bean 'autoConfigurationReport'
2023-07-21 02:45:40.977 TRACE 29880 --- [           main] o.s.b.f.s.DefaultListableBeanFactory     : Returning cached instance of singleton bean 'autoConfigurationReport'
2023-07-21 02:45:40.977 TRACE 29880 --- [           main] o.s.b.f.s.DefaultListableBeanFactory     : Returning cached instance of singleton bean 'autoConfigurationReport'
2023-07-21 02:45:40.978 TRACE 29880 --- [           main] o.s.b.a.condition.OnClassCondition       : Condition OnClassCondition on org.springframework.boot.autoconfigure.jackson.JacksonAutoConfiguration$JacksonObjectMapperConfiguration matched due to @ConditionalOnClass found required class 'org.springframework.http.converter.json.Jackson2ObjectMapperBuilder'
2023-07-21 02:45:40.978 TRACE 29880 --- [           main] o.s.b.f.s.DefaultListableBeanFactory     : Returning cached instance of singleton bean 'autoConfigurationReport'
2023-07-21 02:45:40.978 TRACE 29880 --- [           main] o.s.b.f.s.DefaultListableBeanFactory     : Returning cached instance of singleton bean 'autoConfigurationReport'
2023-07-21 02:45:40.978 TRACE 29880 --- [           main] o.s.b.f.s.DefaultListableBeanFactory     : Returning cached instance of singleton bean 'autoConfigurationReport'
2023-07-21 02:45:40.978 TRACE 29880 --- [           main] o.s.b.f.s.DefaultListableBeanFactory     : Returning cached instance of singleton bean 'autoConfigurationReport'
2023-07-21 02:45:40.978 TRACE 29880 --- [           main] o.s.b.f.s.DefaultListableBeanFactory     : Returning cached instance of singleton bean 'autoConfigurationReport'
2023-07-21 02:45:40.978 TRACE 29880 --- [           main] o.s.b.f.s.DefaultListableBeanFactory     : Returning cached instance of singleton bean 'autoConfigurationReport'
2023-07-21 02:45:40.978 TRACE 29880 --- [           main] o.s.b.f.s.DefaultListableBeanFactory     : Returning cached instance of singleton bean 'autoConfigurationReport'
2023-07-21 02:45:40.978 TRACE 29880 --- [           main] o.s.b.f.s.DefaultListableBeanFactory     : Returning cached instance of singleton bean 'autoConfigurationReport'
2023-07-21 02:45:40.978 TRACE 29880 --- [           main] o.s.b.f.s.DefaultListableBeanFactory     : Returning cached instance of singleton bean 'autoConfigurationReport'
2023-07-21 02:45:40.978 TRACE 29880 --- [           main] o.s.b.f.s.DefaultListableBeanFactory     : Returning cached instance of singleton bean 'autoConfigurationReport'
2023-07-21 02:45:40.979 TRACE 29880 --- [           main] o.s.b.a.condition.OnClassCondition       : Condition OnClassCondition on org.springframework.boot.autoconfigure.jdbc.JndiDataSourceAutoConfiguration matched due to @ConditionalOnClass found required classes 'javax.sql.DataSource', 'org.springframework.jdbc.datasource.embedded.EmbeddedDatabaseType'
2023-07-21 02:45:40.979 TRACE 29880 --- [           main] o.s.b.f.s.DefaultListableBeanFactory     : Returning cached instance of singleton bean 'autoConfigurationReport'
2023-07-21 02:45:40.979 TRACE 29880 --- [           main] o.s.b.a.condition.OnPropertyCondition    : Condition OnPropertyCondition on org.springframework.boot.autoconfigure.jdbc.JndiDataSourceAutoConfiguration did not match due to @ConditionalOnProperty (spring.datasource.jndi-name) did not find property 'jndi-name'
2023-07-21 02:45:40.979 TRACE 29880 --- [           main] o.s.b.f.s.DefaultListableBeanFactory     : Returning cached instance of singleton bean 'autoConfigurationReport'
2023-07-21 02:45:40.979 TRACE 29880 --- [           main] o.s.b.f.s.DefaultListableBeanFactory     : Returning cached instance of singleton bean 'autoConfigurationReport'
2023-07-21 02:45:40.980 TRACE 29880 --- [           main] o.s.b.f.s.DefaultListableBeanFactory     : Returning cached instance of singleton bean 'autoConfigurationReport'
2023-07-21 02:45:40.980 TRACE 29880 --- [           main] o.s.b.f.s.DefaultListableBeanFactory     : Returning cached instance of singleton bean 'autoConfigurationReport'
2023-07-21 02:45:40.980 TRACE 29880 --- [           main] o.s.b.f.s.DefaultListableBeanFactory     : Returning cached instance of singleton bean 'autoConfigurationReport'
2023-07-21 02:45:40.980 TRACE 29880 --- [           main] o.s.b.f.s.DefaultListableBeanFactory     : Returning cached instance of singleton bean 'autoConfigurationReport'
2023-07-21 02:45:40.980 TRACE 29880 --- [           main] o.s.b.f.s.DefaultListableBeanFactory     : Returning cached instance of singleton bean 'autoConfigurationReport'
2023-07-21 02:45:40.980 TRACE 29880 --- [           main] o.s.b.a.condition.OnClassCondition       : Condition OnClassCondition on org.springframework.boot.autoconfigure.transaction.jta.JtaAutoConfiguration matched due to @ConditionalOnClass found required class 'javax.transaction.Transaction'
2023-07-21 02:45:40.980 TRACE 29880 --- [           main] o.s.b.f.s.DefaultListableBeanFactory     : Returning cached instance of singleton bean 'autoConfigurationReport'
2023-07-21 02:45:40.981 TRACE 29880 --- [           main] o.s.b.a.condition.OnPropertyCondition    : Condition OnPropertyCondition on org.springframework.boot.autoconfigure.transaction.jta.JtaAutoConfiguration matched due to @ConditionalOnProperty (spring.jta.enabled) matched
2023-07-21 02:45:40.981 TRACE 29880 --- [           main] o.s.b.f.s.DefaultListableBeanFactory     : Returning cached instance of singleton bean 'autoConfigurationReport'
2023-07-21 02:45:40.981 TRACE 29880 --- [           main] o.s.b.f.s.DefaultListableBeanFactory     : Returning cached instance of singleton bean 'autoConfigurationReport'
2023-07-21 02:45:40.981 TRACE 29880 --- [           main] o.s.b.f.s.DefaultListableBeanFactory     : Returning cached instance of singleton bean 'autoConfigurationReport'
2023-07-21 02:45:40.981 TRACE 29880 --- [           main] o.s.b.f.s.DefaultListableBeanFactory     : Returning cached instance of singleton bean 'autoConfigurationReport'
2023-07-21 02:45:40.986 TRACE 29880 --- [           main] o.s.b.a.condition.OnClassCondition       : Condition OnClassCondition on org.springframework.boot.autoconfigure.transaction.jta.JndiJtaConfiguration matched due to @ConditionalOnClass found required class 'org.springframework.transaction.jta.JtaTransactionManager'
2023-07-21 02:45:40.986 TRACE 29880 --- [           main] o.s.b.f.s.DefaultListableBeanFactory     : Returning cached instance of singleton bean 'autoConfigurationReport'
2023-07-21 02:45:40.986 TRACE 29880 --- [           main] o.s.b.a.condition.OnJndiCondition        : Condition OnJndiCondition on org.springframework.boot.autoconfigure.transaction.jta.JndiJtaConfiguration did not match due to @ConditionalOnJndi JNDI environment is not available
2023-07-21 02:45:40.986 TRACE 29880 --- [           main] o.s.b.f.s.DefaultListableBeanFactory     : Returning cached instance of singleton bean 'autoConfigurationReport'
2023-07-21 02:45:40.987 TRACE 29880 --- [           main] o.s.b.a.condition.OnClassCondition       : Condition OnClassCondition on org.springframework.boot.autoconfigure.transaction.jta.AtomikosJtaConfiguration did not match due to @ConditionalOnClass did not find required class 'com.atomikos.icatch.jta.UserTransactionManager'
2023-07-21 02:45:40.987 TRACE 29880 --- [           main] o.s.b.f.s.DefaultListableBeanFactory     : Returning cached instance of singleton bean 'autoConfigurationReport'
2023-07-21 02:45:40.987 TRACE 29880 --- [           main] o.s.b.f.s.DefaultListableBeanFactory     : Returning cached instance of singleton bean 'autoConfigurationReport'
2023-07-21 02:45:40.987 TRACE 29880 --- [           main] o.s.b.f.s.DefaultListableBeanFactory     : Returning cached instance of singleton bean 'autoConfigurationReport'
2023-07-21 02:45:40.987 TRACE 29880 --- [           main] o.s.b.f.s.DefaultListableBeanFactory     : Returning cached instance of singleton bean 'autoConfigurationReport'
2023-07-21 02:45:40.987 TRACE 29880 --- [           main] o.s.b.f.s.DefaultListableBeanFactory     : Returning cached instance of singleton bean 'autoConfigurationReport'
2023-07-21 02:45:40.987 TRACE 29880 --- [           main] o.s.b.f.s.DefaultListableBeanFactory     : Returning cached instance of singleton bean 'autoConfigurationReport'
2023-07-21 02:45:40.987 TRACE 29880 --- [           main] o.s.b.f.s.DefaultListableBeanFactory     : Returning cached instance of singleton bean 'autoConfigurationReport'
2023-07-21 02:45:40.988 TRACE 29880 --- [           main] o.s.b.a.condition.OnClassCondition       : Condition OnClassCondition on org.springframework.boot.autoconfigure.jdbc.XADataSourceAutoConfiguration matched due to @ConditionalOnClass found required classes 'javax.sql.DataSource', 'javax.transaction.TransactionManager', 'org.springframework.jdbc.datasource.embedded.EmbeddedDatabaseType'
2023-07-21 02:45:40.988 TRACE 29880 --- [           main] o.s.b.f.s.DefaultListableBeanFactory     : Returning cached instance of singleton bean 'autoConfigurationReport'
2023-07-21 02:45:40.988 TRACE 29880 --- [           main] o.s.b.f.s.DefaultListableBeanFactory     : Returning cached instance of singleton bean 'autoConfigurationReport'
2023-07-21 02:45:40.988 TRACE 29880 --- [           main] o.s.b.f.s.DefaultListableBeanFactory     : Returning cached instance of singleton bean 'autoConfigurationReport'
2023-07-21 02:45:40.988 TRACE 29880 --- [           main] o.s.b.f.s.DefaultListableBeanFactory     : Returning cached instance of singleton bean 'autoConfigurationReport'
2023-07-21 02:45:40.989 TRACE 29880 --- [           main] o.s.b.f.s.DefaultListableBeanFactory     : Returning cached instance of singleton bean 'autoConfigurationReport'
2023-07-21 02:45:40.989 TRACE 29880 --- [           main] o.s.b.f.s.DefaultListableBeanFactory     : Returning cached instance of singleton bean 'autoConfigurationReport'
2023-07-21 02:45:40.989 TRACE 29880 --- [           main] o.s.b.f.s.DefaultListableBeanFactory     : Returning cached instance of singleton bean 'autoConfigurationReport'
2023-07-21 02:45:40.990 TRACE 29880 --- [           main] o.s.b.f.s.DefaultListableBeanFactory     : Returning cached instance of singleton bean 'autoConfigurationReport'
2023-07-21 02:45:40.990 TRACE 29880 --- [           main] o.s.b.f.s.DefaultListableBeanFactory     : Returning cached instance of singleton bean 'autoConfigurationReport'
2023-07-21 02:45:40.990 TRACE 29880 --- [           main] o.s.b.f.s.DefaultListableBeanFactory     : Returning cached instance of singleton bean 'autoConfigurationReport'
2023-07-21 02:45:40.991 TRACE 29880 --- [           main] o.s.b.a.condition.OnClassCondition       : Condition OnClassCondition on org.springframework.boot.autoconfigure.jdbc.DataSourceAutoConfiguration matched due to @ConditionalOnClass found required classes 'javax.sql.DataSource', 'org.springframework.jdbc.datasource.embedded.EmbeddedDatabaseType'
2023-07-21 02:45:40.991 TRACE 29880 --- [           main] o.s.b.f.s.DefaultListableBeanFactory     : Returning cached instance of singleton bean 'autoConfigurationReport'
2023-07-21 02:45:40.991 TRACE 29880 --- [           main] o.s.b.f.s.DefaultListableBeanFactory     : Returning cached instance of singleton bean 'autoConfigurationReport'
2023-07-21 02:45:40.991 TRACE 29880 --- [           main] o.s.b.f.s.DefaultListableBeanFactory     : Returning cached instance of singleton bean 'autoConfigurationReport'
2023-07-21 02:45:40.991 TRACE 29880 --- [           main] o.s.b.f.s.DefaultListableBeanFactory     : Returning cached instance of singleton bean 'autoConfigurationReport'
2023-07-21 02:45:41.009 TRACE 29880 --- [           main] oConfiguration$PooledDataSourceCondition : Condition DataSourceAutoConfiguration.PooledDataSourceCondition on org.springframework.boot.autoconfigure.jdbc.DataSourceAutoConfiguration$PooledDataSourceConfiguration matched due to AnyNestedCondition 1 matched 1 did not; NestedCondition on DataSourceAutoConfiguration.PooledDataSourceCondition.PooledDataSourceAvailable PooledDataSource found supported DataSource; NestedCondition on DataSourceAutoConfiguration.PooledDataSourceCondition.ExplicitType @ConditionalOnProperty (spring.datasource.type) did not find property 'type'
2023-07-21 02:45:41.009 TRACE 29880 --- [           main] o.s.b.f.s.DefaultListableBeanFactory     : Returning cached instance of singleton bean 'autoConfigurationReport'
2023-07-21 02:45:41.009 TRACE 29880 --- [           main] o.s.b.f.s.DefaultListableBeanFactory     : Returning cached instance of singleton bean 'autoConfigurationReport'
2023-07-21 02:45:41.009 TRACE 29880 --- [           main] o.s.b.f.s.DefaultListableBeanFactory     : Returning cached instance of singleton bean 'autoConfigurationReport'
2023-07-21 02:45:41.010 TRACE 29880 --- [           main] o.s.b.f.s.DefaultListableBeanFactory     : Returning cached instance of singleton bean 'autoConfigurationReport'
2023-07-21 02:45:41.013 TRACE 29880 --- [           main] o.s.b.a.condition.OnClassCondition       : Condition OnClassCondition on org.springframework.boot.autoconfigure.jdbc.DataSourceConfiguration$Hikari matched due to @ConditionalOnClass found required class 'com.zaxxer.hikari.HikariDataSource'
2023-07-21 02:45:41.014 TRACE 29880 --- [           main] o.s.b.f.s.DefaultListableBeanFactory     : Returning cached instance of singleton bean 'autoConfigurationReport'
2023-07-21 02:45:41.014 TRACE 29880 --- [           main] o.s.b.a.condition.OnPropertyCondition    : Condition OnPropertyCondition on org.springframework.boot.autoconfigure.jdbc.DataSourceConfiguration$Hikari matched due to @ConditionalOnProperty (spring.datasource.type=com.zaxxer.hikari.HikariDataSource) matched
2023-07-21 02:45:41.014 TRACE 29880 --- [           main] o.s.b.f.s.DefaultListableBeanFactory     : Returning cached instance of singleton bean 'autoConfigurationReport'
2023-07-21 02:45:41.014 TRACE 29880 --- [           main] o.s.b.f.s.DefaultListableBeanFactory     : Returning cached instance of singleton bean 'autoConfigurationReport'
2023-07-21 02:45:41.014 TRACE 29880 --- [           main] o.s.b.f.s.DefaultListableBeanFactory     : Returning cached instance of singleton bean 'autoConfigurationReport'
2023-07-21 02:45:41.014 TRACE 29880 --- [           main] o.s.b.f.s.DefaultListableBeanFactory     : Returning cached instance of singleton bean 'autoConfigurationReport'
2023-07-21 02:45:41.015 TRACE 29880 --- [           main] o.s.b.a.condition.OnClassCondition       : Condition OnClassCondition on org.springframework.boot.autoconfigure.jdbc.DataSourceConfiguration$Tomcat did not match due to @ConditionalOnClass did not find required class 'org.apache.tomcat.jdbc.pool.DataSource'
2023-07-21 02:45:41.015 TRACE 29880 --- [           main] o.s.b.f.s.DefaultListableBeanFactory     : Returning cached instance of singleton bean 'autoConfigurationReport'
2023-07-21 02:45:41.016 TRACE 29880 --- [           main] o.s.b.a.condition.OnClassCondition       : Condition OnClassCondition on org.springframework.boot.autoconfigure.jdbc.DataSourceConfiguration$Dbcp2 did not match due to @ConditionalOnClass did not find required class 'org.apache.commons.dbcp2.BasicDataSource'
2023-07-21 02:45:41.016 TRACE 29880 --- [           main] o.s.b.f.s.DefaultListableBeanFactory     : Returning cached instance of singleton bean 'autoConfigurationReport'
2023-07-21 02:45:41.017 TRACE 29880 --- [           main] o.s.b.a.condition.OnClassCondition       : Condition OnClassCondition on org.springframework.boot.autoconfigure.jdbc.DataSourceConfiguration$OracleUcp did not match due to @ConditionalOnClass did not find required classes 'oracle.ucp.jdbc.PoolDataSourceImpl', 'oracle.jdbc.OracleConnection'
2023-07-21 02:45:41.017 TRACE 29880 --- [           main] o.s.b.f.s.DefaultListableBeanFactory     : Returning cached instance of singleton bean 'autoConfigurationReport'
2023-07-21 02:45:41.018 TRACE 29880 --- [           main] o.s.b.a.condition.OnPropertyCondition    : Condition OnPropertyCondition on org.springframework.boot.autoconfigure.jdbc.DataSourceConfiguration$Generic did not match due to @ConditionalOnProperty (spring.datasource.type) did not find property 'spring.datasource.type'
2023-07-21 02:45:41.018 TRACE 29880 --- [           main] o.s.b.f.s.DefaultListableBeanFactory     : Returning cached instance of singleton bean 'autoConfigurationReport'
2023-07-21 02:45:41.019 TRACE 29880 --- [           main] o.s.b.a.condition.OnPropertyCondition    : Condition OnPropertyCondition on org.springframework.boot.autoconfigure.jdbc.DataSourceJmxConfiguration did not match due to @ConditionalOnProperty (spring.jmx.enabled=true) found different value in property 'enabled'
2023-07-21 02:45:41.019 TRACE 29880 --- [           main] o.s.b.f.s.DefaultListableBeanFactory     : Returning cached instance of singleton bean 'autoConfigurationReport'
2023-07-21 02:45:41.020 TRACE 29880 --- [           main] oConfiguration$EmbeddedDatabaseCondition : Condition DataSourceAutoConfiguration.EmbeddedDatabaseCondition on org.springframework.boot.autoconfigure.jdbc.DataSourceAutoConfiguration$EmbeddedDatabaseConfiguration did not match due to EmbeddedDataSource spring.datasource.url is set
2023-07-21 02:45:41.020 TRACE 29880 --- [           main] o.s.b.f.s.DefaultListableBeanFactory     : Returning cached instance of singleton bean 'autoConfigurationReport'
2023-07-21 02:45:41.021 TRACE 29880 --- [           main] o.s.b.f.s.DefaultListableBeanFactory     : Returning cached instance of singleton bean 'autoConfigurationReport'
2023-07-21 02:45:41.021 TRACE 29880 --- [           main] o.s.b.f.s.DefaultListableBeanFactory     : Returning cached instance of singleton bean 'autoConfigurationReport'
2023-07-21 02:45:41.021 TRACE 29880 --- [           main] o.s.b.f.s.DefaultListableBeanFactory     : Returning cached instance of singleton bean 'autoConfigurationReport'
2023-07-21 02:45:41.024 TRACE 29880 --- [           main] o.s.b.a.condition.OnClassCondition       : Condition OnClassCondition on org.springframework.boot.autoconfigure.jdbc.metadata.DataSourcePoolMetadataProvidersConfiguration$OracleUcpPoolDataSourceMetadataProviderConfiguration did not match due to @ConditionalOnClass did not find required classes 'oracle.ucp.jdbc.PoolDataSource', 'oracle.jdbc.OracleConnection'
2023-07-21 02:45:41.024 TRACE 29880 --- [           main] o.s.b.f.s.DefaultListableBeanFactory     : Returning cached instance of singleton bean 'autoConfigurationReport'
2023-07-21 02:45:41.024 TRACE 29880 --- [           main] o.s.b.a.condition.OnClassCondition       : Condition OnClassCondition on org.springframework.boot.autoconfigure.jdbc.metadata.DataSourcePoolMetadataProvidersConfiguration$CommonsDbcp2PoolDataSourceMetadataProviderConfiguration did not match due to @ConditionalOnClass did not find required class 'org.apache.commons.dbcp2.BasicDataSource'
2023-07-21 02:45:41.024 TRACE 29880 --- [           main] o.s.b.f.s.DefaultListableBeanFactory     : Returning cached instance of singleton bean 'autoConfigurationReport'
2023-07-21 02:45:41.025 TRACE 29880 --- [           main] o.s.b.a.condition.OnClassCondition       : Condition OnClassCondition on org.springframework.boot.autoconfigure.jdbc.metadata.DataSourcePoolMetadataProvidersConfiguration$HikariPoolDataSourceMetadataProviderConfiguration matched due to @ConditionalOnClass found required class 'com.zaxxer.hikari.HikariDataSource'
2023-07-21 02:45:41.025 TRACE 29880 --- [           main] o.s.b.f.s.DefaultListableBeanFactory     : Returning cached instance of singleton bean 'autoConfigurationReport'
2023-07-21 02:45:41.025 TRACE 29880 --- [           main] o.s.b.f.s.DefaultListableBeanFactory     : Returning cached instance of singleton bean 'autoConfigurationReport'
2023-07-21 02:45:41.025 TRACE 29880 --- [           main] o.s.b.f.s.DefaultListableBeanFactory     : Returning cached instance of singleton bean 'autoConfigurationReport'
2023-07-21 02:45:41.025 TRACE 29880 --- [           main] o.s.b.f.s.DefaultListableBeanFactory     : Returning cached instance of singleton bean 'autoConfigurationReport'
2023-07-21 02:45:41.026 TRACE 29880 --- [           main] o.s.b.a.condition.OnClassCondition       : Condition OnClassCondition on org.springframework.boot.autoconfigure.jdbc.metadata.DataSourcePoolMetadataProvidersConfiguration$TomcatDataSourcePoolMetadataProviderConfiguration did not match due to @ConditionalOnClass did not find required class 'org.apache.tomcat.jdbc.pool.DataSource'
2023-07-21 02:45:41.026 TRACE 29880 --- [           main] o.s.b.f.s.DefaultListableBeanFactory     : Returning cached instance of singleton bean 'autoConfigurationReport'
2023-07-21 02:45:41.026 TRACE 29880 --- [           main] o.s.b.f.s.DefaultListableBeanFactory     : Returning cached instance of singleton bean 'autoConfigurationReport'
2023-07-21 02:45:41.026 TRACE 29880 --- [           main] o.s.b.f.s.DefaultListableBeanFactory     : Returning cached instance of singleton bean 'autoConfigurationReport'
2023-07-21 02:45:41.026 TRACE 29880 --- [           main] o.s.b.f.s.DefaultListableBeanFactory     : Returning cached instance of singleton bean 'autoConfigurationReport'
2023-07-21 02:45:41.026 TRACE 29880 --- [           main] o.s.b.f.s.DefaultListableBeanFactory     : Returning cached instance of singleton bean 'autoConfigurationReport'
2023-07-21 02:45:41.026 TRACE 29880 --- [           main] o.s.b.f.s.DefaultListableBeanFactory     : Returning cached instance of singleton bean 'autoConfigurationReport'
2023-07-21 02:45:41.026 TRACE 29880 --- [           main] o.s.b.f.s.DefaultListableBeanFactory     : Returning cached instance of singleton bean 'autoConfigurationReport'
2023-07-21 02:45:41.027 TRACE 29880 --- [           main] o.s.b.a.condition.OnClassCondition       : Condition OnClassCondition on org.springframework.boot.autoconfigure.orm.jpa.HibernateJpaAutoConfiguration matched due to @ConditionalOnClass found required classes 'org.springframework.orm.jpa.LocalContainerEntityManagerFactoryBean', 'javax.persistence.EntityManager', 'org.hibernate.engine.spi.SessionImplementor'
2023-07-21 02:45:41.027 TRACE 29880 --- [           main] o.s.b.f.s.DefaultListableBeanFactory     : Returning cached instance of singleton bean 'autoConfigurationReport'
2023-07-21 02:45:41.027 TRACE 29880 --- [           main] o.s.b.f.s.DefaultListableBeanFactory     : Returning cached instance of singleton bean 'autoConfigurationReport'
2023-07-21 02:45:41.027 TRACE 29880 --- [           main] o.s.b.f.s.DefaultListableBeanFactory     : Returning cached instance of singleton bean 'autoConfigurationReport'
2023-07-21 02:45:41.027 TRACE 29880 --- [           main] o.s.b.f.s.DefaultListableBeanFactory     : Returning cached instance of singleton bean 'autoConfigurationReport'
2023-07-21 02:45:41.029 TRACE 29880 --- [           main] o.s.b.f.s.DefaultListableBeanFactory     : Returning cached instance of singleton bean 'autoConfigurationReport'
2023-07-21 02:45:41.029 TRACE 29880 --- [           main] o.s.b.f.s.DefaultListableBeanFactory     : Returning cached instance of singleton bean 'autoConfigurationReport'
2023-07-21 02:45:41.029 TRACE 29880 --- [           main] o.s.b.f.s.DefaultListableBeanFactory     : Returning cached instance of singleton bean 'autoConfigurationReport'
2023-07-21 02:45:41.031 TRACE 29880 --- [           main] o.s.b.a.condition.OnClassCondition       : Condition OnClassCondition on org.springframework.boot.autoconfigure.orm.jpa.JpaBaseConfiguration$JpaWebConfiguration matched due to @ConditionalOnClass found required class 'org.springframework.web.servlet.config.annotation.WebMvcConfigurer'
2023-07-21 02:45:41.031 TRACE 29880 --- [           main] o.s.b.f.s.DefaultListableBeanFactory     : Returning cached instance of singleton bean 'autoConfigurationReport'
2023-07-21 02:45:41.032 TRACE 29880 --- [           main] o.s.b.a.c.OnWebApplicationCondition      : Condition OnWebApplicationCondition on org.springframework.boot.autoconfigure.orm.jpa.JpaBaseConfiguration$JpaWebConfiguration matched due to found 'session' scope
2023-07-21 02:45:41.032 TRACE 29880 --- [           main] o.s.b.f.s.DefaultListableBeanFactory     : Returning cached instance of singleton bean 'autoConfigurationReport'
2023-07-21 02:45:41.032 TRACE 29880 --- [           main] o.s.b.a.condition.OnPropertyCondition    : Condition OnPropertyCondition on org.springframework.boot.autoconfigure.orm.jpa.JpaBaseConfiguration$JpaWebConfiguration matched due to @ConditionalOnProperty (spring.jpa.open-in-view=true) matched
2023-07-21 02:45:41.032 TRACE 29880 --- [           main] o.s.b.f.s.DefaultListableBeanFactory     : Returning cached instance of singleton bean 'autoConfigurationReport'
2023-07-21 02:45:41.032 TRACE 29880 --- [           main] o.s.b.f.s.DefaultListableBeanFactory     : Returning cached instance of singleton bean 'autoConfigurationReport'
2023-07-21 02:45:41.032 TRACE 29880 --- [           main] o.s.b.f.s.DefaultListableBeanFactory     : Returning cached instance of singleton bean 'autoConfigurationReport'
2023-07-21 02:45:41.032 TRACE 29880 --- [           main] o.s.b.f.s.DefaultListableBeanFactory     : Returning cached instance of singleton bean 'autoConfigurationReport'
2023-07-21 02:45:41.033 TRACE 29880 --- [           main] o.s.b.f.s.DefaultListableBeanFactory     : Returning cached instance of singleton bean 'autoConfigurationReport'
2023-07-21 02:45:41.033 TRACE 29880 --- [           main] o.s.b.f.s.DefaultListableBeanFactory     : Returning cached instance of singleton bean 'autoConfigurationReport'
2023-07-21 02:45:41.033 TRACE 29880 --- [           main] o.s.b.f.s.DefaultListableBeanFactory     : Returning cached instance of singleton bean 'autoConfigurationReport'
2023-07-21 02:45:41.034 TRACE 29880 --- [           main] o.s.b.f.s.DefaultListableBeanFactory     : Returning cached instance of singleton bean 'autoConfigurationReport'
2023-07-21 02:45:41.034 TRACE 29880 --- [           main] o.s.b.f.s.DefaultListableBeanFactory     : Returning cached instance of singleton bean 'autoConfigurationReport'
2023-07-21 02:45:41.034 TRACE 29880 --- [           main] o.s.b.f.s.DefaultListableBeanFactory     : Returning cached instance of singleton bean 'autoConfigurationReport'
2023-07-21 02:45:41.035 TRACE 29880 --- [           main] o.s.b.a.condition.OnClassCondition       : Condition OnClassCondition on org.springframework.boot.autoconfigure.cache.CacheAutoConfiguration matched due to @ConditionalOnClass found required class 'org.springframework.cache.CacheManager'
2023-07-21 02:45:41.035 TRACE 29880 --- [           main] o.s.b.f.s.DefaultListableBeanFactory     : Returning cached instance of singleton bean 'autoConfigurationReport'
2023-07-21 02:45:41.035 TRACE 29880 --- [           main] o.s.b.f.s.DefaultListableBeanFactory     : Returning cached instance of singleton bean 'autoConfigurationReport'
2023-07-21 02:45:41.035 TRACE 29880 --- [           main] o.s.b.f.s.DefaultListableBeanFactory     : Returning cached instance of singleton bean 'autoConfigurationReport'
2023-07-21 02:45:41.035 TRACE 29880 --- [           main] o.s.b.f.s.DefaultListableBeanFactory     : Returning cached instance of singleton bean 'autoConfigurationReport'
2023-07-21 02:45:41.045 TRACE 29880 --- [           main] o.s.b.f.s.DefaultListableBeanFactory     : Returning cached instance of singleton bean 'autoConfigurationReport'
2023-07-21 02:45:41.045 TRACE 29880 --- [           main] o.s.b.f.s.DefaultListableBeanFactory     : Returning cached instance of singleton bean 'autoConfigurationReport'
2023-07-21 02:45:41.045 TRACE 29880 --- [           main] o.s.b.f.s.DefaultListableBeanFactory     : Returning cached instance of singleton bean 'autoConfigurationReport'
2023-07-21 02:45:41.047 TRACE 29880 --- [           main] o.s.b.f.s.DefaultListableBeanFactory     : Returning cached instance of singleton bean 'autoConfigurationReport'
2023-07-21 02:45:41.047 TRACE 29880 --- [           main] o.s.b.a.condition.OnClassCondition       : Condition OnClassCondition on org.springframework.boot.autoconfigure.cache.JCacheCacheConfiguration did not match due to @ConditionalOnClass did not find required class 'javax.cache.Caching'
2023-07-21 02:45:41.047 TRACE 29880 --- [           main] o.s.b.f.s.DefaultListableBeanFactory     : Returning cached instance of singleton bean 'autoConfigurationReport'
2023-07-21 02:45:41.047 TRACE 29880 --- [           main] o.s.b.f.s.DefaultListableBeanFactory     : Returning cached instance of singleton bean 'autoConfigurationReport'
2023-07-21 02:45:41.047 TRACE 29880 --- [           main] o.s.b.a.AutoConfigurationImportSelector  : Filtered 1 auto configuration class in 0 ms
2023-07-21 02:45:41.047 TRACE 29880 --- [           main] o.s.b.f.s.DefaultListableBeanFactory     : Returning cached instance of singleton bean 'autoConfigurationReport'
2023-07-21 02:45:41.047 TRACE 29880 --- [           main] o.s.b.a.condition.OnClassCondition       : Condition OnClassCondition on org.springframework.boot.autoconfigure.cache.EhCacheCacheConfiguration did not match due to @ConditionalOnClass did not find required class 'net.sf.ehcache.Cache'
2023-07-21 02:45:41.048 TRACE 29880 --- [           main] o.s.b.f.s.DefaultListableBeanFactory     : Returning cached instance of singleton bean 'autoConfigurationReport'
2023-07-21 02:45:41.048 TRACE 29880 --- [           main] o.s.b.f.s.DefaultListableBeanFactory     : Returning cached instance of singleton bean 'autoConfigurationReport'
2023-07-21 02:45:41.048 TRACE 29880 --- [           main] o.s.b.a.AutoConfigurationImportSelector  : Filtered 1 auto configuration class in 0 ms
2023-07-21 02:45:41.048 TRACE 29880 --- [           main] o.s.b.f.s.DefaultListableBeanFactory     : Returning cached instance of singleton bean 'autoConfigurationReport'
2023-07-21 02:45:41.048 TRACE 29880 --- [           main] o.s.b.a.condition.OnClassCondition       : Condition OnClassCondition on org.springframework.boot.autoconfigure.cache.HazelcastCacheConfiguration did not match due to @ConditionalOnClass did not find required class 'com.hazelcast.core.HazelcastInstance'
2023-07-21 02:45:41.048 TRACE 29880 --- [           main] o.s.b.f.s.DefaultListableBeanFactory     : Returning cached instance of singleton bean 'autoConfigurationReport'
2023-07-21 02:45:41.048 TRACE 29880 --- [           main] o.s.b.f.s.DefaultListableBeanFactory     : Returning cached instance of singleton bean 'autoConfigurationReport'
2023-07-21 02:45:41.048 TRACE 29880 --- [           main] o.s.b.a.AutoConfigurationImportSelector  : Filtered 1 auto configuration class in 0 ms
2023-07-21 02:45:41.049 TRACE 29880 --- [           main] o.s.b.f.s.DefaultListableBeanFactory     : Returning cached instance of singleton bean 'autoConfigurationReport'
2023-07-21 02:45:41.049 TRACE 29880 --- [           main] o.s.b.a.condition.OnClassCondition       : Condition OnClassCondition on org.springframework.boot.autoconfigure.cache.InfinispanCacheConfiguration did not match due to @ConditionalOnClass did not find required class 'org.infinispan.spring.embedded.provider.SpringEmbeddedCacheManager'
2023-07-21 02:45:41.049 TRACE 29880 --- [           main] o.s.b.f.s.DefaultListableBeanFactory     : Returning cached instance of singleton bean 'autoConfigurationReport'
2023-07-21 02:45:41.049 TRACE 29880 --- [           main] o.s.b.f.s.DefaultListableBeanFactory     : Returning cached instance of singleton bean 'autoConfigurationReport'
2023-07-21 02:45:41.049 TRACE 29880 --- [           main] o.s.b.a.AutoConfigurationImportSelector  : Filtered 1 auto configuration class in 0 ms
2023-07-21 02:45:41.049 TRACE 29880 --- [           main] o.s.b.f.s.DefaultListableBeanFactory     : Returning cached instance of singleton bean 'autoConfigurationReport'
2023-07-21 02:45:41.050 TRACE 29880 --- [           main] o.s.b.a.condition.OnClassCondition       : Condition OnClassCondition on org.springframework.boot.autoconfigure.cache.CouchbaseCacheConfiguration did not match due to @ConditionalOnClass did not find required class 'com.couchbase.client.java.Cluster'
2023-07-21 02:45:41.050 TRACE 29880 --- [           main] o.s.b.f.s.DefaultListableBeanFactory     : Returning cached instance of singleton bean 'autoConfigurationReport'
2023-07-21 02:45:41.050 TRACE 29880 --- [           main] o.s.b.f.s.DefaultListableBeanFactory     : Returning cached instance of singleton bean 'autoConfigurationReport'
2023-07-21 02:45:41.050 TRACE 29880 --- [           main] o.s.b.a.AutoConfigurationImportSelector  : Filtered 1 auto configuration class in 0 ms
2023-07-21 02:45:41.050 TRACE 29880 --- [           main] o.s.b.f.s.DefaultListableBeanFactory     : Returning cached instance of singleton bean 'autoConfigurationReport'
2023-07-21 02:45:41.051 TRACE 29880 --- [           main] o.s.b.a.condition.OnClassCondition       : Condition OnClassCondition on org.springframework.boot.autoconfigure.cache.RedisCacheConfiguration did not match due to @ConditionalOnClass did not find required class 'org.springframework.data.redis.connection.RedisConnectionFactory'
2023-07-21 02:45:41.051 TRACE 29880 --- [           main] o.s.b.f.s.DefaultListableBeanFactory     : Returning cached instance of singleton bean 'autoConfigurationReport'
2023-07-21 02:45:41.051 TRACE 29880 --- [           main] o.s.b.f.s.DefaultListableBeanFactory     : Returning cached instance of singleton bean 'autoConfigurationReport'
2023-07-21 02:45:41.051 TRACE 29880 --- [           main] o.s.b.a.AutoConfigurationImportSelector  : Filtered 1 auto configuration class in 0 ms
2023-07-21 02:45:41.051 TRACE 29880 --- [           main] o.s.b.f.s.DefaultListableBeanFactory     : Returning cached instance of singleton bean 'autoConfigurationReport'
2023-07-21 02:45:41.051 TRACE 29880 --- [           main] o.s.b.a.condition.OnClassCondition       : Condition OnClassCondition on org.springframework.boot.autoconfigure.cache.Cache2kCacheConfiguration did not match due to @ConditionalOnClass did not find required class 'org.cache2k.Cache2kBuilder'
2023-07-21 02:45:41.051 TRACE 29880 --- [           main] o.s.b.f.s.DefaultListableBeanFactory     : Returning cached instance of singleton bean 'autoConfigurationReport'
2023-07-21 02:45:41.051 TRACE 29880 --- [           main] o.s.b.f.s.DefaultListableBeanFactory     : Returning cached instance of singleton bean 'autoConfigurationReport'
2023-07-21 02:45:41.051 TRACE 29880 --- [           main] o.s.b.a.AutoConfigurationImportSelector  : Filtered 1 auto configuration class in 0 ms
2023-07-21 02:45:41.051 TRACE 29880 --- [           main] o.s.b.f.s.DefaultListableBeanFactory     : Returning cached instance of singleton bean 'autoConfigurationReport'
2023-07-21 02:45:41.052 TRACE 29880 --- [           main] o.s.b.a.condition.OnClassCondition       : Condition OnClassCondition on org.springframework.boot.autoconfigure.cache.CaffeineCacheConfiguration did not match due to @ConditionalOnClass did not find required class 'com.github.benmanes.caffeine.cache.Caffeine'
2023-07-21 02:45:41.052 TRACE 29880 --- [           main] o.s.b.f.s.DefaultListableBeanFactory     : Returning cached instance of singleton bean 'autoConfigurationReport'
2023-07-21 02:45:41.052 TRACE 29880 --- [           main] o.s.b.f.s.DefaultListableBeanFactory     : Returning cached instance of singleton bean 'autoConfigurationReport'
2023-07-21 02:45:41.052 TRACE 29880 --- [           main] o.s.b.a.AutoConfigurationImportSelector  : Filtered 1 auto configuration class in 0 ms
2023-07-21 02:45:41.052 TRACE 29880 --- [           main] o.s.b.f.s.DefaultListableBeanFactory     : Returning cached instance of singleton bean 'autoConfigurationReport'
2023-07-21 02:45:41.052 TRACE 29880 --- [           main] o.s.b.f.s.DefaultListableBeanFactory     : Returning cached instance of singleton bean 'autoConfigurationReport'
2023-07-21 02:45:41.052 TRACE 29880 --- [           main] o.s.b.f.s.DefaultListableBeanFactory     : Returning cached instance of singleton bean 'autoConfigurationReport'
2023-07-21 02:45:41.052 TRACE 29880 --- [           main] o.s.b.f.s.DefaultListableBeanFactory     : Returning cached instance of singleton bean 'autoConfigurationReport'
2023-07-21 02:45:41.052 TRACE 29880 --- [           main] o.s.b.f.s.DefaultListableBeanFactory     : Returning cached instance of singleton bean 'autoConfigurationReport'
2023-07-21 02:45:41.052 TRACE 29880 --- [           main] o.s.b.f.s.DefaultListableBeanFactory     : Returning cached instance of singleton bean 'autoConfigurationReport'
2023-07-21 02:45:41.055 TRACE 29880 --- [           main] o.s.b.a.cache.CacheCondition             : Condition CacheCondition on org.springframework.boot.autoconfigure.cache.GenericCacheConfiguration matched due to Cache org.springframework.boot.autoconfigure.cache.GenericCacheConfiguration automatic cache type
2023-07-21 02:45:41.055 TRACE 29880 --- [           main] o.s.b.f.s.DefaultListableBeanFactory     : Returning cached instance of singleton bean 'autoConfigurationReport'
2023-07-21 02:45:41.055 TRACE 29880 --- [           main] o.s.b.f.s.DefaultListableBeanFactory     : Returning cached instance of singleton bean 'autoConfigurationReport'
2023-07-21 02:45:41.055 TRACE 29880 --- [           main] o.s.b.f.s.DefaultListableBeanFactory     : Returning cached instance of singleton bean 'autoConfigurationReport'
2023-07-21 02:45:41.055 TRACE 29880 --- [           main] o.s.b.f.s.DefaultListableBeanFactory     : Returning cached instance of singleton bean 'autoConfigurationReport'
2023-07-21 02:45:41.056 TRACE 29880 --- [           main] o.s.b.f.s.DefaultListableBeanFactory     : Returning cached instance of singleton bean 'autoConfigurationReport'
2023-07-21 02:45:41.056 TRACE 29880 --- [           main] o.s.b.f.s.DefaultListableBeanFactory     : Returning cached instance of singleton bean 'autoConfigurationReport'
2023-07-21 02:45:41.056 TRACE 29880 --- [           main] o.s.b.f.s.DefaultListableBeanFactory     : Returning cached instance of singleton bean 'autoConfigurationReport'
2023-07-21 02:45:41.056 TRACE 29880 --- [           main] o.s.b.a.cache.CacheCondition             : Condition CacheCondition on org.springframework.boot.autoconfigure.cache.SimpleCacheConfiguration matched due to Cache org.springframework.boot.autoconfigure.cache.SimpleCacheConfiguration automatic cache type
2023-07-21 02:45:41.056 TRACE 29880 --- [           main] o.s.b.f.s.DefaultListableBeanFactory     : Returning cached instance of singleton bean 'autoConfigurationReport'
2023-07-21 02:45:41.056 TRACE 29880 --- [           main] o.s.b.f.s.DefaultListableBeanFactory     : Returning cached instance of singleton bean 'autoConfigurationReport'
2023-07-21 02:45:41.056 TRACE 29880 --- [           main] o.s.b.f.s.DefaultListableBeanFactory     : Returning cached instance of singleton bean 'autoConfigurationReport'
2023-07-21 02:45:41.056 TRACE 29880 --- [           main] o.s.b.f.s.DefaultListableBeanFactory     : Returning cached instance of singleton bean 'autoConfigurationReport'
2023-07-21 02:45:41.058 TRACE 29880 --- [           main] o.s.b.a.cache.CacheCondition             : Condition CacheCondition on org.springframework.boot.autoconfigure.cache.NoOpCacheConfiguration matched due to Cache org.springframework.boot.autoconfigure.cache.NoOpCacheConfiguration automatic cache type
2023-07-21 02:45:41.058 TRACE 29880 --- [           main] o.s.b.f.s.DefaultListableBeanFactory     : Returning cached instance of singleton bean 'autoConfigurationReport'
2023-07-21 02:45:41.058 TRACE 29880 --- [           main] o.s.b.f.s.DefaultListableBeanFactory     : Returning cached instance of singleton bean 'autoConfigurationReport'
2023-07-21 02:45:41.058 TRACE 29880 --- [           main] o.s.b.f.s.DefaultListableBeanFactory     : Returning cached instance of singleton bean 'autoConfigurationReport'
2023-07-21 02:45:41.058 TRACE 29880 --- [           main] o.s.b.f.s.DefaultListableBeanFactory     : Returning cached instance of singleton bean 'autoConfigurationReport'
2023-07-21 02:45:41.061 TRACE 29880 --- [           main] o.s.b.a.condition.OnClassCondition       : Condition OnClassCondition on org.springframework.boot.autoconfigure.cache.CacheAutoConfiguration$CacheManagerEntityManagerFactoryDependsOnPostProcessor matched due to @ConditionalOnClass found required class 'org.springframework.orm.jpa.LocalContainerEntityManagerFactoryBean'
2023-07-21 02:45:41.061 TRACE 29880 --- [           main] o.s.b.f.s.DefaultListableBeanFactory     : Returning cached instance of singleton bean 'autoConfigurationReport'
2023-07-21 02:45:41.061 TRACE 29880 --- [           main] o.s.b.f.s.DefaultListableBeanFactory     : Returning cached instance of singleton bean 'autoConfigurationReport'
2023-07-21 02:45:41.061 TRACE 29880 --- [           main] o.s.b.f.s.DefaultListableBeanFactory     : Returning cached instance of singleton bean 'autoConfigurationReport'
2023-07-21 02:45:41.061 TRACE 29880 --- [           main] o.s.b.f.s.DefaultListableBeanFactory     : Returning cached instance of singleton bean 'autoConfigurationReport'
2023-07-21 02:45:41.061 TRACE 29880 --- [           main] o.s.b.f.s.DefaultListableBeanFactory     : Returning cached instance of singleton bean 'autoConfigurationReport'
2023-07-21 02:45:41.061 TRACE 29880 --- [           main] o.s.b.f.s.DefaultListableBeanFactory     : Returning cached instance of singleton bean 'autoConfigurationReport'
2023-07-21 02:45:41.061 TRACE 29880 --- [           main] o.s.b.f.s.DefaultListableBeanFactory     : Returning cached instance of singleton bean 'autoConfigurationReport'
2023-07-21 02:45:41.061 TRACE 29880 --- [           main] o.s.b.f.s.DefaultListableBeanFactory     : Returning cached instance of singleton bean 'autoConfigurationReport'
2023-07-21 02:45:41.061 TRACE 29880 --- [           main] o.s.b.f.s.DefaultListableBeanFactory     : Returning cached instance of singleton bean 'autoConfigurationReport'
2023-07-21 02:45:41.061 TRACE 29880 --- [           main] o.s.b.f.s.DefaultListableBeanFactory     : Returning cached instance of singleton bean 'autoConfigurationReport'
2023-07-21 02:45:41.062 TRACE 29880 --- [           main] o.s.b.f.s.DefaultListableBeanFactory     : Returning cached instance of singleton bean 'autoConfigurationReport'
2023-07-21 02:45:41.062 TRACE 29880 --- [           main] o.s.b.f.s.DefaultListableBeanFactory     : Returning cached instance of singleton bean 'autoConfigurationReport'
2023-07-21 02:45:41.062 TRACE 29880 --- [           main] o.s.b.f.s.DefaultListableBeanFactory     : Returning cached instance of singleton bean 'autoConfigurationReport'
2023-07-21 02:45:41.063 TRACE 29880 --- [           main] o.s.b.f.s.DefaultListableBeanFactory     : Returning cached instance of singleton bean 'autoConfigurationReport'
2023-07-21 02:45:41.063 TRACE 29880 --- [           main] o.s.b.f.s.DefaultListableBeanFactory     : Returning cached instance of singleton bean 'autoConfigurationReport'
2023-07-21 02:45:41.063 TRACE 29880 --- [           main] o.s.b.f.s.DefaultListableBeanFactory     : Returning cached instance of singleton bean 'autoConfigurationReport'
2023-07-21 02:45:41.063 TRACE 29880 --- [           main] o.s.b.f.s.DefaultListableBeanFactory     : Returning cached instance of singleton bean 'autoConfigurationReport'
2023-07-21 02:45:41.063 TRACE 29880 --- [           main] o.s.b.f.s.DefaultListableBeanFactory     : Returning cached instance of singleton bean 'autoConfigurationReport'
2023-07-21 02:45:41.063 TRACE 29880 --- [           main] o.s.b.f.s.DefaultListableBeanFactory     : Returning cached instance of singleton bean 'autoConfigurationReport'
2023-07-21 02:45:41.064 TRACE 29880 --- [           main] o.s.b.f.s.DefaultListableBeanFactory     : Returning cached instance of singleton bean 'autoConfigurationReport'
2023-07-21 02:45:41.064 TRACE 29880 --- [           main] o.s.b.f.s.DefaultListableBeanFactory     : Returning cached instance of singleton bean 'autoConfigurationReport'
2023-07-21 02:45:41.064 TRACE 29880 --- [           main] o.s.b.f.s.DefaultListableBeanFactory     : Returning cached instance of singleton bean 'autoConfigurationReport'
2023-07-21 02:45:41.065 TRACE 29880 --- [           main] o.s.b.f.s.DefaultListableBeanFactory     : Returning cached instance of singleton bean 'autoConfigurationReport'
2023-07-21 02:45:41.065 TRACE 29880 --- [           main] o.s.b.f.s.DefaultListableBeanFactory     : Returning cached instance of singleton bean 'autoConfigurationReport'
2023-07-21 02:45:41.065 TRACE 29880 --- [           main] o.s.b.f.s.DefaultListableBeanFactory     : Returning cached instance of singleton bean 'autoConfigurationReport'
2023-07-21 02:45:41.065 TRACE 29880 --- [           main] o.s.b.f.s.DefaultListableBeanFactory     : Returning cached instance of singleton bean 'autoConfigurationReport'
2023-07-21 02:45:41.065 TRACE 29880 --- [           main] o.s.b.f.s.DefaultListableBeanFactory     : Returning cached instance of singleton bean 'autoConfigurationReport'
2023-07-21 02:45:41.065 TRACE 29880 --- [           main] o.s.b.f.s.DefaultListableBeanFactory     : Returning cached instance of singleton bean 'autoConfigurationReport'
2023-07-21 02:45:41.065 TRACE 29880 --- [           main] o.s.b.a.condition.OnClassCondition       : Condition OnClassCondition on org.springframework.boot.autoconfigure.dao.PersistenceExceptionTranslationAutoConfiguration matched due to @ConditionalOnClass found required class 'org.springframework.dao.annotation.PersistenceExceptionTranslationPostProcessor'
2023-07-21 02:45:41.065 TRACE 29880 --- [           main] o.s.b.f.s.DefaultListableBeanFactory     : Returning cached instance of singleton bean 'autoConfigurationReport'
2023-07-21 02:45:41.065 TRACE 29880 --- [           main] o.s.b.f.s.DefaultListableBeanFactory     : Returning cached instance of singleton bean 'autoConfigurationReport'
2023-07-21 02:45:41.065 TRACE 29880 --- [           main] o.s.b.f.s.DefaultListableBeanFactory     : Returning cached instance of singleton bean 'autoConfigurationReport'
2023-07-21 02:45:41.065 TRACE 29880 --- [           main] o.s.b.f.s.DefaultListableBeanFactory     : Returning cached instance of singleton bean 'autoConfigurationReport'
2023-07-21 02:45:41.066 TRACE 29880 --- [           main] o.s.b.f.s.DefaultListableBeanFactory     : Returning cached instance of singleton bean 'autoConfigurationReport'
2023-07-21 02:45:41.066 TRACE 29880 --- [           main] o.s.b.f.s.DefaultListableBeanFactory     : Returning cached instance of singleton bean 'autoConfigurationReport'
2023-07-21 02:45:41.066 TRACE 29880 --- [           main] o.s.b.f.s.DefaultListableBeanFactory     : Returning cached instance of singleton bean 'autoConfigurationReport'
2023-07-21 02:45:41.066 TRACE 29880 --- [           main] o.s.b.f.s.DefaultListableBeanFactory     : Returning cached instance of singleton bean 'autoConfigurationReport'
2023-07-21 02:45:41.066 TRACE 29880 --- [           main] o.s.b.f.s.DefaultListableBeanFactory     : Returning cached instance of singleton bean 'autoConfigurationReport'
2023-07-21 02:45:41.066 TRACE 29880 --- [           main] o.s.b.f.s.DefaultListableBeanFactory     : Returning cached instance of singleton bean 'autoConfigurationReport'
2023-07-21 02:45:41.068 TRACE 29880 --- [           main] o.s.b.a.condition.OnClassCondition       : Condition OnClassCondition on org.springframework.boot.autoconfigure.data.jpa.JpaRepositoriesAutoConfiguration matched due to @ConditionalOnClass found required class 'org.springframework.data.jpa.repository.JpaRepository'
2023-07-21 02:45:41.068 TRACE 29880 --- [           main] o.s.b.f.s.DefaultListableBeanFactory     : Returning cached instance of singleton bean 'autoConfigurationReport'
2023-07-21 02:45:41.069 TRACE 29880 --- [           main] o.s.b.a.condition.OnPropertyCondition    : Condition OnPropertyCondition on org.springframework.boot.autoconfigure.data.jpa.JpaRepositoriesAutoConfiguration matched due to @ConditionalOnProperty (spring.data.jpa.repositories.enabled=true) matched
2023-07-21 02:45:41.069 TRACE 29880 --- [           main] o.s.b.f.s.DefaultListableBeanFactory     : Returning cached instance of singleton bean 'autoConfigurationReport'
2023-07-21 02:45:41.069 TRACE 29880 --- [           main] o.s.b.f.s.DefaultListableBeanFactory     : Returning cached instance of singleton bean 'autoConfigurationReport'
2023-07-21 02:45:41.069 TRACE 29880 --- [           main] o.s.b.f.s.DefaultListableBeanFactory     : Returning cached instance of singleton bean 'autoConfigurationReport'
2023-07-21 02:45:41.069 TRACE 29880 --- [           main] o.s.b.f.s.DefaultListableBeanFactory     : Returning cached instance of singleton bean 'autoConfigurationReport'
2023-07-21 02:45:41.073 TRACE 29880 --- [           main] o.s.b.f.s.DefaultListableBeanFactory     : Returning cached instance of singleton bean 'autoConfigurationReport'
2023-07-21 02:45:41.073 TRACE 29880 --- [           main] o.s.b.f.s.DefaultListableBeanFactory     : Returning cached instance of singleton bean 'autoConfigurationReport'
2023-07-21 02:45:41.073 TRACE 29880 --- [           main] o.s.b.f.s.DefaultListableBeanFactory     : Returning cached instance of singleton bean 'autoConfigurationReport'
2023-07-21 02:45:41.079 TRACE 29880 --- [           main] o.s.b.f.s.DefaultListableBeanFactory     : Returning cached instance of singleton bean 'autoConfigurationReport'
2023-07-21 02:45:41.079 TRACE 29880 --- [           main] o.s.b.f.s.DefaultListableBeanFactory     : Returning cached instance of singleton bean 'autoConfigurationReport'
2023-07-21 02:45:41.079 TRACE 29880 --- [           main] o.s.b.f.s.DefaultListableBeanFactory     : Returning cached instance of singleton bean 'autoConfigurationReport'
2023-07-21 02:45:41.079 TRACE 29880 --- [           main] o.s.b.f.s.DefaultListableBeanFactory     : Returning cached instance of singleton bean 'autoConfigurationReport'
2023-07-21 02:45:41.079 TRACE 29880 --- [           main] o.s.b.f.s.DefaultListableBeanFactory     : Returning cached instance of singleton bean 'autoConfigurationReport'
2023-07-21 02:45:41.079 TRACE 29880 --- [           main] o.s.b.f.s.DefaultListableBeanFactory     : Returning cached instance of singleton bean 'autoConfigurationReport'
2023-07-21 02:45:41.082 TRACE 29880 --- [           main] o.s.b.a.condition.OnClassCondition       : Condition OnClassCondition on org.springframework.boot.autoconfigure.http.HttpMessageConvertersAutoConfiguration matched due to @ConditionalOnClass found required class 'org.springframework.http.converter.HttpMessageConverter'
2023-07-21 02:45:41.082 TRACE 29880 --- [           main] o.s.b.f.s.DefaultListableBeanFactory     : Returning cached instance of singleton bean 'autoConfigurationReport'
2023-07-21 02:45:41.083 TRACE 29880 --- [           main] ation$NotReactiveWebApplicationCondition : Condition HttpMessageConvertersAutoConfiguration.NotReactiveWebApplicationCondition on org.springframework.boot.autoconfigure.http.HttpMessageConvertersAutoConfiguration matched due to NoneNestedConditions 0 matched 1 did not; NestedCondition on HttpMessageConvertersAutoConfiguration.NotReactiveWebApplicationCondition.ReactiveWebApplication did not find reactive web application classes
2023-07-21 02:45:41.083 TRACE 29880 --- [           main] o.s.b.f.s.DefaultListableBeanFactory     : Returning cached instance of singleton bean 'autoConfigurationReport'
2023-07-21 02:45:41.083 TRACE 29880 --- [           main] o.s.b.f.s.DefaultListableBeanFactory     : Returning cached instance of singleton bean 'autoConfigurationReport'
2023-07-21 02:45:41.083 TRACE 29880 --- [           main] o.s.b.f.s.DefaultListableBeanFactory     : Returning cached instance of singleton bean 'autoConfigurationReport'
2023-07-21 02:45:41.083 TRACE 29880 --- [           main] o.s.b.f.s.DefaultListableBeanFactory     : Returning cached instance of singleton bean 'autoConfigurationReport'
2023-07-21 02:45:41.084 TRACE 29880 --- [           main] o.s.b.a.condition.OnClassCondition       : Condition OnClassCondition on org.springframework.boot.autoconfigure.http.HttpMessageConvertersAutoConfiguration$StringHttpMessageConverterConfiguration matched due to @ConditionalOnClass found required class 'org.springframework.http.converter.StringHttpMessageConverter'
2023-07-21 02:45:41.084 TRACE 29880 --- [           main] o.s.b.f.s.DefaultListableBeanFactory     : Returning cached instance of singleton bean 'autoConfigurationReport'
2023-07-21 02:45:41.085 TRACE 29880 --- [           main] o.s.b.f.s.DefaultListableBeanFactory     : Returning cached instance of singleton bean 'autoConfigurationReport'
2023-07-21 02:45:41.085 TRACE 29880 --- [           main] o.s.b.f.s.DefaultListableBeanFactory     : Returning cached instance of singleton bean 'autoConfigurationReport'
2023-07-21 02:45:41.085 TRACE 29880 --- [           main] o.s.b.f.s.DefaultListableBeanFactory     : Returning cached instance of singleton bean 'autoConfigurationReport'
2023-07-21 02:45:41.086 TRACE 29880 --- [           main] o.s.b.f.s.DefaultListableBeanFactory     : Returning cached instance of singleton bean 'autoConfigurationReport'
2023-07-21 02:45:41.086 TRACE 29880 --- [           main] o.s.b.f.s.DefaultListableBeanFactory     : Returning cached instance of singleton bean 'autoConfigurationReport'
2023-07-21 02:45:41.086 TRACE 29880 --- [           main] o.s.b.f.s.DefaultListableBeanFactory     : Returning cached instance of singleton bean 'autoConfigurationReport'
2023-07-21 02:45:41.088 TRACE 29880 --- [           main] o.s.b.a.condition.OnClassCondition       : Condition OnClassCondition on org.springframework.boot.autoconfigure.http.JacksonHttpMessageConvertersConfiguration$MappingJackson2XmlHttpMessageConverterConfiguration did not match due to @ConditionalOnClass did not find required class 'com.fasterxml.jackson.dataformat.xml.XmlMapper'
2023-07-21 02:45:41.088 TRACE 29880 --- [           main] o.s.b.f.s.DefaultListableBeanFactory     : Returning cached instance of singleton bean 'autoConfigurationReport'
2023-07-21 02:45:41.088 TRACE 29880 --- [           main] o.s.b.a.condition.OnClassCondition       : Condition OnClassCondition on org.springframework.boot.autoconfigure.http.JacksonHttpMessageConvertersConfiguration$MappingJackson2HttpMessageConverterConfiguration matched due to @ConditionalOnClass found required class 'com.fasterxml.jackson.databind.ObjectMapper'
2023-07-21 02:45:41.088 TRACE 29880 --- [           main] o.s.b.f.s.DefaultListableBeanFactory     : Returning cached instance of singleton bean 'autoConfigurationReport'
2023-07-21 02:45:41.089 TRACE 29880 --- [           main] o.s.b.a.condition.OnPropertyCondition    : Condition OnPropertyCondition on org.springframework.boot.autoconfigure.http.JacksonHttpMessageConvertersConfiguration$MappingJackson2HttpMessageConverterConfiguration matched due to @ConditionalOnProperty (spring.mvc.converters.preferred-json-mapper=jackson) matched
2023-07-21 02:45:41.089 TRACE 29880 --- [           main] o.s.b.f.s.DefaultListableBeanFactory     : Returning cached instance of singleton bean 'autoConfigurationReport'
2023-07-21 02:45:41.089 TRACE 29880 --- [           main] o.s.b.f.s.DefaultListableBeanFactory     : Returning cached instance of singleton bean 'autoConfigurationReport'
2023-07-21 02:45:41.089 TRACE 29880 --- [           main] o.s.b.f.s.DefaultListableBeanFactory     : Returning cached instance of singleton bean 'autoConfigurationReport'
2023-07-21 02:45:41.089 TRACE 29880 --- [           main] o.s.b.f.s.DefaultListableBeanFactory     : Returning cached instance of singleton bean 'autoConfigurationReport'
2023-07-21 02:45:41.090 TRACE 29880 --- [           main] o.s.b.a.condition.OnClassCondition       : Condition OnClassCondition on org.springframework.boot.autoconfigure.http.GsonHttpMessageConvertersConfiguration did not match due to @ConditionalOnClass did not find required class 'com.google.gson.Gson'
2023-07-21 02:45:41.090 TRACE 29880 --- [           main] o.s.b.f.s.DefaultListableBeanFactory     : Returning cached instance of singleton bean 'autoConfigurationReport'
2023-07-21 02:45:41.090 TRACE 29880 --- [           main] o.s.b.a.condition.OnClassCondition       : Condition OnClassCondition on org.springframework.boot.autoconfigure.http.JsonbHttpMessageConvertersConfiguration did not match due to @ConditionalOnClass did not find required class 'javax.json.bind.Jsonb'
2023-07-21 02:45:41.090 TRACE 29880 --- [           main] o.s.b.f.s.DefaultListableBeanFactory     : Returning cached instance of singleton bean 'autoConfigurationReport'
2023-07-21 02:45:41.090 TRACE 29880 --- [           main] o.s.b.f.s.DefaultListableBeanFactory     : Returning cached instance of singleton bean 'autoConfigurationReport'
2023-07-21 02:45:41.091 TRACE 29880 --- [           main] o.s.b.f.s.DefaultListableBeanFactory     : Returning cached instance of singleton bean 'autoConfigurationReport'
2023-07-21 02:45:41.091 TRACE 29880 --- [           main] o.s.b.f.s.DefaultListableBeanFactory     : Returning cached instance of singleton bean 'autoConfigurationReport'
2023-07-21 02:45:41.091 TRACE 29880 --- [           main] o.s.b.f.s.DefaultListableBeanFactory     : Returning cached instance of singleton bean 'autoConfigurationReport'
2023-07-21 02:45:41.091 TRACE 29880 --- [           main] o.s.b.f.s.DefaultListableBeanFactory     : Returning cached instance of singleton bean 'autoConfigurationReport'
2023-07-21 02:45:41.091 TRACE 29880 --- [           main] o.s.b.f.s.DefaultListableBeanFactory     : Returning cached instance of singleton bean 'autoConfigurationReport'
2023-07-21 02:45:41.094 TRACE 29880 --- [           main] o.s.b.a.condition.OnClassCondition       : Condition OnClassCondition on org.springframework.boot.autoconfigure.data.web.SpringDataWebAutoConfiguration matched due to @ConditionalOnClass found required classes 'org.springframework.data.web.PageableHandlerMethodArgumentResolver', 'org.springframework.web.servlet.config.annotation.WebMvcConfigurer'
2023-07-21 02:45:41.094 TRACE 29880 --- [           main] o.s.b.f.s.DefaultListableBeanFactory     : Returning cached instance of singleton bean 'autoConfigurationReport'
2023-07-21 02:45:41.094 TRACE 29880 --- [           main] o.s.b.a.c.OnWebApplicationCondition      : Condition OnWebApplicationCondition on org.springframework.boot.autoconfigure.data.web.SpringDataWebAutoConfiguration matched due to found 'session' scope
2023-07-21 02:45:41.094 TRACE 29880 --- [           main] o.s.b.f.s.DefaultListableBeanFactory     : Returning cached instance of singleton bean 'autoConfigurationReport'
2023-07-21 02:45:41.094 TRACE 29880 --- [           main] o.s.b.f.s.DefaultListableBeanFactory     : Returning cached instance of singleton bean 'autoConfigurationReport'
2023-07-21 02:45:41.094 TRACE 29880 --- [           main] o.s.b.f.s.DefaultListableBeanFactory     : Returning cached instance of singleton bean 'autoConfigurationReport'
2023-07-21 02:45:41.094 TRACE 29880 --- [           main] o.s.b.f.s.DefaultListableBeanFactory     : Returning cached instance of singleton bean 'autoConfigurationReport'
2023-07-21 02:45:41.101 TRACE 29880 --- [           main] o.s.b.f.s.DefaultListableBeanFactory     : Returning cached instance of singleton bean 'autoConfigurationReport'
2023-07-21 02:45:41.102 TRACE 29880 --- [           main] o.s.b.f.s.DefaultListableBeanFactory     : Returning cached instance of singleton bean 'autoConfigurationReport'
2023-07-21 02:45:41.102 TRACE 29880 --- [           main] o.s.b.f.s.DefaultListableBeanFactory     : Returning cached instance of singleton bean 'autoConfigurationReport'
2023-07-21 02:45:41.102 TRACE 29880 --- [           main] o.s.b.f.s.DefaultListableBeanFactory     : Returning cached instance of singleton bean 'autoConfigurationReport'
2023-07-21 02:45:41.102 TRACE 29880 --- [           main] o.s.b.f.s.DefaultListableBeanFactory     : Returning cached instance of singleton bean 'autoConfigurationReport'
2023-07-21 02:45:41.102 TRACE 29880 --- [           main] o.s.b.f.s.DefaultListableBeanFactory     : Returning cached instance of singleton bean 'autoConfigurationReport'
2023-07-21 02:45:41.103 TRACE 29880 --- [           main] o.s.b.f.s.DefaultListableBeanFactory     : Returning cached instance of singleton bean 'autoConfigurationReport'
2023-07-21 02:45:41.103 TRACE 29880 --- [           main] o.s.b.f.s.DefaultListableBeanFactory     : Returning cached instance of singleton bean 'autoConfigurationReport'
2023-07-21 02:45:41.103 TRACE 29880 --- [           main] o.s.b.f.s.DefaultListableBeanFactory     : Returning cached instance of singleton bean 'autoConfigurationReport'
2023-07-21 02:45:41.104 TRACE 29880 --- [           main] o.s.b.f.s.DefaultListableBeanFactory     : Returning cached instance of singleton bean 'autoConfigurationReport'
2023-07-21 02:45:41.104 TRACE 29880 --- [           main] o.s.b.f.s.DefaultListableBeanFactory     : Returning cached instance of singleton bean 'autoConfigurationReport'
2023-07-21 02:45:41.104 TRACE 29880 --- [           main] o.s.b.f.s.DefaultListableBeanFactory     : Returning cached instance of singleton bean 'autoConfigurationReport'
2023-07-21 02:45:41.105 TRACE 29880 --- [           main] o.s.b.f.s.DefaultListableBeanFactory     : Returning cached instance of singleton bean 'autoConfigurationReport'
2023-07-21 02:45:41.105 TRACE 29880 --- [           main] o.s.b.f.s.DefaultListableBeanFactory     : Returning cached instance of singleton bean 'autoConfigurationReport'
2023-07-21 02:45:41.105 TRACE 29880 --- [           main] o.s.b.f.s.DefaultListableBeanFactory     : Returning cached instance of singleton bean 'autoConfigurationReport'
2023-07-21 02:45:41.105 TRACE 29880 --- [           main] o.s.b.f.s.DefaultListableBeanFactory     : Returning cached instance of singleton bean 'autoConfigurationReport'
2023-07-21 02:45:41.105 TRACE 29880 --- [           main] o.s.b.f.s.DefaultListableBeanFactory     : Returning cached instance of singleton bean 'autoConfigurationReport'
2023-07-21 02:45:41.105 TRACE 29880 --- [           main] o.s.b.f.s.DefaultListableBeanFactory     : Returning cached instance of singleton bean 'autoConfigurationReport'
2023-07-21 02:45:41.106 TRACE 29880 --- [           main] o.s.b.f.s.DefaultListableBeanFactory     : Returning cached instance of singleton bean 'autoConfigurationReport'
2023-07-21 02:45:41.106 TRACE 29880 --- [           main] o.s.b.f.s.DefaultListableBeanFactory     : Returning cached instance of singleton bean 'autoConfigurationReport'
2023-07-21 02:45:41.106 TRACE 29880 --- [           main] o.s.b.f.s.DefaultListableBeanFactory     : Returning cached instance of singleton bean 'autoConfigurationReport'
2023-07-21 02:45:41.107 TRACE 29880 --- [           main] o.s.b.f.s.DefaultListableBeanFactory     : Returning cached instance of singleton bean 'autoConfigurationReport'
2023-07-21 02:45:41.107 TRACE 29880 --- [           main] o.s.b.f.s.DefaultListableBeanFactory     : Returning cached instance of singleton bean 'autoConfigurationReport'
2023-07-21 02:45:41.107 TRACE 29880 --- [           main] o.s.b.f.s.DefaultListableBeanFactory     : Returning cached instance of singleton bean 'autoConfigurationReport'
2023-07-21 02:45:41.107 TRACE 29880 --- [           main] o.s.b.f.s.DefaultListableBeanFactory     : Returning cached instance of singleton bean 'autoConfigurationReport'
2023-07-21 02:45:41.107 TRACE 29880 --- [           main] o.s.b.f.s.DefaultListableBeanFactory     : Returning cached instance of singleton bean 'autoConfigurationReport'
2023-07-21 02:45:41.107 TRACE 29880 --- [           main] o.s.b.f.s.DefaultListableBeanFactory     : Returning cached instance of singleton bean 'autoConfigurationReport'
2023-07-21 02:45:41.108 TRACE 29880 --- [           main] o.s.b.f.s.DefaultListableBeanFactory     : Returning cached instance of singleton bean 'autoConfigurationReport'
2023-07-21 02:45:41.108 TRACE 29880 --- [           main] o.s.b.f.s.DefaultListableBeanFactory     : Returning cached instance of singleton bean 'autoConfigurationReport'
2023-07-21 02:45:41.108 TRACE 29880 --- [           main] o.s.b.f.s.DefaultListableBeanFactory     : Returning cached instance of singleton bean 'autoConfigurationReport'
2023-07-21 02:45:41.108 TRACE 29880 --- [           main] o.s.b.f.s.DefaultListableBeanFactory     : Returning cached instance of singleton bean 'autoConfigurationReport'
2023-07-21 02:45:41.108 TRACE 29880 --- [           main] o.s.b.f.s.DefaultListableBeanFactory     : Returning cached instance of singleton bean 'autoConfigurationReport'
2023-07-21 02:45:41.108 TRACE 29880 --- [           main] o.s.b.f.s.DefaultListableBeanFactory     : Returning cached instance of singleton bean 'autoConfigurationReport'
2023-07-21 02:45:41.109 TRACE 29880 --- [           main] o.s.b.a.condition.OnClassCondition       : Condition OnClassCondition on org.springframework.boot.autoconfigure.jdbc.JdbcTemplateAutoConfiguration matched due to @ConditionalOnClass found required classes 'javax.sql.DataSource', 'org.springframework.jdbc.core.JdbcTemplate'
2023-07-21 02:45:41.109 TRACE 29880 --- [           main] o.s.b.f.s.DefaultListableBeanFactory     : Returning cached instance of singleton bean 'autoConfigurationReport'
2023-07-21 02:45:41.109 TRACE 29880 --- [           main] o.s.b.f.s.DefaultListableBeanFactory     : Returning cached instance of singleton bean 'autoConfigurationReport'
2023-07-21 02:45:41.109 TRACE 29880 --- [           main] o.s.b.f.s.DefaultListableBeanFactory     : Returning cached instance of singleton bean 'autoConfigurationReport'
2023-07-21 02:45:41.109 TRACE 29880 --- [           main] o.s.b.f.s.DefaultListableBeanFactory     : Returning cached instance of singleton bean 'autoConfigurationReport'
2023-07-21 02:45:41.111 TRACE 29880 --- [           main] o.s.b.f.s.DefaultListableBeanFactory     : Returning cached instance of singleton bean 'autoConfigurationReport'
2023-07-21 02:45:41.111 TRACE 29880 --- [           main] o.s.b.f.s.DefaultListableBeanFactory     : Returning cached instance of singleton bean 'autoConfigurationReport'
2023-07-21 02:45:41.111 TRACE 29880 --- [           main] o.s.b.f.s.DefaultListableBeanFactory     : Returning cached instance of singleton bean 'autoConfigurationReport'
2023-07-21 02:45:41.111 TRACE 29880 --- [           main] o.s.b.f.s.DefaultListableBeanFactory     : Returning cached instance of singleton bean 'autoConfigurationReport'
2023-07-21 02:45:41.111 TRACE 29880 --- [           main] o.s.b.f.s.DefaultListableBeanFactory     : Returning cached instance of singleton bean 'autoConfigurationReport'
2023-07-21 02:45:41.111 TRACE 29880 --- [           main] o.s.b.f.s.DefaultListableBeanFactory     : Returning cached instance of singleton bean 'autoConfigurationReport'
2023-07-21 02:45:41.111 TRACE 29880 --- [           main] o.s.b.f.s.DefaultListableBeanFactory     : Returning cached instance of singleton bean 'autoConfigurationReport'
2023-07-21 02:45:41.111 TRACE 29880 --- [           main] o.s.b.f.s.DefaultListableBeanFactory     : Returning cached instance of singleton bean 'autoConfigurationReport'
2023-07-21 02:45:41.111 TRACE 29880 --- [           main] o.s.b.f.s.DefaultListableBeanFactory     : Returning cached instance of singleton bean 'autoConfigurationReport'
2023-07-21 02:45:41.111 TRACE 29880 --- [           main] o.s.b.f.s.DefaultListableBeanFactory     : Returning cached instance of singleton bean 'autoConfigurationReport'
2023-07-21 02:45:41.111 TRACE 29880 --- [           main] o.s.b.f.s.DefaultListableBeanFactory     : Returning cached instance of singleton bean 'autoConfigurationReport'
2023-07-21 02:45:41.111 TRACE 29880 --- [           main] o.s.b.f.s.DefaultListableBeanFactory     : Returning cached instance of singleton bean 'autoConfigurationReport'
2023-07-21 02:45:41.112 TRACE 29880 --- [           main] o.s.b.a.condition.OnClassCondition       : Condition OnClassCondition on org.springframework.boot.autoconfigure.security.oauth2.client.servlet.OAuth2ClientAutoConfiguration matched due to @ConditionalOnClass found required classes 'org.springframework.security.config.annotation.web.configuration.EnableWebSecurity', 'org.springframework.security.oauth2.client.registration.ClientRegistration'
2023-07-21 02:45:41.112 TRACE 29880 --- [           main] o.s.b.f.s.DefaultListableBeanFactory     : Returning cached instance of singleton bean 'autoConfigurationReport'
2023-07-21 02:45:41.112 TRACE 29880 --- [           main] o.s.b.a.c.OnWebApplicationCondition      : Condition OnWebApplicationCondition on org.springframework.boot.autoconfigure.security.oauth2.client.servlet.OAuth2ClientAutoConfiguration matched due to found 'session' scope
2023-07-21 02:45:41.112 TRACE 29880 --- [           main] o.s.b.f.s.DefaultListableBeanFactory     : Returning cached instance of singleton bean 'autoConfigurationReport'
2023-07-21 02:45:41.112 TRACE 29880 --- [           main] o.s.b.f.s.DefaultListableBeanFactory     : Returning cached instance of singleton bean 'autoConfigurationReport'
2023-07-21 02:45:41.112 TRACE 29880 --- [           main] o.s.b.f.s.DefaultListableBeanFactory     : Returning cached instance of singleton bean 'autoConfigurationReport'
2023-07-21 02:45:41.112 TRACE 29880 --- [           main] o.s.b.f.s.DefaultListableBeanFactory     : Returning cached instance of singleton bean 'autoConfigurationReport'
2023-07-21 02:45:41.125 TRACE 29880 --- [           main] o.s.b.a.s.o.c.ClientsConfiguredCondition : Condition ClientsConfiguredCondition on org.springframework.boot.autoconfigure.security.oauth2.client.servlet.OAuth2ClientRegistrationRepositoryConfiguration matched due to OAuth2 Clients Configured Condition found registered clients 253761577221-507jgbrqdmq9splsoh3j4t4ir8nq2ss1.apps.googleusercontent.com, 6437993349616335, e9f7c951792728e3fceb
2023-07-21 02:45:41.125 TRACE 29880 --- [           main] o.s.b.f.s.DefaultListableBeanFactory     : Returning cached instance of singleton bean 'autoConfigurationReport'
2023-07-21 02:45:41.125 TRACE 29880 --- [           main] o.s.b.f.s.DefaultListableBeanFactory     : Returning cached instance of singleton bean 'autoConfigurationReport'
2023-07-21 02:45:41.125 TRACE 29880 --- [           main] o.s.b.f.s.DefaultListableBeanFactory     : Returning cached instance of singleton bean 'autoConfigurationReport'
2023-07-21 02:45:41.125 TRACE 29880 --- [           main] o.s.b.f.s.DefaultListableBeanFactory     : Returning cached instance of singleton bean 'autoConfigurationReport'
2023-07-21 02:45:41.125 TRACE 29880 --- [           main] o.s.b.f.s.DefaultListableBeanFactory     : Returning cached instance of singleton bean 'autoConfigurationReport'
2023-07-21 02:45:41.125 TRACE 29880 --- [           main] o.s.b.f.s.DefaultListableBeanFactory     : Returning cached instance of singleton bean 'autoConfigurationReport'
2023-07-21 02:45:41.125 TRACE 29880 --- [           main] o.s.b.f.s.DefaultListableBeanFactory     : Returning cached instance of singleton bean 'autoConfigurationReport'
2023-07-21 02:45:41.129 TRACE 29880 --- [           main] o.s.b.f.s.DefaultListableBeanFactory     : Returning cached instance of singleton bean 'autoConfigurationReport'
2023-07-21 02:45:41.129 TRACE 29880 --- [           main] o.s.b.f.s.DefaultListableBeanFactory     : Returning cached instance of singleton bean 'autoConfigurationReport'
2023-07-21 02:45:41.129 TRACE 29880 --- [           main] o.s.b.f.s.DefaultListableBeanFactory     : Returning cached instance of singleton bean 'autoConfigurationReport'
2023-07-21 02:45:41.130 TRACE 29880 --- [           main] o.s.b.f.s.DefaultListableBeanFactory     : Returning cached instance of singleton bean 'autoConfigurationReport'
2023-07-21 02:45:41.130 TRACE 29880 --- [           main] o.s.b.f.s.DefaultListableBeanFactory     : Returning cached instance of singleton bean 'autoConfigurationReport'
2023-07-21 02:45:41.130 TRACE 29880 --- [           main] o.s.b.f.s.DefaultListableBeanFactory     : Returning cached instance of singleton bean 'autoConfigurationReport'
2023-07-21 02:45:41.131 TRACE 29880 --- [           main] o.s.b.f.s.DefaultListableBeanFactory     : Returning cached instance of singleton bean 'autoConfigurationReport'
2023-07-21 02:45:41.131 TRACE 29880 --- [           main] o.s.b.f.s.DefaultListableBeanFactory     : Returning cached instance of singleton bean 'autoConfigurationReport'
2023-07-21 02:45:41.131 TRACE 29880 --- [           main] o.s.b.f.s.DefaultListableBeanFactory     : Returning cached instance of singleton bean 'autoConfigurationReport'
2023-07-21 02:45:41.132 TRACE 29880 --- [           main] o.s.b.a.condition.OnClassCondition       : Condition OnClassCondition on org.springframework.boot.autoconfigure.security.reactive.ReactiveUserDetailsServiceAutoConfiguration matched due to @ConditionalOnClass found required class 'org.springframework.security.authentication.ReactiveAuthenticationManager'
2023-07-21 02:45:41.132 TRACE 29880 --- [           main] o.s.b.f.s.DefaultListableBeanFactory     : Returning cached instance of singleton bean 'autoConfigurationReport'
2023-07-21 02:45:41.132 TRACE 29880 --- [           main] o.s.b.f.s.DefaultListableBeanFactory     : Returning cached instance of singleton bean 'autoConfigurationReport'
2023-07-21 02:45:41.132 TRACE 29880 --- [           main] o.s.b.f.s.DefaultListableBeanFactory     : Returning cached instance of singleton bean 'autoConfigurationReport'
2023-07-21 02:45:41.132 TRACE 29880 --- [           main] o.s.b.f.s.DefaultListableBeanFactory     : Returning cached instance of singleton bean 'autoConfigurationReport'
2023-07-21 02:45:41.133 TRACE 29880 --- [           main] o.s.b.f.s.DefaultListableBeanFactory     : Returning cached instance of singleton bean 'autoConfigurationReport'
2023-07-21 02:45:41.133 TRACE 29880 --- [           main] o.s.b.f.s.DefaultListableBeanFactory     : Returning cached instance of singleton bean 'autoConfigurationReport'
2023-07-21 02:45:41.133 TRACE 29880 --- [           main] o.s.b.f.s.DefaultListableBeanFactory     : Returning cached instance of singleton bean 'autoConfigurationReport'
2023-07-21 02:45:41.133 TRACE 29880 --- [           main] o.s.b.f.s.DefaultListableBeanFactory     : Returning cached instance of singleton bean 'autoConfigurationReport'
2023-07-21 02:45:41.133 TRACE 29880 --- [           main] o.s.b.f.s.DefaultListableBeanFactory     : Returning cached instance of singleton bean 'autoConfigurationReport'
2023-07-21 02:45:41.133 TRACE 29880 --- [           main] o.s.b.f.s.DefaultListableBeanFactory     : Returning cached instance of singleton bean 'autoConfigurationReport'
2023-07-21 02:45:41.134 TRACE 29880 --- [           main] o.s.b.a.condition.OnClassCondition       : Condition OnClassCondition on org.springframework.boot.autoconfigure.security.servlet.SecurityAutoConfiguration matched due to @ConditionalOnClass found required class 'org.springframework.security.authentication.DefaultAuthenticationEventPublisher'
2023-07-21 02:45:41.134 TRACE 29880 --- [           main] o.s.b.f.s.DefaultListableBeanFactory     : Returning cached instance of singleton bean 'autoConfigurationReport'
2023-07-21 02:45:41.134 TRACE 29880 --- [           main] o.s.b.f.s.DefaultListableBeanFactory     : Returning cached instance of singleton bean 'autoConfigurationReport'
2023-07-21 02:45:41.134 TRACE 29880 --- [           main] o.s.b.f.s.DefaultListableBeanFactory     : Returning cached instance of singleton bean 'autoConfigurationReport'
2023-07-21 02:45:41.134 TRACE 29880 --- [           main] o.s.b.f.s.DefaultListableBeanFactory     : Returning cached instance of singleton bean 'autoConfigurationReport'
2023-07-21 02:45:41.135 TRACE 29880 --- [           main] o.s.b.a.c.OnWebApplicationCondition      : Condition OnWebApplicationCondition on org.springframework.boot.autoconfigure.security.servlet.SpringBootWebSecurityConfiguration matched due to found 'session' scope
2023-07-21 02:45:41.135 TRACE 29880 --- [           main] o.s.b.f.s.DefaultListableBeanFactory     : Returning cached instance of singleton bean 'autoConfigurationReport'
2023-07-21 02:45:41.135 TRACE 29880 --- [           main] o.s.b.f.s.DefaultListableBeanFactory     : Returning cached instance of singleton bean 'autoConfigurationReport'
2023-07-21 02:45:41.135 TRACE 29880 --- [           main] o.s.b.f.s.DefaultListableBeanFactory     : Returning cached instance of singleton bean 'autoConfigurationReport'
2023-07-21 02:45:41.135 TRACE 29880 --- [           main] o.s.b.f.s.DefaultListableBeanFactory     : Returning cached instance of singleton bean 'autoConfigurationReport'
2023-07-21 02:45:41.137 TRACE 29880 --- [           main] o.s.b.a.condition.OnClassCondition       : Condition OnClassCondition on org.springframework.boot.autoconfigure.security.servlet.SpringBootWebSecurityConfiguration$WebSecurityEnablerConfiguration matched due to @ConditionalOnClass found required class 'org.springframework.security.config.annotation.web.configuration.EnableWebSecurity'
2023-07-21 02:45:41.137 TRACE 29880 --- [           main] o.s.b.f.s.DefaultListableBeanFactory     : Returning cached instance of singleton bean 'autoConfigurationReport'
2023-07-21 02:45:41.137 TRACE 29880 --- [           main] o.s.b.f.s.DefaultListableBeanFactory     : Returning cached instance of singleton bean 'autoConfigurationReport'
2023-07-21 02:45:41.137 TRACE 29880 --- [           main] o.s.b.f.s.DefaultListableBeanFactory     : Returning cached instance of singleton bean 'autoConfigurationReport'
2023-07-21 02:45:41.137 TRACE 29880 --- [           main] o.s.b.f.s.DefaultListableBeanFactory     : Returning cached instance of singleton bean 'autoConfigurationReport'
2023-07-21 02:45:41.138 TRACE 29880 --- [           main] o.s.b.f.s.DefaultListableBeanFactory     : Returning cached instance of singleton bean 'autoConfigurationReport'
2023-07-21 02:45:41.138 TRACE 29880 --- [           main] o.s.b.f.s.DefaultListableBeanFactory     : Returning cached instance of singleton bean 'autoConfigurationReport'
2023-07-21 02:45:41.138 TRACE 29880 --- [           main] o.s.b.f.s.DefaultListableBeanFactory     : Returning cached instance of singleton bean 'autoConfigurationReport'
2023-07-21 02:45:41.139 TRACE 29880 --- [           main] o.s.b.f.s.DefaultListableBeanFactory     : Returning cached instance of singleton bean 'autoConfigurationReport'
2023-07-21 02:45:41.139 TRACE 29880 --- [           main] o.s.b.f.s.DefaultListableBeanFactory     : Returning cached instance of singleton bean 'autoConfigurationReport'
2023-07-21 02:45:41.139 TRACE 29880 --- [           main] o.s.b.f.s.DefaultListableBeanFactory     : Returning cached instance of singleton bean 'autoConfigurationReport'
2023-07-21 02:45:41.141 TRACE 29880 --- [           main] o.s.b.a.condition.OnClassCondition       : Condition OnClassCondition on org.springframework.boot.autoconfigure.security.servlet.SpringBootWebSecurityConfiguration$ErrorPageSecurityFilterConfiguration matched due to @ConditionalOnClass found required class 'org.springframework.security.web.access.WebInvocationPrivilegeEvaluator'
2023-07-21 02:45:41.141 TRACE 29880 --- [           main] o.s.b.f.s.DefaultListableBeanFactory     : Returning cached instance of singleton bean 'autoConfigurationReport'
2023-07-21 02:45:41.141 TRACE 29880 --- [           main] o.s.b.f.s.DefaultListableBeanFactory     : Returning cached instance of singleton bean 'autoConfigurationReport'
2023-07-21 02:45:41.141 TRACE 29880 --- [           main] o.s.b.f.s.DefaultListableBeanFactory     : Returning cached instance of singleton bean 'autoConfigurationReport'
2023-07-21 02:45:41.141 TRACE 29880 --- [           main] o.s.b.f.s.DefaultListableBeanFactory     : Returning cached instance of singleton bean 'autoConfigurationReport'
2023-07-21 02:45:41.141 TRACE 29880 --- [           main] o.s.b.f.s.DefaultListableBeanFactory     : Returning cached instance of singleton bean 'autoConfigurationReport'
2023-07-21 02:45:41.141 TRACE 29880 --- [           main] o.s.b.f.s.DefaultListableBeanFactory     : Returning cached instance of singleton bean 'autoConfigurationReport'
2023-07-21 02:45:41.141 TRACE 29880 --- [           main] o.s.b.f.s.DefaultListableBeanFactory     : Returning cached instance of singleton bean 'autoConfigurationReport'
2023-07-21 02:45:41.142 TRACE 29880 --- [           main] o.s.b.a.condition.OnClassCondition       : Condition OnClassCondition on org.springframework.boot.autoconfigure.security.SecurityDataConfiguration did not match due to @ConditionalOnClass did not find required class 'org.springframework.security.data.repository.query.SecurityEvaluationContextExtension'
2023-07-21 02:45:41.142 TRACE 29880 --- [           main] o.s.b.f.s.DefaultListableBeanFactory     : Returning cached instance of singleton bean 'autoConfigurationReport'
2023-07-21 02:45:41.142 TRACE 29880 --- [           main] o.s.b.f.s.DefaultListableBeanFactory     : Returning cached instance of singleton bean 'autoConfigurationReport'
2023-07-21 02:45:41.142 TRACE 29880 --- [           main] o.s.b.f.s.DefaultListableBeanFactory     : Returning cached instance of singleton bean 'autoConfigurationReport'
2023-07-21 02:45:41.142 TRACE 29880 --- [           main] o.s.b.f.s.DefaultListableBeanFactory     : Returning cached instance of singleton bean 'autoConfigurationReport'
2023-07-21 02:45:41.142 TRACE 29880 --- [           main] o.s.b.f.s.DefaultListableBeanFactory     : Returning cached instance of singleton bean 'autoConfigurationReport'
2023-07-21 02:45:41.142 TRACE 29880 --- [           main] o.s.b.f.s.DefaultListableBeanFactory     : Returning cached instance of singleton bean 'autoConfigurationReport'
2023-07-21 02:45:41.142 TRACE 29880 --- [           main] o.s.b.f.s.DefaultListableBeanFactory     : Returning cached instance of singleton bean 'autoConfigurationReport'
2023-07-21 02:45:41.143 TRACE 29880 --- [           main] o.s.b.a.condition.OnClassCondition       : Condition OnClassCondition on org.springframework.boot.autoconfigure.security.servlet.SecurityFilterAutoConfiguration matched due to @ConditionalOnClass found required classes 'org.springframework.security.web.context.AbstractSecurityWebApplicationInitializer', 'org.springframework.security.config.http.SessionCreationPolicy'
2023-07-21 02:45:41.143 TRACE 29880 --- [           main] o.s.b.f.s.DefaultListableBeanFactory     : Returning cached instance of singleton bean 'autoConfigurationReport'
2023-07-21 02:45:41.143 TRACE 29880 --- [           main] o.s.b.a.c.OnWebApplicationCondition      : Condition OnWebApplicationCondition on org.springframework.boot.autoconfigure.security.servlet.SecurityFilterAutoConfiguration matched due to found 'session' scope
2023-07-21 02:45:41.143 TRACE 29880 --- [           main] o.s.b.f.s.DefaultListableBeanFactory     : Returning cached instance of singleton bean 'autoConfigurationReport'
2023-07-21 02:45:41.143 TRACE 29880 --- [           main] o.s.b.f.s.DefaultListableBeanFactory     : Returning cached instance of singleton bean 'autoConfigurationReport'
2023-07-21 02:45:41.143 TRACE 29880 --- [           main] o.s.b.f.s.DefaultListableBeanFactory     : Returning cached instance of singleton bean 'autoConfigurationReport'
2023-07-21 02:45:41.143 TRACE 29880 --- [           main] o.s.b.f.s.DefaultListableBeanFactory     : Returning cached instance of singleton bean 'autoConfigurationReport'
2023-07-21 02:45:41.143 TRACE 29880 --- [           main] o.s.b.f.s.DefaultListableBeanFactory     : Returning cached instance of singleton bean 'autoConfigurationReport'
2023-07-21 02:45:41.143 TRACE 29880 --- [           main] o.s.b.f.s.DefaultListableBeanFactory     : Returning cached instance of singleton bean 'autoConfigurationReport'
2023-07-21 02:45:41.143 TRACE 29880 --- [           main] o.s.b.f.s.DefaultListableBeanFactory     : Returning cached instance of singleton bean 'autoConfigurationReport'
2023-07-21 02:45:41.143 TRACE 29880 --- [           main] o.s.b.f.s.DefaultListableBeanFactory     : Returning cached instance of singleton bean 'autoConfigurationReport'
2023-07-21 02:45:41.143 TRACE 29880 --- [           main] o.s.b.f.s.DefaultListableBeanFactory     : Returning cached instance of singleton bean 'autoConfigurationReport'
2023-07-21 02:45:41.143 TRACE 29880 --- [           main] o.s.b.f.s.DefaultListableBeanFactory     : Returning cached instance of singleton bean 'autoConfigurationReport'
2023-07-21 02:45:41.144 TRACE 29880 --- [           main] o.s.b.a.condition.OnClassCondition       : Condition OnClassCondition on org.springframework.boot.autoconfigure.security.servlet.UserDetailsServiceAutoConfiguration matched due to @ConditionalOnClass found required class 'org.springframework.security.authentication.AuthenticationManager'
2023-07-21 02:45:41.144 TRACE 29880 --- [           main] o.s.b.f.s.DefaultListableBeanFactory     : Returning cached instance of singleton bean 'autoConfigurationReport'
2023-07-21 02:45:41.144 TRACE 29880 --- [           main] o.s.b.f.s.DefaultListableBeanFactory     : Returning cached instance of singleton bean 'autoConfigurationReport'
2023-07-21 02:45:41.144 TRACE 29880 --- [           main] o.s.b.f.s.DefaultListableBeanFactory     : Returning cached instance of singleton bean 'autoConfigurationReport'
2023-07-21 02:45:41.144 TRACE 29880 --- [           main] o.s.b.f.s.DefaultListableBeanFactory     : Returning cached instance of singleton bean 'autoConfigurationReport'
2023-07-21 02:45:41.144 TRACE 29880 --- [           main] o.s.b.f.s.DefaultListableBeanFactory     : Returning cached instance of singleton bean 'autoConfigurationReport'
2023-07-21 02:45:41.144 TRACE 29880 --- [           main] o.s.b.f.s.DefaultListableBeanFactory     : Returning cached instance of singleton bean 'autoConfigurationReport'
2023-07-21 02:45:41.144 TRACE 29880 --- [           main] o.s.b.f.s.DefaultListableBeanFactory     : Returning cached instance of singleton bean 'autoConfigurationReport'
2023-07-21 02:45:41.144 TRACE 29880 --- [           main] o.s.b.f.s.DefaultListableBeanFactory     : Returning cached instance of singleton bean 'autoConfigurationReport'
2023-07-21 02:45:41.144 TRACE 29880 --- [           main] o.s.b.f.s.DefaultListableBeanFactory     : Returning cached instance of singleton bean 'autoConfigurationReport'
2023-07-21 02:45:41.144 TRACE 29880 --- [           main] o.s.b.f.s.DefaultListableBeanFactory     : Returning cached instance of singleton bean 'autoConfigurationReport'
2023-07-21 02:45:41.146 TRACE 29880 --- [           main] o.s.b.a.condition.OnPropertyCondition    : Condition OnPropertyCondition on org.springframework.boot.autoconfigure.sql.init.SqlInitializationAutoConfiguration matched due to @ConditionalOnProperty (spring.sql.init.enabled) matched
2023-07-21 02:45:41.146 TRACE 29880 --- [           main] o.s.b.f.s.DefaultListableBeanFactory     : Returning cached instance of singleton bean 'autoConfigurationReport'
2023-07-21 02:45:41.147 TRACE 29880 --- [           main] iguration$SqlInitializationModeCondition : Condition SqlInitializationAutoConfiguration.SqlInitializationModeCondition on org.springframework.boot.autoconfigure.sql.init.SqlInitializationAutoConfiguration matched due to NoneNestedConditions 0 matched 1 did not; NestedCondition on SqlInitializationAutoConfiguration.SqlInitializationModeCondition.ModeIsNever @ConditionalOnProperty (spring.sql.init.mode=never) did not find property 'mode'
2023-07-21 02:45:41.147 TRACE 29880 --- [           main] o.s.b.f.s.DefaultListableBeanFactory     : Returning cached instance of singleton bean 'autoConfigurationReport'
2023-07-21 02:45:41.147 TRACE 29880 --- [           main] o.s.b.f.s.DefaultListableBeanFactory     : Returning cached instance of singleton bean 'autoConfigurationReport'
2023-07-21 02:45:41.147 TRACE 29880 --- [           main] o.s.b.f.s.DefaultListableBeanFactory     : Returning cached instance of singleton bean 'autoConfigurationReport'
2023-07-21 02:45:41.147 TRACE 29880 --- [           main] o.s.b.f.s.DefaultListableBeanFactory     : Returning cached instance of singleton bean 'autoConfigurationReport'
2023-07-21 02:45:41.151 TRACE 29880 --- [           main] o.s.b.a.condition.OnClassCondition       : Condition OnClassCondition on org.springframework.boot.autoconfigure.sql.init.R2dbcInitializationConfiguration did not match due to @ConditionalOnClass did not find required classes 'io.r2dbc.spi.ConnectionFactory', 'org.springframework.r2dbc.connection.init.DatabasePopulator'
2023-07-21 02:45:41.151 TRACE 29880 --- [           main] o.s.b.f.s.DefaultListableBeanFactory     : Returning cached instance of singleton bean 'autoConfigurationReport'
2023-07-21 02:45:41.152 TRACE 29880 --- [           main] o.s.b.a.condition.OnClassCondition       : Condition OnClassCondition on org.springframework.boot.autoconfigure.sql.init.DataSourceInitializationConfiguration matched due to @ConditionalOnClass found required class 'org.springframework.jdbc.datasource.init.DatabasePopulator'
2023-07-21 02:45:41.152 TRACE 29880 --- [           main] o.s.b.f.s.DefaultListableBeanFactory     : Returning cached instance of singleton bean 'autoConfigurationReport'
2023-07-21 02:45:41.152 TRACE 29880 --- [           main] o.s.b.f.s.DefaultListableBeanFactory     : Returning cached instance of singleton bean 'autoConfigurationReport'
2023-07-21 02:45:41.152 TRACE 29880 --- [           main] o.s.b.f.s.DefaultListableBeanFactory     : Returning cached instance of singleton bean 'autoConfigurationReport'
2023-07-21 02:45:41.152 TRACE 29880 --- [           main] o.s.b.f.s.DefaultListableBeanFactory     : Returning cached instance of singleton bean 'autoConfigurationReport'
2023-07-21 02:45:41.152 TRACE 29880 --- [           main] o.s.b.f.s.DefaultListableBeanFactory     : Returning cached instance of singleton bean 'autoConfigurationReport'
2023-07-21 02:45:41.152 TRACE 29880 --- [           main] o.s.b.f.s.DefaultListableBeanFactory     : Returning cached instance of singleton bean 'autoConfigurationReport'
2023-07-21 02:45:41.152 TRACE 29880 --- [           main] o.s.b.f.s.DefaultListableBeanFactory     : Returning cached instance of singleton bean 'autoConfigurationReport'
2023-07-21 02:45:41.152 TRACE 29880 --- [           main] o.s.b.f.s.DefaultListableBeanFactory     : Returning cached instance of singleton bean 'autoConfigurationReport'
2023-07-21 02:45:41.152 TRACE 29880 --- [           main] o.s.b.f.s.DefaultListableBeanFactory     : Returning cached instance of singleton bean 'autoConfigurationReport'
2023-07-21 02:45:41.152 TRACE 29880 --- [           main] o.s.b.f.s.DefaultListableBeanFactory     : Returning cached instance of singleton bean 'autoConfigurationReport'
2023-07-21 02:45:41.153 TRACE 29880 --- [           main] o.s.b.a.condition.OnClassCondition       : Condition OnClassCondition on org.springframework.boot.autoconfigure.task.TaskSchedulingAutoConfiguration matched due to @ConditionalOnClass found required class 'org.springframework.scheduling.concurrent.ThreadPoolTaskScheduler'
2023-07-21 02:45:41.153 TRACE 29880 --- [           main] o.s.b.f.s.DefaultListableBeanFactory     : Returning cached instance of singleton bean 'autoConfigurationReport'
2023-07-21 02:45:41.153 TRACE 29880 --- [           main] o.s.b.f.s.DefaultListableBeanFactory     : Returning cached instance of singleton bean 'autoConfigurationReport'
2023-07-21 02:45:41.153 TRACE 29880 --- [           main] o.s.b.f.s.DefaultListableBeanFactory     : Returning cached instance of singleton bean 'autoConfigurationReport'
2023-07-21 02:45:41.153 TRACE 29880 --- [           main] o.s.b.f.s.DefaultListableBeanFactory     : Returning cached instance of singleton bean 'autoConfigurationReport'
2023-07-21 02:45:41.153 TRACE 29880 --- [           main] o.s.b.f.s.DefaultListableBeanFactory     : Returning cached instance of singleton bean 'autoConfigurationReport'
2023-07-21 02:45:41.153 TRACE 29880 --- [           main] o.s.b.f.s.DefaultListableBeanFactory     : Returning cached instance of singleton bean 'autoConfigurationReport'
2023-07-21 02:45:41.153 TRACE 29880 --- [           main] o.s.b.f.s.DefaultListableBeanFactory     : Returning cached instance of singleton bean 'autoConfigurationReport'
2023-07-21 02:45:41.153 TRACE 29880 --- [           main] o.s.b.f.s.DefaultListableBeanFactory     : Returning cached instance of singleton bean 'autoConfigurationReport'
2023-07-21 02:45:41.153 TRACE 29880 --- [           main] o.s.b.f.s.DefaultListableBeanFactory     : Returning cached instance of singleton bean 'autoConfigurationReport'
2023-07-21 02:45:41.153 TRACE 29880 --- [           main] o.s.b.f.s.DefaultListableBeanFactory     : Returning cached instance of singleton bean 'autoConfigurationReport'
2023-07-21 02:45:41.154 TRACE 29880 --- [           main] o.s.b.a.condition.OnClassCondition       : Condition OnClassCondition on org.springframework.boot.autoconfigure.jdbc.DataSourceTransactionManagerAutoConfiguration matched due to @ConditionalOnClass found required classes 'org.springframework.jdbc.core.JdbcTemplate', 'org.springframework.transaction.TransactionManager'
2023-07-21 02:45:41.154 TRACE 29880 --- [           main] o.s.b.f.s.DefaultListableBeanFactory     : Returning cached instance of singleton bean 'autoConfigurationReport'
2023-07-21 02:45:41.154 TRACE 29880 --- [           main] o.s.b.f.s.DefaultListableBeanFactory     : Returning cached instance of singleton bean 'autoConfigurationReport'
2023-07-21 02:45:41.154 TRACE 29880 --- [           main] o.s.b.f.s.DefaultListableBeanFactory     : Returning cached instance of singleton bean 'autoConfigurationReport'
2023-07-21 02:45:41.154 TRACE 29880 --- [           main] o.s.b.f.s.DefaultListableBeanFactory     : Returning cached instance of singleton bean 'autoConfigurationReport'
2023-07-21 02:45:41.155 TRACE 29880 --- [           main] o.s.b.f.s.DefaultListableBeanFactory     : Returning cached instance of singleton bean 'autoConfigurationReport'
2023-07-21 02:45:41.155 TRACE 29880 --- [           main] o.s.b.f.s.DefaultListableBeanFactory     : Returning cached instance of singleton bean 'autoConfigurationReport'
2023-07-21 02:45:41.155 TRACE 29880 --- [           main] o.s.b.f.s.DefaultListableBeanFactory     : Returning cached instance of singleton bean 'autoConfigurationReport'
2023-07-21 02:45:41.155 TRACE 29880 --- [           main] o.s.b.f.s.DefaultListableBeanFactory     : Returning cached instance of singleton bean 'autoConfigurationReport'
2023-07-21 02:45:41.155 TRACE 29880 --- [           main] o.s.b.f.s.DefaultListableBeanFactory     : Returning cached instance of singleton bean 'autoConfigurationReport'
2023-07-21 02:45:41.155 TRACE 29880 --- [           main] o.s.b.f.s.DefaultListableBeanFactory     : Returning cached instance of singleton bean 'autoConfigurationReport'
2023-07-21 02:45:41.155 TRACE 29880 --- [           main] o.s.b.f.s.DefaultListableBeanFactory     : Returning cached instance of singleton bean 'autoConfigurationReport'
2023-07-21 02:45:41.155 TRACE 29880 --- [           main] o.s.b.f.s.DefaultListableBeanFactory     : Returning cached instance of singleton bean 'autoConfigurationReport'
2023-07-21 02:45:41.155 TRACE 29880 --- [           main] o.s.b.f.s.DefaultListableBeanFactory     : Returning cached instance of singleton bean 'autoConfigurationReport'
2023-07-21 02:45:41.156 TRACE 29880 --- [           main] o.s.b.a.condition.OnClassCondition       : Condition OnClassCondition on org.springframework.boot.autoconfigure.transaction.TransactionAutoConfiguration matched due to @ConditionalOnClass found required class 'org.springframework.transaction.PlatformTransactionManager'
2023-07-21 02:45:41.156 TRACE 29880 --- [           main] o.s.b.f.s.DefaultListableBeanFactory     : Returning cached instance of singleton bean 'autoConfigurationReport'
2023-07-21 02:45:41.156 TRACE 29880 --- [           main] o.s.b.f.s.DefaultListableBeanFactory     : Returning cached instance of singleton bean 'autoConfigurationReport'
2023-07-21 02:45:41.156 TRACE 29880 --- [           main] o.s.b.f.s.DefaultListableBeanFactory     : Returning cached instance of singleton bean 'autoConfigurationReport'
2023-07-21 02:45:41.156 TRACE 29880 --- [           main] o.s.b.f.s.DefaultListableBeanFactory     : Returning cached instance of singleton bean 'autoConfigurationReport'
2023-07-21 02:45:41.157 TRACE 29880 --- [           main] o.s.b.f.s.DefaultListableBeanFactory     : Returning cached instance of singleton bean 'autoConfigurationReport'
2023-07-21 02:45:41.157 TRACE 29880 --- [           main] o.s.b.f.s.DefaultListableBeanFactory     : Returning cached instance of singleton bean 'autoConfigurationReport'
2023-07-21 02:45:41.157 TRACE 29880 --- [           main] o.s.b.f.s.DefaultListableBeanFactory     : Returning cached instance of singleton bean 'autoConfigurationReport'
2023-07-21 02:45:41.161 TRACE 29880 --- [           main] o.s.b.a.condition.OnPropertyCondition    : Condition OnPropertyCondition on org.springframework.boot.autoconfigure.transaction.TransactionAutoConfiguration$EnableTransactionManagementConfiguration$CglibAutoProxyConfiguration matched due to @ConditionalOnProperty (spring.aop.proxy-target-class=true) matched
2023-07-21 02:45:41.161 TRACE 29880 --- [           main] o.s.b.f.s.DefaultListableBeanFactory     : Returning cached instance of singleton bean 'autoConfigurationReport'
2023-07-21 02:45:41.161 TRACE 29880 --- [           main] o.s.b.f.s.DefaultListableBeanFactory     : Returning cached instance of singleton bean 'autoConfigurationReport'
2023-07-21 02:45:41.161 TRACE 29880 --- [           main] o.s.b.f.s.DefaultListableBeanFactory     : Returning cached instance of singleton bean 'autoConfigurationReport'
2023-07-21 02:45:41.161 TRACE 29880 --- [           main] o.s.b.f.s.DefaultListableBeanFactory     : Returning cached instance of singleton bean 'autoConfigurationReport'
2023-07-21 02:45:41.165 TRACE 29880 --- [           main] o.s.b.f.s.DefaultListableBeanFactory     : Returning cached instance of singleton bean 'autoConfigurationReport'
2023-07-21 02:45:41.165 TRACE 29880 --- [           main] o.s.b.f.s.DefaultListableBeanFactory     : Returning cached instance of singleton bean 'autoConfigurationReport'
2023-07-21 02:45:41.165 TRACE 29880 --- [           main] o.s.b.f.s.DefaultListableBeanFactory     : Returning cached instance of singleton bean 'autoConfigurationReport'
2023-07-21 02:45:41.165 TRACE 29880 --- [           main] o.s.b.f.s.DefaultListableBeanFactory     : Returning cached instance of singleton bean 'autoConfigurationReport'
2023-07-21 02:45:41.165 TRACE 29880 --- [           main] o.s.b.f.s.DefaultListableBeanFactory     : Returning cached instance of singleton bean 'autoConfigurationReport'
2023-07-21 02:45:41.165 TRACE 29880 --- [           main] o.s.b.f.s.DefaultListableBeanFactory     : Returning cached instance of singleton bean 'autoConfigurationReport'
2023-07-21 02:45:41.166 TRACE 29880 --- [           main] o.s.b.f.s.DefaultListableBeanFactory     : Returning cached instance of singleton bean 'autoConfigurationReport'
2023-07-21 02:45:41.166 TRACE 29880 --- [           main] o.s.b.f.s.DefaultListableBeanFactory     : Returning cached instance of singleton bean 'autoConfigurationReport'
2023-07-21 02:45:41.166 TRACE 29880 --- [           main] o.s.b.f.s.DefaultListableBeanFactory     : Returning cached instance of singleton bean 'autoConfigurationReport'
2023-07-21 02:45:41.166 TRACE 29880 --- [           main] o.s.b.a.condition.OnPropertyCondition    : Condition OnPropertyCondition on org.springframework.boot.autoconfigure.transaction.TransactionAutoConfiguration$EnableTransactionManagementConfiguration$JdkDynamicAutoProxyConfiguration did not match due to @ConditionalOnProperty (spring.aop.proxy-target-class=false) did not find property 'proxy-target-class'
2023-07-21 02:45:41.166 TRACE 29880 --- [           main] o.s.b.f.s.DefaultListableBeanFactory     : Returning cached instance of singleton bean 'autoConfigurationReport'
2023-07-21 02:45:41.166 TRACE 29880 --- [           main] o.s.b.f.s.DefaultListableBeanFactory     : Returning cached instance of singleton bean 'autoConfigurationReport'
2023-07-21 02:45:41.166 TRACE 29880 --- [           main] o.s.b.f.s.DefaultListableBeanFactory     : Returning cached instance of singleton bean 'autoConfigurationReport'
2023-07-21 02:45:41.167 TRACE 29880 --- [           main] o.s.b.f.s.DefaultListableBeanFactory     : Returning cached instance of singleton bean 'autoConfigurationReport'
2023-07-21 02:45:41.167 TRACE 29880 --- [           main] o.s.b.f.s.DefaultListableBeanFactory     : Returning cached instance of singleton bean 'autoConfigurationReport'
2023-07-21 02:45:41.167 TRACE 29880 --- [           main] o.s.b.f.s.DefaultListableBeanFactory     : Returning cached instance of singleton bean 'autoConfigurationReport'
2023-07-21 02:45:41.167 TRACE 29880 --- [           main] o.s.b.f.s.DefaultListableBeanFactory     : Returning cached instance of singleton bean 'autoConfigurationReport'
2023-07-21 02:45:41.167 TRACE 29880 --- [           main] o.s.b.f.s.DefaultListableBeanFactory     : Returning cached instance of singleton bean 'autoConfigurationReport'
2023-07-21 02:45:41.167 TRACE 29880 --- [           main] o.s.b.f.s.DefaultListableBeanFactory     : Returning cached instance of singleton bean 'autoConfigurationReport'
2023-07-21 02:45:41.167 TRACE 29880 --- [           main] o.s.b.f.s.DefaultListableBeanFactory     : Returning cached instance of singleton bean 'autoConfigurationReport'
2023-07-21 02:45:41.168 TRACE 29880 --- [           main] o.s.b.a.condition.OnClassCondition       : Condition OnClassCondition on org.springframework.boot.autoconfigure.web.client.RestTemplateAutoConfiguration matched due to @ConditionalOnClass found required class 'org.springframework.web.client.RestTemplate'
2023-07-21 02:45:41.168 TRACE 29880 --- [           main] o.s.b.f.s.DefaultListableBeanFactory     : Returning cached instance of singleton bean 'autoConfigurationReport'
2023-07-21 02:45:41.169 TRACE 29880 --- [           main] ation$NotReactiveWebApplicationCondition : Condition RestTemplateAutoConfiguration.NotReactiveWebApplicationCondition on org.springframework.boot.autoconfigure.web.client.RestTemplateAutoConfiguration matched due to NoneNestedConditions 0 matched 1 did not; NestedCondition on RestTemplateAutoConfiguration.NotReactiveWebApplicationCondition.ReactiveWebApplication did not find reactive web application classes
2023-07-21 02:45:41.169 TRACE 29880 --- [           main] o.s.b.f.s.DefaultListableBeanFactory     : Returning cached instance of singleton bean 'autoConfigurationReport'
2023-07-21 02:45:41.169 TRACE 29880 --- [           main] o.s.b.f.s.DefaultListableBeanFactory     : Returning cached instance of singleton bean 'autoConfigurationReport'
2023-07-21 02:45:41.169 TRACE 29880 --- [           main] o.s.b.f.s.DefaultListableBeanFactory     : Returning cached instance of singleton bean 'autoConfigurationReport'
2023-07-21 02:45:41.169 TRACE 29880 --- [           main] o.s.b.f.s.DefaultListableBeanFactory     : Returning cached instance of singleton bean 'autoConfigurationReport'
2023-07-21 02:45:41.170 TRACE 29880 --- [           main] o.s.b.f.s.DefaultListableBeanFactory     : Returning cached instance of singleton bean 'autoConfigurationReport'
2023-07-21 02:45:41.170 TRACE 29880 --- [           main] o.s.b.f.s.DefaultListableBeanFactory     : Returning cached instance of singleton bean 'autoConfigurationReport'
2023-07-21 02:45:41.170 TRACE 29880 --- [           main] o.s.b.f.s.DefaultListableBeanFactory     : Returning cached instance of singleton bean 'autoConfigurationReport'
2023-07-21 02:45:41.170 TRACE 29880 --- [           main] o.s.b.f.s.DefaultListableBeanFactory     : Returning cached instance of singleton bean 'autoConfigurationReport'
2023-07-21 02:45:41.170 TRACE 29880 --- [           main] o.s.b.f.s.DefaultListableBeanFactory     : Returning cached instance of singleton bean 'autoConfigurationReport'
2023-07-21 02:45:41.170 TRACE 29880 --- [           main] o.s.b.f.s.DefaultListableBeanFactory     : Returning cached instance of singleton bean 'autoConfigurationReport'
2023-07-21 02:45:41.172 TRACE 29880 --- [           main] o.s.b.a.c.OnWebApplicationCondition      : Condition OnWebApplicationCondition on org.springframework.boot.autoconfigure.web.embedded.EmbeddedWebServerFactoryCustomizerAutoConfiguration matched due to @ConditionalOnWebApplication (required) found 'session' scope
2023-07-21 02:45:41.172 TRACE 29880 --- [           main] o.s.b.f.s.DefaultListableBeanFactory     : Returning cached instance of singleton bean 'autoConfigurationReport'
2023-07-21 02:45:41.173 TRACE 29880 --- [           main] o.s.b.a.c.OnWarDeploymentCondition       : Condition OnWarDeploymentCondition on org.springframework.boot.autoconfigure.web.embedded.EmbeddedWebServerFactoryCustomizerAutoConfiguration did not match due to Application is deployed as a WAR file.
2023-07-21 02:45:41.173 TRACE 29880 --- [           main] o.s.b.f.s.DefaultListableBeanFactory     : Returning cached instance of singleton bean 'autoConfigurationReport'
2023-07-21 02:45:41.173 TRACE 29880 --- [           main] o.s.b.f.s.DefaultListableBeanFactory     : Returning cached instance of singleton bean 'autoConfigurationReport'
2023-07-21 02:45:41.173 TRACE 29880 --- [           main] o.s.b.f.s.DefaultListableBeanFactory     : Returning cached instance of singleton bean 'autoConfigurationReport'
2023-07-21 02:45:41.173 TRACE 29880 --- [           main] o.s.b.f.s.DefaultListableBeanFactory     : Returning cached instance of singleton bean 'autoConfigurationReport'
2023-07-21 02:45:41.173 TRACE 29880 --- [           main] o.s.b.f.s.DefaultListableBeanFactory     : Returning cached instance of singleton bean 'autoConfigurationReport'
2023-07-21 02:45:41.173 TRACE 29880 --- [           main] o.s.b.f.s.DefaultListableBeanFactory     : Returning cached instance of singleton bean 'autoConfigurationReport'
2023-07-21 02:45:41.173 TRACE 29880 --- [           main] o.s.b.f.s.DefaultListableBeanFactory     : Returning cached instance of singleton bean 'autoConfigurationReport'
2023-07-21 02:45:41.174 TRACE 29880 --- [           main] o.s.b.a.condition.OnClassCondition       : Condition OnClassCondition on org.springframework.boot.autoconfigure.web.servlet.HttpEncodingAutoConfiguration matched due to @ConditionalOnClass found required class 'org.springframework.web.filter.CharacterEncodingFilter'
2023-07-21 02:45:41.174 TRACE 29880 --- [           main] o.s.b.f.s.DefaultListableBeanFactory     : Returning cached instance of singleton bean 'autoConfigurationReport'
2023-07-21 02:45:41.174 TRACE 29880 --- [           main] o.s.b.a.c.OnWebApplicationCondition      : Condition OnWebApplicationCondition on org.springframework.boot.autoconfigure.web.servlet.HttpEncodingAutoConfiguration matched due to found 'session' scope
2023-07-21 02:45:41.174 TRACE 29880 --- [           main] o.s.b.f.s.DefaultListableBeanFactory     : Returning cached instance of singleton bean 'autoConfigurationReport'
2023-07-21 02:45:41.174 TRACE 29880 --- [           main] o.s.b.a.condition.OnPropertyCondition    : Condition OnPropertyCondition on org.springframework.boot.autoconfigure.web.servlet.HttpEncodingAutoConfiguration matched due to @ConditionalOnProperty (server.servlet.encoding.enabled) matched
2023-07-21 02:45:41.174 TRACE 29880 --- [           main] o.s.b.f.s.DefaultListableBeanFactory     : Returning cached instance of singleton bean 'autoConfigurationReport'
2023-07-21 02:45:41.174 TRACE 29880 --- [           main] o.s.b.f.s.DefaultListableBeanFactory     : Returning cached instance of singleton bean 'autoConfigurationReport'
2023-07-21 02:45:41.174 TRACE 29880 --- [           main] o.s.b.f.s.DefaultListableBeanFactory     : Returning cached instance of singleton bean 'autoConfigurationReport'
2023-07-21 02:45:41.174 TRACE 29880 --- [           main] o.s.b.f.s.DefaultListableBeanFactory     : Returning cached instance of singleton bean 'autoConfigurationReport'
2023-07-21 02:45:41.175 TRACE 29880 --- [           main] o.s.b.f.s.DefaultListableBeanFactory     : Returning cached instance of singleton bean 'autoConfigurationReport'
2023-07-21 02:45:41.175 TRACE 29880 --- [           main] o.s.b.f.s.DefaultListableBeanFactory     : Returning cached instance of singleton bean 'autoConfigurationReport'
2023-07-21 02:45:41.175 TRACE 29880 --- [           main] o.s.b.f.s.DefaultListableBeanFactory     : Returning cached instance of singleton bean 'autoConfigurationReport'
2023-07-21 02:45:41.175 TRACE 29880 --- [           main] o.s.b.f.s.DefaultListableBeanFactory     : Returning cached instance of singleton bean 'autoConfigurationReport'
2023-07-21 02:45:41.175 TRACE 29880 --- [           main] o.s.b.f.s.DefaultListableBeanFactory     : Returning cached instance of singleton bean 'autoConfigurationReport'
2023-07-21 02:45:41.175 TRACE 29880 --- [           main] o.s.b.f.s.DefaultListableBeanFactory     : Returning cached instance of singleton bean 'autoConfigurationReport'
2023-07-21 02:45:41.176 TRACE 29880 --- [           main] o.s.b.a.condition.OnClassCondition       : Condition OnClassCondition on org.springframework.boot.autoconfigure.web.servlet.MultipartAutoConfiguration matched due to @ConditionalOnClass found required classes 'javax.servlet.Servlet', 'org.springframework.web.multipart.support.StandardServletMultipartResolver', 'javax.servlet.MultipartConfigElement'
2023-07-21 02:45:41.176 TRACE 29880 --- [           main] o.s.b.f.s.DefaultListableBeanFactory     : Returning cached instance of singleton bean 'autoConfigurationReport'
2023-07-21 02:45:41.176 TRACE 29880 --- [           main] o.s.b.a.c.OnWebApplicationCondition      : Condition OnWebApplicationCondition on org.springframework.boot.autoconfigure.web.servlet.MultipartAutoConfiguration matched due to found 'session' scope
2023-07-21 02:45:41.176 TRACE 29880 --- [           main] o.s.b.f.s.DefaultListableBeanFactory     : Returning cached instance of singleton bean 'autoConfigurationReport'
2023-07-21 02:45:41.176 TRACE 29880 --- [           main] o.s.b.a.condition.OnPropertyCondition    : Condition OnPropertyCondition on org.springframework.boot.autoconfigure.web.servlet.MultipartAutoConfiguration matched due to @ConditionalOnProperty (spring.servlet.multipart.enabled) matched
2023-07-21 02:45:41.176 TRACE 29880 --- [           main] o.s.b.f.s.DefaultListableBeanFactory     : Returning cached instance of singleton bean 'autoConfigurationReport'
2023-07-21 02:45:41.176 TRACE 29880 --- [           main] o.s.b.f.s.DefaultListableBeanFactory     : Returning cached instance of singleton bean 'autoConfigurationReport'
2023-07-21 02:45:41.176 TRACE 29880 --- [           main] o.s.b.f.s.DefaultListableBeanFactory     : Returning cached instance of singleton bean 'autoConfigurationReport'
2023-07-21 02:45:41.176 TRACE 29880 --- [           main] o.s.b.f.s.DefaultListableBeanFactory     : Returning cached instance of singleton bean 'autoConfigurationReport'
2023-07-21 02:45:41.176 TRACE 29880 --- [           main] o.s.b.f.s.DefaultListableBeanFactory     : Returning cached instance of singleton bean 'autoConfigurationReport'
2023-07-21 02:45:41.177 TRACE 29880 --- [           main] o.s.b.f.s.DefaultListableBeanFactory     : Returning cached instance of singleton bean 'autoConfigurationReport'
2023-07-21 02:45:41.177 TRACE 29880 --- [           main] o.s.b.f.s.DefaultListableBeanFactory     : Returning cached instance of singleton bean 'autoConfigurationReport'
2023-07-21 02:45:41.177 TRACE 29880 --- [           main] o.s.b.f.s.DefaultListableBeanFactory     : Returning cached instance of singleton bean 'autoConfigurationReport'
2023-07-21 02:45:41.177 TRACE 29880 --- [           main] o.s.b.f.s.DefaultListableBeanFactory     : Returning cached instance of singleton bean 'autoConfigurationReport'
2023-07-21 02:45:41.177 TRACE 29880 --- [           main] o.s.b.f.s.DefaultListableBeanFactory     : Returning cached instance of singleton bean 'autoConfigurationReport'
2023-07-21 02:45:41.178 TRACE 29880 --- [           main] o.s.b.d.a.OnEnabledDevToolsCondition     : Condition OnEnabledDevToolsCondition on org.springframework.boot.devtools.autoconfigure.DevToolsDataSourceAutoConfiguration did not match due to Devtools devtools is disabled for current context.
2023-07-21 02:45:41.178 TRACE 29880 --- [           main] o.s.b.f.s.DefaultListableBeanFactory     : Returning cached instance of singleton bean 'autoConfigurationReport'
2023-07-21 02:45:41.178 TRACE 29880 --- [           main] o.s.b.f.s.DefaultListableBeanFactory     : Returning cached instance of singleton bean 'autoConfigurationReport'
2023-07-21 02:45:41.178 TRACE 29880 --- [           main] o.s.b.f.s.DefaultListableBeanFactory     : Returning cached instance of singleton bean 'autoConfigurationReport'
2023-07-21 02:45:41.178 TRACE 29880 --- [           main] o.s.b.f.s.DefaultListableBeanFactory     : Returning cached instance of singleton bean 'autoConfigurationReport'
2023-07-21 02:45:41.178 TRACE 29880 --- [           main] o.s.b.f.s.DefaultListableBeanFactory     : Returning cached instance of singleton bean 'autoConfigurationReport'
2023-07-21 02:45:41.178 TRACE 29880 --- [           main] o.s.b.f.s.DefaultListableBeanFactory     : Returning cached instance of singleton bean 'autoConfigurationReport'
2023-07-21 02:45:41.179 TRACE 29880 --- [           main] o.s.b.f.s.DefaultListableBeanFactory     : Returning cached instance of singleton bean 'autoConfigurationReport'
2023-07-21 02:45:41.181 TRACE 29880 --- [           main] .s.b.d.r.OnInitializedRestarterCondition : Condition OnInitializedRestarterCondition on org.springframework.boot.devtools.autoconfigure.LocalDevToolsAutoConfiguration did not match due to Initialized Restarter Condition initialized without URLs
2023-07-21 02:45:41.181 TRACE 29880 --- [           main] o.s.b.f.s.DefaultListableBeanFactory     : Returning cached instance of singleton bean 'autoConfigurationReport'
2023-07-21 02:45:41.181 TRACE 29880 --- [           main] o.s.b.f.s.DefaultListableBeanFactory     : Returning cached instance of singleton bean 'autoConfigurationReport'
2023-07-21 02:45:41.181 TRACE 29880 --- [           main] o.s.b.f.s.DefaultListableBeanFactory     : Returning cached instance of singleton bean 'autoConfigurationReport'
2023-07-21 02:45:41.181 TRACE 29880 --- [           main] o.s.b.f.s.DefaultListableBeanFactory     : Returning cached instance of singleton bean 'autoConfigurationReport'
2023-07-21 02:45:41.181 TRACE 29880 --- [           main] o.s.b.f.s.DefaultListableBeanFactory     : Returning cached instance of singleton bean 'autoConfigurationReport'
2023-07-21 02:45:41.181 TRACE 29880 --- [           main] o.s.b.f.s.DefaultListableBeanFactory     : Returning cached instance of singleton bean 'autoConfigurationReport'
2023-07-21 02:45:41.181 TRACE 29880 --- [           main] o.s.b.f.s.DefaultListableBeanFactory     : Returning cached instance of singleton bean 'autoConfigurationReport'
2023-07-21 02:45:41.183 TRACE 29880 --- [           main] o.s.b.a.condition.OnClassCondition       : Condition OnClassCondition on org.springframework.boot.devtools.autoconfigure.RemoteDevToolsAutoConfiguration matched due to @ConditionalOnClass found required classes 'javax.servlet.Filter', 'org.springframework.http.server.ServerHttpRequest'
2023-07-21 02:45:41.183 TRACE 29880 --- [           main] o.s.b.f.s.DefaultListableBeanFactory     : Returning cached instance of singleton bean 'autoConfigurationReport'
2023-07-21 02:45:41.183 TRACE 29880 --- [           main] o.s.b.a.condition.OnPropertyCondition    : Condition OnPropertyCondition on org.springframework.boot.devtools.autoconfigure.RemoteDevToolsAutoConfiguration did not match due to @ConditionalOnProperty (spring.devtools.remote.secret) did not find property 'secret'
2023-07-21 02:45:41.183 TRACE 29880 --- [           main] o.s.b.f.s.DefaultListableBeanFactory     : Returning cached instance of singleton bean 'autoConfigurationReport'
2023-07-21 02:45:41.189 TRACE 29880 --- [           main] a.ConfigurationClassBeanDefinitionReader : Registering bean definition for @Bean method com.camping.camp.Configuration.WebConfig.messageSource()
2023-07-21 02:45:41.189 TRACE 29880 --- [           main] a.ConfigurationClassBeanDefinitionReader : Registering bean definition for @Bean method com.camping.camp.Configuration.WebConfig.localeResolver()
2023-07-21 02:45:41.190 TRACE 29880 --- [           main] a.ConfigurationClassBeanDefinitionReader : Registered bean definition for imported class 'org.springframework.security.config.annotation.configuration.ObjectPostProcessorConfiguration'
2023-07-21 02:45:41.190 TRACE 29880 --- [           main] a.ConfigurationClassBeanDefinitionReader : Registering bean definition for @Bean method org.springframework.security.config.annotation.configuration.ObjectPostProcessorConfiguration.objectPostProcessor()
2023-07-21 02:45:41.190 TRACE 29880 --- [           main] a.ConfigurationClassBeanDefinitionReader : Registered bean definition for imported class 'org.springframework.security.config.annotation.authentication.configuration.AuthenticationConfiguration'
2023-07-21 02:45:41.191 TRACE 29880 --- [           main] a.ConfigurationClassBeanDefinitionReader : Registering bean definition for @Bean method org.springframework.security.config.annotation.authentication.configuration.AuthenticationConfiguration.authenticationManagerBuilder()
2023-07-21 02:45:41.191 TRACE 29880 --- [           main] a.ConfigurationClassBeanDefinitionReader : Registering bean definition for @Bean method org.springframework.security.config.annotation.authentication.configuration.AuthenticationConfiguration.enableGlobalAuthenticationAutowiredConfigurer()
2023-07-21 02:45:41.191 TRACE 29880 --- [           main] a.ConfigurationClassBeanDefinitionReader : Registering bean definition for @Bean method org.springframework.security.config.annotation.authentication.configuration.AuthenticationConfiguration.initializeUserDetailsBeanManagerConfigurer()
2023-07-21 02:45:41.191 TRACE 29880 --- [           main] a.ConfigurationClassBeanDefinitionReader : Registering bean definition for @Bean method org.springframework.security.config.annotation.authentication.configuration.AuthenticationConfiguration.initializeAuthenticationProviderBeanManagerConfigurer()
2023-07-21 02:45:41.191 TRACE 29880 --- [           main] a.ConfigurationClassBeanDefinitionReader : Registered bean definition for imported class 'org.springframework.security.config.annotation.web.configuration.WebSecurityConfiguration'
2023-07-21 02:45:41.191 TRACE 29880 --- [           main] a.ConfigurationClassBeanDefinitionReader : Registering bean definition for @Bean method org.springframework.security.config.annotation.web.configuration.WebSecurityConfiguration.delegatingApplicationListener()
2023-07-21 02:45:41.191 TRACE 29880 --- [           main] a.ConfigurationClassBeanDefinitionReader : Registering bean definition for @Bean method org.springframework.security.config.annotation.web.configuration.WebSecurityConfiguration.webSecurityExpressionHandler()
2023-07-21 02:45:41.192 TRACE 29880 --- [           main] a.ConfigurationClassBeanDefinitionReader : Registering bean definition for @Bean method org.springframework.security.config.annotation.web.configuration.WebSecurityConfiguration.springSecurityFilterChain()
2023-07-21 02:45:41.192 TRACE 29880 --- [           main] a.ConfigurationClassBeanDefinitionReader : Registering bean definition for @Bean method org.springframework.security.config.annotation.web.configuration.WebSecurityConfiguration.privilegeEvaluator()
2023-07-21 02:45:41.192 TRACE 29880 --- [           main] a.ConfigurationClassBeanDefinitionReader : Registering bean definition for @Bean method org.springframework.security.config.annotation.web.configuration.WebSecurityConfiguration.conversionServicePostProcessor()
2023-07-21 02:45:41.192 TRACE 29880 --- [           main] a.ConfigurationClassBeanDefinitionReader : Registered bean definition for imported class 'org.springframework.security.config.annotation.web.configuration.WebMvcSecurityConfiguration'
2023-07-21 02:45:41.192 TRACE 29880 --- [           main] a.ConfigurationClassBeanDefinitionReader : Registering bean definition for @Bean method org.springframework.security.config.annotation.web.configuration.WebMvcSecurityConfiguration.requestDataValueProcessor()
2023-07-21 02:45:41.192 TRACE 29880 --- [           main] a.ConfigurationClassBeanDefinitionReader : Registered bean definition for imported class 'org.springframework.security.config.annotation.web.configuration.OAuth2ClientConfiguration$OAuth2ClientWebMvcSecurityConfiguration'
2023-07-21 02:45:41.192 TRACE 29880 --- [           main] a.ConfigurationClassBeanDefinitionReader : Registered bean definition for imported class 'org.springframework.security.config.annotation.web.configuration.OAuth2ClientConfiguration'
2023-07-21 02:45:41.192 TRACE 29880 --- [           main] a.ConfigurationClassBeanDefinitionReader : Registered bean definition for imported class 'org.springframework.security.config.annotation.web.configuration.HttpSecurityConfiguration'
2023-07-21 02:45:41.193 TRACE 29880 --- [           main] a.ConfigurationClassBeanDefinitionReader : Registering bean definition for @Bean method org.springframework.security.config.annotation.web.configuration.HttpSecurityConfiguration.org.springframework.security.config.annotation.web.configuration.HttpSecurityConfiguration.httpSecurity()
2023-07-21 02:45:41.193 TRACE 29880 --- [           main] a.ConfigurationClassBeanDefinitionReader : Registered bean definition for imported class 'org.springframework.security.config.annotation.method.configuration.GlobalMethodSecurityConfiguration'
2023-07-21 02:45:41.193 TRACE 29880 --- [           main] a.ConfigurationClassBeanDefinitionReader : Registering bean definition for @Bean method org.springframework.security.config.annotation.method.configuration.GlobalMethodSecurityConfiguration.methodSecurityInterceptor()
2023-07-21 02:45:41.193 TRACE 29880 --- [           main] a.ConfigurationClassBeanDefinitionReader : Registering bean definition for @Bean method org.springframework.security.config.annotation.method.configuration.GlobalMethodSecurityConfiguration.methodSecurityMetadataSource()
2023-07-21 02:45:41.193 TRACE 29880 --- [           main] a.ConfigurationClassBeanDefinitionReader : Registering bean definition for @Bean method org.springframework.security.config.annotation.method.configuration.GlobalMethodSecurityConfiguration.preInvocationAuthorizationAdvice()
2023-07-21 02:45:41.193 TRACE 29880 --- [           main] a.ConfigurationClassBeanDefinitionReader : Registered bean definition for imported class 'org.springframework.security.config.annotation.method.configuration.Jsr250MetadataSourceConfiguration'
2023-07-21 02:45:41.193 TRACE 29880 --- [           main] a.ConfigurationClassBeanDefinitionReader : Registering bean definition for @Bean method org.springframework.security.config.annotation.method.configuration.Jsr250MetadataSourceConfiguration.jsr250MethodSecurityMetadataSource()
2023-07-21 02:45:41.193 TRACE 29880 --- [           main] a.ConfigurationClassBeanDefinitionReader : Registering bean definition for @Bean method com.camping.camp.Configuration.WebSecurityConfig.tokenAuthenticationFilter()
2023-07-21 02:45:41.193 TRACE 29880 --- [           main] a.ConfigurationClassBeanDefinitionReader : Registering bean definition for @Bean method com.camping.camp.Configuration.WebSecurityConfig.cookieAuthorizationRequestRepository()
2023-07-21 02:45:41.193 TRACE 29880 --- [           main] a.ConfigurationClassBeanDefinitionReader : Registering bean definition for @Bean method com.camping.camp.Configuration.WebSecurityConfig.passwordEncoder()
2023-07-21 02:45:41.193 TRACE 29880 --- [           main] a.ConfigurationClassBeanDefinitionReader : Registering bean definition for @Bean method com.camping.camp.Configuration.WebSecurityConfig.org.springframework.security.authenticationManager()
2023-07-21 02:45:41.200 TRACE 29880 --- [           main] a.ConfigurationClassBeanDefinitionReader : Registered bean definition for imported class 'org.springframework.boot.autoconfigure.context.PropertyPlaceholderAutoConfiguration'
2023-07-21 02:45:41.255 TRACE 29880 --- [           main] o.s.b.a.condition.OnBeanCondition        : Condition OnBeanCondition on org.springframework.boot.autoconfigure.context.PropertyPlaceholderAutoConfiguration#propertySourcesPlaceholderConfigurer matched due to @ConditionalOnMissingBean (types: org.springframework.context.support.PropertySourcesPlaceholderConfigurer; SearchStrategy: current) did not find any beans
2023-07-21 02:45:41.255 TRACE 29880 --- [           main] o.s.b.f.s.DefaultListableBeanFactory     : Returning cached instance of singleton bean 'autoConfigurationReport'
2023-07-21 02:45:41.255 TRACE 29880 --- [           main] a.ConfigurationClassBeanDefinitionReader : Registering bean definition for @Bean method org.springframework.boot.autoconfigure.context.PropertyPlaceholderAutoConfiguration.propertySourcesPlaceholderConfigurer()
2023-07-21 02:45:41.256 TRACE 29880 --- [           main] o.s.b.a.condition.OnClassCondition       : Condition OnClassCondition on org.springframework.boot.autoconfigure.websocket.servlet.WebSocketServletAutoConfiguration matched due to @ConditionalOnClass found required classes 'javax.servlet.Servlet', 'javax.websocket.server.ServerContainer'
2023-07-21 02:45:41.256 TRACE 29880 --- [           main] o.s.b.f.s.DefaultListableBeanFactory     : Returning cached instance of singleton bean 'autoConfigurationReport'
2023-07-21 02:45:41.256 TRACE 29880 --- [           main] o.s.b.a.c.OnWebApplicationCondition      : Condition OnWebApplicationCondition on org.springframework.boot.autoconfigure.websocket.servlet.WebSocketServletAutoConfiguration matched due to found 'session' scope
2023-07-21 02:45:41.256 TRACE 29880 --- [           main] o.s.b.f.s.DefaultListableBeanFactory     : Returning cached instance of singleton bean 'autoConfigurationReport'
2023-07-21 02:45:41.256 TRACE 29880 --- [           main] o.s.b.a.condition.OnClassCondition       : Condition OnClassCondition on org.springframework.boot.autoconfigure.websocket.servlet.WebSocketServletAutoConfiguration$TomcatWebSocketConfiguration matched due to @ConditionalOnClass found required classes 'org.apache.catalina.startup.Tomcat', 'org.apache.tomcat.websocket.server.WsSci'
2023-07-21 02:45:41.256 TRACE 29880 --- [           main] o.s.b.f.s.DefaultListableBeanFactory     : Returning cached instance of singleton bean 'autoConfigurationReport'
2023-07-21 02:45:41.256 TRACE 29880 --- [           main] a.ConfigurationClassBeanDefinitionReader : Registered bean definition for imported class 'org.springframework.boot.autoconfigure.websocket.servlet.WebSocketServletAutoConfiguration$TomcatWebSocketConfiguration'
2023-07-21 02:45:41.256 TRACE 29880 --- [           main] o.s.b.a.condition.OnBeanCondition        : Condition OnBeanCondition on org.springframework.boot.autoconfigure.websocket.servlet.WebSocketServletAutoConfiguration$TomcatWebSocketConfiguration#websocketServletWebServerCustomizer matched due to @ConditionalOnMissingBean (names: websocketServletWebServerCustomizer; SearchStrategy: all) did not find any beans
2023-07-21 02:45:41.256 TRACE 29880 --- [           main] o.s.b.f.s.DefaultListableBeanFactory     : Returning cached instance of singleton bean 'autoConfigurationReport'
2023-07-21 02:45:41.256 TRACE 29880 --- [           main] a.ConfigurationClassBeanDefinitionReader : Registering bean definition for @Bean method org.springframework.boot.autoconfigure.websocket.servlet.WebSocketServletAutoConfiguration$TomcatWebSocketConfiguration.websocketServletWebServerCustomizer()
2023-07-21 02:45:41.257 TRACE 29880 --- [           main] a.ConfigurationClassBeanDefinitionReader : Registered bean definition for imported class 'org.springframework.boot.autoconfigure.websocket.servlet.WebSocketServletAutoConfiguration'
2023-07-21 02:45:41.257 TRACE 29880 --- [           main] o.s.b.a.condition.OnClassCondition       : Condition OnClassCondition on org.springframework.boot.autoconfigure.web.servlet.ServletWebServerFactoryAutoConfiguration matched due to @ConditionalOnClass found required class 'javax.servlet.ServletRequest'
2023-07-21 02:45:41.257 TRACE 29880 --- [           main] o.s.b.f.s.DefaultListableBeanFactory     : Returning cached instance of singleton bean 'autoConfigurationReport'
2023-07-21 02:45:41.258 TRACE 29880 --- [           main] o.s.b.a.c.OnWebApplicationCondition      : Condition OnWebApplicationCondition on org.springframework.boot.autoconfigure.web.servlet.ServletWebServerFactoryAutoConfiguration matched due to found 'session' scope
2023-07-21 02:45:41.258 TRACE 29880 --- [           main] o.s.b.f.s.DefaultListableBeanFactory     : Returning cached instance of singleton bean 'autoConfigurationReport'
2023-07-21 02:45:41.258 TRACE 29880 --- [           main] o.s.b.a.condition.OnClassCondition       : Condition OnClassCondition on org.springframework.boot.autoconfigure.web.servlet.ServletWebServerFactoryConfiguration$EmbeddedTomcat matched due to @ConditionalOnClass found required classes 'javax.servlet.Servlet', 'org.apache.catalina.startup.Tomcat', 'org.apache.coyote.UpgradeProtocol'
2023-07-21 02:45:41.258 TRACE 29880 --- [           main] o.s.b.f.s.DefaultListableBeanFactory     : Returning cached instance of singleton bean 'autoConfigurationReport'
2023-07-21 02:45:41.261 TRACE 29880 --- [           main] o.s.b.a.condition.OnBeanCondition        : Condition OnBeanCondition on org.springframework.boot.autoconfigure.web.servlet.ServletWebServerFactoryConfiguration$EmbeddedTomcat matched due to @ConditionalOnMissingBean (types: org.springframework.boot.web.servlet.server.ServletWebServerFactory; SearchStrategy: current) did not find any beans
2023-07-21 02:45:41.261 TRACE 29880 --- [           main] o.s.b.f.s.DefaultListableBeanFactory     : Returning cached instance of singleton bean 'autoConfigurationReport'
2023-07-21 02:45:41.261 TRACE 29880 --- [           main] a.ConfigurationClassBeanDefinitionReader : Registered bean definition for imported class 'org.springframework.boot.autoconfigure.web.servlet.ServletWebServerFactoryConfiguration$EmbeddedTomcat'
2023-07-21 02:45:41.261 TRACE 29880 --- [           main] a.ConfigurationClassBeanDefinitionReader : Registering bean definition for @Bean method org.springframework.boot.autoconfigure.web.servlet.ServletWebServerFactoryConfiguration$EmbeddedTomcat.tomcatServletWebServerFactory()
2023-07-21 02:45:41.263 TRACE 29880 --- [           main] a.ConfigurationClassBeanDefinitionReader : Registered bean definition for imported class 'org.springframework.boot.autoconfigure.web.servlet.ServletWebServerFactoryAutoConfiguration'
2023-07-21 02:45:41.263 TRACE 29880 --- [           main] a.ConfigurationClassBeanDefinitionReader : Registering bean definition for @Bean method org.springframework.boot.autoconfigure.web.servlet.ServletWebServerFactoryAutoConfiguration.servletWebServerFactoryCustomizer()
2023-07-21 02:45:41.263 TRACE 29880 --- [           main] o.s.b.a.condition.OnClassCondition       : Condition OnClassCondition on org.springframework.boot.autoconfigure.web.servlet.ServletWebServerFactoryAutoConfiguration#tomcatServletWebServerFactoryCustomizer matched due to @ConditionalOnClass found required class 'org.apache.catalina.startup.Tomcat'
2023-07-21 02:45:41.263 TRACE 29880 --- [           main] o.s.b.f.s.DefaultListableBeanFactory     : Returning cached instance of singleton bean 'autoConfigurationReport'
2023-07-21 02:45:41.264 TRACE 29880 --- [           main] a.ConfigurationClassBeanDefinitionReader : Registering bean definition for @Bean method org.springframework.boot.autoconfigure.web.servlet.ServletWebServerFactoryAutoConfiguration.tomcatServletWebServerFactoryCustomizer()
2023-07-21 02:45:41.283 TRACE 29880 --- [           main] o.s.b.a.condition.OnClassCondition       : Condition OnClassCondition on org.springframework.boot.autoconfigure.web.servlet.DispatcherServletAutoConfiguration matched due to @ConditionalOnClass found required class 'org.springframework.web.servlet.DispatcherServlet'
2023-07-21 02:45:41.283 TRACE 29880 --- [           main] o.s.b.f.s.DefaultListableBeanFactory     : Returning cached instance of singleton bean 'autoConfigurationReport'
2023-07-21 02:45:41.284 TRACE 29880 --- [           main] o.s.b.a.c.OnWebApplicationCondition      : Condition OnWebApplicationCondition on org.springframework.boot.autoconfigure.web.servlet.DispatcherServletAutoConfiguration matched due to found 'session' scope
2023-07-21 02:45:41.284 TRACE 29880 --- [           main] o.s.b.f.s.DefaultListableBeanFactory     : Returning cached instance of singleton bean 'autoConfigurationReport'
2023-07-21 02:45:41.284 TRACE 29880 --- [           main] o.s.b.a.condition.OnClassCondition       : Condition OnClassCondition on org.springframework.boot.autoconfigure.web.servlet.DispatcherServletAutoConfiguration$DispatcherServletRegistrationConfiguration matched due to @ConditionalOnClass found required class 'javax.servlet.ServletRegistration'
2023-07-21 02:45:41.284 TRACE 29880 --- [           main] o.s.b.f.s.DefaultListableBeanFactory     : Returning cached instance of singleton bean 'autoConfigurationReport'
2023-07-21 02:45:41.284 TRACE 29880 --- [           main] n$DispatcherServletRegistrationCondition : Condition DispatcherServletAutoConfiguration.DispatcherServletRegistrationCondition on org.springframework.boot.autoconfigure.web.servlet.DispatcherServletAutoConfiguration$DispatcherServletRegistrationConfiguration matched due to DispatcherServlet Registration did not find servlet registration bean
2023-07-21 02:45:41.284 TRACE 29880 --- [           main] o.s.b.f.s.DefaultListableBeanFactory     : Returning cached instance of singleton bean 'autoConfigurationReport'
2023-07-21 02:45:41.284 TRACE 29880 --- [           main] o.s.b.a.condition.OnClassCondition       : Condition OnClassCondition on org.springframework.boot.autoconfigure.web.servlet.DispatcherServletAutoConfiguration$DispatcherServletConfiguration matched due to @ConditionalOnClass found required class 'javax.servlet.ServletRegistration'
2023-07-21 02:45:41.284 TRACE 29880 --- [           main] o.s.b.f.s.DefaultListableBeanFactory     : Returning cached instance of singleton bean 'autoConfigurationReport'
2023-07-21 02:45:41.285 TRACE 29880 --- [           main] ration$DefaultDispatcherServletCondition : Condition DispatcherServletAutoConfiguration.DefaultDispatcherServletCondition on org.springframework.boot.autoconfigure.web.servlet.DispatcherServletAutoConfiguration$DispatcherServletConfiguration matched due to Default DispatcherServlet did not find dispatcher servlet beans
2023-07-21 02:45:41.285 TRACE 29880 --- [           main] o.s.b.f.s.DefaultListableBeanFactory     : Returning cached instance of singleton bean 'autoConfigurationReport'
2023-07-21 02:45:41.286 TRACE 29880 --- [           main] a.ConfigurationClassBeanDefinitionReader : Registered bean definition for imported class 'org.springframework.boot.autoconfigure.web.servlet.DispatcherServletAutoConfiguration$DispatcherServletConfiguration'
2023-07-21 02:45:41.286 TRACE 29880 --- [           main] a.ConfigurationClassBeanDefinitionReader : Registering bean definition for @Bean method org.springframework.boot.autoconfigure.web.servlet.DispatcherServletAutoConfiguration$DispatcherServletConfiguration.dispatcherServlet()
2023-07-21 02:45:41.288 TRACE 29880 --- [           main] o.s.b.a.condition.OnBeanCondition        : Condition OnBeanCondition on org.springframework.boot.autoconfigure.web.servlet.DispatcherServletAutoConfiguration$DispatcherServletConfiguration#multipartResolver did not match due to @ConditionalOnBean (types: org.springframework.web.multipart.MultipartResolver; SearchStrategy: all) did not find any beans of type org.springframework.web.multipart.MultipartResolver
2023-07-21 02:45:41.288 TRACE 29880 --- [           main] o.s.b.f.s.DefaultListableBeanFactory     : Returning cached instance of singleton bean 'autoConfigurationReport'
2023-07-21 02:45:41.289 TRACE 29880 --- [           main] a.ConfigurationClassBeanDefinitionReader : Registered bean definition for imported class 'org.springframework.boot.autoconfigure.web.servlet.DispatcherServletAutoConfiguration$DispatcherServletRegistrationConfiguration'
2023-07-21 02:45:41.291 TRACE 29880 --- [           main] o.s.b.a.condition.OnBeanCondition        : Condition OnBeanCondition on org.springframework.boot.autoconfigure.web.servlet.DispatcherServletAutoConfiguration$DispatcherServletRegistrationConfiguration#dispatcherServletRegistration matched due to @ConditionalOnBean (names: dispatcherServlet types: org.springframework.web.servlet.DispatcherServlet; SearchStrategy: all) found bean 'dispatcherServlet'
2023-07-21 02:45:41.291 TRACE 29880 --- [           main] o.s.b.f.s.DefaultListableBeanFactory     : Returning cached instance of singleton bean 'autoConfigurationReport'
2023-07-21 02:45:41.291 TRACE 29880 --- [           main] a.ConfigurationClassBeanDefinitionReader : Registering bean definition for @Bean method org.springframework.boot.autoconfigure.web.servlet.DispatcherServletAutoConfiguration$DispatcherServletRegistrationConfiguration.dispatcherServletRegistration()
2023-07-21 02:45:41.291 TRACE 29880 --- [           main] a.ConfigurationClassBeanDefinitionReader : Registered bean definition for imported class 'org.springframework.boot.autoconfigure.web.servlet.DispatcherServletAutoConfiguration'
2023-07-21 02:45:41.291 TRACE 29880 --- [           main] o.s.b.a.condition.OnClassCondition       : Condition OnClassCondition on org.springframework.boot.autoconfigure.task.TaskExecutionAutoConfiguration matched due to @ConditionalOnClass found required class 'org.springframework.scheduling.concurrent.ThreadPoolTaskExecutor'
2023-07-21 02:45:41.291 TRACE 29880 --- [           main] o.s.b.f.s.DefaultListableBeanFactory     : Returning cached instance of singleton bean 'autoConfigurationReport'
2023-07-21 02:45:41.292 TRACE 29880 --- [           main] a.ConfigurationClassBeanDefinitionReader : Registered bean definition for imported class 'org.springframework.boot.autoconfigure.task.TaskExecutionAutoConfiguration'
2023-07-21 02:45:41.295 TRACE 29880 --- [           main] o.s.b.a.condition.OnBeanCondition        : Condition OnBeanCondition on org.springframework.boot.autoconfigure.task.TaskExecutionAutoConfiguration#taskExecutorBuilder matched due to @ConditionalOnMissingBean (types: org.springframework.boot.task.TaskExecutorBuilder; SearchStrategy: all) did not find any beans
2023-07-21 02:45:41.295 TRACE 29880 --- [           main] o.s.b.f.s.DefaultListableBeanFactory     : Returning cached instance of singleton bean 'autoConfigurationReport'
2023-07-21 02:45:41.297 TRACE 29880 --- [           main] a.ConfigurationClassBeanDefinitionReader : Registering bean definition for @Bean method org.springframework.boot.autoconfigure.task.TaskExecutionAutoConfiguration.taskExecutorBuilder()
2023-07-21 02:45:41.298 TRACE 29880 --- [           main] o.s.b.a.condition.OnBeanCondition        : Condition OnBeanCondition on org.springframework.boot.autoconfigure.task.TaskExecutionAutoConfiguration#applicationTaskExecutor matched due to @ConditionalOnMissingBean (types: java.util.concurrent.Executor; SearchStrategy: all) did not find any beans
2023-07-21 02:45:41.299 TRACE 29880 --- [           main] o.s.b.f.s.DefaultListableBeanFactory     : Returning cached instance of singleton bean 'autoConfigurationReport'
2023-07-21 02:45:41.299 TRACE 29880 --- [           main] o.s.b.f.s.DefaultListableBeanFactory     : Alias definition 'taskExecutor' registered for name 'applicationTaskExecutor'
2023-07-21 02:45:41.299 TRACE 29880 --- [           main] a.ConfigurationClassBeanDefinitionReader : Registering bean definition for @Bean method org.springframework.boot.autoconfigure.task.TaskExecutionAutoConfiguration.applicationTaskExecutor()
2023-07-21 02:45:41.299 TRACE 29880 --- [           main] o.s.b.a.condition.OnClassCondition       : Condition OnClassCondition on org.springframework.boot.autoconfigure.validation.ValidationAutoConfiguration matched due to @ConditionalOnClass found required class 'javax.validation.executable.ExecutableValidator'
2023-07-21 02:45:41.299 TRACE 29880 --- [           main] o.s.b.f.s.DefaultListableBeanFactory     : Returning cached instance of singleton bean 'autoConfigurationReport'
2023-07-21 02:45:41.300 TRACE 29880 --- [           main] o.s.b.a.condition.OnResourceCondition    : Condition OnResourceCondition on org.springframework.boot.autoconfigure.validation.ValidationAutoConfiguration matched due to @ConditionalOnResource found location classpath:META-INF/services/javax.validation.spi.ValidationProvider
2023-07-21 02:45:41.300 TRACE 29880 --- [           main] o.s.b.f.s.DefaultListableBeanFactory     : Returning cached instance of singleton bean 'autoConfigurationReport'
2023-07-21 02:45:41.300 TRACE 29880 --- [           main] a.ConfigurationClassBeanDefinitionReader : Registered bean definition for imported class 'org.springframework.boot.autoconfigure.validation.ValidationAutoConfiguration'
2023-07-21 02:45:41.303 TRACE 29880 --- [           main] o.s.b.a.condition.OnBeanCondition        : Condition OnBeanCondition on org.springframework.boot.autoconfigure.validation.ValidationAutoConfiguration#defaultValidator matched due to @ConditionalOnMissingBean (types: javax.validation.Validator; SearchStrategy: all) did not find any beans
2023-07-21 02:45:41.311 TRACE 29880 --- [           main] o.s.b.f.s.DefaultListableBeanFactory     : Returning cached instance of singleton bean 'autoConfigurationReport'
2023-07-21 02:45:41.312 TRACE 29880 --- [           main] a.ConfigurationClassBeanDefinitionReader : Registering bean definition for @Bean method org.springframework.boot.autoconfigure.validation.ValidationAutoConfiguration.defaultValidator()
2023-07-21 02:45:41.317 TRACE 29880 --- [           main] o.s.b.a.condition.OnBeanCondition        : Condition OnBeanCondition on org.springframework.boot.autoconfigure.validation.ValidationAutoConfiguration#methodValidationPostProcessor matched due to @ConditionalOnMissingBean (types: org.springframework.validation.beanvalidation.MethodValidationPostProcessor; SearchStrategy: current) did not find any beans
2023-07-21 02:45:41.317 TRACE 29880 --- [           main] o.s.b.f.s.DefaultListableBeanFactory     : Returning cached instance of singleton bean 'autoConfigurationReport'
2023-07-21 02:45:41.319 TRACE 29880 --- [           main] a.ConfigurationClassBeanDefinitionReader : Registering bean definition for @Bean method org.springframework.boot.autoconfigure.validation.ValidationAutoConfiguration.methodValidationPostProcessor()
2023-07-21 02:45:41.322 TRACE 29880 --- [           main] o.s.b.a.condition.OnClassCondition       : Condition OnClassCondition on org.springframework.boot.autoconfigure.web.servlet.error.ErrorMvcAutoConfiguration matched due to @ConditionalOnClass found required classes 'javax.servlet.Servlet', 'org.springframework.web.servlet.DispatcherServlet'
2023-07-21 02:45:41.322 TRACE 29880 --- [           main] o.s.b.f.s.DefaultListableBeanFactory     : Returning cached instance of singleton bean 'autoConfigurationReport'
2023-07-21 02:45:41.322 TRACE 29880 --- [           main] o.s.b.a.c.OnWebApplicationCondition      : Condition OnWebApplicationCondition on org.springframework.boot.autoconfigure.web.servlet.error.ErrorMvcAutoConfiguration matched due to found 'session' scope
2023-07-21 02:45:41.322 TRACE 29880 --- [           main] o.s.b.f.s.DefaultListableBeanFactory     : Returning cached instance of singleton bean 'autoConfigurationReport'
2023-07-21 02:45:41.322 TRACE 29880 --- [           main] o.s.b.a.condition.OnPropertyCondition    : Condition OnPropertyCondition on org.springframework.boot.autoconfigure.web.servlet.error.ErrorMvcAutoConfiguration$WhitelabelErrorViewConfiguration matched due to @ConditionalOnProperty (server.error.whitelabel.enabled) matched
2023-07-21 02:45:41.322 TRACE 29880 --- [           main] o.s.b.f.s.DefaultListableBeanFactory     : Returning cached instance of singleton bean 'autoConfigurationReport'
2023-07-21 02:45:41.322 TRACE 29880 --- [           main] o.s.c.io.support.SpringFactoriesLoader   : Loaded [org.springframework.boot.autoconfigure.template.TemplateAvailabilityProvider] names: [org.springframework.boot.autoconfigure.freemarker.FreeMarkerTemplateAvailabilityProvider, org.springframework.boot.autoconfigure.mustache.MustacheTemplateAvailabilityProvider, org.springframework.boot.autoconfigure.groovy.template.GroovyTemplateAvailabilityProvider, org.springframework.boot.autoconfigure.thymeleaf.ThymeleafTemplateAvailabilityProvider, org.springframework.boot.autoconfigure.web.servlet.JspTemplateAvailabilityProvider]
2023-07-21 02:45:41.324 TRACE 29880 --- [           main] figuration$ErrorTemplateMissingCondition : Condition ErrorMvcAutoConfiguration.ErrorTemplateMissingCondition on org.springframework.boot.autoconfigure.web.servlet.error.ErrorMvcAutoConfiguration$WhitelabelErrorViewConfiguration matched due to ErrorTemplate Missing did not find error template view
2023-07-21 02:45:41.324 TRACE 29880 --- [           main] o.s.b.f.s.DefaultListableBeanFactory     : Returning cached instance of singleton bean 'autoConfigurationReport'
2023-07-21 02:45:41.324 TRACE 29880 --- [           main] a.ConfigurationClassBeanDefinitionReader : Registered bean definition for imported class 'org.springframework.boot.autoconfigure.web.servlet.error.ErrorMvcAutoConfiguration$WhitelabelErrorViewConfiguration'
2023-07-21 02:45:41.325 TRACE 29880 --- [           main] o.s.b.a.condition.OnBeanCondition        : Condition OnBeanCondition on org.springframework.boot.autoconfigure.web.servlet.error.ErrorMvcAutoConfiguration$WhitelabelErrorViewConfiguration#defaultErrorView matched due to @ConditionalOnMissingBean (names: error; SearchStrategy: all) did not find any beans
2023-07-21 02:45:41.325 TRACE 29880 --- [           main] o.s.b.f.s.DefaultListableBeanFactory     : Returning cached instance of singleton bean 'autoConfigurationReport'
2023-07-21 02:45:41.325 TRACE 29880 --- [           main] a.ConfigurationClassBeanDefinitionReader : Registering bean definition for @Bean method org.springframework.boot.autoconfigure.web.servlet.error.ErrorMvcAutoConfiguration$WhitelabelErrorViewConfiguration.error()
2023-07-21 02:45:41.327 TRACE 29880 --- [           main] o.s.b.a.condition.OnBeanCondition        : Condition OnBeanCondition on org.springframework.boot.autoconfigure.web.servlet.error.ErrorMvcAutoConfiguration$WhitelabelErrorViewConfiguration#beanNameViewResolver matched due to @ConditionalOnMissingBean (types: org.springframework.web.servlet.view.BeanNameViewResolver; SearchStrategy: all) did not find any beans
2023-07-21 02:45:41.328 TRACE 29880 --- [           main] o.s.b.f.s.DefaultListableBeanFactory     : Returning cached instance of singleton bean 'autoConfigurationReport'
2023-07-21 02:45:41.328 TRACE 29880 --- [           main] a.ConfigurationClassBeanDefinitionReader : Registering bean definition for @Bean method org.springframework.boot.autoconfigure.web.servlet.error.ErrorMvcAutoConfiguration$WhitelabelErrorViewConfiguration.beanNameViewResolver()
2023-07-21 02:45:41.328 TRACE 29880 --- [           main] a.ConfigurationClassBeanDefinitionReader : Registered bean definition for imported class 'org.springframework.boot.autoconfigure.web.servlet.error.ErrorMvcAutoConfiguration$DefaultErrorViewResolverConfiguration'
2023-07-21 02:45:41.329 TRACE 29880 --- [           main] o.s.b.a.condition.OnBeanCondition        : Condition OnBeanCondition on org.springframework.boot.autoconfigure.web.servlet.error.ErrorMvcAutoConfiguration$DefaultErrorViewResolverConfiguration#conventionErrorViewResolver matched due to @ConditionalOnBean (types: org.springframework.web.servlet.DispatcherServlet; SearchStrategy: all) found bean 'dispatcherServlet'; @ConditionalOnMissingBean (types: org.springframework.boot.autoconfigure.web.servlet.error.ErrorViewResolver; SearchStrategy: all) did not find any beans
2023-07-21 02:45:41.329 TRACE 29880 --- [           main] o.s.b.f.s.DefaultListableBeanFactory     : Returning cached instance of singleton bean 'autoConfigurationReport'
2023-07-21 02:45:41.330 TRACE 29880 --- [           main] o.s.b.a.condition.OnBeanCondition        : Condition OnBeanCondition on org.springframework.boot.autoconfigure.web.servlet.error.ErrorMvcAutoConfiguration$DefaultErrorViewResolverConfiguration#conventionErrorViewResolver matched due to @ConditionalOnBean (types: org.springframework.web.servlet.DispatcherServlet; SearchStrategy: all) found bean 'dispatcherServlet'; @ConditionalOnMissingBean (types: org.springframework.boot.autoconfigure.web.servlet.error.ErrorViewResolver; SearchStrategy: all) did not find any beans
2023-07-21 02:45:41.330 TRACE 29880 --- [           main] o.s.b.f.s.DefaultListableBeanFactory     : Returning cached instance of singleton bean 'autoConfigurationReport'
2023-07-21 02:45:41.330 TRACE 29880 --- [           main] a.ConfigurationClassBeanDefinitionReader : Registering bean definition for @Bean method org.springframework.boot.autoconfigure.web.servlet.error.ErrorMvcAutoConfiguration$DefaultErrorViewResolverConfiguration.conventionErrorViewResolver()
2023-07-21 02:45:41.331 TRACE 29880 --- [           main] a.ConfigurationClassBeanDefinitionReader : Registered bean definition for imported class 'org.springframework.boot.autoconfigure.web.servlet.error.ErrorMvcAutoConfiguration'
2023-07-21 02:45:41.333 TRACE 29880 --- [           main] o.s.b.a.condition.OnBeanCondition        : Condition OnBeanCondition on org.springframework.boot.autoconfigure.web.servlet.error.ErrorMvcAutoConfiguration#errorAttributes matched due to @ConditionalOnMissingBean (types: org.springframework.boot.web.servlet.error.ErrorAttributes; SearchStrategy: current) did not find any beans
2023-07-21 02:45:41.333 TRACE 29880 --- [           main] o.s.b.f.s.DefaultListableBeanFactory     : Returning cached instance of singleton bean 'autoConfigurationReport'
2023-07-21 02:45:41.333 TRACE 29880 --- [           main] a.ConfigurationClassBeanDefinitionReader : Registering bean definition for @Bean method org.springframework.boot.autoconfigure.web.servlet.error.ErrorMvcAutoConfiguration.errorAttributes()
2023-07-21 02:45:41.336 TRACE 29880 --- [           main] o.s.b.a.condition.OnBeanCondition        : Condition OnBeanCondition on org.springframework.boot.autoconfigure.web.servlet.error.ErrorMvcAutoConfiguration#basicErrorController matched due to @ConditionalOnMissingBean (types: org.springframework.boot.web.servlet.error.ErrorController; SearchStrategy: current) did not find any beans
2023-07-21 02:45:41.336 TRACE 29880 --- [           main] o.s.b.f.s.DefaultListableBeanFactory     : Returning cached instance of singleton bean 'autoConfigurationReport'
2023-07-21 02:45:41.336 TRACE 29880 --- [           main] a.ConfigurationClassBeanDefinitionReader : Registering bean definition for @Bean method org.springframework.boot.autoconfigure.web.servlet.error.ErrorMvcAutoConfiguration.basicErrorController()
2023-07-21 02:45:41.336 TRACE 29880 --- [           main] a.ConfigurationClassBeanDefinitionReader : Registering bean definition for @Bean method org.springframework.boot.autoconfigure.web.servlet.error.ErrorMvcAutoConfiguration.errorPageCustomizer()
2023-07-21 02:45:41.336 TRACE 29880 --- [           main] a.ConfigurationClassBeanDefinitionReader : Registering bean definition for @Bean method org.springframework.boot.autoconfigure.web.servlet.error.ErrorMvcAutoConfiguration.preserveErrorControllerTargetClassPostProcessor()
2023-07-21 02:45:41.336 TRACE 29880 --- [           main] o.s.b.a.condition.OnClassCondition       : Condition OnClassCondition on org.springframework.boot.autoconfigure.web.servlet.WebMvcAutoConfiguration matched due to @ConditionalOnClass found required classes 'javax.servlet.Servlet', 'org.springframework.web.servlet.DispatcherServlet', 'org.springframework.web.servlet.config.annotation.WebMvcConfigurer'
2023-07-21 02:45:41.336 TRACE 29880 --- [           main] o.s.b.f.s.DefaultListableBeanFactory     : Returning cached instance of singleton bean 'autoConfigurationReport'
2023-07-21 02:45:41.336 TRACE 29880 --- [           main] o.s.b.a.c.OnWebApplicationCondition      : Condition OnWebApplicationCondition on org.springframework.boot.autoconfigure.web.servlet.WebMvcAutoConfiguration matched due to found 'session' scope
2023-07-21 02:45:41.336 TRACE 29880 --- [           main] o.s.b.f.s.DefaultListableBeanFactory     : Returning cached instance of singleton bean 'autoConfigurationReport'
2023-07-21 02:45:41.338 TRACE 29880 --- [           main] o.s.b.a.condition.OnBeanCondition        : Condition OnBeanCondition on org.springframework.boot.autoconfigure.web.servlet.WebMvcAutoConfiguration matched due to @ConditionalOnMissingBean (types: org.springframework.web.servlet.config.annotation.WebMvcConfigurationSupport; SearchStrategy: all) did not find any beans
2023-07-21 02:45:41.338 TRACE 29880 --- [           main] o.s.b.f.s.DefaultListableBeanFactory     : Returning cached instance of singleton bean 'autoConfigurationReport'
2023-07-21 02:45:41.338 TRACE 29880 --- [           main] a.ConfigurationClassBeanDefinitionReader : Registered bean definition for imported class 'org.springframework.boot.autoconfigure.web.servlet.WebMvcAutoConfiguration$EnableWebMvcConfiguration'
2023-07-21 02:45:41.338 TRACE 29880 --- [           main] a.ConfigurationClassBeanDefinitionReader : Registering bean definition for @Bean method org.springframework.boot.autoconfigure.web.servlet.WebMvcAutoConfiguration$EnableWebMvcConfiguration.requestMappingHandlerAdapter()
2023-07-21 02:45:41.339 TRACE 29880 --- [           main] a.ConfigurationClassBeanDefinitionReader : Registering bean definition for @Bean method org.springframework.boot.autoconfigure.web.servlet.WebMvcAutoConfiguration$EnableWebMvcConfiguration.welcomePageHandlerMapping()
2023-07-21 02:45:41.339 TRACE 29880 --- [           main] a.ConfigurationClassBeanDefinitionReader : Registering bean definition for @Bean method org.springframework.boot.autoconfigure.web.servlet.WebMvcAutoConfiguration$EnableWebMvcConfiguration.welcomePageNotAcceptableHandlerMapping()
2023-07-21 02:45:41.339 TRACE 29880 --- [           main] o.s.b.a.condition.OnBeanCondition        : Condition OnBeanCondition on org.springframework.boot.autoconfigure.web.servlet.WebMvcAutoConfiguration$EnableWebMvcConfiguration#localeResolver did not match due to @ConditionalOnMissingBean (names: localeResolver; SearchStrategy: all) found beans named localeResolver
2023-07-21 02:45:41.339 TRACE 29880 --- [           main] o.s.b.f.s.DefaultListableBeanFactory     : Returning cached instance of singleton bean 'autoConfigurationReport'
2023-07-21 02:45:41.339 TRACE 29880 --- [           main] o.s.b.a.condition.OnBeanCondition        : Condition OnBeanCondition on org.springframework.boot.autoconfigure.web.servlet.WebMvcAutoConfiguration$EnableWebMvcConfiguration#themeResolver matched due to @ConditionalOnMissingBean (names: themeResolver; SearchStrategy: all) did not find any beans
2023-07-21 02:45:41.339 TRACE 29880 --- [           main] o.s.b.f.s.DefaultListableBeanFactory     : Returning cached instance of singleton bean 'autoConfigurationReport'
2023-07-21 02:45:41.339 TRACE 29880 --- [           main] a.ConfigurationClassBeanDefinitionReader : Registering bean definition for @Bean method org.springframework.boot.autoconfigure.web.servlet.WebMvcAutoConfiguration$EnableWebMvcConfiguration.themeResolver()
2023-07-21 02:45:41.339 TRACE 29880 --- [           main] o.s.b.a.condition.OnBeanCondition        : Condition OnBeanCondition on org.springframework.boot.autoconfigure.web.servlet.WebMvcAutoConfiguration$EnableWebMvcConfiguration#flashMapManager matched due to @ConditionalOnMissingBean (names: flashMapManager; SearchStrategy: all) did not find any beans
2023-07-21 02:45:41.339 TRACE 29880 --- [           main] o.s.b.f.s.DefaultListableBeanFactory     : Returning cached instance of singleton bean 'autoConfigurationReport'
2023-07-21 02:45:41.339 TRACE 29880 --- [           main] a.ConfigurationClassBeanDefinitionReader : Registering bean definition for @Bean method org.springframework.boot.autoconfigure.web.servlet.WebMvcAutoConfiguration$EnableWebMvcConfiguration.flashMapManager()
2023-07-21 02:45:41.339 TRACE 29880 --- [           main] a.ConfigurationClassBeanDefinitionReader : Registering bean definition for @Bean method org.springframework.boot.autoconfigure.web.servlet.WebMvcAutoConfiguration$EnableWebMvcConfiguration.mvcConversionService()
2023-07-21 02:45:41.340 TRACE 29880 --- [           main] a.ConfigurationClassBeanDefinitionReader : Registering bean definition for @Bean method org.springframework.boot.autoconfigure.web.servlet.WebMvcAutoConfiguration$EnableWebMvcConfiguration.mvcValidator()
2023-07-21 02:45:41.340 TRACE 29880 --- [           main] a.ConfigurationClassBeanDefinitionReader : Registering bean definition for @Bean method org.springframework.boot.autoconfigure.web.servlet.WebMvcAutoConfiguration$EnableWebMvcConfiguration.mvcContentNegotiationManager()
2023-07-21 02:45:41.340 TRACE 29880 --- [           main] a.ConfigurationClassBeanDefinitionReader : Registering bean definition for @Bean method org.springframework.boot.autoconfigure.web.servlet.WebMvcAutoConfiguration$EnableWebMvcConfiguration.requestMappingHandlerMapping()
2023-07-21 02:45:41.340 TRACE 29880 --- [           main] a.ConfigurationClassBeanDefinitionReader : Registering bean definition for @Bean method org.springframework.boot.autoconfigure.web.servlet.WebMvcAutoConfiguration$EnableWebMvcConfiguration.mvcPatternParser()
2023-07-21 02:45:41.340 TRACE 29880 --- [           main] a.ConfigurationClassBeanDefinitionReader : Registering bean definition for @Bean method org.springframework.boot.autoconfigure.web.servlet.WebMvcAutoConfiguration$EnableWebMvcConfiguration.mvcUrlPathHelper()
2023-07-21 02:45:41.340 TRACE 29880 --- [           main] a.ConfigurationClassBeanDefinitionReader : Registering bean definition for @Bean method org.springframework.boot.autoconfigure.web.servlet.WebMvcAutoConfiguration$EnableWebMvcConfiguration.mvcPathMatcher()
2023-07-21 02:45:41.340 TRACE 29880 --- [           main] a.ConfigurationClassBeanDefinitionReader : Registering bean definition for @Bean method org.springframework.boot.autoconfigure.web.servlet.WebMvcAutoConfiguration$EnableWebMvcConfiguration.viewControllerHandlerMapping()
2023-07-21 02:45:41.340 TRACE 29880 --- [           main] a.ConfigurationClassBeanDefinitionReader : Registering bean definition for @Bean method org.springframework.boot.autoconfigure.web.servlet.WebMvcAutoConfiguration$EnableWebMvcConfiguration.beanNameHandlerMapping()
2023-07-21 02:45:41.340 TRACE 29880 --- [           main] a.ConfigurationClassBeanDefinitionReader : Registering bean definition for @Bean method org.springframework.boot.autoconfigure.web.servlet.WebMvcAutoConfiguration$EnableWebMvcConfiguration.routerFunctionMapping()
2023-07-21 02:45:41.340 TRACE 29880 --- [           main] a.ConfigurationClassBeanDefinitionReader : Registering bean definition for @Bean method org.springframework.boot.autoconfigure.web.servlet.WebMvcAutoConfiguration$EnableWebMvcConfiguration.resourceHandlerMapping()
2023-07-21 02:45:41.340 TRACE 29880 --- [           main] a.ConfigurationClassBeanDefinitionReader : Registering bean definition for @Bean method org.springframework.boot.autoconfigure.web.servlet.WebMvcAutoConfiguration$EnableWebMvcConfiguration.mvcResourceUrlProvider()
2023-07-21 02:45:41.340 TRACE 29880 --- [           main] a.ConfigurationClassBeanDefinitionReader : Registering bean definition for @Bean method org.springframework.boot.autoconfigure.web.servlet.WebMvcAutoConfiguration$EnableWebMvcConfiguration.defaultServletHandlerMapping()
2023-07-21 02:45:41.340 TRACE 29880 --- [           main] a.ConfigurationClassBeanDefinitionReader : Registering bean definition for @Bean method org.springframework.boot.autoconfigure.web.servlet.WebMvcAutoConfiguration$EnableWebMvcConfiguration.handlerFunctionAdapter()
2023-07-21 02:45:41.341 TRACE 29880 --- [           main] a.ConfigurationClassBeanDefinitionReader : Registering bean definition for @Bean method org.springframework.boot.autoconfigure.web.servlet.WebMvcAutoConfiguration$EnableWebMvcConfiguration.mvcUriComponentsContributor()
2023-07-21 02:45:41.341 TRACE 29880 --- [           main] a.ConfigurationClassBeanDefinitionReader : Registering bean definition for @Bean method org.springframework.boot.autoconfigure.web.servlet.WebMvcAutoConfiguration$EnableWebMvcConfiguration.httpRequestHandlerAdapter()
2023-07-21 02:45:41.341 TRACE 29880 --- [           main] a.ConfigurationClassBeanDefinitionReader : Registering bean definition for @Bean method org.springframework.boot.autoconfigure.web.servlet.WebMvcAutoConfiguration$EnableWebMvcConfiguration.simpleControllerHandlerAdapter()
2023-07-21 02:45:41.341 TRACE 29880 --- [           main] a.ConfigurationClassBeanDefinitionReader : Registering bean definition for @Bean method org.springframework.boot.autoconfigure.web.servlet.WebMvcAutoConfiguration$EnableWebMvcConfiguration.handlerExceptionResolver()
2023-07-21 02:45:41.341 TRACE 29880 --- [           main] a.ConfigurationClassBeanDefinitionReader : Registering bean definition for @Bean method org.springframework.boot.autoconfigure.web.servlet.WebMvcAutoConfiguration$EnableWebMvcConfiguration.mvcViewResolver()
2023-07-21 02:45:41.341 TRACE 29880 --- [           main] a.ConfigurationClassBeanDefinitionReader : Registering bean definition for @Bean method org.springframework.boot.autoconfigure.web.servlet.WebMvcAutoConfiguration$EnableWebMvcConfiguration.mvcHandlerMappingIntrospector()
2023-07-21 02:45:41.341 TRACE 29880 --- [           main] a.ConfigurationClassBeanDefinitionReader : Registering bean definition for @Bean method org.springframework.boot.autoconfigure.web.servlet.WebMvcAutoConfiguration$EnableWebMvcConfiguration.viewNameTranslator()
2023-07-21 02:45:41.343 TRACE 29880 --- [           main] a.ConfigurationClassBeanDefinitionReader : Registered bean definition for imported class 'org.springframework.boot.autoconfigure.web.servlet.WebMvcAutoConfiguration$WebMvcAutoConfigurationAdapter'
2023-07-21 02:45:41.375 TRACE 29880 --- [           main] o.s.b.a.condition.OnBeanCondition        : Condition OnBeanCondition on org.springframework.boot.autoconfigure.web.servlet.WebMvcAutoConfiguration$WebMvcAutoConfigurationAdapter#defaultViewResolver matched due to @ConditionalOnMissingBean (types: org.springframework.web.servlet.view.InternalResourceViewResolver; SearchStrategy: all) did not find any beans
2023-07-21 02:45:41.376 TRACE 29880 --- [           main] o.s.b.f.s.DefaultListableBeanFactory     : Returning cached instance of singleton bean 'autoConfigurationReport'
2023-07-21 02:45:41.376 TRACE 29880 --- [           main] a.ConfigurationClassBeanDefinitionReader : Registering bean definition for @Bean method org.springframework.boot.autoconfigure.web.servlet.WebMvcAutoConfiguration$WebMvcAutoConfigurationAdapter.defaultViewResolver()
2023-07-21 02:45:41.381 TRACE 29880 --- [           main] o.s.b.a.condition.OnBeanCondition        : Condition OnBeanCondition on org.springframework.boot.autoconfigure.web.servlet.WebMvcAutoConfiguration$WebMvcAutoConfigurationAdapter#beanNameViewResolver did not match due to @ConditionalOnMissingBean (types: org.springframework.web.servlet.view.BeanNameViewResolver; SearchStrategy: all) found beans of type 'org.springframework.web.servlet.view.BeanNameViewResolver' beanNameViewResolver
2023-07-21 02:45:41.381 TRACE 29880 --- [           main] o.s.b.f.s.DefaultListableBeanFactory     : Returning cached instance of singleton bean 'autoConfigurationReport'
2023-07-21 02:45:41.382 TRACE 29880 --- [           main] o.s.b.a.condition.OnBeanCondition        : Condition OnBeanCondition on org.springframework.boot.autoconfigure.web.servlet.WebMvcAutoConfiguration$WebMvcAutoConfigurationAdapter#viewResolver matched due to @ConditionalOnBean (types: org.springframework.web.servlet.ViewResolver; SearchStrategy: all) found beans 'defaultViewResolver', 'beanNameViewResolver', 'mvcViewResolver'; @ConditionalOnMissingBean (names: viewResolver types: org.springframework.web.servlet.view.ContentNegotiatingViewResolver; SearchStrategy: all) did not find any beans
2023-07-21 02:45:41.382 TRACE 29880 --- [           main] o.s.b.f.s.DefaultListableBeanFactory     : Returning cached instance of singleton bean 'autoConfigurationReport'
2023-07-21 02:45:41.383 TRACE 29880 --- [           main] o.s.b.a.condition.OnBeanCondition        : Condition OnBeanCondition on org.springframework.boot.autoconfigure.web.servlet.WebMvcAutoConfiguration$WebMvcAutoConfigurationAdapter#viewResolver matched due to @ConditionalOnBean (types: org.springframework.web.servlet.ViewResolver; SearchStrategy: all) found beans 'defaultViewResolver', 'beanNameViewResolver', 'mvcViewResolver'; @ConditionalOnMissingBean (names: viewResolver types: org.springframework.web.servlet.view.ContentNegotiatingViewResolver; SearchStrategy: all) did not find any beans
2023-07-21 02:45:41.383 TRACE 29880 --- [           main] o.s.b.f.s.DefaultListableBeanFactory     : Returning cached instance of singleton bean 'autoConfigurationReport'
2023-07-21 02:45:41.383 TRACE 29880 --- [           main] a.ConfigurationClassBeanDefinitionReader : Registering bean definition for @Bean method org.springframework.boot.autoconfigure.web.servlet.WebMvcAutoConfiguration$WebMvcAutoConfigurationAdapter.viewResolver()
2023-07-21 02:45:41.386 TRACE 29880 --- [           main] o.s.b.a.condition.OnBeanCondition        : Condition OnBeanCondition on org.springframework.boot.autoconfigure.web.servlet.WebMvcAutoConfiguration$WebMvcAutoConfigurationAdapter#requestContextFilter matched due to @ConditionalOnMissingBean (types: org.springframework.web.context.request.RequestContextListener,org.springframework.web.filter.RequestContextFilter; SearchStrategy: all) did not find any beans
2023-07-21 02:45:41.386 TRACE 29880 --- [           main] o.s.b.f.s.DefaultListableBeanFactory     : Returning cached instance of singleton bean 'autoConfigurationReport'
2023-07-21 02:45:41.388 TRACE 29880 --- [           main] o.s.b.a.condition.OnBeanCondition        : Condition OnBeanCondition on org.springframework.boot.autoconfigure.web.servlet.WebMvcAutoConfiguration$WebMvcAutoConfigurationAdapter#requestContextFilter matched due to @ConditionalOnMissingBean (types: org.springframework.web.context.request.RequestContextListener,org.springframework.web.filter.RequestContextFilter; SearchStrategy: all) did not find any beans
2023-07-21 02:45:41.388 TRACE 29880 --- [           main] o.s.b.f.s.DefaultListableBeanFactory     : Returning cached instance of singleton bean 'autoConfigurationReport'
2023-07-21 02:45:41.389 TRACE 29880 --- [           main] a.ConfigurationClassBeanDefinitionReader : Registering bean definition for @Bean method org.springframework.boot.autoconfigure.web.servlet.WebMvcAutoConfiguration$WebMvcAutoConfigurationAdapter.requestContextFilter()
2023-07-21 02:45:41.389 TRACE 29880 --- [           main] a.ConfigurationClassBeanDefinitionReader : Registered bean definition for imported class 'org.springframework.boot.autoconfigure.web.servlet.WebMvcAutoConfiguration'
2023-07-21 02:45:41.390 TRACE 29880 --- [           main] o.s.b.a.condition.OnPropertyCondition    : Condition OnPropertyCondition on org.springframework.boot.autoconfigure.web.servlet.WebMvcAutoConfiguration#hiddenHttpMethodFilter did not match due to @ConditionalOnProperty (spring.mvc.hiddenmethod.filter.enabled) did not find property 'enabled'
2023-07-21 02:45:41.390 TRACE 29880 --- [           main] o.s.b.f.s.DefaultListableBeanFactory     : Returning cached instance of singleton bean 'autoConfigurationReport'
2023-07-21 02:45:41.390 TRACE 29880 --- [           main] o.s.b.a.condition.OnPropertyCondition    : Condition OnPropertyCondition on org.springframework.boot.autoconfigure.web.servlet.WebMvcAutoConfiguration#formContentFilter matched due to @ConditionalOnProperty (spring.mvc.formcontent.filter.enabled) matched
2023-07-21 02:45:41.390 TRACE 29880 --- [           main] o.s.b.f.s.DefaultListableBeanFactory     : Returning cached instance of singleton bean 'autoConfigurationReport'
2023-07-21 02:45:41.393 TRACE 29880 --- [           main] o.s.b.a.condition.OnBeanCondition        : Condition OnBeanCondition on org.springframework.boot.autoconfigure.web.servlet.WebMvcAutoConfiguration#formContentFilter matched due to @ConditionalOnMissingBean (types: org.springframework.web.filter.FormContentFilter; SearchStrategy: all) did not find any beans
2023-07-21 02:45:41.393 TRACE 29880 --- [           main] o.s.b.f.s.DefaultListableBeanFactory     : Returning cached instance of singleton bean 'autoConfigurationReport'
2023-07-21 02:45:41.393 TRACE 29880 --- [           main] a.ConfigurationClassBeanDefinitionReader : Registering bean definition for @Bean method org.springframework.boot.autoconfigure.web.servlet.WebMvcAutoConfiguration.formContentFilter()
2023-07-21 02:45:41.394 TRACE 29880 --- [           main] o.s.b.a.condition.OnPropertyCondition    : Condition OnPropertyCondition on org.springframework.boot.autoconfigure.aop.AopAutoConfiguration matched due to @ConditionalOnProperty (spring.aop.auto=true) matched
2023-07-21 02:45:41.394 TRACE 29880 --- [           main] o.s.b.f.s.DefaultListableBeanFactory     : Returning cached instance of singleton bean 'autoConfigurationReport'
2023-07-21 02:45:41.394 TRACE 29880 --- [           main] o.s.b.a.condition.OnClassCondition       : Condition OnClassCondition on org.springframework.boot.autoconfigure.aop.AopAutoConfiguration$AspectJAutoProxyingConfiguration matched due to @ConditionalOnClass found required class 'org.aspectj.weaver.Advice'
2023-07-21 02:45:41.394 TRACE 29880 --- [           main] o.s.b.f.s.DefaultListableBeanFactory     : Returning cached instance of singleton bean 'autoConfigurationReport'
2023-07-21 02:45:41.394 TRACE 29880 --- [           main] o.s.b.a.condition.OnPropertyCondition    : Condition OnPropertyCondition on org.springframework.boot.autoconfigure.aop.AopAutoConfiguration$AspectJAutoProxyingConfiguration$CglibAutoProxyConfiguration matched due to @ConditionalOnProperty (spring.aop.proxy-target-class=true) matched
2023-07-21 02:45:41.394 TRACE 29880 --- [           main] o.s.b.f.s.DefaultListableBeanFactory     : Returning cached instance of singleton bean 'autoConfigurationReport'
2023-07-21 02:45:41.394 TRACE 29880 --- [           main] a.ConfigurationClassBeanDefinitionReader : Registered bean definition for imported class 'org.springframework.boot.autoconfigure.aop.AopAutoConfiguration$AspectJAutoProxyingConfiguration$CglibAutoProxyConfiguration'
2023-07-21 02:45:41.394 TRACE 29880 --- [           main] a.ConfigurationClassBeanDefinitionReader : Registered bean definition for imported class 'org.springframework.boot.autoconfigure.aop.AopAutoConfiguration$AspectJAutoProxyingConfiguration'
2023-07-21 02:45:41.394 TRACE 29880 --- [           main] a.ConfigurationClassBeanDefinitionReader : Registered bean definition for imported class 'org.springframework.boot.autoconfigure.aop.AopAutoConfiguration'
2023-07-21 02:45:41.394 TRACE 29880 --- [           main] a.ConfigurationClassBeanDefinitionReader : Registered bean definition for imported class 'org.springframework.boot.autoconfigure.availability.ApplicationAvailabilityAutoConfiguration'
2023-07-21 02:45:41.400 TRACE 29880 --- [           main] o.s.b.a.condition.OnBeanCondition        : Condition OnBeanCondition on org.springframework.boot.autoconfigure.availability.ApplicationAvailabilityAutoConfiguration#applicationAvailability matched due to @ConditionalOnMissingBean (types: org.springframework.boot.availability.ApplicationAvailability; SearchStrategy: all) did not find any beans
2023-07-21 02:45:41.400 TRACE 29880 --- [           main] o.s.b.f.s.DefaultListableBeanFactory     : Returning cached instance of singleton bean 'autoConfigurationReport'
2023-07-21 02:45:41.400 TRACE 29880 --- [           main] a.ConfigurationClassBeanDefinitionReader : Registering bean definition for @Bean method org.springframework.boot.autoconfigure.availability.ApplicationAvailabilityAutoConfiguration.applicationAvailability()
2023-07-21 02:45:41.400 TRACE 29880 --- [           main] o.s.b.a.condition.OnClassCondition       : Condition OnClassCondition on org.springframework.boot.autoconfigure.jackson.JacksonAutoConfiguration matched due to @ConditionalOnClass found required class 'com.fasterxml.jackson.databind.ObjectMapper'
2023-07-21 02:45:41.400 TRACE 29880 --- [           main] o.s.b.f.s.DefaultListableBeanFactory     : Returning cached instance of singleton bean 'autoConfigurationReport'
2023-07-21 02:45:41.401 TRACE 29880 --- [           main] o.s.b.a.condition.OnClassCondition       : Condition OnClassCondition on org.springframework.boot.autoconfigure.jackson.JacksonAutoConfiguration$Jackson2ObjectMapperBuilderCustomizerConfiguration matched due to @ConditionalOnClass found required class 'org.springframework.http.converter.json.Jackson2ObjectMapperBuilder'
2023-07-21 02:45:41.401 TRACE 29880 --- [           main] o.s.b.f.s.DefaultListableBeanFactory     : Returning cached instance of singleton bean 'autoConfigurationReport'
2023-07-21 02:45:41.401 TRACE 29880 --- [           main] a.ConfigurationClassBeanDefinitionReader : Registered bean definition for imported class 'org.springframework.boot.autoconfigure.jackson.JacksonAutoConfiguration$Jackson2ObjectMapperBuilderCustomizerConfiguration'
2023-07-21 02:45:41.401 TRACE 29880 --- [           main] a.ConfigurationClassBeanDefinitionReader : Registering bean definition for @Bean method org.springframework.boot.autoconfigure.jackson.JacksonAutoConfiguration$Jackson2ObjectMapperBuilderCustomizerConfiguration.standardJacksonObjectMapperBuilderCustomizer()
2023-07-21 02:45:41.402 TRACE 29880 --- [           main] o.s.b.a.condition.OnClassCondition       : Condition OnClassCondition on org.springframework.boot.autoconfigure.jackson.JacksonAutoConfiguration$JacksonObjectMapperBuilderConfiguration matched due to @ConditionalOnClass found required class 'org.springframework.http.converter.json.Jackson2ObjectMapperBuilder'
2023-07-21 02:45:41.402 TRACE 29880 --- [           main] o.s.b.f.s.DefaultListableBeanFactory     : Returning cached instance of singleton bean 'autoConfigurationReport'
2023-07-21 02:45:41.402 TRACE 29880 --- [           main] a.ConfigurationClassBeanDefinitionReader : Registered bean definition for imported class 'org.springframework.boot.autoconfigure.jackson.JacksonAutoConfiguration$JacksonObjectMapperBuilderConfiguration'
2023-07-21 02:45:41.407 TRACE 29880 --- [           main] o.s.b.a.condition.OnBeanCondition        : Condition OnBeanCondition on org.springframework.boot.autoconfigure.jackson.JacksonAutoConfiguration$JacksonObjectMapperBuilderConfiguration#jacksonObjectMapperBuilder matched due to @ConditionalOnMissingBean (types: org.springframework.http.converter.json.Jackson2ObjectMapperBuilder; SearchStrategy: all) did not find any beans
2023-07-21 02:45:41.407 TRACE 29880 --- [           main] o.s.b.f.s.DefaultListableBeanFactory     : Returning cached instance of singleton bean 'autoConfigurationReport'
2023-07-21 02:45:41.407 TRACE 29880 --- [           main] a.ConfigurationClassBeanDefinitionReader : Registering bean definition for @Bean method org.springframework.boot.autoconfigure.jackson.JacksonAutoConfiguration$JacksonObjectMapperBuilderConfiguration.jacksonObjectMapperBuilder()
2023-07-21 02:45:41.407 TRACE 29880 --- [           main] o.s.b.a.condition.OnClassCondition       : Condition OnClassCondition on org.springframework.boot.autoconfigure.jackson.JacksonAutoConfiguration$ParameterNamesModuleConfiguration matched due to @ConditionalOnClass found required class 'com.fasterxml.jackson.module.paramnames.ParameterNamesModule'
2023-07-21 02:45:41.407 TRACE 29880 --- [           main] o.s.b.f.s.DefaultListableBeanFactory     : Returning cached instance of singleton bean 'autoConfigurationReport'
2023-07-21 02:45:41.407 TRACE 29880 --- [           main] a.ConfigurationClassBeanDefinitionReader : Registered bean definition for imported class 'org.springframework.boot.autoconfigure.jackson.JacksonAutoConfiguration$ParameterNamesModuleConfiguration'
2023-07-21 02:45:41.409 TRACE 29880 --- [           main] o.s.b.a.condition.OnBeanCondition        : Condition OnBeanCondition on org.springframework.boot.autoconfigure.jackson.JacksonAutoConfiguration$ParameterNamesModuleConfiguration#parameterNamesModule matched due to @ConditionalOnMissingBean (types: com.fasterxml.jackson.module.paramnames.ParameterNamesModule; SearchStrategy: all) did not find any beans
2023-07-21 02:45:41.409 TRACE 29880 --- [           main] o.s.b.f.s.DefaultListableBeanFactory     : Returning cached instance of singleton bean 'autoConfigurationReport'
2023-07-21 02:45:41.409 TRACE 29880 --- [           main] a.ConfigurationClassBeanDefinitionReader : Registering bean definition for @Bean method org.springframework.boot.autoconfigure.jackson.JacksonAutoConfiguration$ParameterNamesModuleConfiguration.parameterNamesModule()
2023-07-21 02:45:41.409 TRACE 29880 --- [           main] o.s.b.a.condition.OnClassCondition       : Condition OnClassCondition on org.springframework.boot.autoconfigure.jackson.JacksonAutoConfiguration$JacksonObjectMapperConfiguration matched due to @ConditionalOnClass found required class 'org.springframework.http.converter.json.Jackson2ObjectMapperBuilder'
2023-07-21 02:45:41.409 TRACE 29880 --- [           main] o.s.b.f.s.DefaultListableBeanFactory     : Returning cached instance of singleton bean 'autoConfigurationReport'
2023-07-21 02:45:41.409 TRACE 29880 --- [           main] a.ConfigurationClassBeanDefinitionReader : Registered bean definition for imported class 'org.springframework.boot.autoconfigure.jackson.JacksonAutoConfiguration$JacksonObjectMapperConfiguration'
2023-07-21 02:45:41.410 TRACE 29880 --- [           main] o.s.b.a.condition.OnBeanCondition        : Condition OnBeanCondition on org.springframework.boot.autoconfigure.jackson.JacksonAutoConfiguration$JacksonObjectMapperConfiguration#jacksonObjectMapper matched due to @ConditionalOnMissingBean (types: com.fasterxml.jackson.databind.ObjectMapper; SearchStrategy: all) did not find any beans
2023-07-21 02:45:41.411 TRACE 29880 --- [           main] o.s.b.f.s.DefaultListableBeanFactory     : Returning cached instance of singleton bean 'autoConfigurationReport'
2023-07-21 02:45:41.411 TRACE 29880 --- [           main] a.ConfigurationClassBeanDefinitionReader : Registering bean definition for @Bean method org.springframework.boot.autoconfigure.jackson.JacksonAutoConfiguration$JacksonObjectMapperConfiguration.jacksonObjectMapper()
2023-07-21 02:45:41.411 TRACE 29880 --- [           main] a.ConfigurationClassBeanDefinitionReader : Registered bean definition for imported class 'org.springframework.boot.autoconfigure.jackson.JacksonAutoConfiguration'
2023-07-21 02:45:41.411 TRACE 29880 --- [           main] a.ConfigurationClassBeanDefinitionReader : Registering bean definition for @Bean method org.springframework.boot.autoconfigure.jackson.JacksonAutoConfiguration.jsonComponentModule()
2023-07-21 02:45:41.411 TRACE 29880 --- [           main] a.ConfigurationClassBeanDefinitionReader : Registering bean definition for @Bean method org.springframework.boot.autoconfigure.jackson.JacksonAutoConfiguration.jsonMixinModule()
2023-07-21 02:45:41.412 TRACE 29880 --- [           main] o.s.b.a.condition.OnClassCondition       : Condition OnClassCondition on org.springframework.boot.autoconfigure.transaction.jta.JtaAutoConfiguration matched due to @ConditionalOnClass found required class 'javax.transaction.Transaction'
2023-07-21 02:45:41.412 TRACE 29880 --- [           main] o.s.b.f.s.DefaultListableBeanFactory     : Returning cached instance of singleton bean 'autoConfigurationReport'
2023-07-21 02:45:41.412 TRACE 29880 --- [           main] o.s.b.a.condition.OnPropertyCondition    : Condition OnPropertyCondition on org.springframework.boot.autoconfigure.transaction.jta.JtaAutoConfiguration matched due to @ConditionalOnProperty (spring.jta.enabled) matched
2023-07-21 02:45:41.412 TRACE 29880 --- [           main] o.s.b.f.s.DefaultListableBeanFactory     : Returning cached instance of singleton bean 'autoConfigurationReport'
2023-07-21 02:45:41.415 TRACE 29880 --- [           main] a.ConfigurationClassBeanDefinitionReader : Registered bean definition for imported class 'org.springframework.boot.autoconfigure.transaction.jta.JtaAutoConfiguration'
2023-07-21 02:45:41.416 TRACE 29880 --- [           main] o.s.b.a.condition.OnClassCondition       : Condition OnClassCondition on org.springframework.boot.autoconfigure.jdbc.XADataSourceAutoConfiguration matched due to @ConditionalOnClass found required classes 'javax.sql.DataSource', 'javax.transaction.TransactionManager', 'org.springframework.jdbc.datasource.embedded.EmbeddedDatabaseType'
2023-07-21 02:45:41.416 TRACE 29880 --- [           main] o.s.b.f.s.DefaultListableBeanFactory     : Returning cached instance of singleton bean 'autoConfigurationReport'
2023-07-21 02:45:41.420 TRACE 29880 --- [           main] o.s.b.a.condition.OnBeanCondition        : Condition OnBeanCondition on org.springframework.boot.autoconfigure.jdbc.XADataSourceAutoConfiguration did not match due to @ConditionalOnBean (types: org.springframework.boot.jdbc.XADataSourceWrapper; SearchStrategy: all) did not find any beans of type org.springframework.boot.jdbc.XADataSourceWrapper
2023-07-21 02:45:41.420 TRACE 29880 --- [           main] o.s.b.f.s.DefaultListableBeanFactory     : Returning cached instance of singleton bean 'autoConfigurationReport'
2023-07-21 02:45:41.420 TRACE 29880 --- [           main] o.s.b.a.condition.OnClassCondition       : Condition OnClassCondition on org.springframework.boot.autoconfigure.jdbc.DataSourceAutoConfiguration matched due to @ConditionalOnClass found required classes 'javax.sql.DataSource', 'org.springframework.jdbc.datasource.embedded.EmbeddedDatabaseType'
2023-07-21 02:45:41.421 TRACE 29880 --- [           main] o.s.b.f.s.DefaultListableBeanFactory     : Returning cached instance of singleton bean 'autoConfigurationReport'
2023-07-21 02:45:41.421 TRACE 29880 --- [           main] o.s.b.a.condition.OnBeanCondition        : Condition OnBeanCondition on org.springframework.boot.autoconfigure.jdbc.DataSourceAutoConfiguration matched due to @ConditionalOnMissingBean (types: io.r2dbc.spi.ConnectionFactory; SearchStrategy: all) did not find any beans
2023-07-21 02:45:41.421 TRACE 29880 --- [           main] o.s.b.f.s.DefaultListableBeanFactory     : Returning cached instance of singleton bean 'autoConfigurationReport'
2023-07-21 02:45:41.424 TRACE 29880 --- [           main] o.s.b.a.condition.OnBeanCondition        : Condition OnBeanCondition on org.springframework.boot.autoconfigure.jdbc.DataSourceAutoConfiguration$PooledDataSourceConfiguration matched due to @ConditionalOnMissingBean (types: javax.sql.DataSource,javax.sql.XADataSource; SearchStrategy: all) did not find any beans
2023-07-21 02:45:41.424 TRACE 29880 --- [           main] o.s.b.f.s.DefaultListableBeanFactory     : Returning cached instance of singleton bean 'autoConfigurationReport'
2023-07-21 02:45:41.424 TRACE 29880 --- [           main] o.s.b.a.condition.OnClassCondition       : Condition OnClassCondition on org.springframework.boot.autoconfigure.jdbc.DataSourceConfiguration$Hikari matched due to @ConditionalOnClass found required class 'com.zaxxer.hikari.HikariDataSource'
2023-07-21 02:45:41.424 TRACE 29880 --- [           main] o.s.b.f.s.DefaultListableBeanFactory     : Returning cached instance of singleton bean 'autoConfigurationReport'
2023-07-21 02:45:41.425 TRACE 29880 --- [           main] o.s.b.a.condition.OnPropertyCondition    : Condition OnPropertyCondition on org.springframework.boot.autoconfigure.jdbc.DataSourceConfiguration$Hikari matched due to @ConditionalOnProperty (spring.datasource.type=com.zaxxer.hikari.HikariDataSource) matched
2023-07-21 02:45:41.425 TRACE 29880 --- [           main] o.s.b.f.s.DefaultListableBeanFactory     : Returning cached instance of singleton bean 'autoConfigurationReport'
2023-07-21 02:45:41.425 TRACE 29880 --- [           main] o.s.b.a.condition.OnBeanCondition        : Condition OnBeanCondition on org.springframework.boot.autoconfigure.jdbc.DataSourceConfiguration$Hikari matched due to @ConditionalOnMissingBean (types: javax.sql.DataSource; SearchStrategy: all) did not find any beans
2023-07-21 02:45:41.425 TRACE 29880 --- [           main] o.s.b.f.s.DefaultListableBeanFactory     : Returning cached instance of singleton bean 'autoConfigurationReport'
2023-07-21 02:45:41.425 TRACE 29880 --- [           main] a.ConfigurationClassBeanDefinitionReader : Registered bean definition for imported class 'org.springframework.boot.autoconfigure.jdbc.DataSourceConfiguration$Hikari'
2023-07-21 02:45:41.426 TRACE 29880 --- [           main] a.ConfigurationClassBeanDefinitionReader : Registering bean definition for @Bean method org.springframework.boot.autoconfigure.jdbc.DataSourceConfiguration$Hikari.dataSource()
2023-07-21 02:45:41.428 TRACE 29880 --- [           main] a.ConfigurationClassBeanDefinitionReader : Registered bean definition for imported class 'org.springframework.boot.autoconfigure.jdbc.DataSourceAutoConfiguration$PooledDataSourceConfiguration'
2023-07-21 02:45:41.429 TRACE 29880 --- [           main] o.s.b.a.condition.OnClassCondition       : Condition OnClassCondition on org.springframework.boot.autoconfigure.jdbc.metadata.DataSourcePoolMetadataProvidersConfiguration$HikariPoolDataSourceMetadataProviderConfiguration matched due to @ConditionalOnClass found required class 'com.zaxxer.hikari.HikariDataSource'
2023-07-21 02:45:41.429 TRACE 29880 --- [           main] o.s.b.f.s.DefaultListableBeanFactory     : Returning cached instance of singleton bean 'autoConfigurationReport'
2023-07-21 02:45:41.429 TRACE 29880 --- [           main] a.ConfigurationClassBeanDefinitionReader : Registered bean definition for imported class 'org.springframework.boot.autoconfigure.jdbc.metadata.DataSourcePoolMetadataProvidersConfiguration$HikariPoolDataSourceMetadataProviderConfiguration'
2023-07-21 02:45:41.429 TRACE 29880 --- [           main] a.ConfigurationClassBeanDefinitionReader : Registering bean definition for @Bean method org.springframework.boot.autoconfigure.jdbc.metadata.DataSourcePoolMetadataProvidersConfiguration$HikariPoolDataSourceMetadataProviderConfiguration.hikariPoolDataSourceMetadataProvider()
2023-07-21 02:45:41.429 TRACE 29880 --- [           main] a.ConfigurationClassBeanDefinitionReader : Registered bean definition for imported class 'org.springframework.boot.autoconfigure.jdbc.metadata.DataSourcePoolMetadataProvidersConfiguration'
2023-07-21 02:45:41.431 TRACE 29880 --- [           main] a.ConfigurationClassBeanDefinitionReader : Registered bean definition for imported class 'org.springframework.boot.autoconfigure.jdbc.DataSourceAutoConfiguration'
2023-07-21 02:45:41.433 TRACE 29880 --- [           main] o.s.b.a.condition.OnClassCondition       : Condition OnClassCondition on org.springframework.boot.autoconfigure.orm.jpa.HibernateJpaAutoConfiguration matched due to @ConditionalOnClass found required classes 'org.springframework.orm.jpa.LocalContainerEntityManagerFactoryBean', 'javax.persistence.EntityManager', 'org.hibernate.engine.spi.SessionImplementor'
2023-07-21 02:45:41.433 TRACE 29880 --- [           main] o.s.b.f.s.DefaultListableBeanFactory     : Returning cached instance of singleton bean 'autoConfigurationReport'
2023-07-21 02:45:41.437 TRACE 29880 --- [           main] o.s.b.a.condition.OnBeanCondition        : Condition OnBeanCondition on org.springframework.boot.autoconfigure.orm.jpa.HibernateJpaConfiguration matched due to @ConditionalOnSingleCandidate (types: javax.sql.DataSource; SearchStrategy: all) found a single bean 'dataSource'
2023-07-21 02:45:41.437 TRACE 29880 --- [           main] o.s.b.f.s.DefaultListableBeanFactory     : Returning cached instance of singleton bean 'autoConfigurationReport'
2023-07-21 02:45:41.437 TRACE 29880 --- [           main] o.s.b.a.condition.OnClassCondition       : Condition OnClassCondition on org.springframework.boot.autoconfigure.orm.jpa.JpaBaseConfiguration$JpaWebConfiguration matched due to @ConditionalOnClass found required class 'org.springframework.web.servlet.config.annotation.WebMvcConfigurer'
2023-07-21 02:45:41.437 TRACE 29880 --- [           main] o.s.b.f.s.DefaultListableBeanFactory     : Returning cached instance of singleton bean 'autoConfigurationReport'
2023-07-21 02:45:41.437 TRACE 29880 --- [           main] o.s.b.a.c.OnWebApplicationCondition      : Condition OnWebApplicationCondition on org.springframework.boot.autoconfigure.orm.jpa.JpaBaseConfiguration$JpaWebConfiguration matched due to found 'session' scope
2023-07-21 02:45:41.437 TRACE 29880 --- [           main] o.s.b.f.s.DefaultListableBeanFactory     : Returning cached instance of singleton bean 'autoConfigurationReport'
2023-07-21 02:45:41.438 TRACE 29880 --- [           main] o.s.b.a.condition.OnPropertyCondition    : Condition OnPropertyCondition on org.springframework.boot.autoconfigure.orm.jpa.JpaBaseConfiguration$JpaWebConfiguration matched due to @ConditionalOnProperty (spring.jpa.open-in-view=true) matched
2023-07-21 02:45:41.438 TRACE 29880 --- [           main] o.s.b.f.s.DefaultListableBeanFactory     : Returning cached instance of singleton bean 'autoConfigurationReport'
2023-07-21 02:45:41.443 TRACE 29880 --- [           main] o.s.b.a.condition.OnBeanCondition        : Condition OnBeanCondition on org.springframework.boot.autoconfigure.orm.jpa.JpaBaseConfiguration$JpaWebConfiguration matched due to @ConditionalOnMissingBean (types: org.springframework.orm.jpa.support.OpenEntityManagerInViewInterceptor,org.springframework.orm.jpa.support.OpenEntityManagerInViewFilter; SearchStrategy: all) did not find any beans
2023-07-21 02:45:41.443 TRACE 29880 --- [           main] o.s.b.f.s.DefaultListableBeanFactory     : Returning cached instance of singleton bean 'autoConfigurationReport'
2023-07-21 02:45:41.445 TRACE 29880 --- [           main] o.s.b.a.condition.OnBeanCondition        : Condition OnBeanCondition on org.springframework.boot.autoconfigure.orm.jpa.JpaBaseConfiguration$JpaWebConfiguration matched due to @ConditionalOnMissingBean (types: org.springframework.orm.jpa.support.OpenEntityManagerInViewInterceptor,org.springframework.orm.jpa.support.OpenEntityManagerInViewFilter; SearchStrategy: all) did not find any beans
2023-07-21 02:45:41.445 TRACE 29880 --- [           main] o.s.b.f.s.DefaultListableBeanFactory     : Returning cached instance of singleton bean 'autoConfigurationReport'
2023-07-21 02:45:41.445 TRACE 29880 --- [           main] a.ConfigurationClassBeanDefinitionReader : Registered bean definition for imported class 'org.springframework.boot.autoconfigure.orm.jpa.JpaBaseConfiguration$JpaWebConfiguration'
2023-07-21 02:45:41.445 TRACE 29880 --- [           main] a.ConfigurationClassBeanDefinitionReader : Registering bean definition for @Bean method org.springframework.boot.autoconfigure.orm.jpa.JpaBaseConfiguration$JpaWebConfiguration.openEntityManagerInViewInterceptor()
2023-07-21 02:45:41.445 TRACE 29880 --- [           main] a.ConfigurationClassBeanDefinitionReader : Registering bean definition for @Bean method org.springframework.boot.autoconfigure.orm.jpa.JpaBaseConfiguration$JpaWebConfiguration.openEntityManagerInViewInterceptorConfigurer()
2023-07-21 02:45:41.447 TRACE 29880 --- [           main] a.ConfigurationClassBeanDefinitionReader : Registered bean definition for imported class 'org.springframework.boot.autoconfigure.orm.jpa.HibernateJpaConfiguration'
2023-07-21 02:45:41.450 TRACE 29880 --- [           main] o.s.b.a.condition.OnBeanCondition        : Condition OnBeanCondition on org.springframework.boot.autoconfigure.orm.jpa.JpaBaseConfiguration#transactionManager matched due to @ConditionalOnMissingBean (types: org.springframework.transaction.TransactionManager; SearchStrategy: all) did not find any beans
2023-07-21 02:45:41.450 TRACE 29880 --- [           main] o.s.b.f.s.DefaultListableBeanFactory     : Returning cached instance of singleton bean 'autoConfigurationReport'
2023-07-21 02:45:41.451 TRACE 29880 --- [           main] a.ConfigurationClassBeanDefinitionReader : Registering bean definition for @Bean method org.springframework.boot.autoconfigure.orm.jpa.HibernateJpaConfiguration.transactionManager()
2023-07-21 02:45:41.459 TRACE 29880 --- [           main] o.s.b.a.condition.OnBeanCondition        : Condition OnBeanCondition on org.springframework.boot.autoconfigure.orm.jpa.JpaBaseConfiguration#jpaVendorAdapter matched due to @ConditionalOnMissingBean (types: org.springframework.orm.jpa.JpaVendorAdapter; SearchStrategy: all) did not find any beans
2023-07-21 02:45:41.459 TRACE 29880 --- [           main] o.s.b.f.s.DefaultListableBeanFactory     : Returning cached instance of singleton bean 'autoConfigurationReport'
2023-07-21 02:45:41.460 TRACE 29880 --- [           main] a.ConfigurationClassBeanDefinitionReader : Registering bean definition for @Bean method org.springframework.boot.autoconfigure.orm.jpa.HibernateJpaConfiguration.jpaVendorAdapter()
2023-07-21 02:45:41.461 TRACE 29880 --- [           main] o.s.b.a.condition.OnBeanCondition        : Condition OnBeanCondition on org.springframework.boot.autoconfigure.orm.jpa.JpaBaseConfiguration#entityManagerFactoryBuilder matched due to @ConditionalOnMissingBean (types: org.springframework.boot.orm.jpa.EntityManagerFactoryBuilder; SearchStrategy: all) did not find any beans
2023-07-21 02:45:41.461 TRACE 29880 --- [           main] o.s.b.f.s.DefaultListableBeanFactory     : Returning cached instance of singleton bean 'autoConfigurationReport'
2023-07-21 02:45:41.461 TRACE 29880 --- [           main] a.ConfigurationClassBeanDefinitionReader : Registering bean definition for @Bean method org.springframework.boot.autoconfigure.orm.jpa.HibernateJpaConfiguration.entityManagerFactoryBuilder()
2023-07-21 02:45:41.462 TRACE 29880 --- [           main] o.s.b.a.condition.OnBeanCondition        : Condition OnBeanCondition on org.springframework.boot.autoconfigure.orm.jpa.JpaBaseConfiguration#entityManagerFactory matched due to @ConditionalOnMissingBean (types: org.springframework.orm.jpa.LocalContainerEntityManagerFactoryBean,javax.persistence.EntityManagerFactory; SearchStrategy: all) did not find any beans
2023-07-21 02:45:41.462 TRACE 29880 --- [           main] o.s.b.f.s.DefaultListableBeanFactory     : Returning cached instance of singleton bean 'autoConfigurationReport'
2023-07-21 02:45:41.462 TRACE 29880 --- [           main] a.ConfigurationClassBeanDefinitionReader : Registering bean definition for @Bean method org.springframework.boot.autoconfigure.orm.jpa.HibernateJpaConfiguration.entityManagerFactory()
2023-07-21 02:45:41.463 TRACE 29880 --- [           main] a.ConfigurationClassBeanDefinitionReader : Registered bean definition for imported class 'org.springframework.boot.autoconfigure.orm.jpa.HibernateJpaAutoConfiguration'
2023-07-21 02:45:41.463 TRACE 29880 --- [           main] o.s.b.a.condition.OnClassCondition       : Condition OnClassCondition on org.springframework.boot.autoconfigure.cache.CacheAutoConfiguration matched due to @ConditionalOnClass found required class 'org.springframework.cache.CacheManager'
2023-07-21 02:45:41.463 TRACE 29880 --- [           main] o.s.b.f.s.DefaultListableBeanFactory     : Returning cached instance of singleton bean 'autoConfigurationReport'
2023-07-21 02:45:41.465 TRACE 29880 --- [           main] o.s.b.a.condition.OnBeanCondition        : Condition OnBeanCondition on org.springframework.boot.autoconfigure.cache.CacheAutoConfiguration did not match due to @ConditionalOnBean (types: org.springframework.cache.interceptor.CacheAspectSupport; SearchStrategy: all) did not find any beans of type org.springframework.cache.interceptor.CacheAspectSupport
2023-07-21 02:45:41.465 TRACE 29880 --- [           main] o.s.b.f.s.DefaultListableBeanFactory     : Returning cached instance of singleton bean 'autoConfigurationReport'
2023-07-21 02:45:41.465 TRACE 29880 --- [           main] a.ConfigurationClassBeanDefinitionReader : Registered bean definition for imported class 'org.springframework.boot.autoconfigure.context.ConfigurationPropertiesAutoConfiguration'
2023-07-21 02:45:41.466 TRACE 29880 --- [           main] a.ConfigurationClassBeanDefinitionReader : Registered bean definition for imported class 'org.springframework.boot.autoconfigure.context.LifecycleAutoConfiguration'
2023-07-21 02:45:41.466 TRACE 29880 --- [           main] o.s.b.a.condition.OnBeanCondition        : Condition OnBeanCondition on org.springframework.boot.autoconfigure.context.LifecycleAutoConfiguration#defaultLifecycleProcessor matched due to @ConditionalOnMissingBean (names: lifecycleProcessor; SearchStrategy: current) did not find any beans
2023-07-21 02:45:41.466 TRACE 29880 --- [           main] o.s.b.f.s.DefaultListableBeanFactory     : Returning cached instance of singleton bean 'autoConfigurationReport'
2023-07-21 02:45:41.466 TRACE 29880 --- [           main] a.ConfigurationClassBeanDefinitionReader : Registering bean definition for @Bean method org.springframework.boot.autoconfigure.context.LifecycleAutoConfiguration.lifecycleProcessor()
2023-07-21 02:45:41.466 TRACE 29880 --- [           main] o.s.b.a.condition.OnClassCondition       : Condition OnClassCondition on org.springframework.boot.autoconfigure.dao.PersistenceExceptionTranslationAutoConfiguration matched due to @ConditionalOnClass found required class 'org.springframework.dao.annotation.PersistenceExceptionTranslationPostProcessor'
2023-07-21 02:45:41.466 TRACE 29880 --- [           main] o.s.b.f.s.DefaultListableBeanFactory     : Returning cached instance of singleton bean 'autoConfigurationReport'
2023-07-21 02:45:41.466 TRACE 29880 --- [           main] a.ConfigurationClassBeanDefinitionReader : Registered bean definition for imported class 'org.springframework.boot.autoconfigure.dao.PersistenceExceptionTranslationAutoConfiguration'
2023-07-21 02:45:41.467 TRACE 29880 --- [           main] o.s.b.a.condition.OnPropertyCondition    : Condition OnPropertyCondition on org.springframework.boot.autoconfigure.dao.PersistenceExceptionTranslationAutoConfiguration#persistenceExceptionTranslationPostProcessor matched due to @ConditionalOnProperty (spring.dao.exceptiontranslation.enabled) matched
2023-07-21 02:45:41.467 TRACE 29880 --- [           main] o.s.b.f.s.DefaultListableBeanFactory     : Returning cached instance of singleton bean 'autoConfigurationReport'
2023-07-21 02:45:41.470 TRACE 29880 --- [           main] o.s.b.a.condition.OnBeanCondition        : Condition OnBeanCondition on org.springframework.boot.autoconfigure.dao.PersistenceExceptionTranslationAutoConfiguration#persistenceExceptionTranslationPostProcessor matched due to @ConditionalOnMissingBean (types: org.springframework.dao.annotation.PersistenceExceptionTranslationPostProcessor; SearchStrategy: all) did not find any beans
2023-07-21 02:45:41.470 TRACE 29880 --- [           main] o.s.b.f.s.DefaultListableBeanFactory     : Returning cached instance of singleton bean 'autoConfigurationReport'
2023-07-21 02:45:41.470 TRACE 29880 --- [           main] a.ConfigurationClassBeanDefinitionReader : Registering bean definition for @Bean method org.springframework.boot.autoconfigure.dao.PersistenceExceptionTranslationAutoConfiguration.persistenceExceptionTranslationPostProcessor()
2023-07-21 02:45:41.470 TRACE 29880 --- [           main] o.s.b.a.condition.OnClassCondition       : Condition OnClassCondition on org.springframework.boot.autoconfigure.data.jpa.JpaRepositoriesAutoConfiguration matched due to @ConditionalOnClass found required class 'org.springframework.data.jpa.repository.JpaRepository'
2023-07-21 02:45:41.470 TRACE 29880 --- [           main] o.s.b.f.s.DefaultListableBeanFactory     : Returning cached instance of singleton bean 'autoConfigurationReport'
2023-07-21 02:45:41.470 TRACE 29880 --- [           main] o.s.b.a.condition.OnPropertyCondition    : Condition OnPropertyCondition on org.springframework.boot.autoconfigure.data.jpa.JpaRepositoriesAutoConfiguration matched due to @ConditionalOnProperty (spring.data.jpa.repositories.enabled=true) matched
2023-07-21 02:45:41.470 TRACE 29880 --- [           main] o.s.b.f.s.DefaultListableBeanFactory     : Returning cached instance of singleton bean 'autoConfigurationReport'
2023-07-21 02:45:41.476 TRACE 29880 --- [           main] o.s.b.a.condition.OnBeanCondition        : Condition OnBeanCondition on org.springframework.boot.autoconfigure.data.jpa.JpaRepositoriesAutoConfiguration matched due to @ConditionalOnBean (types: javax.sql.DataSource; SearchStrategy: all) found bean 'dataSource'; @ConditionalOnMissingBean (types: org.springframework.data.jpa.repository.support.JpaRepositoryFactoryBean,org.springframework.data.jpa.repository.config.JpaRepositoryConfigExtension; SearchStrategy: all) did not find any beans
2023-07-21 02:45:41.476 TRACE 29880 --- [           main] o.s.b.f.s.DefaultListableBeanFactory     : Returning cached instance of singleton bean 'autoConfigurationReport'
2023-07-21 02:45:41.477 TRACE 29880 --- [           main] o.s.b.a.condition.OnBeanCondition        : Condition OnBeanCondition on org.springframework.boot.autoconfigure.data.jpa.JpaRepositoriesAutoConfiguration matched due to @ConditionalOnBean (types: javax.sql.DataSource; SearchStrategy: all) found bean 'dataSource'; @ConditionalOnMissingBean (types: org.springframework.data.jpa.repository.support.JpaRepositoryFactoryBean,org.springframework.data.jpa.repository.config.JpaRepositoryConfigExtension; SearchStrategy: all) did not find any beans
2023-07-21 02:45:41.477 TRACE 29880 --- [           main] o.s.b.f.s.DefaultListableBeanFactory     : Returning cached instance of singleton bean 'autoConfigurationReport'
2023-07-21 02:45:41.477 TRACE 29880 --- [           main] a.ConfigurationClassBeanDefinitionReader : Registered bean definition for imported class 'org.springframework.boot.autoconfigure.data.jpa.JpaRepositoriesAutoConfiguration'
2023-07-21 02:45:41.481 TRACE 29880 --- [           main] Configuration$BootstrapExecutorCondition : Condition JpaRepositoriesAutoConfiguration.BootstrapExecutorCondition on org.springframework.boot.autoconfigure.data.jpa.JpaRepositoriesAutoConfiguration#entityManagerFactoryBootstrapExecutorCustomizer did not match due to AnyNestedCondition 0 matched 2 did not; NestedCondition on JpaRepositoriesAutoConfiguration.BootstrapExecutorCondition.LazyBootstrapMode @ConditionalOnProperty (spring.data.jpa.repositories.bootstrap-mode=lazy) did not find property 'bootstrap-mode'; NestedCondition on JpaRepositoriesAutoConfiguration.BootstrapExecutorCondition.DeferredBootstrapMode @ConditionalOnProperty (spring.data.jpa.repositories.bootstrap-mode=deferred) did not find property 'bootstrap-mode'
2023-07-21 02:45:41.481 TRACE 29880 --- [           main] o.s.b.f.s.DefaultListableBeanFactory     : Returning cached instance of singleton bean 'autoConfigurationReport'
2023-07-21 02:45:41.495  INFO 29880 --- [           main] .s.d.r.c.RepositoryConfigurationDelegate : Bootstrapping Spring Data JPA repositories in DEFAULT mode.
2023-07-21 02:45:41.506 DEBUG 29880 --- [           main] o.s.b.f.s.DefaultListableBeanFactory     : Creating shared instance of singleton bean 'org.springframework.boot.autoconfigure.AutoConfigurationPackages'
2023-07-21 02:45:41.506 TRACE 29880 --- [           main] o.s.b.f.s.DefaultListableBeanFactory     : Creating instance of bean 'org.springframework.boot.autoconfigure.AutoConfigurationPackages'
2023-07-21 02:45:41.507 TRACE 29880 --- [           main] o.s.b.f.s.DefaultListableBeanFactory     : Eagerly caching bean 'org.springframework.boot.autoconfigure.AutoConfigurationPackages' to allow for resolving potential circular references
2023-07-21 02:45:41.507 TRACE 29880 --- [           main] o.s.b.f.s.DefaultListableBeanFactory     : Finished creating instance of bean 'org.springframework.boot.autoconfigure.AutoConfigurationPackages'
2023-07-21 02:45:41.507 DEBUG 29880 --- [           main] o.s.b.a.AutoConfigurationPackages        : @EnableAutoConfiguration was declared on a class in the package 'com.camping.camp'. Automatic @Repository and @Entity scanning is enabled.
2023-07-21 02:45:41.508 DEBUG 29880 --- [           main] .s.d.r.c.RepositoryConfigurationDelegate : Scanning for JPA repositories in packages com.camping.camp.
2023-07-21 02:45:41.516 TRACE 29880 --- [           main] o.s.b.f.s.DefaultListableBeanFactory     : Returning cached instance of singleton bean 'org.springframework.boot.autoconfigure.AutoConfigurationPackages'
2023-07-21 02:45:41.517 TRACE 29880 --- [           main] .i.s.PathMatchingResourcePatternResolver : Resolved classpath location [com/camping/camp/] to resources [URL [file:/C:/Users/m.essid/Desktop/Camp/camp/target/test-classes/com/camping/camp/], URL [file:/C:/Users/m.essid/Desktop/Camp/camp/target/classes/com/camping/camp/]]
2023-07-21 02:45:41.517 TRACE 29880 --- [           main] .i.s.PathMatchingResourcePatternResolver : Looking for matching resources in directory tree [C:\Users\m.essid\Desktop\Camp\camp\target\test-classes\com\camping\camp]
2023-07-21 02:45:41.517 TRACE 29880 --- [           main] .i.s.PathMatchingResourcePatternResolver : Searching directory [C:\Users\m.essid\Desktop\Camp\camp\target\test-classes\com\camping\camp] for files matching pattern [C:/Users/m.essid/Desktop/Camp/camp/target/test-classes/com/camping/camp/**/*.class]
2023-07-21 02:45:41.518 TRACE 29880 --- [           main] .i.s.PathMatchingResourcePatternResolver : Looking for matching resources in directory tree [C:\Users\m.essid\Desktop\Camp\camp\target\classes\com\camping\camp]
2023-07-21 02:45:41.518 TRACE 29880 --- [           main] .i.s.PathMatchingResourcePatternResolver : Searching directory [C:\Users\m.essid\Desktop\Camp\camp\target\classes\com\camping\camp] for files matching pattern [C:/Users/m.essid/Desktop/Camp/camp/target/classes/com/camping/camp/**/*.class]
2023-07-21 02:45:41.519 TRACE 29880 --- [           main] .i.s.PathMatchingResourcePatternResolver : Searching directory [C:\Users\m.essid\Desktop\Camp\camp\target\classes\com\camping\camp\Configuration] for files matching pattern [C:/Users/m.essid/Desktop/Camp/camp/target/classes/com/camping/camp/**/*.class]
2023-07-21 02:45:41.520 TRACE 29880 --- [           main] .i.s.PathMatchingResourcePatternResolver : Searching directory [C:\Users\m.essid\Desktop\Camp\camp\target\classes\com\camping\camp\Controllers] for files matching pattern [C:/Users/m.essid/Desktop/Camp/camp/target/classes/com/camping/camp/**/*.class]
2023-07-21 02:45:41.520 TRACE 29880 --- [           main] .i.s.PathMatchingResourcePatternResolver : Searching directory [C:\Users\m.essid\Desktop\Camp\camp\target\classes\com\camping\camp\Exception] for files matching pattern [C:/Users/m.essid/Desktop/Camp/camp/target/classes/com/camping/camp/**/*.class]
2023-07-21 02:45:41.521 TRACE 29880 --- [           main] .i.s.PathMatchingResourcePatternResolver : Searching directory [C:\Users\m.essid\Desktop\Camp\camp\target\classes\com\camping\camp\Exception\handler] for files matching pattern [C:/Users/m.essid/Desktop/Camp/camp/target/classes/com/camping/camp/**/*.class]
2023-07-21 02:45:41.522 TRACE 29880 --- [           main] .i.s.PathMatchingResourcePatternResolver : Searching directory [C:\Users\m.essid\Desktop\Camp\camp\target\classes\com\camping\camp\Security] for files matching pattern [C:/Users/m.essid/Desktop/Camp/camp/target/classes/com/camping/camp/**/*.class]
2023-07-21 02:45:41.522 TRACE 29880 --- [           main] .i.s.PathMatchingResourcePatternResolver : Searching directory [C:\Users\m.essid\Desktop\Camp\camp\target\classes\com\camping\camp\Security\Jwt] for files matching pattern [C:/Users/m.essid/Desktop/Camp/camp/target/classes/com/camping/camp/**/*.class]
2023-07-21 02:45:41.522 TRACE 29880 --- [           main] .i.s.PathMatchingResourcePatternResolver : Searching directory [C:\Users\m.essid\Desktop\Camp\camp\target\classes\com\camping\camp\Security\oauth2] for files matching pattern [C:/Users/m.essid/Desktop/Camp/camp/target/classes/com/camping/camp/**/*.class]
2023-07-21 02:45:41.524 TRACE 29880 --- [           main] .i.s.PathMatchingResourcePatternResolver : Searching directory [C:\Users\m.essid\Desktop\Camp\camp\target\classes\com\camping\camp\Util] for files matching pattern [C:/Users/m.essid/Desktop/Camp/camp/target/classes/com/camping/camp/**/*.class]
2023-07-21 02:45:41.524 TRACE 29880 --- [           main] .i.s.PathMatchingResourcePatternResolver : Searching directory [C:\Users\m.essid\Desktop\Camp\camp\target\classes\com\camping\camp\Validator] for files matching pattern [C:/Users/m.essid/Desktop/Camp/camp/target/classes/com/camping/camp/**/*.class]
2023-07-21 02:45:41.525 TRACE 29880 --- [           main] .i.s.PathMatchingResourcePatternResolver : Searching directory [C:\Users\m.essid\Desktop\Camp\camp\target\classes\com\camping\camp\dto] for files matching pattern [C:/Users/m.essid/Desktop/Camp/camp/target/classes/com/camping/camp/**/*.class]
2023-07-21 02:45:41.526 TRACE 29880 --- [           main] .i.s.PathMatchingResourcePatternResolver : Searching directory [C:\Users\m.essid\Desktop\Camp\camp\target\classes\com\camping\camp\entities] for files matching pattern [C:/Users/m.essid/Desktop/Camp/camp/target/classes/com/camping/camp/**/*.class]
2023-07-21 02:45:41.527 TRACE 29880 --- [           main] .i.s.PathMatchingResourcePatternResolver : Searching directory [C:\Users\m.essid\Desktop\Camp\camp\target\classes\com\camping\camp\repositories] for files matching pattern [C:/Users/m.essid/Desktop/Camp/camp/target/classes/com/camping/camp/**/*.class]
2023-07-21 02:45:41.528 TRACE 29880 --- [           main] .i.s.PathMatchingResourcePatternResolver : Searching directory [C:\Users\m.essid\Desktop\Camp\camp\target\classes\com\camping\camp\services] for files matching pattern [C:/Users/m.essid/Desktop/Camp/camp/target/classes/com/camping/camp/**/*.class]
2023-07-21 02:45:41.528 TRACE 29880 --- [           main] .i.s.PathMatchingResourcePatternResolver : Searching directory [C:\Users\m.essid\Desktop\Camp\camp\target\classes\com\camping\camp\services\Impl] for files matching pattern [C:/Users/m.essid/Desktop/Camp/camp/target/classes/com/camping/camp/**/*.class]
2023-07-21 02:45:41.530 TRACE 29880 --- [           main] .i.s.PathMatchingResourcePatternResolver : Resolved location pattern [classpath*:com/camping/camp/**/*.class] to resources [file [C:\Users\m.essid\Desktop\Camp\camp\target\test-classes\com\camping\camp\CampApplicationTests.class], file [C:\Users\m.essid\Desktop\Camp\camp\target\classes\com\camping\camp\CampApplication.class], file [C:\Users\m.essid\Desktop\Camp\camp\target\classes\com\camping\camp\Configuration\AppProperties$Auth.class], file [C:\Users\m.essid\Desktop\Camp\camp\target\classes\com\camping\camp\Configuration\AppProperties$OAuth2.class], file [C:\Users\m.essid\Desktop\Camp\camp\target\classes\com\camping\camp\Configuration\AppProperties.class], file [C:\Users\m.essid\Desktop\Camp\camp\target\classes\com\camping\camp\Configuration\CurrentUser.class], file [C:\Users\m.essid\Desktop\Camp\camp\target\classes\com\camping\camp\Configuration\RestAuthenticationEntryPoint.class], file [C:\Users\m.essid\Desktop\Camp\camp\target\classes\com\camping\camp\Configuration\SetupDataLoader.class], file [C:\Users\m.essid\Desktop\Camp\camp\target\classes\com\camping\camp\Configuration\WebConfig.class], file [C:\Users\m.essid\Desktop\Camp\camp\target\classes\com\camping\camp\Configuration\WebSecurityConfig.class], file [C:\Users\m.essid\Desktop\Camp\camp\target\classes\com\camping\camp\Controllers\AuthController.class], file [C:\Users\m.essid\Desktop\Camp\camp\target\classes\com\camping\camp\Controllers\CommentaireController.class], file [C:\Users\m.essid\Desktop\Camp\camp\target\classes\com\camping\camp\Controllers\PublicationController.class], file [C:\Users\m.essid\Desktop\Camp\camp\target\classes\com\camping\camp\Controllers\UserController.class], file [C:\Users\m.essid\Desktop\Camp\camp\target\classes\com\camping\camp\Exception\BadRequestException.class], file [C:\Users\m.essid\Desktop\Camp\camp\target\classes\com\camping\camp\Exception\OAuth2AuthenticationProcessingException.class], file [C:\Users\m.essid\Desktop\Camp\camp\target\classes\com\camping\camp\Exception\ResourceNotFoundException.class], file [C:\Users\m.essid\Desktop\Camp\camp\target\classes\com\camping\camp\Exception\UserAlreadyExistAuthenticationException.class], file [C:\Users\m.essid\Desktop\Camp\camp\target\classes\com\camping\camp\Exception\handler\RestResponseEntityExceptionHandler.class], file [C:\Users\m.essid\Desktop\Camp\camp\target\classes\com\camping\camp\Security\Jwt\TokenAuthenticationFilter.class], file [C:\Users\m.essid\Desktop\Camp\camp\target\classes\com\camping\camp\Security\Jwt\TokenProvider.class], file [C:\Users\m.essid\Desktop\Camp\camp\target\classes\com\camping\camp\Security\oauth2\CustomOAuth2UserService.class], file [C:\Users\m.essid\Desktop\Camp\camp\target\classes\com\camping\camp\Security\oauth2\CustomOidcUserService.class], file [C:\Users\m.essid\Desktop\Camp\camp\target\classes\com\camping\camp\Security\oauth2\FacebookOAuth2UserInfo.class], file [C:\Users\m.essid\Desktop\Camp\camp\target\classes\com\camping\camp\Security\oauth2\GithubOAuth2UserInfo.class], file [C:\Users\m.essid\Desktop\Camp\camp\target\classes\com\camping\camp\Security\oauth2\GoogleOAuth2UserInfo.class], file [C:\Users\m.essid\Desktop\Camp\camp\target\classes\com\camping\camp\Security\oauth2\HttpCookieOAuth2AuthorizationRequestRepository.class], file [C:\Users\m.essid\Desktop\Camp\camp\target\classes\com\camping\camp\Security\oauth2\LinkedinOAuth2UserInfo.class], file [C:\Users\m.essid\Desktop\Camp\camp\target\classes\com\camping\camp\Security\oauth2\OAuth2AccessTokenResponseConverterWithDefaults.class], file [C:\Users\m.essid\Desktop\Camp\camp\target\classes\com\camping\camp\Security\oauth2\OAuth2AuthenticationFailureHandler.class], file [C:\Users\m.essid\Desktop\Camp\camp\target\classes\com\camping\camp\Security\oauth2\OAuth2AuthenticationSuccessHandler.class], file [C:\Users\m.essid\Desktop\Camp\camp\target\classes\com\camping\camp\Security\oauth2\OAuth2UserInfo.class], file [C:\Users\m.essid\Desktop\Camp\camp\target\classes\com\camping\camp\Security\oauth2\OAuth2UserInfoFactory.class], file [C:\Users\m.essid\Desktop\Camp\camp\target\classes\com\camping\camp\Util\CookieUtils.class], file [C:\Users\m.essid\Desktop\Camp\camp\target\classes\com\camping\camp\Util\GeneralUtils.class], file [C:\Users\m.essid\Desktop\Camp\camp\target\classes\com\camping\camp\Validator\PasswordMatches.class], file [C:\Users\m.essid\Desktop\Camp\camp\target\classes\com\camping\camp\Validator\PasswordMatchesValidator.class], file [C:\Users\m.essid\Desktop\Camp\camp\target\classes\com\camping\camp\dto\ApiResponse.class], file [C:\Users\m.essid\Desktop\Camp\camp\target\classes\com\camping\camp\dto\CommentaireDto.class], file [C:\Users\m.essid\Desktop\Camp\camp\target\classes\com\camping\camp\dto\JwtAuthenticationResponse.class], file [C:\Users\m.essid\Desktop\Camp\camp\target\classes\com\camping\camp\dto\LocalUser.class], file [C:\Users\m.essid\Desktop\Camp\camp\target\classes\com\camping\camp\dto\LoginRequest.class], file [C:\Users\m.essid\Desktop\Camp\camp\target\classes\com\camping\camp\dto\PublicationDto.class], file [C:\Users\m.essid\Desktop\Camp\camp\target\classes\com\camping\camp\dto\SignUpRequest$Builder.class], file [C:\Users\m.essid\Desktop\Camp\camp\target\classes\com\camping\camp\dto\SignUpRequest.class], file [C:\Users\m.essid\Desktop\Camp\camp\target\classes\com\camping\camp\dto\SocialProvider.class], file [C:\Users\m.essid\Desktop\Camp\camp\target\classes\com\camping\camp\dto\TitleDto.class], file [C:\Users\m.essid\Desktop\Camp\camp\target\classes\com\camping\camp\dto\UserInfo.class], file [C:\Users\m.essid\Desktop\Camp\camp\target\classes\com\camping\camp\entities\Commentaire.class], file [C:\Users\m.essid\Desktop\Camp\camp\target\classes\com\camping\camp\entities\Publication.class], file [C:\Users\m.essid\Desktop\Camp\camp\target\classes\com\camping\camp\entities\Role.class], file [C:\Users\m.essid\Desktop\Camp\camp\target\classes\com\camping\camp\entities\User.class], file [C:\Users\m.essid\Desktop\Camp\camp\target\classes\com\camping\camp\entities\campCenter.class], file [C:\Users\m.essid\Desktop\Camp\camp\target\classes\com\camping\camp\entities\category.class], file [C:\Users\m.essid\Desktop\Camp\camp\target\classes\com\camping\camp\entities\complaint.class], file [C:\Users\m.essid\Desktop\Camp\camp\target\classes\com\camping\camp\entities\products.class], file [C:\Users\m.essid\Desktop\Camp\camp\target\classes\com\camping\camp\repositories\CommentaireRepository.class], file [C:\Users\m.essid\Desktop\Camp\camp\target\classes\com\camping\camp\repositories\PublicationRepository.class], file [C:\Users\m.essid\Desktop\Camp\camp\target\classes\com\camping\camp\repositories\RoleRepository.class], file [C:\Users\m.essid\Desktop\Camp\camp\target\classes\com\camping\camp\repositories\UserRepository.class], file [C:\Users\m.essid\Desktop\Camp\camp\target\classes\com\camping\camp\services\Impl\CommentaireServiceImp.class], file [C:\Users\m.essid\Desktop\Camp\camp\target\classes\com\camping\camp\services\Impl\LocalUserDetailService.class], file [C:\Users\m.essid\Desktop\Camp\camp\target\classes\com\camping\camp\services\Impl\PublicationServiceImp.class], file [C:\Users\m.essid\Desktop\Camp\camp\target\classes\com\camping\camp\services\Impl\UserServiceImpl.class], file [C:\Users\m.essid\Desktop\Camp\camp\target\classes\com\camping\camp\services\UserService.class]]
2023-07-21 02:45:41.530 TRACE 29880 --- [           main] o.s.d.r.c.RepositoryComponentProvider    : Scanning file [C:\Users\m.essid\Desktop\Camp\camp\target\test-classes\com\camping\camp\CampApplicationTests.class]
2023-07-21 02:45:41.530 TRACE 29880 --- [           main] o.s.d.r.c.RepositoryComponentProvider    : Ignored because not matching any filter: file [C:\Users\m.essid\Desktop\Camp\camp\target\test-classes\com\camping\camp\CampApplicationTests.class]
2023-07-21 02:45:41.530 TRACE 29880 --- [           main] o.s.d.r.c.RepositoryComponentProvider    : Scanning file [C:\Users\m.essid\Desktop\Camp\camp\target\classes\com\camping\camp\CampApplication.class]
2023-07-21 02:45:41.530 TRACE 29880 --- [           main] o.s.d.r.c.RepositoryComponentProvider    : Ignored because not matching any filter: file [C:\Users\m.essid\Desktop\Camp\camp\target\classes\com\camping\camp\CampApplication.class]
2023-07-21 02:45:41.530 TRACE 29880 --- [           main] o.s.d.r.c.RepositoryComponentProvider    : Scanning file [C:\Users\m.essid\Desktop\Camp\camp\target\classes\com\camping\camp\Configuration\AppProperties$Auth.class]
2023-07-21 02:45:41.530 TRACE 29880 --- [           main] o.s.d.r.c.RepositoryComponentProvider    : Ignored because not matching any filter: file [C:\Users\m.essid\Desktop\Camp\camp\target\classes\com\camping\camp\Configuration\AppProperties$Auth.class]
2023-07-21 02:45:41.530 TRACE 29880 --- [           main] o.s.d.r.c.RepositoryComponentProvider    : Scanning file [C:\Users\m.essid\Desktop\Camp\camp\target\classes\com\camping\camp\Configuration\AppProperties$OAuth2.class]
2023-07-21 02:45:41.530 TRACE 29880 --- [           main] o.s.d.r.c.RepositoryComponentProvider    : Ignored because not matching any filter: file [C:\Users\m.essid\Desktop\Camp\camp\target\classes\com\camping\camp\Configuration\AppProperties$OAuth2.class]
2023-07-21 02:45:41.530 TRACE 29880 --- [           main] o.s.d.r.c.RepositoryComponentProvider    : Scanning file [C:\Users\m.essid\Desktop\Camp\camp\target\classes\com\camping\camp\Configuration\AppProperties.class]
2023-07-21 02:45:41.530 TRACE 29880 --- [           main] o.s.d.r.c.RepositoryComponentProvider    : Ignored because not matching any filter: file [C:\Users\m.essid\Desktop\Camp\camp\target\classes\com\camping\camp\Configuration\AppProperties.class]
2023-07-21 02:45:41.530 TRACE 29880 --- [           main] o.s.d.r.c.RepositoryComponentProvider    : Scanning file [C:\Users\m.essid\Desktop\Camp\camp\target\classes\com\camping\camp\Configuration\CurrentUser.class]
2023-07-21 02:45:41.530 TRACE 29880 --- [           main] o.s.d.r.c.RepositoryComponentProvider    : Ignored because not matching any filter: file [C:\Users\m.essid\Desktop\Camp\camp\target\classes\com\camping\camp\Configuration\CurrentUser.class]
2023-07-21 02:45:41.530 TRACE 29880 --- [           main] o.s.d.r.c.RepositoryComponentProvider    : Scanning file [C:\Users\m.essid\Desktop\Camp\camp\target\classes\com\camping\camp\Configuration\RestAuthenticationEntryPoint.class]
2023-07-21 02:45:41.531 TRACE 29880 --- [           main] o.s.d.r.c.RepositoryComponentProvider    : Ignored because not matching any filter: file [C:\Users\m.essid\Desktop\Camp\camp\target\classes\com\camping\camp\Configuration\RestAuthenticationEntryPoint.class]
2023-07-21 02:45:41.531 TRACE 29880 --- [           main] o.s.d.r.c.RepositoryComponentProvider    : Scanning file [C:\Users\m.essid\Desktop\Camp\camp\target\classes\com\camping\camp\Configuration\SetupDataLoader.class]
2023-07-21 02:45:41.532 TRACE 29880 --- [           main] o.s.d.r.c.RepositoryComponentProvider    : Ignored because not matching any filter: file [C:\Users\m.essid\Desktop\Camp\camp\target\classes\com\camping\camp\Configuration\SetupDataLoader.class]
2023-07-21 02:45:41.532 TRACE 29880 --- [           main] o.s.d.r.c.RepositoryComponentProvider    : Scanning file [C:\Users\m.essid\Desktop\Camp\camp\target\classes\com\camping\camp\Configuration\WebConfig.class]
2023-07-21 02:45:41.532 TRACE 29880 --- [           main] o.s.d.r.c.RepositoryComponentProvider    : Ignored because not matching any filter: file [C:\Users\m.essid\Desktop\Camp\camp\target\classes\com\camping\camp\Configuration\WebConfig.class]
2023-07-21 02:45:41.532 TRACE 29880 --- [           main] o.s.d.r.c.RepositoryComponentProvider    : Scanning file [C:\Users\m.essid\Desktop\Camp\camp\target\classes\com\camping\camp\Configuration\WebSecurityConfig.class]
2023-07-21 02:45:41.533 TRACE 29880 --- [           main] o.s.d.r.c.RepositoryComponentProvider    : Ignored because not matching any filter: file [C:\Users\m.essid\Desktop\Camp\camp\target\classes\com\camping\camp\Configuration\WebSecurityConfig.class]
2023-07-21 02:45:41.533 TRACE 29880 --- [           main] o.s.d.r.c.RepositoryComponentProvider    : Scanning file [C:\Users\m.essid\Desktop\Camp\camp\target\classes\com\camping\camp\Controllers\AuthController.class]
2023-07-21 02:45:41.533 TRACE 29880 --- [           main] o.s.d.r.c.RepositoryComponentProvider    : Ignored because not matching any filter: file [C:\Users\m.essid\Desktop\Camp\camp\target\classes\com\camping\camp\Controllers\AuthController.class]
2023-07-21 02:45:41.533 TRACE 29880 --- [           main] o.s.d.r.c.RepositoryComponentProvider    : Scanning file [C:\Users\m.essid\Desktop\Camp\camp\target\classes\com\camping\camp\Controllers\CommentaireController.class]
2023-07-21 02:45:41.533 TRACE 29880 --- [           main] o.s.d.r.c.RepositoryComponentProvider    : Ignored because not matching any filter: file [C:\Users\m.essid\Desktop\Camp\camp\target\classes\com\camping\camp\Controllers\CommentaireController.class]
2023-07-21 02:45:41.533 TRACE 29880 --- [           main] o.s.d.r.c.RepositoryComponentProvider    : Scanning file [C:\Users\m.essid\Desktop\Camp\camp\target\classes\com\camping\camp\Controllers\PublicationController.class]
2023-07-21 02:45:41.533 TRACE 29880 --- [           main] o.s.d.r.c.RepositoryComponentProvider    : Ignored because not matching any filter: file [C:\Users\m.essid\Desktop\Camp\camp\target\classes\com\camping\camp\Controllers\PublicationController.class]
2023-07-21 02:45:41.533 TRACE 29880 --- [           main] o.s.d.r.c.RepositoryComponentProvider    : Scanning file [C:\Users\m.essid\Desktop\Camp\camp\target\classes\com\camping\camp\Controllers\UserController.class]
2023-07-21 02:45:41.533 TRACE 29880 --- [           main] o.s.d.r.c.RepositoryComponentProvider    : Ignored because not matching any filter: file [C:\Users\m.essid\Desktop\Camp\camp\target\classes\com\camping\camp\Controllers\UserController.class]
2023-07-21 02:45:41.533 TRACE 29880 --- [           main] o.s.d.r.c.RepositoryComponentProvider    : Scanning file [C:\Users\m.essid\Desktop\Camp\camp\target\classes\com\camping\camp\Exception\BadRequestException.class]
2023-07-21 02:45:41.533 TRACE 29880 --- [           main] o.s.d.r.c.RepositoryComponentProvider    : Ignored because not matching any filter: file [C:\Users\m.essid\Desktop\Camp\camp\target\classes\com\camping\camp\Exception\BadRequestException.class]
2023-07-21 02:45:41.533 TRACE 29880 --- [           main] o.s.d.r.c.RepositoryComponentProvider    : Scanning file [C:\Users\m.essid\Desktop\Camp\camp\target\classes\com\camping\camp\Exception\OAuth2AuthenticationProcessingException.class]
2023-07-21 02:45:41.534 TRACE 29880 --- [           main] o.s.d.r.c.RepositoryComponentProvider    : Ignored because not matching any filter: file [C:\Users\m.essid\Desktop\Camp\camp\target\classes\com\camping\camp\Exception\OAuth2AuthenticationProcessingException.class]
2023-07-21 02:45:41.534 TRACE 29880 --- [           main] o.s.d.r.c.RepositoryComponentProvider    : Scanning file [C:\Users\m.essid\Desktop\Camp\camp\target\classes\com\camping\camp\Exception\ResourceNotFoundException.class]
2023-07-21 02:45:41.534 TRACE 29880 --- [           main] o.s.d.r.c.RepositoryComponentProvider    : Ignored because not matching any filter: file [C:\Users\m.essid\Desktop\Camp\camp\target\classes\com\camping\camp\Exception\ResourceNotFoundException.class]
2023-07-21 02:45:41.534 TRACE 29880 --- [           main] o.s.d.r.c.RepositoryComponentProvider    : Scanning file [C:\Users\m.essid\Desktop\Camp\camp\target\classes\com\camping\camp\Exception\UserAlreadyExistAuthenticationException.class]
2023-07-21 02:45:41.534 TRACE 29880 --- [           main] o.s.d.r.c.RepositoryComponentProvider    : Ignored because not matching any filter: file [C:\Users\m.essid\Desktop\Camp\camp\target\classes\com\camping\camp\Exception\UserAlreadyExistAuthenticationException.class]
2023-07-21 02:45:41.534 TRACE 29880 --- [           main] o.s.d.r.c.RepositoryComponentProvider    : Scanning file [C:\Users\m.essid\Desktop\Camp\camp\target\classes\com\camping\camp\Exception\handler\RestResponseEntityExceptionHandler.class]
2023-07-21 02:45:41.535 TRACE 29880 --- [           main] o.s.d.r.c.RepositoryComponentProvider    : Ignored because not matching any filter: file [C:\Users\m.essid\Desktop\Camp\camp\target\classes\com\camping\camp\Exception\handler\RestResponseEntityExceptionHandler.class]
2023-07-21 02:45:41.535 TRACE 29880 --- [           main] o.s.d.r.c.RepositoryComponentProvider    : Scanning file [C:\Users\m.essid\Desktop\Camp\camp\target\classes\com\camping\camp\Security\Jwt\TokenAuthenticationFilter.class]
2023-07-21 02:45:41.538 TRACE 29880 --- [           main] o.s.d.r.c.RepositoryComponentProvider    : Ignored because not matching any filter: file [C:\Users\m.essid\Desktop\Camp\camp\target\classes\com\camping\camp\Security\Jwt\TokenAuthenticationFilter.class]
2023-07-21 02:45:41.538 TRACE 29880 --- [           main] o.s.d.r.c.RepositoryComponentProvider    : Scanning file [C:\Users\m.essid\Desktop\Camp\camp\target\classes\com\camping\camp\Security\Jwt\TokenProvider.class]
2023-07-21 02:45:41.538 TRACE 29880 --- [           main] o.s.d.r.c.RepositoryComponentProvider    : Ignored because not matching any filter: file [C:\Users\m.essid\Desktop\Camp\camp\target\classes\com\camping\camp\Security\Jwt\TokenProvider.class]
2023-07-21 02:45:41.538 TRACE 29880 --- [           main] o.s.d.r.c.RepositoryComponentProvider    : Scanning file [C:\Users\m.essid\Desktop\Camp\camp\target\classes\com\camping\camp\Security\oauth2\CustomOAuth2UserService.class]
2023-07-21 02:45:41.539 TRACE 29880 --- [           main] o.s.d.r.c.RepositoryComponentProvider    : Ignored because not matching any filter: file [C:\Users\m.essid\Desktop\Camp\camp\target\classes\com\camping\camp\Security\oauth2\CustomOAuth2UserService.class]
2023-07-21 02:45:41.539 TRACE 29880 --- [           main] o.s.d.r.c.RepositoryComponentProvider    : Scanning file [C:\Users\m.essid\Desktop\Camp\camp\target\classes\com\camping\camp\Security\oauth2\CustomOidcUserService.class]
2023-07-21 02:45:41.540 TRACE 29880 --- [           main] o.s.d.r.c.RepositoryComponentProvider    : Ignored because not matching any filter: file [C:\Users\m.essid\Desktop\Camp\camp\target\classes\com\camping\camp\Security\oauth2\CustomOidcUserService.class]
2023-07-21 02:45:41.540 TRACE 29880 --- [           main] o.s.d.r.c.RepositoryComponentProvider    : Scanning file [C:\Users\m.essid\Desktop\Camp\camp\target\classes\com\camping\camp\Security\oauth2\FacebookOAuth2UserInfo.class]
2023-07-21 02:45:41.542 TRACE 29880 --- [           main] o.s.d.r.c.RepositoryComponentProvider    : Ignored because not matching any filter: file [C:\Users\m.essid\Desktop\Camp\camp\target\classes\com\camping\camp\Security\oauth2\FacebookOAuth2UserInfo.class]
2023-07-21 02:45:41.542 TRACE 29880 --- [           main] o.s.d.r.c.RepositoryComponentProvider    : Scanning file [C:\Users\m.essid\Desktop\Camp\camp\target\classes\com\camping\camp\Security\oauth2\GithubOAuth2UserInfo.class]
2023-07-21 02:45:41.542 TRACE 29880 --- [           main] o.s.d.r.c.RepositoryComponentProvider    : Ignored because not matching any filter: file [C:\Users\m.essid\Desktop\Camp\camp\target\classes\com\camping\camp\Security\oauth2\GithubOAuth2UserInfo.class]
2023-07-21 02:45:41.542 TRACE 29880 --- [           main] o.s.d.r.c.RepositoryComponentProvider    : Scanning file [C:\Users\m.essid\Desktop\Camp\camp\target\classes\com\camping\camp\Security\oauth2\GoogleOAuth2UserInfo.class]
2023-07-21 02:45:41.542 TRACE 29880 --- [           main] o.s.d.r.c.RepositoryComponentProvider    : Ignored because not matching any filter: file [C:\Users\m.essid\Desktop\Camp\camp\target\classes\com\camping\camp\Security\oauth2\GoogleOAuth2UserInfo.class]
2023-07-21 02:45:41.542 TRACE 29880 --- [           main] o.s.d.r.c.RepositoryComponentProvider    : Scanning file [C:\Users\m.essid\Desktop\Camp\camp\target\classes\com\camping\camp\Security\oauth2\HttpCookieOAuth2AuthorizationRequestRepository.class]
2023-07-21 02:45:41.542 TRACE 29880 --- [           main] o.s.d.r.c.RepositoryComponentProvider    : Ignored because not matching any filter: file [C:\Users\m.essid\Desktop\Camp\camp\target\classes\com\camping\camp\Security\oauth2\HttpCookieOAuth2AuthorizationRequestRepository.class]
2023-07-21 02:45:41.542 TRACE 29880 --- [           main] o.s.d.r.c.RepositoryComponentProvider    : Scanning file [C:\Users\m.essid\Desktop\Camp\camp\target\classes\com\camping\camp\Security\oauth2\LinkedinOAuth2UserInfo.class]
2023-07-21 02:45:41.542 TRACE 29880 --- [           main] o.s.d.r.c.RepositoryComponentProvider    : Ignored because not matching any filter: file [C:\Users\m.essid\Desktop\Camp\camp\target\classes\com\camping\camp\Security\oauth2\LinkedinOAuth2UserInfo.class]
2023-07-21 02:45:41.542 TRACE 29880 --- [           main] o.s.d.r.c.RepositoryComponentProvider    : Scanning file [C:\Users\m.essid\Desktop\Camp\camp\target\classes\com\camping\camp\Security\oauth2\OAuth2AccessTokenResponseConverterWithDefaults.class]
2023-07-21 02:45:41.543 TRACE 29880 --- [           main] o.s.d.r.c.RepositoryComponentProvider    : Ignored because not matching any filter: file [C:\Users\m.essid\Desktop\Camp\camp\target\classes\com\camping\camp\Security\oauth2\OAuth2AccessTokenResponseConverterWithDefaults.class]
2023-07-21 02:45:41.543 TRACE 29880 --- [           main] o.s.d.r.c.RepositoryComponentProvider    : Scanning file [C:\Users\m.essid\Desktop\Camp\camp\target\classes\com\camping\camp\Security\oauth2\OAuth2AuthenticationFailureHandler.class]
2023-07-21 02:45:41.544 TRACE 29880 --- [           main] o.s.d.r.c.RepositoryComponentProvider    : Ignored because not matching any filter: file [C:\Users\m.essid\Desktop\Camp\camp\target\classes\com\camping\camp\Security\oauth2\OAuth2AuthenticationFailureHandler.class]
2023-07-21 02:45:41.544 TRACE 29880 --- [           main] o.s.d.r.c.RepositoryComponentProvider    : Scanning file [C:\Users\m.essid\Desktop\Camp\camp\target\classes\com\camping\camp\Security\oauth2\OAuth2AuthenticationSuccessHandler.class]
2023-07-21 02:45:41.545 TRACE 29880 --- [           main] o.s.d.r.c.RepositoryComponentProvider    : Ignored because not matching any filter: file [C:\Users\m.essid\Desktop\Camp\camp\target\classes\com\camping\camp\Security\oauth2\OAuth2AuthenticationSuccessHandler.class]
2023-07-21 02:45:41.546 TRACE 29880 --- [           main] o.s.d.r.c.RepositoryComponentProvider    : Scanning file [C:\Users\m.essid\Desktop\Camp\camp\target\classes\com\camping\camp\Security\oauth2\OAuth2UserInfo.class]
2023-07-21 02:45:41.546 TRACE 29880 --- [           main] o.s.d.r.c.RepositoryComponentProvider    : Ignored because not matching any filter: file [C:\Users\m.essid\Desktop\Camp\camp\target\classes\com\camping\camp\Security\oauth2\OAuth2UserInfo.class]
2023-07-21 02:45:41.546 TRACE 29880 --- [           main] o.s.d.r.c.RepositoryComponentProvider    : Scanning file [C:\Users\m.essid\Desktop\Camp\camp\target\classes\com\camping\camp\Security\oauth2\OAuth2UserInfoFactory.class]
2023-07-21 02:45:41.546 TRACE 29880 --- [           main] o.s.d.r.c.RepositoryComponentProvider    : Ignored because not matching any filter: file [C:\Users\m.essid\Desktop\Camp\camp\target\classes\com\camping\camp\Security\oauth2\OAuth2UserInfoFactory.class]
2023-07-21 02:45:41.546 TRACE 29880 --- [           main] o.s.d.r.c.RepositoryComponentProvider    : Scanning file [C:\Users\m.essid\Desktop\Camp\camp\target\classes\com\camping\camp\Util\CookieUtils.class]
2023-07-21 02:45:41.546 TRACE 29880 --- [           main] o.s.d.r.c.RepositoryComponentProvider    : Ignored because not matching any filter: file [C:\Users\m.essid\Desktop\Camp\camp\target\classes\com\camping\camp\Util\CookieUtils.class]
2023-07-21 02:45:41.546 TRACE 29880 --- [           main] o.s.d.r.c.RepositoryComponentProvider    : Scanning file [C:\Users\m.essid\Desktop\Camp\camp\target\classes\com\camping\camp\Util\GeneralUtils.class]
2023-07-21 02:45:41.546 TRACE 29880 --- [           main] o.s.d.r.c.RepositoryComponentProvider    : Ignored because not matching any filter: file [C:\Users\m.essid\Desktop\Camp\camp\target\classes\com\camping\camp\Util\GeneralUtils.class]
2023-07-21 02:45:41.546 TRACE 29880 --- [           main] o.s.d.r.c.RepositoryComponentProvider    : Scanning file [C:\Users\m.essid\Desktop\Camp\camp\target\classes\com\camping\camp\Validator\PasswordMatches.class]
2023-07-21 02:45:41.546 TRACE 29880 --- [           main] o.s.d.r.c.RepositoryComponentProvider    : Ignored because not matching any filter: file [C:\Users\m.essid\Desktop\Camp\camp\target\classes\com\camping\camp\Validator\PasswordMatches.class]
2023-07-21 02:45:41.546 TRACE 29880 --- [           main] o.s.d.r.c.RepositoryComponentProvider    : Scanning file [C:\Users\m.essid\Desktop\Camp\camp\target\classes\com\camping\camp\Validator\PasswordMatchesValidator.class]
2023-07-21 02:45:41.546 TRACE 29880 --- [           main] o.s.d.r.c.RepositoryComponentProvider    : Ignored because not matching any filter: file [C:\Users\m.essid\Desktop\Camp\camp\target\classes\com\camping\camp\Validator\PasswordMatchesValidator.class]
2023-07-21 02:45:41.546 TRACE 29880 --- [           main] o.s.d.r.c.RepositoryComponentProvider    : Scanning file [C:\Users\m.essid\Desktop\Camp\camp\target\classes\com\camping\camp\dto\ApiResponse.class]
2023-07-21 02:45:41.546 TRACE 29880 --- [           main] o.s.d.r.c.RepositoryComponentProvider    : Ignored because not matching any filter: file [C:\Users\m.essid\Desktop\Camp\camp\target\classes\com\camping\camp\dto\ApiResponse.class]
2023-07-21 02:45:41.546 TRACE 29880 --- [           main] o.s.d.r.c.RepositoryComponentProvider    : Scanning file [C:\Users\m.essid\Desktop\Camp\camp\target\classes\com\camping\camp\dto\CommentaireDto.class]
2023-07-21 02:45:41.546 TRACE 29880 --- [           main] o.s.d.r.c.RepositoryComponentProvider    : Ignored because not matching any filter: file [C:\Users\m.essid\Desktop\Camp\camp\target\classes\com\camping\camp\dto\CommentaireDto.class]
2023-07-21 02:45:41.546 TRACE 29880 --- [           main] o.s.d.r.c.RepositoryComponentProvider    : Scanning file [C:\Users\m.essid\Desktop\Camp\camp\target\classes\com\camping\camp\dto\JwtAuthenticationResponse.class]
2023-07-21 02:45:41.546 TRACE 29880 --- [           main] o.s.d.r.c.RepositoryComponentProvider    : Ignored because not matching any filter: file [C:\Users\m.essid\Desktop\Camp\camp\target\classes\com\camping\camp\dto\JwtAuthenticationResponse.class]
2023-07-21 02:45:41.546 TRACE 29880 --- [           main] o.s.d.r.c.RepositoryComponentProvider    : Scanning file [C:\Users\m.essid\Desktop\Camp\camp\target\classes\com\camping\camp\dto\LocalUser.class]
2023-07-21 02:45:41.550 TRACE 29880 --- [           main] o.s.d.r.c.RepositoryComponentProvider    : Ignored because not matching any filter: file [C:\Users\m.essid\Desktop\Camp\camp\target\classes\com\camping\camp\dto\LocalUser.class]
2023-07-21 02:45:41.550 TRACE 29880 --- [           main] o.s.d.r.c.RepositoryComponentProvider    : Scanning file [C:\Users\m.essid\Desktop\Camp\camp\target\classes\com\camping\camp\dto\LoginRequest.class]
2023-07-21 02:45:41.550 TRACE 29880 --- [           main] o.s.d.r.c.RepositoryComponentProvider    : Ignored because not matching any filter: file [C:\Users\m.essid\Desktop\Camp\camp\target\classes\com\camping\camp\dto\LoginRequest.class]
2023-07-21 02:45:41.550 TRACE 29880 --- [           main] o.s.d.r.c.RepositoryComponentProvider    : Scanning file [C:\Users\m.essid\Desktop\Camp\camp\target\classes\com\camping\camp\dto\PublicationDto.class]
2023-07-21 02:45:41.550 TRACE 29880 --- [           main] o.s.d.r.c.RepositoryComponentProvider    : Ignored because not matching any filter: file [C:\Users\m.essid\Desktop\Camp\camp\target\classes\com\camping\camp\dto\PublicationDto.class]
2023-07-21 02:45:41.550 TRACE 29880 --- [           main] o.s.d.r.c.RepositoryComponentProvider    : Scanning file [C:\Users\m.essid\Desktop\Camp\camp\target\classes\com\camping\camp\dto\SignUpRequest$Builder.class]
2023-07-21 02:45:41.550 TRACE 29880 --- [           main] o.s.d.r.c.RepositoryComponentProvider    : Ignored because not matching any filter: file [C:\Users\m.essid\Desktop\Camp\camp\target\classes\com\camping\camp\dto\SignUpRequest$Builder.class]
2023-07-21 02:45:41.550 TRACE 29880 --- [           main] o.s.d.r.c.RepositoryComponentProvider    : Scanning file [C:\Users\m.essid\Desktop\Camp\camp\target\classes\com\camping\camp\dto\SignUpRequest.class]
2023-07-21 02:45:41.550 TRACE 29880 --- [           main] o.s.d.r.c.RepositoryComponentProvider    : Ignored because not matching any filter: file [C:\Users\m.essid\Desktop\Camp\camp\target\classes\com\camping\camp\dto\SignUpRequest.class]
2023-07-21 02:45:41.550 TRACE 29880 --- [           main] o.s.d.r.c.RepositoryComponentProvider    : Scanning file [C:\Users\m.essid\Desktop\Camp\camp\target\classes\com\camping\camp\dto\SocialProvider.class]
2023-07-21 02:45:41.550 TRACE 29880 --- [           main] o.s.d.r.c.RepositoryComponentProvider    : Ignored because not matching any filter: file [C:\Users\m.essid\Desktop\Camp\camp\target\classes\com\camping\camp\dto\SocialProvider.class]
2023-07-21 02:45:41.550 TRACE 29880 --- [           main] o.s.d.r.c.RepositoryComponentProvider    : Scanning file [C:\Users\m.essid\Desktop\Camp\camp\target\classes\com\camping\camp\dto\TitleDto.class]
2023-07-21 02:45:41.550 TRACE 29880 --- [           main] o.s.d.r.c.RepositoryComponentProvider    : Ignored because not matching any filter: file [C:\Users\m.essid\Desktop\Camp\camp\target\classes\com\camping\camp\dto\TitleDto.class]
2023-07-21 02:45:41.550 TRACE 29880 --- [           main] o.s.d.r.c.RepositoryComponentProvider    : Scanning file [C:\Users\m.essid\Desktop\Camp\camp\target\classes\com\camping\camp\dto\UserInfo.class]
2023-07-21 02:45:41.550 TRACE 29880 --- [           main] o.s.d.r.c.RepositoryComponentProvider    : Ignored because not matching any filter: file [C:\Users\m.essid\Desktop\Camp\camp\target\classes\com\camping\camp\dto\UserInfo.class]
2023-07-21 02:45:41.550 TRACE 29880 --- [           main] o.s.d.r.c.RepositoryComponentProvider    : Scanning file [C:\Users\m.essid\Desktop\Camp\camp\target\classes\com\camping\camp\entities\Commentaire.class]
2023-07-21 02:45:41.550 TRACE 29880 --- [           main] o.s.d.r.c.RepositoryComponentProvider    : Ignored because not matching any filter: file [C:\Users\m.essid\Desktop\Camp\camp\target\classes\com\camping\camp\entities\Commentaire.class]
2023-07-21 02:45:41.550 TRACE 29880 --- [           main] o.s.d.r.c.RepositoryComponentProvider    : Scanning file [C:\Users\m.essid\Desktop\Camp\camp\target\classes\com\camping\camp\entities\Publication.class]
2023-07-21 02:45:41.550 TRACE 29880 --- [           main] o.s.d.r.c.RepositoryComponentProvider    : Ignored because not matching any filter: file [C:\Users\m.essid\Desktop\Camp\camp\target\classes\com\camping\camp\entities\Publication.class]
2023-07-21 02:45:41.550 TRACE 29880 --- [           main] o.s.d.r.c.RepositoryComponentProvider    : Scanning file [C:\Users\m.essid\Desktop\Camp\camp\target\classes\com\camping\camp\entities\Role.class]
2023-07-21 02:45:41.550 TRACE 29880 --- [           main] o.s.d.r.c.RepositoryComponentProvider    : Ignored because not matching any filter: file [C:\Users\m.essid\Desktop\Camp\camp\target\classes\com\camping\camp\entities\Role.class]
2023-07-21 02:45:41.550 TRACE 29880 --- [           main] o.s.d.r.c.RepositoryComponentProvider    : Scanning file [C:\Users\m.essid\Desktop\Camp\camp\target\classes\com\camping\camp\entities\User.class]
2023-07-21 02:45:41.550 TRACE 29880 --- [           main] o.s.d.r.c.RepositoryComponentProvider    : Ignored because not matching any filter: file [C:\Users\m.essid\Desktop\Camp\camp\target\classes\com\camping\camp\entities\User.class]
2023-07-21 02:45:41.550 TRACE 29880 --- [           main] o.s.d.r.c.RepositoryComponentProvider    : Scanning file [C:\Users\m.essid\Desktop\Camp\camp\target\classes\com\camping\camp\entities\campCenter.class]
2023-07-21 02:45:41.550 TRACE 29880 --- [           main] o.s.d.r.c.RepositoryComponentProvider    : Ignored because not matching any filter: file [C:\Users\m.essid\Desktop\Camp\camp\target\classes\com\camping\camp\entities\campCenter.class]
2023-07-21 02:45:41.550 TRACE 29880 --- [           main] o.s.d.r.c.RepositoryComponentProvider    : Scanning file [C:\Users\m.essid\Desktop\Camp\camp\target\classes\com\camping\camp\entities\category.class]
2023-07-21 02:45:41.550 TRACE 29880 --- [           main] o.s.d.r.c.RepositoryComponentProvider    : Ignored because not matching any filter: file [C:\Users\m.essid\Desktop\Camp\camp\target\classes\com\camping\camp\entities\category.class]
2023-07-21 02:45:41.550 TRACE 29880 --- [           main] o.s.d.r.c.RepositoryComponentProvider    : Scanning file [C:\Users\m.essid\Desktop\Camp\camp\target\classes\com\camping\camp\entities\complaint.class]
2023-07-21 02:45:41.550 TRACE 29880 --- [           main] o.s.d.r.c.RepositoryComponentProvider    : Ignored because not matching any filter: file [C:\Users\m.essid\Desktop\Camp\camp\target\classes\com\camping\camp\entities\complaint.class]
2023-07-21 02:45:41.550 TRACE 29880 --- [           main] o.s.d.r.c.RepositoryComponentProvider    : Scanning file [C:\Users\m.essid\Desktop\Camp\camp\target\classes\com\camping\camp\entities\products.class]
2023-07-21 02:45:41.550 TRACE 29880 --- [           main] o.s.d.r.c.RepositoryComponentProvider    : Ignored because not matching any filter: file [C:\Users\m.essid\Desktop\Camp\camp\target\classes\com\camping\camp\entities\products.class]
2023-07-21 02:45:41.550 TRACE 29880 --- [           main] o.s.d.r.c.RepositoryComponentProvider    : Scanning file [C:\Users\m.essid\Desktop\Camp\camp\target\classes\com\camping\camp\repositories\CommentaireRepository.class]
2023-07-21 02:45:41.553 DEBUG 29880 --- [           main] o.s.d.r.c.RepositoryComponentProvider    : Identified candidate component class: file [C:\Users\m.essid\Desktop\Camp\camp\target\classes\com\camping\camp\repositories\CommentaireRepository.class]
2023-07-21 02:45:41.553 TRACE 29880 --- [           main] o.s.d.r.c.RepositoryComponentProvider    : Scanning file [C:\Users\m.essid\Desktop\Camp\camp\target\classes\com\camping\camp\repositories\PublicationRepository.class]
2023-07-21 02:45:41.553 DEBUG 29880 --- [           main] o.s.d.r.c.RepositoryComponentProvider    : Identified candidate component class: file [C:\Users\m.essid\Desktop\Camp\camp\target\classes\com\camping\camp\repositories\PublicationRepository.class]
2023-07-21 02:45:41.554 TRACE 29880 --- [           main] o.s.d.r.c.RepositoryComponentProvider    : Scanning file [C:\Users\m.essid\Desktop\Camp\camp\target\classes\com\camping\camp\repositories\RoleRepository.class]
2023-07-21 02:45:41.554 DEBUG 29880 --- [           main] o.s.d.r.c.RepositoryComponentProvider    : Identified candidate component class: file [C:\Users\m.essid\Desktop\Camp\camp\target\classes\com\camping\camp\repositories\RoleRepository.class]
2023-07-21 02:45:41.554 TRACE 29880 --- [           main] o.s.d.r.c.RepositoryComponentProvider    : Scanning file [C:\Users\m.essid\Desktop\Camp\camp\target\classes\com\camping\camp\repositories\UserRepository.class]
2023-07-21 02:45:41.554 DEBUG 29880 --- [           main] o.s.d.r.c.RepositoryComponentProvider    : Identified candidate component class: file [C:\Users\m.essid\Desktop\Camp\camp\target\classes\com\camping\camp\repositories\UserRepository.class]
2023-07-21 02:45:41.554 TRACE 29880 --- [           main] o.s.d.r.c.RepositoryComponentProvider    : Scanning file [C:\Users\m.essid\Desktop\Camp\camp\target\classes\com\camping\camp\services\Impl\CommentaireServiceImp.class]
2023-07-21 02:45:41.554 TRACE 29880 --- [           main] o.s.d.r.c.RepositoryComponentProvider    : Ignored because not matching any filter: file [C:\Users\m.essid\Desktop\Camp\camp\target\classes\com\camping\camp\services\Impl\CommentaireServiceImp.class]
2023-07-21 02:45:41.554 TRACE 29880 --- [           main] o.s.d.r.c.RepositoryComponentProvider    : Scanning file [C:\Users\m.essid\Desktop\Camp\camp\target\classes\com\camping\camp\services\Impl\LocalUserDetailService.class]
2023-07-21 02:45:41.554 TRACE 29880 --- [           main] o.s.d.r.c.RepositoryComponentProvider    : Ignored because not matching any filter: file [C:\Users\m.essid\Desktop\Camp\camp\target\classes\com\camping\camp\services\Impl\LocalUserDetailService.class]
2023-07-21 02:45:41.554 TRACE 29880 --- [           main] o.s.d.r.c.RepositoryComponentProvider    : Scanning file [C:\Users\m.essid\Desktop\Camp\camp\target\classes\com\camping\camp\services\Impl\PublicationServiceImp.class]
2023-07-21 02:45:41.554 TRACE 29880 --- [           main] o.s.d.r.c.RepositoryComponentProvider    : Ignored because not matching any filter: file [C:\Users\m.essid\Desktop\Camp\camp\target\classes\com\camping\camp\services\Impl\PublicationServiceImp.class]
2023-07-21 02:45:41.554 TRACE 29880 --- [           main] o.s.d.r.c.RepositoryComponentProvider    : Scanning file [C:\Users\m.essid\Desktop\Camp\camp\target\classes\com\camping\camp\services\Impl\UserServiceImpl.class]
2023-07-21 02:45:41.555 TRACE 29880 --- [           main] o.s.d.r.c.RepositoryComponentProvider    : Ignored because not matching any filter: file [C:\Users\m.essid\Desktop\Camp\camp\target\classes\com\camping\camp\services\Impl\UserServiceImpl.class]
2023-07-21 02:45:41.555 TRACE 29880 --- [           main] o.s.d.r.c.RepositoryComponentProvider    : Scanning file [C:\Users\m.essid\Desktop\Camp\camp\target\classes\com\camping\camp\services\UserService.class]
2023-07-21 02:45:41.555 TRACE 29880 --- [           main] o.s.d.r.c.RepositoryComponentProvider    : Ignored because not matching any filter: file [C:\Users\m.essid\Desktop\Camp\camp\target\classes\com\camping\camp\services\UserService.class]
2023-07-21 02:45:41.602 TRACE 29880 --- [           main] o.s.b.f.s.DefaultListableBeanFactory     : Returning cached instance of singleton bean 'org.springframework.boot.autoconfigure.AutoConfigurationPackages'
2023-07-21 02:45:41.603 TRACE 29880 --- [           main] .i.s.PathMatchingResourcePatternResolver : Resolved classpath location [com/camping/camp/] to resources [URL [file:/C:/Users/m.essid/Desktop/Camp/camp/target/test-classes/com/camping/camp/], URL [file:/C:/Users/m.essid/Desktop/Camp/camp/target/classes/com/camping/camp/]]
2023-07-21 02:45:41.603 TRACE 29880 --- [           main] .i.s.PathMatchingResourcePatternResolver : Looking for matching resources in directory tree [C:\Users\m.essid\Desktop\Camp\camp\target\test-classes\com\camping\camp]
2023-07-21 02:45:41.603 TRACE 29880 --- [           main] .i.s.PathMatchingResourcePatternResolver : Searching directory [C:\Users\m.essid\Desktop\Camp\camp\target\test-classes\com\camping\camp] for files matching pattern [C:/Users/m.essid/Desktop/Camp/camp/target/test-classes/com/camping/camp/**/*Impl.class]
2023-07-21 02:45:41.604 TRACE 29880 --- [           main] .i.s.PathMatchingResourcePatternResolver : Looking for matching resources in directory tree [C:\Users\m.essid\Desktop\Camp\camp\target\classes\com\camping\camp]
2023-07-21 02:45:41.604 TRACE 29880 --- [           main] .i.s.PathMatchingResourcePatternResolver : Searching directory [C:\Users\m.essid\Desktop\Camp\camp\target\classes\com\camping\camp] for files matching pattern [C:/Users/m.essid/Desktop/Camp/camp/target/classes/com/camping/camp/**/*Impl.class]
2023-07-21 02:45:41.604 TRACE 29880 --- [           main] .i.s.PathMatchingResourcePatternResolver : Searching directory [C:\Users\m.essid\Desktop\Camp\camp\target\classes\com\camping\camp\Configuration] for files matching pattern [C:/Users/m.essid/Desktop/Camp/camp/target/classes/com/camping/camp/**/*Impl.class]
2023-07-21 02:45:41.605 TRACE 29880 --- [           main] .i.s.PathMatchingResourcePatternResolver : Searching directory [C:\Users\m.essid\Desktop\Camp\camp\target\classes\com\camping\camp\Controllers] for files matching pattern [C:/Users/m.essid/Desktop/Camp/camp/target/classes/com/camping/camp/**/*Impl.class]
2023-07-21 02:45:41.605 TRACE 29880 --- [           main] .i.s.PathMatchingResourcePatternResolver : Searching directory [C:\Users\m.essid\Desktop\Camp\camp\target\classes\com\camping\camp\Exception] for files matching pattern [C:/Users/m.essid/Desktop/Camp/camp/target/classes/com/camping/camp/**/*Impl.class]
2023-07-21 02:45:41.606 TRACE 29880 --- [           main] .i.s.PathMatchingResourcePatternResolver : Searching directory [C:\Users\m.essid\Desktop\Camp\camp\target\classes\com\camping\camp\Exception\handler] for files matching pattern [C:/Users/m.essid/Desktop/Camp/camp/target/classes/com/camping/camp/**/*Impl.class]
2023-07-21 02:45:41.606 TRACE 29880 --- [           main] .i.s.PathMatchingResourcePatternResolver : Searching directory [C:\Users\m.essid\Desktop\Camp\camp\target\classes\com\camping\camp\Security] for files matching pattern [C:/Users/m.essid/Desktop/Camp/camp/target/classes/com/camping/camp/**/*Impl.class]
2023-07-21 02:45:41.607 TRACE 29880 --- [           main] .i.s.PathMatchingResourcePatternResolver : Searching directory [C:\Users\m.essid\Desktop\Camp\camp\target\classes\com\camping\camp\Security\Jwt] for files matching pattern [C:/Users/m.essid/Desktop/Camp/camp/target/classes/com/camping/camp/**/*Impl.class]
2023-07-21 02:45:41.607 TRACE 29880 --- [           main] .i.s.PathMatchingResourcePatternResolver : Searching directory [C:\Users\m.essid\Desktop\Camp\camp\target\classes\com\camping\camp\Security\oauth2] for files matching pattern [C:/Users/m.essid/Desktop/Camp/camp/target/classes/com/camping/camp/**/*Impl.class]
2023-07-21 02:45:41.608 TRACE 29880 --- [           main] .i.s.PathMatchingResourcePatternResolver : Searching directory [C:\Users\m.essid\Desktop\Camp\camp\target\classes\com\camping\camp\Util] for files matching pattern [C:/Users/m.essid/Desktop/Camp/camp/target/classes/com/camping/camp/**/*Impl.class]
2023-07-21 02:45:41.609 TRACE 29880 --- [           main] .i.s.PathMatchingResourcePatternResolver : Searching directory [C:\Users\m.essid\Desktop\Camp\camp\target\classes\com\camping\camp\Validator] for files matching pattern [C:/Users/m.essid/Desktop/Camp/camp/target/classes/com/camping/camp/**/*Impl.class]
2023-07-21 02:45:41.609 TRACE 29880 --- [           main] .i.s.PathMatchingResourcePatternResolver : Searching directory [C:\Users\m.essid\Desktop\Camp\camp\target\classes\com\camping\camp\dto] for files matching pattern [C:/Users/m.essid/Desktop/Camp/camp/target/classes/com/camping/camp/**/*Impl.class]
2023-07-21 02:45:41.610 TRACE 29880 --- [           main] .i.s.PathMatchingResourcePatternResolver : Searching directory [C:\Users\m.essid\Desktop\Camp\camp\target\classes\com\camping\camp\entities] for files matching pattern [C:/Users/m.essid/Desktop/Camp/camp/target/classes/com/camping/camp/**/*Impl.class]
2023-07-21 02:45:41.611 TRACE 29880 --- [           main] .i.s.PathMatchingResourcePatternResolver : Searching directory [C:\Users\m.essid\Desktop\Camp\camp\target\classes\com\camping\camp\repositories] for files matching pattern [C:/Users/m.essid/Desktop/Camp/camp/target/classes/com/camping/camp/**/*Impl.class]
2023-07-21 02:45:41.611 TRACE 29880 --- [           main] .i.s.PathMatchingResourcePatternResolver : Searching directory [C:\Users\m.essid\Desktop\Camp\camp\target\classes\com\camping\camp\services] for files matching pattern [C:/Users/m.essid/Desktop/Camp/camp/target/classes/com/camping/camp/**/*Impl.class]
2023-07-21 02:45:41.612 TRACE 29880 --- [           main] .i.s.PathMatchingResourcePatternResolver : Searching directory [C:\Users\m.essid\Desktop\Camp\camp\target\classes\com\camping\camp\services\Impl] for files matching pattern [C:/Users/m.essid/Desktop/Camp/camp/target/classes/com/camping/camp/**/*Impl.class]
2023-07-21 02:45:41.612 TRACE 29880 --- [           main] .i.s.PathMatchingResourcePatternResolver : Resolved location pattern [classpath*:com/camping/camp/**/*Impl.class] to resources [file [C:\Users\m.essid\Desktop\Camp\camp\target\classes\com\camping\camp\services\Impl\UserServiceImpl.class]]
2023-07-21 02:45:41.612 TRACE 29880 --- [           main] ssPathScanningCandidateComponentProvider : Scanning file [C:\Users\m.essid\Desktop\Camp\camp\target\classes\com\camping\camp\services\Impl\UserServiceImpl.class]
2023-07-21 02:45:41.613 DEBUG 29880 --- [           main] ssPathScanningCandidateComponentProvider : Identified candidate component class: file [C:\Users\m.essid\Desktop\Camp\camp\target\classes\com\camping\camp\services\Impl\UserServiceImpl.class]
2023-07-21 02:45:41.628 TRACE 29880 --- [           main] .s.d.r.c.RepositoryConfigurationDelegate : Spring Data JPA - Registering repository: commentaireRepository - Interface: com.camping.camp.repositories.CommentaireRepository - Factory: org.springframework.data.jpa.repository.support.JpaRepositoryFactoryBean
2023-07-21 02:45:41.634 TRACE 29880 --- [           main] .s.d.r.c.RepositoryConfigurationDelegate : Spring Data JPA - Registering repository: userRepository - Interface: com.camping.camp.repositories.UserRepository - Factory: org.springframework.data.jpa.repository.support.JpaRepositoryFactoryBean
2023-07-21 02:45:41.637 TRACE 29880 --- [           main] .s.d.r.c.RepositoryConfigurationDelegate : Spring Data JPA - Registering repository: roleRepository - Interface: com.camping.camp.repositories.RoleRepository - Factory: org.springframework.data.jpa.repository.support.JpaRepositoryFactoryBean
2023-07-21 02:45:41.639 TRACE 29880 --- [           main] .s.d.r.c.RepositoryConfigurationDelegate : Spring Data JPA - Registering repository: publicationRepository - Interface: com.camping.camp.repositories.PublicationRepository - Factory: org.springframework.data.jpa.repository.support.JpaRepositoryFactoryBean
2023-07-21 02:45:41.640  INFO 29880 --- [           main] .s.d.r.c.RepositoryConfigurationDelegate : Finished Spring Data repository scanning in 129 ms. Found 4 JPA repository interfaces.
2023-07-21 02:45:41.640 TRACE 29880 --- [           main] o.s.b.a.condition.OnClassCondition       : Condition OnClassCondition on org.springframework.boot.autoconfigure.http.HttpMessageConvertersAutoConfiguration matched due to @ConditionalOnClass found required class 'org.springframework.http.converter.HttpMessageConverter'
2023-07-21 02:45:41.640 TRACE 29880 --- [           main] o.s.b.f.s.DefaultListableBeanFactory     : Returning cached instance of singleton bean 'autoConfigurationReport'
2023-07-21 02:45:41.641 TRACE 29880 --- [           main] o.s.b.a.condition.OnClassCondition       : Condition OnClassCondition on org.springframework.boot.autoconfigure.http.HttpMessageConvertersAutoConfiguration$StringHttpMessageConverterConfiguration matched due to @ConditionalOnClass found required class 'org.springframework.http.converter.StringHttpMessageConverter'
2023-07-21 02:45:41.641 TRACE 29880 --- [           main] o.s.b.f.s.DefaultListableBeanFactory     : Returning cached instance of singleton bean 'autoConfigurationReport'
2023-07-21 02:45:41.641 TRACE 29880 --- [           main] a.ConfigurationClassBeanDefinitionReader : Registered bean definition for imported class 'org.springframework.boot.autoconfigure.http.HttpMessageConvertersAutoConfiguration$StringHttpMessageConverterConfiguration'
2023-07-21 02:45:41.648 TRACE 29880 --- [           main] o.s.b.a.condition.OnBeanCondition        : Condition OnBeanCondition on org.springframework.boot.autoconfigure.http.HttpMessageConvertersAutoConfiguration$StringHttpMessageConverterConfiguration#stringHttpMessageConverter matched due to @ConditionalOnMissingBean (types: org.springframework.http.converter.StringHttpMessageConverter; SearchStrategy: all) did not find any beans
2023-07-21 02:45:41.648 TRACE 29880 --- [           main] o.s.b.f.s.DefaultListableBeanFactory     : Returning cached instance of singleton bean 'autoConfigurationReport'
2023-07-21 02:45:41.648 TRACE 29880 --- [           main] a.ConfigurationClassBeanDefinitionReader : Registering bean definition for @Bean method org.springframework.boot.autoconfigure.http.HttpMessageConvertersAutoConfiguration$StringHttpMessageConverterConfiguration.stringHttpMessageConverter()
2023-07-21 02:45:41.648 TRACE 29880 --- [           main] o.s.b.a.condition.OnClassCondition       : Condition OnClassCondition on org.springframework.boot.autoconfigure.http.JacksonHttpMessageConvertersConfiguration$MappingJackson2HttpMessageConverterConfiguration matched due to @ConditionalOnClass found required class 'com.fasterxml.jackson.databind.ObjectMapper'
2023-07-21 02:45:41.649 TRACE 29880 --- [           main] o.s.b.f.s.DefaultListableBeanFactory     : Returning cached instance of singleton bean 'autoConfigurationReport'
2023-07-21 02:45:41.649 TRACE 29880 --- [           main] o.s.b.a.condition.OnPropertyCondition    : Condition OnPropertyCondition on org.springframework.boot.autoconfigure.http.JacksonHttpMessageConvertersConfiguration$MappingJackson2HttpMessageConverterConfiguration matched due to @ConditionalOnProperty (spring.mvc.converters.preferred-json-mapper=jackson) matched
2023-07-21 02:45:41.649 TRACE 29880 --- [           main] o.s.b.f.s.DefaultListableBeanFactory     : Returning cached instance of singleton bean 'autoConfigurationReport'
2023-07-21 02:45:41.651 TRACE 29880 --- [           main] o.s.b.a.condition.OnBeanCondition        : Condition OnBeanCondition on org.springframework.boot.autoconfigure.http.JacksonHttpMessageConvertersConfiguration$MappingJackson2HttpMessageConverterConfiguration matched due to @ConditionalOnBean (types: com.fasterxml.jackson.databind.ObjectMapper; SearchStrategy: all) found bean 'jacksonObjectMapper'
2023-07-21 02:45:41.651 TRACE 29880 --- [           main] o.s.b.f.s.DefaultListableBeanFactory     : Returning cached instance of singleton bean 'autoConfigurationReport'
2023-07-21 02:45:41.652 TRACE 29880 --- [           main] a.ConfigurationClassBeanDefinitionReader : Registered bean definition for imported class 'org.springframework.boot.autoconfigure.http.JacksonHttpMessageConvertersConfiguration$MappingJackson2HttpMessageConverterConfiguration'
2023-07-21 02:45:41.655 TRACE 29880 --- [           main] o.s.b.a.condition.OnBeanCondition        : Condition OnBeanCondition on org.springframework.boot.autoconfigure.http.JacksonHttpMessageConvertersConfiguration$MappingJackson2HttpMessageConverterConfiguration#mappingJackson2HttpMessageConverter matched due to @ConditionalOnMissingBean (types: org.springframework.http.converter.json.MappingJackson2HttpMessageConverter ignored: org.springframework.hateoas.server.mvc.TypeConstrainedMappingJackson2HttpMessageConverter,org.springframework.data.rest.webmvc.alps.AlpsJsonHttpMessageConverter; SearchStrategy: all) did not find any beans
2023-07-21 02:45:41.655 TRACE 29880 --- [           main] o.s.b.f.s.DefaultListableBeanFactory     : Returning cached instance of singleton bean 'autoConfigurationReport'
2023-07-21 02:45:41.655 TRACE 29880 --- [           main] a.ConfigurationClassBeanDefinitionReader : Registering bean definition for @Bean method org.springframework.boot.autoconfigure.http.JacksonHttpMessageConvertersConfiguration$MappingJackson2HttpMessageConverterConfiguration.mappingJackson2HttpMessageConverter()
2023-07-21 02:45:41.655 TRACE 29880 --- [           main] a.ConfigurationClassBeanDefinitionReader : Registered bean definition for imported class 'org.springframework.boot.autoconfigure.http.JacksonHttpMessageConvertersConfiguration'
2023-07-21 02:45:41.659 TRACE 29880 --- [           main] a.ConfigurationClassBeanDefinitionReader : Registered bean definition for imported class 'org.springframework.boot.autoconfigure.http.HttpMessageConvertersAutoConfiguration'
2023-07-21 02:45:41.662 TRACE 29880 --- [           main] o.s.b.a.condition.OnBeanCondition        : Condition OnBeanCondition on org.springframework.boot.autoconfigure.http.HttpMessageConvertersAutoConfiguration#messageConverters matched due to @ConditionalOnMissingBean (types: org.springframework.boot.autoconfigure.http.HttpMessageConverters; SearchStrategy: all) did not find any beans
2023-07-21 02:45:41.662 TRACE 29880 --- [           main] o.s.b.f.s.DefaultListableBeanFactory     : Returning cached instance of singleton bean 'autoConfigurationReport'
2023-07-21 02:45:41.662 TRACE 29880 --- [           main] a.ConfigurationClassBeanDefinitionReader : Registering bean definition for @Bean method org.springframework.boot.autoconfigure.http.HttpMessageConvertersAutoConfiguration.messageConverters()
2023-07-21 02:45:41.662 TRACE 29880 --- [           main] o.s.b.a.condition.OnClassCondition       : Condition OnClassCondition on org.springframework.boot.autoconfigure.data.web.SpringDataWebAutoConfiguration matched due to @ConditionalOnClass found required classes 'org.springframework.data.web.PageableHandlerMethodArgumentResolver', 'org.springframework.web.servlet.config.annotation.WebMvcConfigurer'
2023-07-21 02:45:41.662 TRACE 29880 --- [           main] o.s.b.f.s.DefaultListableBeanFactory     : Returning cached instance of singleton bean 'autoConfigurationReport'
2023-07-21 02:45:41.662 TRACE 29880 --- [           main] o.s.b.a.c.OnWebApplicationCondition      : Condition OnWebApplicationCondition on org.springframework.boot.autoconfigure.data.web.SpringDataWebAutoConfiguration matched due to found 'session' scope
2023-07-21 02:45:41.662 TRACE 29880 --- [           main] o.s.b.f.s.DefaultListableBeanFactory     : Returning cached instance of singleton bean 'autoConfigurationReport'
2023-07-21 02:45:41.665 TRACE 29880 --- [           main] o.s.b.a.condition.OnBeanCondition        : Condition OnBeanCondition on org.springframework.boot.autoconfigure.data.web.SpringDataWebAutoConfiguration matched due to @ConditionalOnMissingBean (types: org.springframework.data.web.PageableHandlerMethodArgumentResolver; SearchStrategy: all) did not find any beans
2023-07-21 02:45:41.665 TRACE 29880 --- [           main] o.s.b.f.s.DefaultListableBeanFactory     : Returning cached instance of singleton bean 'autoConfigurationReport'
2023-07-21 02:45:41.665 TRACE 29880 --- [           main] a.ConfigurationClassBeanDefinitionReader : Registered bean definition for imported class 'org.springframework.data.web.config.ProjectingArgumentResolverRegistrar'
2023-07-21 02:45:41.665 TRACE 29880 --- [           main] a.ConfigurationClassBeanDefinitionReader : Registering bean definition for @Bean method org.springframework.data.web.config.ProjectingArgumentResolverRegistrar.projectingArgumentResolverBeanPostProcessor()
2023-07-21 02:45:41.665 TRACE 29880 --- [           main] a.ConfigurationClassBeanDefinitionReader : Registered bean definition for imported class 'org.springframework.data.web.config.SpringDataWebConfiguration'
2023-07-21 02:45:41.665 TRACE 29880 --- [           main] a.ConfigurationClassBeanDefinitionReader : Registering bean definition for @Bean method org.springframework.data.web.config.SpringDataWebConfiguration.pageableResolver()
2023-07-21 02:45:41.665 TRACE 29880 --- [           main] a.ConfigurationClassBeanDefinitionReader : Registering bean definition for @Bean method org.springframework.data.web.config.SpringDataWebConfiguration.sortResolver()
2023-07-21 02:45:41.665 TRACE 29880 --- [           main] a.ConfigurationClassBeanDefinitionReader : Registered bean definition for imported class 'org.springframework.data.web.config.SpringDataJacksonConfiguration'
2023-07-21 02:45:41.665 TRACE 29880 --- [           main] a.ConfigurationClassBeanDefinitionReader : Registering bean definition for @Bean method org.springframework.data.web.config.SpringDataJacksonConfiguration.jacksonGeoModule()
2023-07-21 02:45:41.667 TRACE 29880 --- [           main] a.ConfigurationClassBeanDefinitionReader : Registered bean definition for imported class 'org.springframework.boot.autoconfigure.data.web.SpringDataWebAutoConfiguration'
2023-07-21 02:45:41.673 TRACE 29880 --- [           main] o.s.b.a.condition.OnBeanCondition        : Condition OnBeanCondition on org.springframework.boot.autoconfigure.data.web.SpringDataWebAutoConfiguration#pageableCustomizer matched due to @ConditionalOnMissingBean (types: org.springframework.data.web.config.PageableHandlerMethodArgumentResolverCustomizer; SearchStrategy: all) did not find any beans
2023-07-21 02:45:41.673 TRACE 29880 --- [           main] o.s.b.f.s.DefaultListableBeanFactory     : Returning cached instance of singleton bean 'autoConfigurationReport'
2023-07-21 02:45:41.674 TRACE 29880 --- [           main] a.ConfigurationClassBeanDefinitionReader : Registering bean definition for @Bean method org.springframework.boot.autoconfigure.data.web.SpringDataWebAutoConfiguration.pageableCustomizer()
2023-07-21 02:45:41.675 TRACE 29880 --- [           main] o.s.b.a.condition.OnBeanCondition        : Condition OnBeanCondition on org.springframework.boot.autoconfigure.data.web.SpringDataWebAutoConfiguration#sortCustomizer matched due to @ConditionalOnMissingBean (types: org.springframework.data.web.config.SortHandlerMethodArgumentResolverCustomizer; SearchStrategy: all) did not find any beans
2023-07-21 02:45:41.675 TRACE 29880 --- [           main] o.s.b.f.s.DefaultListableBeanFactory     : Returning cached instance of singleton bean 'autoConfigurationReport'
2023-07-21 02:45:41.675 TRACE 29880 --- [           main] a.ConfigurationClassBeanDefinitionReader : Registering bean definition for @Bean method org.springframework.boot.autoconfigure.data.web.SpringDataWebAutoConfiguration.sortCustomizer()
2023-07-21 02:45:41.676 TRACE 29880 --- [           main] a.ConfigurationClassBeanDefinitionReader : Registered bean definition for imported class 'org.springframework.boot.autoconfigure.info.ProjectInfoAutoConfiguration'
2023-07-21 02:45:41.678 TRACE 29880 --- [           main] figuration$GitResourceAvailableCondition : Condition ProjectInfoAutoConfiguration.GitResourceAvailableCondition on org.springframework.boot.autoconfigure.info.ProjectInfoAutoConfiguration#gitProperties did not match due to GitResource did not find git info at classpath:git.properties
2023-07-21 02:45:41.678 TRACE 29880 --- [           main] o.s.b.f.s.DefaultListableBeanFactory     : Returning cached instance of singleton bean 'autoConfigurationReport'
2023-07-21 02:45:41.678 TRACE 29880 --- [           main] ySourcesPropertyResolver$DefaultResolver : Searching for key 'spring.info.build.location:classpath:META-INF/build-info.properties' in PropertySource 'configurationProperties'
2023-07-21 02:45:41.678 TRACE 29880 --- [           main] ySourcesPropertyResolver$DefaultResolver : Searching for key 'spring.info.build.location:classpath:META-INF/build-info.properties' in PropertySource 'test'
2023-07-21 02:45:41.678 TRACE 29880 --- [           main] ySourcesPropertyResolver$DefaultResolver : Searching for key 'spring.info.build.location:classpath:META-INF/build-info.properties' in PropertySource 'Inlined Test Properties'
2023-07-21 02:45:41.678 TRACE 29880 --- [           main] ySourcesPropertyResolver$DefaultResolver : Searching for key 'spring.info.build.location:classpath:META-INF/build-info.properties' in PropertySource 'servletConfigInitParams'
2023-07-21 02:45:41.678 TRACE 29880 --- [           main] ySourcesPropertyResolver$DefaultResolver : Searching for key 'spring.info.build.location:classpath:META-INF/build-info.properties' in PropertySource 'servletContextInitParams'
2023-07-21 02:45:41.678 TRACE 29880 --- [           main] ySourcesPropertyResolver$DefaultResolver : Searching for key 'spring.info.build.location:classpath:META-INF/build-info.properties' in PropertySource 'systemProperties'
2023-07-21 02:45:41.678 TRACE 29880 --- [           main] ySourcesPropertyResolver$DefaultResolver : Searching for key 'spring.info.build.location:classpath:META-INF/build-info.properties' in PropertySource 'systemEnvironment'
2023-07-21 02:45:41.678 TRACE 29880 --- [           main] ySourcesPropertyResolver$DefaultResolver : Searching for key 'spring.info.build.location:classpath:META-INF/build-info.properties' in PropertySource 'random'
2023-07-21 02:45:41.678 TRACE 29880 --- [           main] ySourcesPropertyResolver$DefaultResolver : Searching for key 'spring.info.build.location:classpath:META-INF/build-info.properties' in PropertySource 'Config resource 'class path resource [application.properties]' via location 'optional:classpath:/''
2023-07-21 02:45:41.678 TRACE 29880 --- [           main] ySourcesPropertyResolver$DefaultResolver : Could not find key 'spring.info.build.location:classpath:META-INF/build-info.properties' in any property source
2023-07-21 02:45:41.679 TRACE 29880 --- [           main] o.s.util.PropertyPlaceholderHelper       : Resolved placeholder 'spring.info.build.location:classpath:META-INF/build-info.properties'
2023-07-21 02:45:41.679 TRACE 29880 --- [           main] o.s.b.a.condition.OnResourceCondition    : Condition OnResourceCondition on org.springframework.boot.autoconfigure.info.ProjectInfoAutoConfiguration#buildProperties did not match due to @ConditionalOnResource did not find resource '${spring.info.build.location:classpath:META-INF/build-info.properties}'
2023-07-21 02:45:41.680 TRACE 29880 --- [           main] o.s.b.f.s.DefaultListableBeanFactory     : Returning cached instance of singleton bean 'autoConfigurationReport'
2023-07-21 02:45:41.681 TRACE 29880 --- [           main] o.s.b.a.condition.OnClassCondition       : Condition OnClassCondition on org.springframework.boot.autoconfigure.jdbc.JdbcTemplateAutoConfiguration matched due to @ConditionalOnClass found required classes 'javax.sql.DataSource', 'org.springframework.jdbc.core.JdbcTemplate'
2023-07-21 02:45:41.681 TRACE 29880 --- [           main] o.s.b.f.s.DefaultListableBeanFactory     : Returning cached instance of singleton bean 'autoConfigurationReport'
2023-07-21 02:45:41.683 TRACE 29880 --- [           main] o.s.b.a.condition.OnBeanCondition        : Condition OnBeanCondition on org.springframework.boot.autoconfigure.jdbc.JdbcTemplateAutoConfiguration matched due to @ConditionalOnSingleCandidate (types: javax.sql.DataSource; SearchStrategy: all) found a single bean 'dataSource'
2023-07-21 02:45:41.683 TRACE 29880 --- [           main] o.s.b.f.s.DefaultListableBeanFactory     : Returning cached instance of singleton bean 'autoConfigurationReport'
2023-07-21 02:45:41.684 TRACE 29880 --- [           main] o.s.b.a.condition.OnBeanCondition        : Condition OnBeanCondition on org.springframework.boot.autoconfigure.jdbc.JdbcTemplateConfiguration matched due to @ConditionalOnMissingBean (types: org.springframework.jdbc.core.JdbcOperations; SearchStrategy: all) did not find any beans
2023-07-21 02:45:41.684 TRACE 29880 --- [           main] o.s.b.f.s.DefaultListableBeanFactory     : Returning cached instance of singleton bean 'autoConfigurationReport'
2023-07-21 02:45:41.685 TRACE 29880 --- [           main] a.ConfigurationClassBeanDefinitionReader : Registered bean definition for imported class 'org.springframework.boot.autoconfigure.jdbc.JdbcTemplateConfiguration'
2023-07-21 02:45:41.685 TRACE 29880 --- [           main] a.ConfigurationClassBeanDefinitionReader : Registering bean definition for @Bean method org.springframework.boot.autoconfigure.jdbc.JdbcTemplateConfiguration.jdbcTemplate()
2023-07-21 02:45:41.690 TRACE 29880 --- [           main] o.s.b.a.condition.OnBeanCondition        : Condition OnBeanCondition on org.springframework.boot.autoconfigure.jdbc.NamedParameterJdbcTemplateConfiguration matched due to @ConditionalOnSingleCandidate (types: org.springframework.jdbc.core.JdbcTemplate; SearchStrategy: all) found a single bean 'jdbcTemplate'; @ConditionalOnMissingBean (types: org.springframework.jdbc.core.namedparam.NamedParameterJdbcOperations; SearchStrategy: all) did not find any beans
2023-07-21 02:45:41.690 TRACE 29880 --- [           main] o.s.b.f.s.DefaultListableBeanFactory     : Returning cached instance of singleton bean 'autoConfigurationReport'
2023-07-21 02:45:41.691 TRACE 29880 --- [           main] o.s.b.a.condition.OnBeanCondition        : Condition OnBeanCondition on org.springframework.boot.autoconfigure.jdbc.NamedParameterJdbcTemplateConfiguration matched due to @ConditionalOnSingleCandidate (types: org.springframework.jdbc.core.JdbcTemplate; SearchStrategy: all) found a single bean 'jdbcTemplate'; @ConditionalOnMissingBean (types: org.springframework.jdbc.core.namedparam.NamedParameterJdbcOperations; SearchStrategy: all) did not find any beans
2023-07-21 02:45:41.691 TRACE 29880 --- [           main] o.s.b.f.s.DefaultListableBeanFactory     : Returning cached instance of singleton bean 'autoConfigurationReport'
2023-07-21 02:45:41.691 TRACE 29880 --- [           main] a.ConfigurationClassBeanDefinitionReader : Registered bean definition for imported class 'org.springframework.boot.autoconfigure.jdbc.NamedParameterJdbcTemplateConfiguration'
2023-07-21 02:45:41.691 TRACE 29880 --- [           main] a.ConfigurationClassBeanDefinitionReader : Registering bean definition for @Bean method org.springframework.boot.autoconfigure.jdbc.NamedParameterJdbcTemplateConfiguration.namedParameterJdbcTemplate()
2023-07-21 02:45:41.692 TRACE 29880 --- [           main] a.ConfigurationClassBeanDefinitionReader : Registered bean definition for imported class 'org.springframework.boot.autoconfigure.jdbc.JdbcTemplateAutoConfiguration'
2023-07-21 02:45:41.695 TRACE 29880 --- [           main] o.s.b.a.condition.OnClassCondition       : Condition OnClassCondition on org.springframework.boot.autoconfigure.security.oauth2.client.servlet.OAuth2ClientAutoConfiguration matched due to @ConditionalOnClass found required classes 'org.springframework.security.config.annotation.web.configuration.EnableWebSecurity', 'org.springframework.security.oauth2.client.registration.ClientRegistration'
2023-07-21 02:45:41.695 TRACE 29880 --- [           main] o.s.b.f.s.DefaultListableBeanFactory     : Returning cached instance of singleton bean 'autoConfigurationReport'
2023-07-21 02:45:41.695 TRACE 29880 --- [           main] o.s.b.a.c.OnWebApplicationCondition      : Condition OnWebApplicationCondition on org.springframework.boot.autoconfigure.security.oauth2.client.servlet.OAuth2ClientAutoConfiguration matched due to found 'session' scope
2023-07-21 02:45:41.695 TRACE 29880 --- [           main] o.s.b.f.s.DefaultListableBeanFactory     : Returning cached instance of singleton bean 'autoConfigurationReport'
2023-07-21 02:45:41.704 TRACE 29880 --- [           main] o.s.b.a.s.o.c.ClientsConfiguredCondition : Condition ClientsConfiguredCondition on org.springframework.boot.autoconfigure.security.oauth2.client.servlet.OAuth2ClientRegistrationRepositoryConfiguration matched due to OAuth2 Clients Configured Condition found registered clients 253761577221-507jgbrqdmq9splsoh3j4t4ir8nq2ss1.apps.googleusercontent.com, 6437993349616335, e9f7c951792728e3fceb
2023-07-21 02:45:41.704 TRACE 29880 --- [           main] o.s.b.f.s.DefaultListableBeanFactory     : Returning cached instance of singleton bean 'autoConfigurationReport'
2023-07-21 02:45:41.705 TRACE 29880 --- [           main] a.ConfigurationClassBeanDefinitionReader : Registered bean definition for imported class 'org.springframework.boot.autoconfigure.security.oauth2.client.servlet.OAuth2ClientRegistrationRepositoryConfiguration'
2023-07-21 02:45:41.710 TRACE 29880 --- [           main] o.s.b.a.condition.OnBeanCondition        : Condition OnBeanCondition on org.springframework.boot.autoconfigure.security.oauth2.client.servlet.OAuth2ClientRegistrationRepositoryConfiguration#clientRegistrationRepository matched due to @ConditionalOnMissingBean (types: org.springframework.security.oauth2.client.registration.ClientRegistrationRepository; SearchStrategy: all) did not find any beans
2023-07-21 02:45:41.710 TRACE 29880 --- [           main] o.s.b.f.s.DefaultListableBeanFactory     : Returning cached instance of singleton bean 'autoConfigurationReport'
2023-07-21 02:45:41.710 TRACE 29880 --- [           main] a.ConfigurationClassBeanDefinitionReader : Registering bean definition for @Bean method org.springframework.boot.autoconfigure.security.oauth2.client.servlet.OAuth2ClientRegistrationRepositoryConfiguration.clientRegistrationRepository()
2023-07-21 02:45:41.713 TRACE 29880 --- [           main] o.s.b.a.condition.OnBeanCondition        : Condition OnBeanCondition on org.springframework.boot.autoconfigure.security.oauth2.client.servlet.OAuth2WebSecurityConfiguration matched due to @ConditionalOnBean (types: org.springframework.security.oauth2.client.registration.ClientRegistrationRepository; SearchStrategy: all) found bean 'clientRegistrationRepository'
2023-07-21 02:45:41.714 TRACE 29880 --- [           main] o.s.b.f.s.DefaultListableBeanFactory     : Returning cached instance of singleton bean 'autoConfigurationReport'
2023-07-21 02:45:41.717 TRACE 29880 --- [           main] o.s.b.a.s.DefaultWebSecurityCondition    : Condition DefaultWebSecurityCondition on org.springframework.boot.autoconfigure.security.oauth2.client.servlet.OAuth2WebSecurityConfiguration$OAuth2SecurityFilterChainConfiguration did not match due to AllNestedConditions 1 matched 1 did not; NestedCondition on DefaultWebSecurityCondition.Beans @ConditionalOnMissingBean (types: org.springframework.security.config.annotation.web.configuration.WebSecurityConfigurerAdapter,org.springframework.security.web.SecurityFilterChain; SearchStrategy: all) found beans of type 'org.springframework.security.config.annotation.web.configuration.WebSecurityConfigurerAdapter' webSecurityConfig; NestedCondition on DefaultWebSecurityCondition.Classes @ConditionalOnClass found required classes 'org.springframework.security.web.SecurityFilterChain', 'org.springframework.security.config.annotation.web.builders.HttpSecurity'
2023-07-21 02:45:41.717 TRACE 29880 --- [           main] o.s.b.f.s.DefaultListableBeanFactory     : Returning cached instance of singleton bean 'autoConfigurationReport'
2023-07-21 02:45:41.717 TRACE 29880 --- [           main] a.ConfigurationClassBeanDefinitionReader : Registered bean definition for imported class 'org.springframework.boot.autoconfigure.security.oauth2.client.servlet.OAuth2WebSecurityConfiguration'
2023-07-21 02:45:41.719 TRACE 29880 --- [           main] o.s.b.a.condition.OnBeanCondition        : Condition OnBeanCondition on org.springframework.boot.autoconfigure.security.oauth2.client.servlet.OAuth2WebSecurityConfiguration#authorizedClientService matched due to @ConditionalOnMissingBean (types: org.springframework.security.oauth2.client.OAuth2AuthorizedClientService; SearchStrategy: all) did not find any beans
2023-07-21 02:45:41.719 TRACE 29880 --- [           main] o.s.b.f.s.DefaultListableBeanFactory     : Returning cached instance of singleton bean 'autoConfigurationReport'
2023-07-21 02:45:41.720 TRACE 29880 --- [           main] a.ConfigurationClassBeanDefinitionReader : Registering bean definition for @Bean method org.springframework.boot.autoconfigure.security.oauth2.client.servlet.OAuth2WebSecurityConfiguration.authorizedClientService()
2023-07-21 02:45:41.722 TRACE 29880 --- [           main] o.s.b.a.condition.OnBeanCondition        : Condition OnBeanCondition on org.springframework.boot.autoconfigure.security.oauth2.client.servlet.OAuth2WebSecurityConfiguration#authorizedClientRepository matched due to @ConditionalOnMissingBean (types: org.springframework.security.oauth2.client.web.OAuth2AuthorizedClientRepository; SearchStrategy: all) did not find any beans
2023-07-21 02:45:41.723 TRACE 29880 --- [           main] o.s.b.f.s.DefaultListableBeanFactory     : Returning cached instance of singleton bean 'autoConfigurationReport'
2023-07-21 02:45:41.723 TRACE 29880 --- [           main] a.ConfigurationClassBeanDefinitionReader : Registering bean definition for @Bean method org.springframework.boot.autoconfigure.security.oauth2.client.servlet.OAuth2WebSecurityConfiguration.authorizedClientRepository()
2023-07-21 02:45:41.723 TRACE 29880 --- [           main] a.ConfigurationClassBeanDefinitionReader : Registered bean definition for imported class 'org.springframework.boot.autoconfigure.security.oauth2.client.servlet.OAuth2ClientAutoConfiguration'
2023-07-21 02:45:41.723 TRACE 29880 --- [           main] o.s.b.a.condition.OnClassCondition       : Condition OnClassCondition on org.springframework.boot.autoconfigure.security.reactive.ReactiveUserDetailsServiceAutoConfiguration matched due to @ConditionalOnClass found required class 'org.springframework.security.authentication.ReactiveAuthenticationManager'
2023-07-21 02:45:41.723 TRACE 29880 --- [           main] o.s.b.f.s.DefaultListableBeanFactory     : Returning cached instance of singleton bean 'autoConfigurationReport'
2023-07-21 02:45:41.727 TRACE 29880 --- [           main] tion$ReactiveUserDetailsServiceCondition : Condition ReactiveUserDetailsServiceAutoConfiguration.ReactiveUserDetailsServiceCondition on org.springframework.boot.autoconfigure.security.reactive.ReactiveUserDetailsServiceAutoConfiguration did not match due to AnyNestedCondition 0 matched 2 did not; NestedCondition on ReactiveUserDetailsServiceAutoConfiguration.ReactiveUserDetailsServiceCondition.ReactiveWebApplicationCondition did not find reactive web application classes; NestedCondition on ReactiveUserDetailsServiceAutoConfiguration.ReactiveUserDetailsServiceCondition.RSocketSecurityEnabledCondition @ConditionalOnBean (types: org.springframework.messaging.rsocket.annotation.support.RSocketMessageHandler; SearchStrategy: all) did not find any beans of type org.springframework.messaging.rsocket.annotation.support.RSocketMessageHandler
2023-07-21 02:45:41.727 TRACE 29880 --- [           main] o.s.b.f.s.DefaultListableBeanFactory     : Returning cached instance of singleton bean 'autoConfigurationReport'
2023-07-21 02:45:41.728 TRACE 29880 --- [           main] o.s.b.a.condition.OnClassCondition       : Condition OnClassCondition on org.springframework.boot.autoconfigure.security.servlet.SecurityAutoConfiguration matched due to @ConditionalOnClass found required class 'org.springframework.security.authentication.DefaultAuthenticationEventPublisher'
2023-07-21 02:45:41.728 TRACE 29880 --- [           main] o.s.b.f.s.DefaultListableBeanFactory     : Returning cached instance of singleton bean 'autoConfigurationReport'
2023-07-21 02:45:41.728 TRACE 29880 --- [           main] o.s.b.a.c.OnWebApplicationCondition      : Condition OnWebApplicationCondition on org.springframework.boot.autoconfigure.security.servlet.SpringBootWebSecurityConfiguration matched due to found 'session' scope
2023-07-21 02:45:41.728 TRACE 29880 --- [           main] o.s.b.f.s.DefaultListableBeanFactory     : Returning cached instance of singleton bean 'autoConfigurationReport'
2023-07-21 02:45:41.728 TRACE 29880 --- [           main] o.s.b.a.condition.OnClassCondition       : Condition OnClassCondition on org.springframework.boot.autoconfigure.security.servlet.SpringBootWebSecurityConfiguration$WebSecurityEnablerConfiguration matched due to @ConditionalOnClass found required class 'org.springframework.security.config.annotation.web.configuration.EnableWebSecurity'
2023-07-21 02:45:41.728 TRACE 29880 --- [           main] o.s.b.f.s.DefaultListableBeanFactory     : Returning cached instance of singleton bean 'autoConfigurationReport'
2023-07-21 02:45:41.729 TRACE 29880 --- [           main] o.s.b.a.condition.OnBeanCondition        : Condition OnBeanCondition on org.springframework.boot.autoconfigure.security.servlet.SpringBootWebSecurityConfiguration$WebSecurityEnablerConfiguration did not match due to @ConditionalOnMissingBean (names: springSecurityFilterChain; SearchStrategy: all) found beans named springSecurityFilterChain
2023-07-21 02:45:41.729 TRACE 29880 --- [           main] o.s.b.f.s.DefaultListableBeanFactory     : Returning cached instance of singleton bean 'autoConfigurationReport'
2023-07-21 02:45:41.729 TRACE 29880 --- [           main] o.s.b.a.condition.OnClassCondition       : Condition OnClassCondition on org.springframework.boot.autoconfigure.security.servlet.SpringBootWebSecurityConfiguration$ErrorPageSecurityFilterConfiguration matched due to @ConditionalOnClass found required class 'org.springframework.security.web.access.WebInvocationPrivilegeEvaluator'
2023-07-21 02:45:41.729 TRACE 29880 --- [           main] o.s.b.f.s.DefaultListableBeanFactory     : Returning cached instance of singleton bean 'autoConfigurationReport'
2023-07-21 02:45:41.730 TRACE 29880 --- [           main] o.s.b.a.condition.OnBeanCondition        : Condition OnBeanCondition on org.springframework.boot.autoconfigure.security.servlet.SpringBootWebSecurityConfiguration$ErrorPageSecurityFilterConfiguration matched due to @ConditionalOnBean (types: org.springframework.security.web.access.WebInvocationPrivilegeEvaluator; SearchStrategy: all) found bean 'privilegeEvaluator'
2023-07-21 02:45:41.730 TRACE 29880 --- [           main] o.s.b.f.s.DefaultListableBeanFactory     : Returning cached instance of singleton bean 'autoConfigurationReport'
2023-07-21 02:45:41.731 TRACE 29880 --- [           main] a.ConfigurationClassBeanDefinitionReader : Registered bean definition for imported class 'org.springframework.boot.autoconfigure.security.servlet.SpringBootWebSecurityConfiguration$ErrorPageSecurityFilterConfiguration'
2023-07-21 02:45:41.731 TRACE 29880 --- [           main] a.ConfigurationClassBeanDefinitionReader : Registering bean definition for @Bean method org.springframework.boot.autoconfigure.security.servlet.SpringBootWebSecurityConfiguration$ErrorPageSecurityFilterConfiguration.errorPageSecurityFilter()
2023-07-21 02:45:41.737 TRACE 29880 --- [           main] o.s.b.a.s.DefaultWebSecurityCondition    : Condition DefaultWebSecurityCondition on org.springframework.boot.autoconfigure.security.servlet.SpringBootWebSecurityConfiguration$SecurityFilterChainConfiguration did not match due to AllNestedConditions 1 matched 1 did not; NestedCondition on DefaultWebSecurityCondition.Beans @ConditionalOnMissingBean (types: org.springframework.security.config.annotation.web.configuration.WebSecurityConfigurerAdapter,org.springframework.security.web.SecurityFilterChain; SearchStrategy: all) found beans of type 'org.springframework.security.config.annotation.web.configuration.WebSecurityConfigurerAdapter' webSecurityConfig; NestedCondition on DefaultWebSecurityCondition.Classes @ConditionalOnClass found required classes 'org.springframework.security.web.SecurityFilterChain', 'org.springframework.security.config.annotation.web.builders.HttpSecurity'
2023-07-21 02:45:41.738 TRACE 29880 --- [           main] o.s.b.f.s.DefaultListableBeanFactory     : Returning cached instance of singleton bean 'autoConfigurationReport'
2023-07-21 02:45:41.738 TRACE 29880 --- [           main] a.ConfigurationClassBeanDefinitionReader : Registered bean definition for imported class 'org.springframework.boot.autoconfigure.security.servlet.SpringBootWebSecurityConfiguration'
2023-07-21 02:45:41.740 TRACE 29880 --- [           main] a.ConfigurationClassBeanDefinitionReader : Registered bean definition for imported class 'org.springframework.boot.autoconfigure.security.servlet.SecurityAutoConfiguration'
2023-07-21 02:45:41.741 TRACE 29880 --- [           main] o.s.b.a.condition.OnBeanCondition        : Condition OnBeanCondition on org.springframework.boot.autoconfigure.security.servlet.SecurityAutoConfiguration#authenticationEventPublisher matched due to @ConditionalOnMissingBean (types: org.springframework.security.authentication.AuthenticationEventPublisher; SearchStrategy: all) did not find any beans
2023-07-21 02:45:41.741 TRACE 29880 --- [           main] o.s.b.f.s.DefaultListableBeanFactory     : Returning cached instance of singleton bean 'autoConfigurationReport'
2023-07-21 02:45:41.741 TRACE 29880 --- [           main] a.ConfigurationClassBeanDefinitionReader : Registering bean definition for @Bean method org.springframework.boot.autoconfigure.security.servlet.SecurityAutoConfiguration.authenticationEventPublisher()
2023-07-21 02:45:41.742 TRACE 29880 --- [           main] o.s.b.a.condition.OnClassCondition       : Condition OnClassCondition on org.springframework.boot.autoconfigure.security.servlet.SecurityFilterAutoConfiguration matched due to @ConditionalOnClass found required classes 'org.springframework.security.web.context.AbstractSecurityWebApplicationInitializer', 'org.springframework.security.config.http.SessionCreationPolicy'
2023-07-21 02:45:41.742 TRACE 29880 --- [           main] o.s.b.f.s.DefaultListableBeanFactory     : Returning cached instance of singleton bean 'autoConfigurationReport'
2023-07-21 02:45:41.742 TRACE 29880 --- [           main] o.s.b.a.c.OnWebApplicationCondition      : Condition OnWebApplicationCondition on org.springframework.boot.autoconfigure.security.servlet.SecurityFilterAutoConfiguration matched due to found 'session' scope
2023-07-21 02:45:41.742 TRACE 29880 --- [           main] o.s.b.f.s.DefaultListableBeanFactory     : Returning cached instance of singleton bean 'autoConfigurationReport'
2023-07-21 02:45:41.742 TRACE 29880 --- [           main] a.ConfigurationClassBeanDefinitionReader : Registered bean definition for imported class 'org.springframework.boot.autoconfigure.security.servlet.SecurityFilterAutoConfiguration'
2023-07-21 02:45:41.742 TRACE 29880 --- [           main] o.s.b.a.condition.OnBeanCondition        : Condition OnBeanCondition on org.springframework.boot.autoconfigure.security.servlet.SecurityFilterAutoConfiguration#securityFilterChainRegistration matched due to @ConditionalOnBean (names: springSecurityFilterChain; SearchStrategy: all) found bean 'springSecurityFilterChain'
2023-07-21 02:45:41.742 TRACE 29880 --- [           main] o.s.b.f.s.DefaultListableBeanFactory     : Returning cached instance of singleton bean 'autoConfigurationReport'
2023-07-21 02:45:41.742 TRACE 29880 --- [           main] a.ConfigurationClassBeanDefinitionReader : Registering bean definition for @Bean method org.springframework.boot.autoconfigure.security.servlet.SecurityFilterAutoConfiguration.securityFilterChainRegistration()
2023-07-21 02:45:41.742 TRACE 29880 --- [           main] o.s.b.a.condition.OnClassCondition       : Condition OnClassCondition on org.springframework.boot.autoconfigure.security.servlet.UserDetailsServiceAutoConfiguration matched due to @ConditionalOnClass found required class 'org.springframework.security.authentication.AuthenticationManager'
2023-07-21 02:45:41.742 TRACE 29880 --- [           main] o.s.b.f.s.DefaultListableBeanFactory     : Returning cached instance of singleton bean 'autoConfigurationReport'
2023-07-21 02:45:41.752 TRACE 29880 --- [           main] o.s.b.a.condition.OnBeanCondition        : Condition OnBeanCondition on org.springframework.boot.autoconfigure.security.servlet.UserDetailsServiceAutoConfiguration did not match due to @ConditionalOnMissingBean (types: org.springframework.security.authentication.AuthenticationManager,org.springframework.security.authentication.AuthenticationProvider,org.springframework.security.core.userdetails.UserDetailsService,org.springframework.security.authentication.AuthenticationManagerResolver,org.springframework.security.oauth2.jwt.JwtDecoder,org.springframework.security.oauth2.server.resource.introspection.OpaqueTokenIntrospector,org.springframework.security.oauth2.client.registration.ClientRegistrationRepository,org.springframework.security.saml2.provider.service.registration.RelyingPartyRegistrationRepository; SearchStrategy: all) found beans of type 'org.springframework.security.authentication.AuthenticationManager' org.springframework.security.authenticationManager and found beans of type 'org.springframework.security.core.userdetails.UserDetailsService' localUserDetailService and found beans of type 'org.springframework.security.oauth2.client.registration.ClientRegistrationRepository' clientRegistrationRepository
2023-07-21 02:45:41.752 TRACE 29880 --- [           main] o.s.b.f.s.DefaultListableBeanFactory     : Returning cached instance of singleton bean 'autoConfigurationReport'
2023-07-21 02:45:41.752 TRACE 29880 --- [           main] o.s.b.a.condition.OnPropertyCondition    : Condition OnPropertyCondition on org.springframework.boot.autoconfigure.sql.init.SqlInitializationAutoConfiguration matched due to @ConditionalOnProperty (spring.sql.init.enabled) matched
2023-07-21 02:45:41.752 TRACE 29880 --- [           main] o.s.b.f.s.DefaultListableBeanFactory     : Returning cached instance of singleton bean 'autoConfigurationReport'
2023-07-21 02:45:41.752 TRACE 29880 --- [           main] o.s.b.a.condition.OnClassCondition       : Condition OnClassCondition on org.springframework.boot.autoconfigure.sql.init.DataSourceInitializationConfiguration matched due to @ConditionalOnClass found required class 'org.springframework.jdbc.datasource.init.DatabasePopulator'
2023-07-21 02:45:41.752 TRACE 29880 --- [           main] o.s.b.f.s.DefaultListableBeanFactory     : Returning cached instance of singleton bean 'autoConfigurationReport'
2023-07-21 02:45:41.757 TRACE 29880 --- [           main] o.s.b.a.condition.OnBeanCondition        : Condition OnBeanCondition on org.springframework.boot.autoconfigure.sql.init.DataSourceInitializationConfiguration matched due to @ConditionalOnSingleCandidate (types: javax.sql.DataSource; SearchStrategy: all) found a single bean 'dataSource'; @ConditionalOnMissingBean (types: org.springframework.boot.autoconfigure.sql.init.SqlDataSourceScriptDatabaseInitializer,org.springframework.boot.autoconfigure.sql.init.SqlR2dbcScriptDatabaseInitializer; SearchStrategy: all) did not find any beans
2023-07-21 02:45:41.757 TRACE 29880 --- [           main] o.s.b.f.s.DefaultListableBeanFactory     : Returning cached instance of singleton bean 'autoConfigurationReport'
2023-07-21 02:45:41.760 TRACE 29880 --- [           main] o.s.b.a.condition.OnBeanCondition        : Condition OnBeanCondition on org.springframework.boot.autoconfigure.sql.init.DataSourceInitializationConfiguration matched due to @ConditionalOnSingleCandidate (types: javax.sql.DataSource; SearchStrategy: all) found a single bean 'dataSource'; @ConditionalOnMissingBean (types: org.springframework.boot.autoconfigure.sql.init.SqlDataSourceScriptDatabaseInitializer,org.springframework.boot.autoconfigure.sql.init.SqlR2dbcScriptDatabaseInitializer; SearchStrategy: all) did not find any beans
2023-07-21 02:45:41.760 TRACE 29880 --- [           main] o.s.b.f.s.DefaultListableBeanFactory     : Returning cached instance of singleton bean 'autoConfigurationReport'
2023-07-21 02:45:41.760 TRACE 29880 --- [           main] a.ConfigurationClassBeanDefinitionReader : Registered bean definition for imported class 'org.springframework.boot.autoconfigure.sql.init.DataSourceInitializationConfiguration'
2023-07-21 02:45:41.760 TRACE 29880 --- [           main] a.ConfigurationClassBeanDefinitionReader : Registering bean definition for @Bean method org.springframework.boot.autoconfigure.sql.init.DataSourceInitializationConfiguration.dataSourceScriptDatabaseInitializer()
2023-07-21 02:45:41.763 TRACE 29880 --- [           main] a.ConfigurationClassBeanDefinitionReader : Registered bean definition for imported class 'org.springframework.boot.autoconfigure.sql.init.SqlInitializationAutoConfiguration'
2023-07-21 02:45:41.764 TRACE 29880 --- [           main] o.s.b.a.condition.OnClassCondition       : Condition OnClassCondition on org.springframework.boot.autoconfigure.task.TaskSchedulingAutoConfiguration matched due to @ConditionalOnClass found required class 'org.springframework.scheduling.concurrent.ThreadPoolTaskScheduler'
2023-07-21 02:45:41.764 TRACE 29880 --- [           main] o.s.b.f.s.DefaultListableBeanFactory     : Returning cached instance of singleton bean 'autoConfigurationReport'
2023-07-21 02:45:41.767 TRACE 29880 --- [           main] a.ConfigurationClassBeanDefinitionReader : Registered bean definition for imported class 'org.springframework.boot.autoconfigure.task.TaskSchedulingAutoConfiguration'
2023-07-21 02:45:41.767 TRACE 29880 --- [           main] o.s.b.a.condition.OnBeanCondition        : Condition OnBeanCondition on org.springframework.boot.autoconfigure.task.TaskSchedulingAutoConfiguration#taskScheduler did not match due to @ConditionalOnBean (names: org.springframework.context.annotation.internalScheduledAnnotationProcessor; SearchStrategy: all) did not find any beans named org.springframework.context.annotation.internalScheduledAnnotationProcessor
2023-07-21 02:45:41.767 TRACE 29880 --- [           main] o.s.b.f.s.DefaultListableBeanFactory     : Returning cached instance of singleton bean 'autoConfigurationReport'
2023-07-21 02:45:41.768 TRACE 29880 --- [           main] o.s.b.a.condition.OnBeanCondition        : Condition OnBeanCondition on org.springframework.boot.autoconfigure.task.TaskSchedulingAutoConfiguration#scheduledBeanLazyInitializationExcludeFilter did not match due to @ConditionalOnBean (names: org.springframework.context.annotation.internalScheduledAnnotationProcessor; SearchStrategy: all) did not find any beans named org.springframework.context.annotation.internalScheduledAnnotationProcessor
2023-07-21 02:45:41.768 TRACE 29880 --- [           main] o.s.b.f.s.DefaultListableBeanFactory     : Returning cached instance of singleton bean 'autoConfigurationReport'
2023-07-21 02:45:41.770 TRACE 29880 --- [           main] o.s.b.a.condition.OnBeanCondition        : Condition OnBeanCondition on org.springframework.boot.autoconfigure.task.TaskSchedulingAutoConfiguration#taskSchedulerBuilder matched due to @ConditionalOnMissingBean (types: org.springframework.boot.task.TaskSchedulerBuilder; SearchStrategy: all) did not find any beans
2023-07-21 02:45:41.770 TRACE 29880 --- [           main] o.s.b.f.s.DefaultListableBeanFactory     : Returning cached instance of singleton bean 'autoConfigurationReport'
2023-07-21 02:45:41.771 TRACE 29880 --- [           main] a.ConfigurationClassBeanDefinitionReader : Registering bean definition for @Bean method org.springframework.boot.autoconfigure.task.TaskSchedulingAutoConfiguration.taskSchedulerBuilder()
2023-07-21 02:45:41.771 TRACE 29880 --- [           main] o.s.b.a.condition.OnClassCondition       : Condition OnClassCondition on org.springframework.boot.autoconfigure.jdbc.DataSourceTransactionManagerAutoConfiguration matched due to @ConditionalOnClass found required classes 'org.springframework.jdbc.core.JdbcTemplate', 'org.springframework.transaction.TransactionManager'
2023-07-21 02:45:41.771 TRACE 29880 --- [           main] o.s.b.f.s.DefaultListableBeanFactory     : Returning cached instance of singleton bean 'autoConfigurationReport'
2023-07-21 02:45:41.774 TRACE 29880 --- [           main] o.s.b.a.condition.OnBeanCondition        : Condition OnBeanCondition on org.springframework.boot.autoconfigure.jdbc.DataSourceTransactionManagerAutoConfiguration$JdbcTransactionManagerConfiguration matched due to @ConditionalOnSingleCandidate (types: javax.sql.DataSource; SearchStrategy: all) found a single bean 'dataSource'
2023-07-21 02:45:41.774 TRACE 29880 --- [           main] o.s.b.f.s.DefaultListableBeanFactory     : Returning cached instance of singleton bean 'autoConfigurationReport'
2023-07-21 02:45:41.774 TRACE 29880 --- [           main] a.ConfigurationClassBeanDefinitionReader : Registered bean definition for imported class 'org.springframework.boot.autoconfigure.jdbc.DataSourceTransactionManagerAutoConfiguration$JdbcTransactionManagerConfiguration'
2023-07-21 02:45:41.775 TRACE 29880 --- [           main] o.s.b.a.condition.OnBeanCondition        : Condition OnBeanCondition on org.springframework.boot.autoconfigure.jdbc.DataSourceTransactionManagerAutoConfiguration$JdbcTransactionManagerConfiguration#transactionManager did not match due to @ConditionalOnMissingBean (types: org.springframework.transaction.TransactionManager; SearchStrategy: all) found beans of type 'org.springframework.transaction.TransactionManager' transactionManager
2023-07-21 02:45:41.775 TRACE 29880 --- [           main] o.s.b.f.s.DefaultListableBeanFactory     : Returning cached instance of singleton bean 'autoConfigurationReport'
2023-07-21 02:45:41.776 TRACE 29880 --- [           main] a.ConfigurationClassBeanDefinitionReader : Registered bean definition for imported class 'org.springframework.boot.autoconfigure.jdbc.DataSourceTransactionManagerAutoConfiguration'
2023-07-21 02:45:41.776 TRACE 29880 --- [           main] o.s.b.a.condition.OnClassCondition       : Condition OnClassCondition on org.springframework.boot.autoconfigure.transaction.TransactionAutoConfiguration matched due to @ConditionalOnClass found required class 'org.springframework.transaction.PlatformTransactionManager'
2023-07-21 02:45:41.776 TRACE 29880 --- [           main] o.s.b.f.s.DefaultListableBeanFactory     : Returning cached instance of singleton bean 'autoConfigurationReport'
2023-07-21 02:45:41.778 TRACE 29880 --- [           main] o.s.b.a.condition.OnBeanCondition        : Condition OnBeanCondition on org.springframework.boot.autoconfigure.transaction.TransactionAutoConfiguration$EnableTransactionManagementConfiguration matched due to @ConditionalOnBean (types: org.springframework.transaction.TransactionManager; SearchStrategy: all) found bean 'transactionManager'; @ConditionalOnMissingBean (types: org.springframework.transaction.annotation.AbstractTransactionManagementConfiguration; SearchStrategy: all) did not find any beans
2023-07-21 02:45:41.778 TRACE 29880 --- [           main] o.s.b.f.s.DefaultListableBeanFactory     : Returning cached instance of singleton bean 'autoConfigurationReport'
2023-07-21 02:45:41.779 TRACE 29880 --- [           main] o.s.b.a.condition.OnBeanCondition        : Condition OnBeanCondition on org.springframework.boot.autoconfigure.transaction.TransactionAutoConfiguration$EnableTransactionManagementConfiguration matched due to @ConditionalOnBean (types: org.springframework.transaction.TransactionManager; SearchStrategy: all) found bean 'transactionManager'; @ConditionalOnMissingBean (types: org.springframework.transaction.annotation.AbstractTransactionManagementConfiguration; SearchStrategy: all) did not find any beans
2023-07-21 02:45:41.779 TRACE 29880 --- [           main] o.s.b.f.s.DefaultListableBeanFactory     : Returning cached instance of singleton bean 'autoConfigurationReport'
2023-07-21 02:45:41.779 TRACE 29880 --- [           main] o.s.b.a.condition.OnPropertyCondition    : Condition OnPropertyCondition on org.springframework.boot.autoconfigure.transaction.TransactionAutoConfiguration$EnableTransactionManagementConfiguration$CglibAutoProxyConfiguration matched due to @ConditionalOnProperty (spring.aop.proxy-target-class=true) matched
2023-07-21 02:45:41.779 TRACE 29880 --- [           main] o.s.b.f.s.DefaultListableBeanFactory     : Returning cached instance of singleton bean 'autoConfigurationReport'
2023-07-21 02:45:41.780 TRACE 29880 --- [           main] a.ConfigurationClassBeanDefinitionReader : Registered bean definition for imported class 'org.springframework.transaction.annotation.ProxyTransactionManagementConfiguration'
2023-07-21 02:45:41.780 TRACE 29880 --- [           main] a.ConfigurationClassBeanDefinitionReader : Registering bean definition for @Bean method org.springframework.transaction.annotation.ProxyTransactionManagementConfiguration.org.springframework.transaction.config.internalTransactionAdvisor()
2023-07-21 02:45:41.780 TRACE 29880 --- [           main] a.ConfigurationClassBeanDefinitionReader : Registering bean definition for @Bean method org.springframework.transaction.annotation.ProxyTransactionManagementConfiguration.transactionAttributeSource()
2023-07-21 02:45:41.780 TRACE 29880 --- [           main] a.ConfigurationClassBeanDefinitionReader : Registering bean definition for @Bean method org.springframework.transaction.annotation.ProxyTransactionManagementConfiguration.transactionInterceptor()
2023-07-21 02:45:41.780 TRACE 29880 --- [           main] a.ConfigurationClassBeanDefinitionReader : Registering bean definition for @Bean method org.springframework.transaction.annotation.ProxyTransactionManagementConfiguration.org.springframework.transaction.config.internalTransactionalEventListenerFactory()
2023-07-21 02:45:41.780 TRACE 29880 --- [           main] a.ConfigurationClassBeanDefinitionReader : Registered bean definition for imported class 'org.springframework.boot.autoconfigure.transaction.TransactionAutoConfiguration$EnableTransactionManagementConfiguration$CglibAutoProxyConfiguration'
2023-07-21 02:45:41.781 TRACE 29880 --- [           main] a.ConfigurationClassBeanDefinitionReader : Registered bean definition for imported class 'org.springframework.boot.autoconfigure.transaction.TransactionAutoConfiguration$EnableTransactionManagementConfiguration'
2023-07-21 02:45:41.787 TRACE 29880 --- [           main] o.s.b.a.condition.OnBeanCondition        : Condition OnBeanCondition on org.springframework.boot.autoconfigure.transaction.TransactionAutoConfiguration$TransactionTemplateConfiguration matched due to @ConditionalOnSingleCandidate (types: org.springframework.transaction.PlatformTransactionManager; SearchStrategy: all) found a single bean 'transactionManager'
2023-07-21 02:45:41.787 TRACE 29880 --- [           main] o.s.b.f.s.DefaultListableBeanFactory     : Returning cached instance of singleton bean 'autoConfigurationReport'
2023-07-21 02:45:41.787 TRACE 29880 --- [           main] a.ConfigurationClassBeanDefinitionReader : Registered bean definition for imported class 'org.springframework.boot.autoconfigure.transaction.TransactionAutoConfiguration$TransactionTemplateConfiguration'
2023-07-21 02:45:41.789 TRACE 29880 --- [           main] o.s.b.a.condition.OnBeanCondition        : Condition OnBeanCondition on org.springframework.boot.autoconfigure.transaction.TransactionAutoConfiguration$TransactionTemplateConfiguration#transactionTemplate matched due to @ConditionalOnMissingBean (types: org.springframework.transaction.support.TransactionOperations; SearchStrategy: all) did not find any beans
2023-07-21 02:45:41.789 TRACE 29880 --- [           main] o.s.b.f.s.DefaultListableBeanFactory     : Returning cached instance of singleton bean 'autoConfigurationReport'
2023-07-21 02:45:41.789 TRACE 29880 --- [           main] a.ConfigurationClassBeanDefinitionReader : Registering bean definition for @Bean method org.springframework.boot.autoconfigure.transaction.TransactionAutoConfiguration$TransactionTemplateConfiguration.transactionTemplate()
2023-07-21 02:45:41.790 TRACE 29880 --- [           main] a.ConfigurationClassBeanDefinitionReader : Registered bean definition for imported class 'org.springframework.boot.autoconfigure.transaction.TransactionAutoConfiguration'
2023-07-21 02:45:41.792 TRACE 29880 --- [           main] o.s.b.a.condition.OnBeanCondition        : Condition OnBeanCondition on org.springframework.boot.autoconfigure.transaction.TransactionAutoConfiguration#platformTransactionManagerCustomizers matched due to @ConditionalOnMissingBean (types: org.springframework.boot.autoconfigure.transaction.TransactionManagerCustomizers; SearchStrategy: all) did not find any beans
2023-07-21 02:45:41.792 TRACE 29880 --- [           main] o.s.b.f.s.DefaultListableBeanFactory     : Returning cached instance of singleton bean 'autoConfigurationReport'
2023-07-21 02:45:41.792 TRACE 29880 --- [           main] a.ConfigurationClassBeanDefinitionReader : Registering bean definition for @Bean method org.springframework.boot.autoconfigure.transaction.TransactionAutoConfiguration.platformTransactionManagerCustomizers()
2023-07-21 02:45:41.794 TRACE 29880 --- [           main] o.s.b.a.condition.OnBeanCondition        : Condition OnBeanCondition on org.springframework.boot.autoconfigure.transaction.TransactionAutoConfiguration#transactionalOperator did not match due to @ConditionalOnSingleCandidate (types: org.springframework.transaction.ReactiveTransactionManager; SearchStrategy: all) did not find any beans
2023-07-21 02:45:41.794 TRACE 29880 --- [           main] o.s.b.f.s.DefaultListableBeanFactory     : Returning cached instance of singleton bean 'autoConfigurationReport'
2023-07-21 02:45:41.795 TRACE 29880 --- [           main] o.s.b.a.condition.OnClassCondition       : Condition OnClassCondition on org.springframework.boot.autoconfigure.web.client.RestTemplateAutoConfiguration matched due to @ConditionalOnClass found required class 'org.springframework.web.client.RestTemplate'
2023-07-21 02:45:41.795 TRACE 29880 --- [           main] o.s.b.f.s.DefaultListableBeanFactory     : Returning cached instance of singleton bean 'autoConfigurationReport'
2023-07-21 02:45:41.795 TRACE 29880 --- [           main] a.ConfigurationClassBeanDefinitionReader : Registered bean definition for imported class 'org.springframework.boot.autoconfigure.web.client.RestTemplateAutoConfiguration'
2023-07-21 02:45:41.798 TRACE 29880 --- [           main] o.s.b.a.condition.OnBeanCondition        : Condition OnBeanCondition on org.springframework.boot.autoconfigure.web.client.RestTemplateAutoConfiguration#restTemplateBuilderConfigurer matched due to @ConditionalOnMissingBean (types: org.springframework.boot.autoconfigure.web.client.RestTemplateBuilderConfigurer; SearchStrategy: all) did not find any beans
2023-07-21 02:45:41.798 TRACE 29880 --- [           main] o.s.b.f.s.DefaultListableBeanFactory     : Returning cached instance of singleton bean 'autoConfigurationReport'
2023-07-21 02:45:41.799 TRACE 29880 --- [           main] a.ConfigurationClassBeanDefinitionReader : Registering bean definition for @Bean method org.springframework.boot.autoconfigure.web.client.RestTemplateAutoConfiguration.restTemplateBuilderConfigurer()
2023-07-21 02:45:41.803 TRACE 29880 --- [           main] o.s.b.a.condition.OnBeanCondition        : Condition OnBeanCondition on org.springframework.boot.autoconfigure.web.client.RestTemplateAutoConfiguration#restTemplateBuilder matched due to @ConditionalOnMissingBean (types: org.springframework.boot.web.client.RestTemplateBuilder; SearchStrategy: all) did not find any beans
2023-07-21 02:45:41.803 TRACE 29880 --- [           main] o.s.b.f.s.DefaultListableBeanFactory     : Returning cached instance of singleton bean 'autoConfigurationReport'
2023-07-21 02:45:41.803 TRACE 29880 --- [           main] a.ConfigurationClassBeanDefinitionReader : Registering bean definition for @Bean method org.springframework.boot.autoconfigure.web.client.RestTemplateAutoConfiguration.restTemplateBuilder()
2023-07-21 02:45:41.804 TRACE 29880 --- [           main] o.s.b.a.condition.OnClassCondition       : Condition OnClassCondition on org.springframework.boot.autoconfigure.web.servlet.HttpEncodingAutoConfiguration matched due to @ConditionalOnClass found required class 'org.springframework.web.filter.CharacterEncodingFilter'
2023-07-21 02:45:41.804 TRACE 29880 --- [           main] o.s.b.f.s.DefaultListableBeanFactory     : Returning cached instance of singleton bean 'autoConfigurationReport'
2023-07-21 02:45:41.804 TRACE 29880 --- [           main] o.s.b.a.c.OnWebApplicationCondition      : Condition OnWebApplicationCondition on org.springframework.boot.autoconfigure.web.servlet.HttpEncodingAutoConfiguration matched due to found 'session' scope
2023-07-21 02:45:41.804 TRACE 29880 --- [           main] o.s.b.f.s.DefaultListableBeanFactory     : Returning cached instance of singleton bean 'autoConfigurationReport'
2023-07-21 02:45:41.804 TRACE 29880 --- [           main] o.s.b.a.condition.OnPropertyCondition    : Condition OnPropertyCondition on org.springframework.boot.autoconfigure.web.servlet.HttpEncodingAutoConfiguration matched due to @ConditionalOnProperty (server.servlet.encoding.enabled) matched
2023-07-21 02:45:41.804 TRACE 29880 --- [           main] o.s.b.f.s.DefaultListableBeanFactory     : Returning cached instance of singleton bean 'autoConfigurationReport'
2023-07-21 02:45:41.804 TRACE 29880 --- [           main] a.ConfigurationClassBeanDefinitionReader : Registered bean definition for imported class 'org.springframework.boot.autoconfigure.web.servlet.HttpEncodingAutoConfiguration'
2023-07-21 02:45:41.806 TRACE 29880 --- [           main] o.s.b.a.condition.OnBeanCondition        : Condition OnBeanCondition on org.springframework.boot.autoconfigure.web.servlet.HttpEncodingAutoConfiguration#characterEncodingFilter matched due to @ConditionalOnMissingBean (types: org.springframework.web.filter.CharacterEncodingFilter; SearchStrategy: all) did not find any beans
2023-07-21 02:45:41.806 TRACE 29880 --- [           main] o.s.b.f.s.DefaultListableBeanFactory     : Returning cached instance of singleton bean 'autoConfigurationReport'
2023-07-21 02:45:41.806 TRACE 29880 --- [           main] a.ConfigurationClassBeanDefinitionReader : Registering bean definition for @Bean method org.springframework.boot.autoconfigure.web.servlet.HttpEncodingAutoConfiguration.characterEncodingFilter()
2023-07-21 02:45:41.807 TRACE 29880 --- [           main] a.ConfigurationClassBeanDefinitionReader : Registering bean definition for @Bean method org.springframework.boot.autoconfigure.web.servlet.HttpEncodingAutoConfiguration.localeCharsetMappingsCustomizer()
2023-07-21 02:45:41.807 TRACE 29880 --- [           main] o.s.b.a.condition.OnClassCondition       : Condition OnClassCondition on org.springframework.boot.autoconfigure.web.servlet.MultipartAutoConfiguration matched due to @ConditionalOnClass found required classes 'javax.servlet.Servlet', 'org.springframework.web.multipart.support.StandardServletMultipartResolver', 'javax.servlet.MultipartConfigElement'
2023-07-21 02:45:41.807 TRACE 29880 --- [           main] o.s.b.f.s.DefaultListableBeanFactory     : Returning cached instance of singleton bean 'autoConfigurationReport'
2023-07-21 02:45:41.807 TRACE 29880 --- [           main] o.s.b.a.c.OnWebApplicationCondition      : Condition OnWebApplicationCondition on org.springframework.boot.autoconfigure.web.servlet.MultipartAutoConfiguration matched due to found 'session' scope
2023-07-21 02:45:41.807 TRACE 29880 --- [           main] o.s.b.f.s.DefaultListableBeanFactory     : Returning cached instance of singleton bean 'autoConfigurationReport'
2023-07-21 02:45:41.808 TRACE 29880 --- [           main] o.s.b.a.condition.OnPropertyCondition    : Condition OnPropertyCondition on org.springframework.boot.autoconfigure.web.servlet.MultipartAutoConfiguration matched due to @ConditionalOnProperty (spring.servlet.multipart.enabled) matched
2023-07-21 02:45:41.808 TRACE 29880 --- [           main] o.s.b.f.s.DefaultListableBeanFactory     : Returning cached instance of singleton bean 'autoConfigurationReport'
2023-07-21 02:45:41.809 TRACE 29880 --- [           main] a.ConfigurationClassBeanDefinitionReader : Registered bean definition for imported class 'org.springframework.boot.autoconfigure.web.servlet.MultipartAutoConfiguration'
2023-07-21 02:45:41.814 TRACE 29880 --- [           main] o.s.b.a.condition.OnBeanCondition        : Condition OnBeanCondition on org.springframework.boot.autoconfigure.web.servlet.MultipartAutoConfiguration#multipartConfigElement matched due to @ConditionalOnMissingBean (types: javax.servlet.MultipartConfigElement,org.springframework.web.multipart.commons.CommonsMultipartResolver; SearchStrategy: all) did not find any beans
2023-07-21 02:45:41.814 TRACE 29880 --- [           main] o.s.b.f.s.DefaultListableBeanFactory     : Returning cached instance of singleton bean 'autoConfigurationReport'
2023-07-21 02:45:41.815 TRACE 29880 --- [           main] a.ConfigurationClassBeanDefinitionReader : Registering bean definition for @Bean method org.springframework.boot.autoconfigure.web.servlet.MultipartAutoConfiguration.multipartConfigElement()
2023-07-21 02:45:41.817 TRACE 29880 --- [           main] o.s.b.a.condition.OnBeanCondition        : Condition OnBeanCondition on org.springframework.boot.autoconfigure.web.servlet.MultipartAutoConfiguration#multipartResolver matched due to @ConditionalOnMissingBean (types: org.springframework.web.multipart.MultipartResolver; SearchStrategy: all) did not find any beans
2023-07-21 02:45:41.817 TRACE 29880 --- [           main] o.s.b.f.s.DefaultListableBeanFactory     : Returning cached instance of singleton bean 'autoConfigurationReport'
2023-07-21 02:45:41.817 TRACE 29880 --- [           main] a.ConfigurationClassBeanDefinitionReader : Registering bean definition for @Bean method org.springframework.boot.autoconfigure.web.servlet.MultipartAutoConfiguration.multipartResolver()
2023-07-21 02:45:41.972 TRACE 29880 --- [           main] o.s.c.a.ConfigurationClassEnhancer       : Successfully enhanced com.camping.camp.CampApplication; enhanced class name is: com.camping.camp.CampApplication$$EnhancerBySpringCGLIB$$d1e0fefd
2023-07-21 02:45:41.972 TRACE 29880 --- [           main] o.s.c.a.ConfigurationClassPostProcessor  : Replacing bean definition 'campApplication' existing class 'com.camping.camp.CampApplication' with enhanced class 'com.camping.camp.CampApplication$$EnhancerBySpringCGLIB$$d1e0fefd'
2023-07-21 02:45:41.977 TRACE 29880 --- [           main] o.s.c.a.ConfigurationClassEnhancer       : Successfully enhanced com.camping.camp.Configuration.WebConfig; enhanced class name is: com.camping.camp.Configuration.WebConfig$$EnhancerBySpringCGLIB$$57d6316c
2023-07-21 02:45:41.977 TRACE 29880 --- [           main] o.s.c.a.ConfigurationClassPostProcessor  : Replacing bean definition 'webConfig' existing class 'com.camping.camp.Configuration.WebConfig' with enhanced class 'com.camping.camp.Configuration.WebConfig$$EnhancerBySpringCGLIB$$57d6316c'
2023-07-21 02:45:41.987 TRACE 29880 --- [           main] o.s.c.a.ConfigurationClassEnhancer       : Successfully enhanced com.camping.camp.Configuration.WebSecurityConfig; enhanced class name is: com.camping.camp.Configuration.WebSecurityConfig$$EnhancerBySpringCGLIB$$9d0157cc
2023-07-21 02:45:41.987 TRACE 29880 --- [           main] o.s.c.a.ConfigurationClassPostProcessor  : Replacing bean definition 'webSecurityConfig' existing class 'com.camping.camp.Configuration.WebSecurityConfig' with enhanced class 'com.camping.camp.Configuration.WebSecurityConfig$$EnhancerBySpringCGLIB$$9d0157cc'
2023-07-21 02:45:41.989 DEBUG 29880 --- [           main] o.s.b.f.s.DefaultListableBeanFactory     : Creating shared instance of singleton bean 'propertySourcesPlaceholderConfigurer'
2023-07-21 02:45:41.989 TRACE 29880 --- [           main] o.s.b.f.s.DefaultListableBeanFactory     : Creating instance of bean 'propertySourcesPlaceholderConfigurer'
2023-07-21 02:45:41.994 TRACE 29880 --- [           main] o.s.b.f.s.DefaultListableBeanFactory     : Eagerly caching bean 'propertySourcesPlaceholderConfigurer' to allow for resolving potential circular references
2023-07-21 02:45:41.995 TRACE 29880 --- [           main] o.s.b.f.s.DefaultListableBeanFactory     : Finished creating instance of bean 'propertySourcesPlaceholderConfigurer'
2023-07-21 02:45:41.998 DEBUG 29880 --- [           main] o.s.b.f.s.DefaultListableBeanFactory     : Creating shared instance of singleton bean 'org.springframework.boot.test.mock.mockito.MockitoPostProcessor'
2023-07-21 02:45:41.998 TRACE 29880 --- [           main] o.s.b.f.s.DefaultListableBeanFactory     : Creating instance of bean 'org.springframework.boot.test.mock.mockito.MockitoPostProcessor'
2023-07-21 02:45:42.007 TRACE 29880 --- [           main] o.s.b.f.s.DefaultListableBeanFactory     : Eagerly caching bean 'org.springframework.boot.test.mock.mockito.MockitoPostProcessor' to allow for resolving potential circular references
2023-07-21 02:45:42.007 TRACE 29880 --- [           main] o.s.b.f.s.DefaultListableBeanFactory     : Finished creating instance of bean 'org.springframework.boot.test.mock.mockito.MockitoPostProcessor'
2023-07-21 02:45:42.007 DEBUG 29880 --- [           main] o.s.b.f.s.DefaultListableBeanFactory     : Creating shared instance of singleton bean 'emBeanDefinitionRegistrarPostProcessor'
2023-07-21 02:45:42.007 TRACE 29880 --- [           main] o.s.b.f.s.DefaultListableBeanFactory     : Creating instance of bean 'emBeanDefinitionRegistrarPostProcessor'
2023-07-21 02:45:42.007 TRACE 29880 --- [           main] o.s.b.f.s.DefaultListableBeanFactory     : Eagerly caching bean 'emBeanDefinitionRegistrarPostProcessor' to allow for resolving potential circular references
2023-07-21 02:45:42.007 TRACE 29880 --- [           main] o.s.b.f.s.DefaultListableBeanFactory     : Finished creating instance of bean 'emBeanDefinitionRegistrarPostProcessor'
2023-07-21 02:45:42.007 DEBUG 29880 --- [           main] o.s.b.f.s.DefaultListableBeanFactory     : Creating shared instance of singleton bean 'org.springframework.boot.sql.init.dependency.DatabaseInitializationDependencyConfigurer$DependsOnDatabaseInitializationPostProcessor'
2023-07-21 02:45:42.007 TRACE 29880 --- [           main] o.s.b.f.s.DefaultListableBeanFactory     : Creating instance of bean 'org.springframework.boot.sql.init.dependency.DatabaseInitializationDependencyConfigurer$DependsOnDatabaseInitializationPostProcessor'
2023-07-21 02:45:42.008 TRACE 29880 --- [           main] o.s.b.f.s.DefaultListableBeanFactory     : Eagerly caching bean 'org.springframework.boot.sql.init.dependency.DatabaseInitializationDependencyConfigurer$DependsOnDatabaseInitializationPostProcessor' to allow for resolving potential circular references
2023-07-21 02:45:42.008 TRACE 29880 --- [           main] o.s.b.f.s.DefaultListableBeanFactory     : Finished creating instance of bean 'org.springframework.boot.sql.init.dependency.DatabaseInitializationDependencyConfigurer$DependsOnDatabaseInitializationPostProcessor'
2023-07-21 02:45:42.118 DEBUG 29880 --- [           main] o.s.b.f.s.DefaultListableBeanFactory     : Creating shared instance of singleton bean 'org.springframework.context.event.internalEventListenerProcessor'
2023-07-21 02:45:42.118 TRACE 29880 --- [           main] o.s.b.f.s.DefaultListableBeanFactory     : Creating instance of bean 'org.springframework.context.event.internalEventListenerProcessor'
2023-07-21 02:45:42.119 TRACE 29880 --- [           main] o.s.b.f.s.DefaultListableBeanFactory     : Eagerly caching bean 'org.springframework.context.event.internalEventListenerProcessor' to allow for resolving potential circular references
2023-07-21 02:45:42.119 TRACE 29880 --- [           main] o.s.b.f.s.DefaultListableBeanFactory     : Finished creating instance of bean 'org.springframework.context.event.internalEventListenerProcessor'
2023-07-21 02:45:42.119 DEBUG 29880 --- [           main] o.s.b.f.s.DefaultListableBeanFactory     : Creating shared instance of singleton bean 'conversionServicePostProcessor'
2023-07-21 02:45:42.119 TRACE 29880 --- [           main] o.s.b.f.s.DefaultListableBeanFactory     : Creating instance of bean 'conversionServicePostProcessor'
2023-07-21 02:45:42.135 TRACE 29880 --- [           main] o.s.b.f.s.DefaultListableBeanFactory     : Eagerly caching bean 'conversionServicePostProcessor' to allow for resolving potential circular references
2023-07-21 02:45:42.135 TRACE 29880 --- [           main] o.s.b.f.s.DefaultListableBeanFactory     : Finished creating instance of bean 'conversionServicePostProcessor'
2023-07-21 02:45:42.135 DEBUG 29880 --- [           main] o.s.b.f.s.DefaultListableBeanFactory     : Creating shared instance of singleton bean 'preserveErrorControllerTargetClassPostProcessor'
2023-07-21 02:45:42.135 TRACE 29880 --- [           main] o.s.b.f.s.DefaultListableBeanFactory     : Creating instance of bean 'preserveErrorControllerTargetClassPostProcessor'
2023-07-21 02:45:42.136 TRACE 29880 --- [           main] o.s.b.f.s.DefaultListableBeanFactory     : Eagerly caching bean 'preserveErrorControllerTargetClassPostProcessor' to allow for resolving potential circular references
2023-07-21 02:45:42.136 TRACE 29880 --- [           main] o.s.b.f.s.DefaultListableBeanFactory     : Finished creating instance of bean 'preserveErrorControllerTargetClassPostProcessor'
2023-07-21 02:45:42.136 DEBUG 29880 --- [           main] o.s.b.f.s.DefaultListableBeanFactory     : Creating shared instance of singleton bean 'org.springframework.context.event.internalEventListenerFactory'
2023-07-21 02:45:42.136 TRACE 29880 --- [           main] o.s.b.f.s.DefaultListableBeanFactory     : Creating instance of bean 'org.springframework.context.event.internalEventListenerFactory'
2023-07-21 02:45:42.136 TRACE 29880 --- [           main] o.s.b.f.s.DefaultListableBeanFactory     : Eagerly caching bean 'org.springframework.context.event.internalEventListenerFactory' to allow for resolving potential circular references
2023-07-21 02:45:42.136 TRACE 29880 --- [           main] o.s.b.f.s.DefaultListableBeanFactory     : Finished creating instance of bean 'org.springframework.context.event.internalEventListenerFactory'
2023-07-21 02:45:42.136 DEBUG 29880 --- [           main] o.s.b.f.s.DefaultListableBeanFactory     : Creating shared instance of singleton bean 'org.springframework.transaction.config.internalTransactionalEventListenerFactory'
2023-07-21 02:45:42.136 TRACE 29880 --- [           main] o.s.b.f.s.DefaultListableBeanFactory     : Creating instance of bean 'org.springframework.transaction.config.internalTransactionalEventListenerFactory'
2023-07-21 02:45:42.137 TRACE 29880 --- [           main] o.s.b.f.s.DefaultListableBeanFactory     : Eagerly caching bean 'org.springframework.transaction.config.internalTransactionalEventListenerFactory' to allow for resolving potential circular references
2023-07-21 02:45:42.137 TRACE 29880 --- [           main] o.s.b.f.s.DefaultListableBeanFactory     : Finished creating instance of bean 'org.springframework.transaction.config.internalTransactionalEventListenerFactory'
2023-07-21 02:45:42.142 DEBUG 29880 --- [           main] o.s.b.f.s.DefaultListableBeanFactory     : Creating shared instance of singleton bean 'org.springframework.boot.test.mock.mockito.MockitoPostProcessor$SpyPostProcessor'
2023-07-21 02:45:42.142 TRACE 29880 --- [           main] o.s.b.f.s.DefaultListableBeanFactory     : Creating instance of bean 'org.springframework.boot.test.mock.mockito.MockitoPostProcessor$SpyPostProcessor'
2023-07-21 02:45:42.142 TRACE 29880 --- [           main] o.s.b.f.s.DefaultListableBeanFactory     : Returning cached instance of singleton bean 'org.springframework.boot.test.mock.mockito.MockitoPostProcessor'
2023-07-21 02:45:42.143 TRACE 29880 --- [           main] o.s.b.f.s.DefaultListableBeanFactory     : Eagerly caching bean 'org.springframework.boot.test.mock.mockito.MockitoPostProcessor$SpyPostProcessor' to allow for resolving potential circular references
2023-07-21 02:45:42.145 TRACE 29880 --- [           main] o.s.b.f.s.DefaultListableBeanFactory     : Finished creating instance of bean 'org.springframework.boot.test.mock.mockito.MockitoPostProcessor$SpyPostProcessor'
2023-07-21 02:45:42.145 DEBUG 29880 --- [           main] o.s.b.f.s.DefaultListableBeanFactory     : Creating shared instance of singleton bean 'org.springframework.context.annotation.internalAutowiredAnnotationProcessor'
2023-07-21 02:45:42.145 TRACE 29880 --- [           main] o.s.b.f.s.DefaultListableBeanFactory     : Creating instance of bean 'org.springframework.context.annotation.internalAutowiredAnnotationProcessor'
2023-07-21 02:45:42.147 TRACE 29880 --- [           main] o.s.b.f.s.DefaultListableBeanFactory     : Eagerly caching bean 'org.springframework.context.annotation.internalAutowiredAnnotationProcessor' to allow for resolving potential circular references
2023-07-21 02:45:42.147 TRACE 29880 --- [           main] o.s.b.f.s.DefaultListableBeanFactory     : Finished creating instance of bean 'org.springframework.context.annotation.internalAutowiredAnnotationProcessor'
2023-07-21 02:45:42.147 DEBUG 29880 --- [           main] o.s.b.f.s.DefaultListableBeanFactory     : Creating shared instance of singleton bean 'org.springframework.context.annotation.internalCommonAnnotationProcessor'
2023-07-21 02:45:42.147 TRACE 29880 --- [           main] o.s.b.f.s.DefaultListableBeanFactory     : Creating instance of bean 'org.springframework.context.annotation.internalCommonAnnotationProcessor'
2023-07-21 02:45:42.152 TRACE 29880 --- [           main] o.s.b.f.s.DefaultListableBeanFactory     : Eagerly caching bean 'org.springframework.context.annotation.internalCommonAnnotationProcessor' to allow for resolving potential circular references
2023-07-21 02:45:42.152 TRACE 29880 --- [           main] o.s.b.f.s.DefaultListableBeanFactory     : Finished creating instance of bean 'org.springframework.context.annotation.internalCommonAnnotationProcessor'
2023-07-21 02:45:42.152 DEBUG 29880 --- [           main] o.s.b.f.s.DefaultListableBeanFactory     : Creating shared instance of singleton bean 'org.springframework.context.annotation.internalPersistenceAnnotationProcessor'
2023-07-21 02:45:42.152 TRACE 29880 --- [           main] o.s.b.f.s.DefaultListableBeanFactory     : Creating instance of bean 'org.springframework.context.annotation.internalPersistenceAnnotationProcessor'
2023-07-21 02:45:42.153 TRACE 29880 --- [           main] o.s.b.f.s.DefaultListableBeanFactory     : Eagerly caching bean 'org.springframework.context.annotation.internalPersistenceAnnotationProcessor' to allow for resolving potential circular references
2023-07-21 02:45:42.153 TRACE 29880 --- [           main] o.s.b.f.s.DefaultListableBeanFactory     : Finished creating instance of bean 'org.springframework.context.annotation.internalPersistenceAnnotationProcessor'
2023-07-21 02:45:42.153 DEBUG 29880 --- [           main] o.s.b.f.s.DefaultListableBeanFactory     : Creating shared instance of singleton bean 'org.springframework.boot.context.properties.ConfigurationPropertiesBindingPostProcessor'
2023-07-21 02:45:42.153 TRACE 29880 --- [           main] o.s.b.f.s.DefaultListableBeanFactory     : Creating instance of bean 'org.springframework.boot.context.properties.ConfigurationPropertiesBindingPostProcessor'
2023-07-21 02:45:42.153 TRACE 29880 --- [           main] o.s.b.f.s.DefaultListableBeanFactory     : Eagerly caching bean 'org.springframework.boot.context.properties.ConfigurationPropertiesBindingPostProcessor' to allow for resolving potential circular references
2023-07-21 02:45:42.153 TRACE 29880 --- [           main] o.s.b.f.s.DefaultListableBeanFactory     : Invoking afterPropertiesSet() on bean with name 'org.springframework.boot.context.properties.ConfigurationPropertiesBindingPostProcessor'
2023-07-21 02:45:42.153 DEBUG 29880 --- [           main] o.s.b.f.s.DefaultListableBeanFactory     : Creating shared instance of singleton bean 'org.springframework.boot.context.internalConfigurationPropertiesBinder'
2023-07-21 02:45:42.153 TRACE 29880 --- [           main] o.s.b.f.s.DefaultListableBeanFactory     : Creating instance of bean 'org.springframework.boot.context.internalConfigurationPropertiesBinder'
2023-07-21 02:45:42.153 DEBUG 29880 --- [           main] o.s.b.f.s.DefaultListableBeanFactory     : Creating shared instance of singleton bean 'org.springframework.boot.context.internalConfigurationPropertiesBinderFactory'
2023-07-21 02:45:42.153 TRACE 29880 --- [           main] o.s.b.f.s.DefaultListableBeanFactory     : Creating instance of bean 'org.springframework.boot.context.internalConfigurationPropertiesBinderFactory'
2023-07-21 02:45:42.153 TRACE 29880 --- [           main] o.s.b.f.s.DefaultListableBeanFactory     : Eagerly caching bean 'org.springframework.boot.context.internalConfigurationPropertiesBinderFactory' to allow for resolving potential circular references
2023-07-21 02:45:42.153 TRACE 29880 --- [           main] o.s.b.f.s.DefaultListableBeanFactory     : Finished creating instance of bean 'org.springframework.boot.context.internalConfigurationPropertiesBinderFactory'
2023-07-21 02:45:42.155 TRACE 29880 --- [           main] o.s.b.f.s.DefaultListableBeanFactory     : Returning cached instance of singleton bean 'propertySourcesPlaceholderConfigurer'
2023-07-21 02:45:42.155 TRACE 29880 --- [           main] o.s.b.f.s.DefaultListableBeanFactory     : Eagerly caching bean 'org.springframework.boot.context.internalConfigurationPropertiesBinder' to allow for resolving potential circular references
2023-07-21 02:45:42.156 TRACE 29880 --- [           main] o.s.b.f.s.DefaultListableBeanFactory     : Finished creating instance of bean 'org.springframework.boot.context.internalConfigurationPropertiesBinder'
2023-07-21 02:45:42.156 TRACE 29880 --- [           main] o.s.b.f.s.DefaultListableBeanFactory     : Finished creating instance of bean 'org.springframework.boot.context.properties.ConfigurationPropertiesBindingPostProcessor'
2023-07-21 02:45:42.157 TRACE 29880 --- [           main] o.s.b.f.s.DefaultListableBeanFactory     : Returning cached instance of singleton bean 'org.springframework.boot.test.mock.mockito.MockitoPostProcessor'
2023-07-21 02:45:42.157 DEBUG 29880 --- [           main] o.s.b.f.s.DefaultListableBeanFactory     : Creating shared instance of singleton bean 'org.springframework.aop.config.internalAutoProxyCreator'
2023-07-21 02:45:42.157 TRACE 29880 --- [           main] o.s.b.f.s.DefaultListableBeanFactory     : Creating instance of bean 'org.springframework.aop.config.internalAutoProxyCreator'
2023-07-21 02:45:42.169 TRACE 29880 --- [           main] o.s.b.f.s.DefaultListableBeanFactory     : Eagerly caching bean 'org.springframework.aop.config.internalAutoProxyCreator' to allow for resolving potential circular references
2023-07-21 02:45:42.169 TRACE 29880 --- [           main] o.s.beans.CachedIntrospectionResults     : Getting BeanInfo for class [org.springframework.aop.aspectj.annotation.AnnotationAwareAspectJAutoProxyCreator]
2023-07-21 02:45:42.177 TRACE 29880 --- [           main] o.s.beans.CachedIntrospectionResults     : Caching PropertyDescriptors for class [org.springframework.aop.aspectj.annotation.AnnotationAwareAspectJAutoProxyCreator]
2023-07-21 02:45:42.177 TRACE 29880 --- [           main] o.s.beans.CachedIntrospectionResults     : Found bean property 'advisorAdapterRegistry' of type [org.springframework.aop.framework.adapter.AdvisorAdapterRegistry]
2023-07-21 02:45:42.177 TRACE 29880 --- [           main] o.s.beans.CachedIntrospectionResults     : Found bean property 'applyCommonInterceptorsFirst' of type [boolean]
2023-07-21 02:45:42.177 TRACE 29880 --- [           main] o.s.beans.CachedIntrospectionResults     : Found bean property 'aspectJAdvisorFactory' of type [org.springframework.aop.aspectj.annotation.AspectJAdvisorFactory]
2023-07-21 02:45:42.177 TRACE 29880 --- [           main] o.s.beans.CachedIntrospectionResults     : Found bean property 'beanClassLoader' of type [java.lang.ClassLoader]
2023-07-21 02:45:42.177 TRACE 29880 --- [           main] o.s.beans.CachedIntrospectionResults     : Found bean property 'beanFactory' of type [org.springframework.beans.factory.BeanFactory]
2023-07-21 02:45:42.177 TRACE 29880 --- [           main] o.s.beans.CachedIntrospectionResults     : Found bean property 'class' of type [java.lang.Class]
2023-07-21 02:45:42.178 TRACE 29880 --- [           main] o.s.beans.CachedIntrospectionResults     : Found bean property 'customTargetSourceCreators' of type [[Lorg.springframework.aop.framework.autoproxy.TargetSourceCreator;]
2023-07-21 02:45:42.178 TRACE 29880 --- [           main] o.s.beans.CachedIntrospectionResults     : Found bean property 'exposeProxy' of type [boolean]
2023-07-21 02:45:42.178 TRACE 29880 --- [           main] o.s.beans.CachedIntrospectionResults     : Found bean property 'frozen' of type [boolean]
2023-07-21 02:45:42.178 TRACE 29880 --- [           main] o.s.beans.CachedIntrospectionResults     : Found bean property 'includePatterns' of type [java.util.List]
2023-07-21 02:45:42.178 TRACE 29880 --- [           main] o.s.beans.CachedIntrospectionResults     : Found bean property 'interceptorNames' of type [[Ljava.lang.String;]
2023-07-21 02:45:42.178 TRACE 29880 --- [           main] o.s.beans.CachedIntrospectionResults     : Found bean property 'opaque' of type [boolean]
2023-07-21 02:45:42.178 TRACE 29880 --- [           main] o.s.beans.CachedIntrospectionResults     : Found bean property 'optimize' of type [boolean]
2023-07-21 02:45:42.178 TRACE 29880 --- [           main] o.s.beans.CachedIntrospectionResults     : Found bean property 'order' of type [int]
2023-07-21 02:45:42.178 TRACE 29880 --- [           main] o.s.beans.CachedIntrospectionResults     : Found bean property 'proxyClassLoader' of type [java.lang.ClassLoader]
2023-07-21 02:45:42.178 TRACE 29880 --- [           main] o.s.beans.CachedIntrospectionResults     : Found bean property 'proxyTargetClass' of type [boolean]
2023-07-21 02:45:42.194 TRACE 29880 --- [           main] o.s.b.f.s.DefaultListableBeanFactory     : Finished creating instance of bean 'org.springframework.aop.config.internalAutoProxyCreator'
2023-07-21 02:45:42.194 DEBUG 29880 --- [           main] o.s.b.f.s.DefaultListableBeanFactory     : Creating shared instance of singleton bean 'methodValidationPostProcessor'
2023-07-21 02:45:42.194 TRACE 29880 --- [           main] o.s.b.f.s.DefaultListableBeanFactory     : Creating instance of bean 'methodValidationPostProcessor'
2023-07-21 02:45:42.207 TRACE 29880 --- [           main] o.s.beans.TypeConverterDelegate          : Converting String to [class java.lang.Class] using property editor [org.springframework.beans.propertyeditors.ClassEditor@64dae3b7]
2023-07-21 02:45:42.208 TRACE 29880 --- [           main] o.s.beans.TypeConverterDelegate          : Converting String to [class java.lang.Class] using property editor [org.springframework.beans.propertyeditors.ClassEditor@6d08b4e6]
2023-07-21 02:45:42.209 TRACE 29880 --- [           main] o.s.beans.TypeConverterDelegate          : Converting String to [class java.lang.Class] using property editor [org.springframework.beans.propertyeditors.ClassEditor@1acb74ad]
2023-07-21 02:45:42.209 TRACE 29880 --- [           main] o.s.beans.TypeConverterDelegate          : Converting String to [class java.lang.Class] using property editor [org.springframework.beans.propertyeditors.ClassEditor@2f382a5e]
2023-07-21 02:45:42.210 TRACE 29880 --- [           main] o.s.b.f.s.DefaultListableBeanFactory     : Returning cached instance of singleton bean 'environment'
2023-07-21 02:45:42.218 TRACE 29880 --- [           main] o.s.aop.framework.JdkDynamicAopProxy     : Creating JDK dynamic proxy: org.springframework.context.annotation.ContextAnnotationAutowireCandidateResolver$1@479b5066
2023-07-21 02:45:42.224 DEBUG 29880 --- [           main] o.s.b.f.s.DefaultListableBeanFactory     : Autowiring by type from bean name 'methodValidationPostProcessor' via factory method to bean named 'environment'
2023-07-21 02:45:42.226 DEBUG 29880 --- [           main] o.s.b.f.s.DefaultListableBeanFactory     : Creating shared instance of singleton bean 'org.springframework.boot.context.properties.EnableConfigurationPropertiesRegistrar.methodValidationExcludeFilter'
2023-07-21 02:45:42.226 TRACE 29880 --- [           main] o.s.b.f.s.DefaultListableBeanFactory     : Creating instance of bean 'org.springframework.boot.context.properties.EnableConfigurationPropertiesRegistrar.methodValidationExcludeFilter'
2023-07-21 02:45:42.227 TRACE 29880 --- [           main] o.s.b.f.s.DefaultListableBeanFactory     : Eagerly caching bean 'org.springframework.boot.context.properties.EnableConfigurationPropertiesRegistrar.methodValidationExcludeFilter' to allow for resolving potential circular references
2023-07-21 02:45:42.227 TRACE 29880 --- [           main] o.s.beans.CachedIntrospectionResults     : Getting BeanInfo for class [org.springframework.boot.validation.beanvalidation.MethodValidationExcludeFilter$$Lambda$782/0x00000008004fec40]
2023-07-21 02:45:42.231 TRACE 29880 --- [           main] o.s.beans.CachedIntrospectionResults     : Caching PropertyDescriptors for class [org.springframework.boot.validation.beanvalidation.MethodValidationExcludeFilter$$Lambda$782/0x00000008004fec40]
2023-07-21 02:45:42.231 TRACE 29880 --- [           main] o.s.beans.CachedIntrospectionResults     : Found bean property 'class' of type [java.lang.Class]
2023-07-21 02:45:42.232 TRACE 29880 --- [           main] o.s.b.f.s.DefaultListableBeanFactory     : Finished creating instance of bean 'org.springframework.boot.context.properties.EnableConfigurationPropertiesRegistrar.methodValidationExcludeFilter'
2023-07-21 02:45:42.236 TRACE 29880 --- [           main] o.s.b.f.s.DefaultListableBeanFactory     : Returning cached instance of singleton bean 'org.springframework.boot.context.properties.EnableConfigurationPropertiesRegistrar.methodValidationExcludeFilter'
2023-07-21 02:45:42.238 TRACE 29880 --- [           main] o.s.b.f.s.DefaultListableBeanFactory     : Eagerly caching bean 'methodValidationPostProcessor' to allow for resolving potential circular references
2023-07-21 02:45:42.238 TRACE 29880 --- [           main] o.s.beans.CachedIntrospectionResults     : Getting BeanInfo for class [org.springframework.boot.validation.beanvalidation.FilteredMethodValidationPostProcessor]
2023-07-21 02:45:42.245 TRACE 29880 --- [           main] o.s.beans.CachedIntrospectionResults     : Caching PropertyDescriptors for class [org.springframework.boot.validation.beanvalidation.FilteredMethodValidationPostProcessor]
2023-07-21 02:45:42.245 TRACE 29880 --- [           main] o.s.beans.CachedIntrospectionResults     : Found bean property 'beanClassLoader' of type [java.lang.ClassLoader]
2023-07-21 02:45:42.245 TRACE 29880 --- [           main] o.s.beans.CachedIntrospectionResults     : Found bean property 'beanFactory' of type [org.springframework.beans.factory.BeanFactory]
2023-07-21 02:45:42.245 TRACE 29880 --- [           main] o.s.beans.CachedIntrospectionResults     : Found bean property 'beforeExistingAdvisors' of type [boolean]
2023-07-21 02:45:42.245 TRACE 29880 --- [           main] o.s.beans.CachedIntrospectionResults     : Found bean property 'class' of type [java.lang.Class]
2023-07-21 02:45:42.246 TRACE 29880 --- [           main] o.s.beans.CachedIntrospectionResults     : Found bean property 'exposeProxy' of type [boolean]
2023-07-21 02:45:42.246 TRACE 29880 --- [           main] o.s.beans.CachedIntrospectionResults     : Found bean property 'frozen' of type [boolean]
2023-07-21 02:45:42.246 TRACE 29880 --- [           main] o.s.beans.CachedIntrospectionResults     : Found bean property 'opaque' of type [boolean]
2023-07-21 02:45:42.246 TRACE 29880 --- [           main] o.s.beans.CachedIntrospectionResults     : Found bean property 'optimize' of type [boolean]
2023-07-21 02:45:42.246 TRACE 29880 --- [           main] o.s.beans.CachedIntrospectionResults     : Found bean property 'order' of type [int]
2023-07-21 02:45:42.247 TRACE 29880 --- [           main] o.s.beans.CachedIntrospectionResults     : Found bean property 'proxyClassLoader' of type [java.lang.ClassLoader]
2023-07-21 02:45:42.247 TRACE 29880 --- [           main] o.s.beans.CachedIntrospectionResults     : Found bean property 'proxyTargetClass' of type [boolean]
2023-07-21 02:45:42.247 TRACE 29880 --- [           main] o.s.beans.CachedIntrospectionResults     : Found bean property 'validatedAnnotationType' of type [java.lang.Class]
2023-07-21 02:45:42.247 TRACE 29880 --- [           main] o.s.beans.CachedIntrospectionResults     : Found bean property 'validator' of type [javax.validation.Validator]
2023-07-21 02:45:42.247 TRACE 29880 --- [           main] o.s.beans.CachedIntrospectionResults     : Found bean property 'validatorFactory' of type [javax.validation.ValidatorFactory]
2023-07-21 02:45:42.253 TRACE 29880 --- [           main] o.s.b.f.s.DefaultListableBeanFactory     : Invoking afterPropertiesSet() on bean with name 'methodValidationPostProcessor'
2023-07-21 02:45:42.260 TRACE 29880 --- [           main] o.s.b.f.s.DefaultListableBeanFactory     : Finished creating instance of bean 'methodValidationPostProcessor'
2023-07-21 02:45:42.261 DEBUG 29880 --- [           main] o.s.b.f.s.DefaultListableBeanFactory     : Creating shared instance of singleton bean 'persistenceExceptionTranslationPostProcessor'
2023-07-21 02:45:42.261 TRACE 29880 --- [           main] o.s.b.f.s.DefaultListableBeanFactory     : Creating instance of bean 'persistenceExceptionTranslationPostProcessor'
2023-07-21 02:45:42.262 TRACE 29880 --- [           main] o.s.b.f.s.DefaultListableBeanFactory     : Returning cached instance of singleton bean 'environment'
2023-07-21 02:45:42.262 DEBUG 29880 --- [           main] o.s.b.f.s.DefaultListableBeanFactory     : Autowiring by type from bean name 'persistenceExceptionTranslationPostProcessor' via factory method to bean named 'environment'
2023-07-21 02:45:42.263 TRACE 29880 --- [           main] o.s.b.f.s.DefaultListableBeanFactory     : Eagerly caching bean 'persistenceExceptionTranslationPostProcessor' to allow for resolving potential circular references
2023-07-21 02:45:42.263 TRACE 29880 --- [           main] o.s.beans.CachedIntrospectionResults     : Getting BeanInfo for class [org.springframework.dao.annotation.PersistenceExceptionTranslationPostProcessor]
2023-07-21 02:45:42.268 TRACE 29880 --- [           main] o.s.beans.CachedIntrospectionResults     : Caching PropertyDescriptors for class [org.springframework.dao.annotation.PersistenceExceptionTranslationPostProcessor]
2023-07-21 02:45:42.268 TRACE 29880 --- [           main] o.s.beans.CachedIntrospectionResults     : Found bean property 'beanClassLoader' of type [java.lang.ClassLoader]
2023-07-21 02:45:42.268 TRACE 29880 --- [           main] o.s.beans.CachedIntrospectionResults     : Found bean property 'beanFactory' of type [org.springframework.beans.factory.BeanFactory]
2023-07-21 02:45:42.268 TRACE 29880 --- [           main] o.s.beans.CachedIntrospectionResults     : Found bean property 'beforeExistingAdvisors' of type [boolean]
2023-07-21 02:45:42.268 TRACE 29880 --- [           main] o.s.beans.CachedIntrospectionResults     : Found bean property 'class' of type [java.lang.Class]
2023-07-21 02:45:42.268 TRACE 29880 --- [           main] o.s.beans.CachedIntrospectionResults     : Found bean property 'exposeProxy' of type [boolean]
2023-07-21 02:45:42.268 TRACE 29880 --- [           main] o.s.beans.CachedIntrospectionResults     : Found bean property 'frozen' of type [boolean]
2023-07-21 02:45:42.268 TRACE 29880 --- [           main] o.s.beans.CachedIntrospectionResults     : Found bean property 'opaque' of type [boolean]
2023-07-21 02:45:42.268 TRACE 29880 --- [           main] o.s.beans.CachedIntrospectionResults     : Found bean property 'optimize' of type [boolean]
2023-07-21 02:45:42.268 TRACE 29880 --- [           main] o.s.beans.CachedIntrospectionResults     : Found bean property 'order' of type [int]
2023-07-21 02:45:42.268 TRACE 29880 --- [           main] o.s.beans.CachedIntrospectionResults     : Found bean property 'proxyClassLoader' of type [java.lang.ClassLoader]
2023-07-21 02:45:42.268 TRACE 29880 --- [           main] o.s.beans.CachedIntrospectionResults     : Found bean property 'proxyTargetClass' of type [boolean]
2023-07-21 02:45:42.268 TRACE 29880 --- [           main] o.s.beans.CachedIntrospectionResults     : Found bean property 'repositoryAnnotationType' of type [java.lang.Class]
2023-07-21 02:45:42.276 TRACE 29880 --- [           main] o.s.b.f.s.DefaultListableBeanFactory     : Finished creating instance of bean 'persistenceExceptionTranslationPostProcessor'
2023-07-21 02:45:42.276 DEBUG 29880 --- [           main] o.s.b.f.s.DefaultListableBeanFactory     : Creating shared instance of singleton bean 'webServerFactoryCustomizerBeanPostProcessor'
2023-07-21 02:45:42.276 TRACE 29880 --- [           main] o.s.b.f.s.DefaultListableBeanFactory     : Creating instance of bean 'webServerFactoryCustomizerBeanPostProcessor'
2023-07-21 02:45:42.276 TRACE 29880 --- [           main] o.s.b.f.s.DefaultListableBeanFactory     : Eagerly caching bean 'webServerFactoryCustomizerBeanPostProcessor' to allow for resolving potential circular references
2023-07-21 02:45:42.276 TRACE 29880 --- [           main] o.s.beans.CachedIntrospectionResults     : Getting BeanInfo for class [org.springframework.boot.web.server.WebServerFactoryCustomizerBeanPostProcessor]
2023-07-21 02:45:42.278 TRACE 29880 --- [           main] o.s.beans.CachedIntrospectionResults     : Caching PropertyDescriptors for class [org.springframework.boot.web.server.WebServerFactoryCustomizerBeanPostProcessor]
2023-07-21 02:45:42.278 TRACE 29880 --- [           main] o.s.beans.CachedIntrospectionResults     : Found bean property 'beanFactory' of type [org.springframework.beans.factory.BeanFactory]
2023-07-21 02:45:42.278 TRACE 29880 --- [           main] o.s.beans.CachedIntrospectionResults     : Found bean property 'class' of type [java.lang.Class]
2023-07-21 02:45:42.280 TRACE 29880 --- [           main] o.s.b.f.s.DefaultListableBeanFactory     : Finished creating instance of bean 'webServerFactoryCustomizerBeanPostProcessor'
2023-07-21 02:45:42.280 DEBUG 29880 --- [           main] o.s.b.f.s.DefaultListableBeanFactory     : Creating shared instance of singleton bean 'errorPageRegistrarBeanPostProcessor'
2023-07-21 02:45:42.280 TRACE 29880 --- [           main] o.s.b.f.s.DefaultListableBeanFactory     : Creating instance of bean 'errorPageRegistrarBeanPostProcessor'
2023-07-21 02:45:42.281 TRACE 29880 --- [           main] o.s.b.f.s.DefaultListableBeanFactory     : Eagerly caching bean 'errorPageRegistrarBeanPostProcessor' to allow for resolving potential circular references
2023-07-21 02:45:42.281 TRACE 29880 --- [           main] o.s.beans.CachedIntrospectionResults     : Getting BeanInfo for class [org.springframework.boot.web.server.ErrorPageRegistrarBeanPostProcessor]
2023-07-21 02:45:42.281 TRACE 29880 --- [           main] o.s.beans.CachedIntrospectionResults     : Caching PropertyDescriptors for class [org.springframework.boot.web.server.ErrorPageRegistrarBeanPostProcessor]
2023-07-21 02:45:42.281 TRACE 29880 --- [           main] o.s.beans.CachedIntrospectionResults     : Found bean property 'beanFactory' of type [org.springframework.beans.factory.BeanFactory]
2023-07-21 02:45:42.282 TRACE 29880 --- [           main] o.s.beans.CachedIntrospectionResults     : Found bean property 'class' of type [java.lang.Class]
2023-07-21 02:45:42.283 TRACE 29880 --- [           main] o.s.b.f.s.DefaultListableBeanFactory     : Finished creating instance of bean 'errorPageRegistrarBeanPostProcessor'
2023-07-21 02:45:42.283 DEBUG 29880 --- [           main] o.s.b.f.s.DefaultListableBeanFactory     : Creating shared instance of singleton bean 'projectingArgumentResolverBeanPostProcessor'
2023-07-21 02:45:42.284 TRACE 29880 --- [           main] o.s.b.f.s.DefaultListableBeanFactory     : Creating instance of bean 'projectingArgumentResolverBeanPostProcessor'
2023-07-21 02:45:42.285 DEBUG 29880 --- [           main] o.s.b.f.s.DefaultListableBeanFactory     : Creating shared instance of singleton bean 'metaDataSourceAdvisor'
2023-07-21 02:45:42.285 TRACE 29880 --- [           main] o.s.b.f.s.DefaultListableBeanFactory     : Creating instance of bean 'metaDataSourceAdvisor'
2023-07-21 02:45:42.285 TRACE 29880 --- [           main] a.AnnotationAwareAspectJAutoProxyCreator : Did not attempt to auto-proxy infrastructure class [org.springframework.security.access.intercept.aopalliance.MethodSecurityMetadataSourceAdvisor]
2023-07-21 02:45:42.285 DEBUG 29880 --- [           main] o.s.b.f.s.DefaultListableBeanFactory     : Creating shared instance of singleton bean 'methodSecurityMetadataSource'
2023-07-21 02:45:42.285 TRACE 29880 --- [           main] o.s.b.f.s.DefaultListableBeanFactory     : Creating instance of bean 'methodSecurityMetadataSource'
2023-07-21 02:45:42.285 TRACE 29880 --- [           main] a.AnnotationAwareAspectJAutoProxyCreator : Did not attempt to auto-proxy infrastructure class [org.springframework.security.access.method.MethodSecurityMetadataSource]
2023-07-21 02:45:42.285 DEBUG 29880 --- [           main] o.s.b.f.s.DefaultListableBeanFactory     : Creating shared instance of singleton bean 'org.springframework.security.config.annotation.method.configuration.GlobalMethodSecurityConfiguration'
2023-07-21 02:45:42.285 TRACE 29880 --- [           main] o.s.b.f.s.DefaultListableBeanFactory     : Creating instance of bean 'org.springframework.security.config.annotation.method.configuration.GlobalMethodSecurityConfiguration'
2023-07-21 02:45:42.285 TRACE 29880 --- [           main] .a.f.a.BeanFactoryAdvisorRetrievalHelper : Skipping currently created advisor 'metaDataSourceAdvisor'
2023-07-21 02:45:42.285 DEBUG 29880 --- [           main] o.s.b.f.s.DefaultListableBeanFactory     : Creating shared instance of singleton bean 'org.springframework.transaction.config.internalTransactionAdvisor'
2023-07-21 02:45:42.285 TRACE 29880 --- [           main] o.s.b.f.s.DefaultListableBeanFactory     : Creating instance of bean 'org.springframework.transaction.config.internalTransactionAdvisor'
2023-07-21 02:45:42.285 TRACE 29880 --- [           main] a.AnnotationAwareAspectJAutoProxyCreator : Did not attempt to auto-proxy infrastructure class [org.springframework.transaction.interceptor.BeanFactoryTransactionAttributeSourceAdvisor]
2023-07-21 02:45:42.286 DEBUG 29880 --- [           main] o.s.b.f.s.DefaultListableBeanFactory     : Creating shared instance of singleton bean 'org.springframework.transaction.annotation.ProxyTransactionManagementConfiguration'
2023-07-21 02:45:42.286 TRACE 29880 --- [           main] o.s.b.f.s.DefaultListableBeanFactory     : Creating instance of bean 'org.springframework.transaction.annotation.ProxyTransactionManagementConfiguration'
2023-07-21 02:45:42.286 TRACE 29880 --- [           main] .a.f.a.BeanFactoryAdvisorRetrievalHelper : Skipping currently created advisor 'metaDataSourceAdvisor'
2023-07-21 02:45:42.286 TRACE 29880 --- [           main] .a.f.a.BeanFactoryAdvisorRetrievalHelper : Skipping currently created advisor 'org.springframework.transaction.config.internalTransactionAdvisor'
2023-07-21 02:45:42.291 TRACE 29880 --- [           main] o.s.beans.CachedIntrospectionResults     : Getting BeanInfo for class [org.springframework.transaction.annotation.ProxyTransactionManagementConfiguration]
2023-07-21 02:45:42.294 TRACE 29880 --- [           main] o.s.beans.CachedIntrospectionResults     : Caching PropertyDescriptors for class [org.springframework.transaction.annotation.ProxyTransactionManagementConfiguration]
2023-07-21 02:45:42.294 TRACE 29880 --- [           main] o.s.beans.CachedIntrospectionResults     : Found bean property 'class' of type [java.lang.Class]
2023-07-21 02:45:42.294 TRACE 29880 --- [           main] o.s.beans.CachedIntrospectionResults     : Found bean property 'importMetadata' of type [org.springframework.core.type.AnnotationMetadata]
2023-07-21 02:45:42.297 TRACE 29880 --- [           main] o.s.b.f.s.DefaultListableBeanFactory     : Eagerly caching bean 'org.springframework.transaction.annotation.ProxyTransactionManagementConfiguration' to allow for resolving potential circular references
2023-07-21 02:45:42.299 TRACE 29880 --- [           main] o.s.b.f.s.DefaultListableBeanFactory     : Returning cached instance of singleton bean 'org.springframework.context.annotation.ConfigurationClassPostProcessor.importRegistry'
2023-07-21 02:45:42.300 TRACE 29880 --- [           main] .a.f.a.BeanFactoryAdvisorRetrievalHelper : Skipping currently created advisor 'metaDataSourceAdvisor'
2023-07-21 02:45:42.300 TRACE 29880 --- [           main] .a.f.a.BeanFactoryAdvisorRetrievalHelper : Skipping currently created advisor 'org.springframework.transaction.config.internalTransactionAdvisor'
2023-07-21 02:45:42.300 TRACE 29880 --- [           main] .a.f.a.BeanFactoryAdvisorRetrievalHelper : Skipping currently created advisor 'metaDataSourceAdvisor'
2023-07-21 02:45:42.300 TRACE 29880 --- [           main] .a.f.a.BeanFactoryAdvisorRetrievalHelper : Skipping currently created advisor 'org.springframework.transaction.config.internalTransactionAdvisor'
2023-07-21 02:45:42.301 TRACE 29880 --- [           main] o.s.b.f.s.DefaultListableBeanFactory     : Finished creating instance of bean 'org.springframework.transaction.annotation.ProxyTransactionManagementConfiguration'
2023-07-21 02:45:42.302 DEBUG 29880 --- [           main] o.s.b.f.s.DefaultListableBeanFactory     : Creating shared instance of singleton bean 'transactionAttributeSource'
2023-07-21 02:45:42.302 TRACE 29880 --- [           main] o.s.b.f.s.DefaultListableBeanFactory     : Creating instance of bean 'transactionAttributeSource'
2023-07-21 02:45:42.302 TRACE 29880 --- [           main] .a.f.a.BeanFactoryAdvisorRetrievalHelper : Skipping currently created advisor 'metaDataSourceAdvisor'
2023-07-21 02:45:42.302 TRACE 29880 --- [           main] .a.f.a.BeanFactoryAdvisorRetrievalHelper : Skipping currently created advisor 'org.springframework.transaction.config.internalTransactionAdvisor'
2023-07-21 02:45:42.302 TRACE 29880 --- [           main] o.s.b.f.s.DefaultListableBeanFactory     : Returning cached instance of singleton bean 'org.springframework.transaction.annotation.ProxyTransactionManagementConfiguration'
2023-07-21 02:45:42.303 TRACE 29880 --- [           main] o.s.b.f.s.DefaultListableBeanFactory     : Eagerly caching bean 'transactionAttributeSource' to allow for resolving potential circular references
2023-07-21 02:45:42.303 TRACE 29880 --- [           main] o.s.beans.CachedIntrospectionResults     : Getting BeanInfo for class [org.springframework.transaction.annotation.AnnotationTransactionAttributeSource]
2023-07-21 02:45:42.306 TRACE 29880 --- [           main] o.s.beans.CachedIntrospectionResults     : Caching PropertyDescriptors for class [org.springframework.transaction.annotation.AnnotationTransactionAttributeSource]
2023-07-21 02:45:42.307 TRACE 29880 --- [           main] o.s.beans.CachedIntrospectionResults     : Found bean property 'class' of type [java.lang.Class]
2023-07-21 02:45:42.307 TRACE 29880 --- [           main] o.s.beans.CachedIntrospectionResults     : Found bean property 'embeddedValueResolver' of type [org.springframework.util.StringValueResolver]
2023-07-21 02:45:42.309 TRACE 29880 --- [           main] .a.f.a.BeanFactoryAdvisorRetrievalHelper : Skipping currently created advisor 'metaDataSourceAdvisor'
2023-07-21 02:45:42.309 TRACE 29880 --- [           main] .a.f.a.BeanFactoryAdvisorRetrievalHelper : Skipping currently created advisor 'org.springframework.transaction.config.internalTransactionAdvisor'
2023-07-21 02:45:42.309 TRACE 29880 --- [           main] .a.f.a.BeanFactoryAdvisorRetrievalHelper : Skipping currently created advisor 'metaDataSourceAdvisor'
2023-07-21 02:45:42.309 TRACE 29880 --- [           main] .a.f.a.BeanFactoryAdvisorRetrievalHelper : Skipping currently created advisor 'org.springframework.transaction.config.internalTransactionAdvisor'
2023-07-21 02:45:42.309 TRACE 29880 --- [           main] o.s.b.f.s.DefaultListableBeanFactory     : Finished creating instance of bean 'transactionAttributeSource'
2023-07-21 02:45:42.310 DEBUG 29880 --- [           main] o.s.b.f.s.DefaultListableBeanFactory     : Creating shared instance of singleton bean 'transactionInterceptor'
2023-07-21 02:45:42.310 TRACE 29880 --- [           main] o.s.b.f.s.DefaultListableBeanFactory     : Creating instance of bean 'transactionInterceptor'
2023-07-21 02:45:42.310 TRACE 29880 --- [           main] a.AnnotationAwareAspectJAutoProxyCreator : Did not attempt to auto-proxy infrastructure class [org.springframework.transaction.interceptor.TransactionInterceptor]
2023-07-21 02:45:42.310 TRACE 29880 --- [           main] o.s.b.f.s.DefaultListableBeanFactory     : Returning cached instance of singleton bean 'org.springframework.transaction.annotation.ProxyTransactionManagementConfiguration'
2023-07-21 02:45:42.310 TRACE 29880 --- [           main] o.s.b.f.s.DefaultListableBeanFactory     : Returning cached instance of singleton bean 'transactionAttributeSource'
2023-07-21 02:45:42.310 DEBUG 29880 --- [           main] o.s.b.f.s.DefaultListableBeanFactory     : Autowiring by type from bean name 'transactionInterceptor' via factory method to bean named 'transactionAttributeSource'
2023-07-21 02:45:42.318 TRACE 29880 --- [           main] o.s.b.f.s.DefaultListableBeanFactory     : Eagerly caching bean 'transactionInterceptor' to allow for resolving potential circular references
2023-07-21 02:45:42.318 TRACE 29880 --- [           main] o.s.beans.CachedIntrospectionResults     : Getting BeanInfo for class [org.springframework.transaction.interceptor.TransactionInterceptor]
2023-07-21 02:45:42.319 TRACE 29880 --- [           main] o.s.beans.CachedIntrospectionResults     : Caching PropertyDescriptors for class [org.springframework.transaction.interceptor.TransactionInterceptor]
2023-07-21 02:45:42.319 TRACE 29880 --- [           main] o.s.beans.CachedIntrospectionResults     : Found bean property 'beanFactory' of type [org.springframework.beans.factory.BeanFactory]
2023-07-21 02:45:42.319 TRACE 29880 --- [           main] o.s.beans.CachedIntrospectionResults     : Found bean property 'class' of type [java.lang.Class]
2023-07-21 02:45:42.319 TRACE 29880 --- [           main] o.s.beans.CachedIntrospectionResults     : Found bean property 'transactionAttributeSource' of type [org.springframework.transaction.interceptor.TransactionAttributeSource]
2023-07-21 02:45:42.320 TRACE 29880 --- [           main] o.s.beans.CachedIntrospectionResults     : Found bean property 'transactionAttributeSources' of type [[Lorg.springframework.transaction.interceptor.TransactionAttributeSource;]
2023-07-21 02:45:42.320 TRACE 29880 --- [           main] o.s.beans.CachedIntrospectionResults     : Found bean property 'transactionAttributes' of type [java.util.Properties]
2023-07-21 02:45:42.320 TRACE 29880 --- [           main] o.s.beans.CachedIntrospectionResults     : Found bean property 'transactionManager' of type [org.springframework.transaction.TransactionManager]
2023-07-21 02:45:42.320 TRACE 29880 --- [           main] o.s.beans.CachedIntrospectionResults     : Found bean property 'transactionManagerBeanName' of type [java.lang.String]
2023-07-21 02:45:42.323 TRACE 29880 --- [           main] o.s.b.f.s.DefaultListableBeanFactory     : Invoking afterPropertiesSet() on bean with name 'transactionInterceptor'
2023-07-21 02:45:42.324 TRACE 29880 --- [           main] o.s.b.f.s.DefaultListableBeanFactory     : Finished creating instance of bean 'transactionInterceptor'
2023-07-21 02:45:42.324 DEBUG 29880 --- [           main] o.s.b.f.s.DefaultListableBeanFactory     : Autowiring by type from bean name 'org.springframework.transaction.config.internalTransactionAdvisor' via factory method to bean named 'transactionAttributeSource'
2023-07-21 02:45:42.324 DEBUG 29880 --- [           main] o.s.b.f.s.DefaultListableBeanFactory     : Autowiring by type from bean name 'org.springframework.transaction.config.internalTransactionAdvisor' via factory method to bean named 'transactionInterceptor'
2023-07-21 02:45:42.326 TRACE 29880 --- [           main] o.s.b.f.s.DefaultListableBeanFactory     : Eagerly caching bean 'org.springframework.transaction.config.internalTransactionAdvisor' to allow for resolving potential circular references
2023-07-21 02:45:42.327 TRACE 29880 --- [           main] o.s.beans.CachedIntrospectionResults     : Getting BeanInfo for class [org.springframework.transaction.interceptor.BeanFactoryTransactionAttributeSourceAdvisor]
2023-07-21 02:45:42.330 TRACE 29880 --- [           main] o.s.beans.CachedIntrospectionResults     : Caching PropertyDescriptors for class [org.springframework.transaction.interceptor.BeanFactoryTransactionAttributeSourceAdvisor]
2023-07-21 02:45:42.330 TRACE 29880 --- [           main] o.s.beans.CachedIntrospectionResults     : Found bean property 'advice' of type [org.aopalliance.aop.Advice]
2023-07-21 02:45:42.330 TRACE 29880 --- [           main] o.s.beans.CachedIntrospectionResults     : Found bean property 'adviceBeanName' of type [java.lang.String]
2023-07-21 02:45:42.330 TRACE 29880 --- [           main] o.s.beans.CachedIntrospectionResults     : Found bean property 'beanFactory' of type [org.springframework.beans.factory.BeanFactory]
2023-07-21 02:45:42.330 TRACE 29880 --- [           main] o.s.beans.CachedIntrospectionResults     : Found bean property 'class' of type [java.lang.Class]
2023-07-21 02:45:42.330 TRACE 29880 --- [           main] o.s.beans.CachedIntrospectionResults     : Found bean property 'classFilter' of type [org.springframework.aop.ClassFilter]
2023-07-21 02:45:42.330 TRACE 29880 --- [           main] o.s.beans.CachedIntrospectionResults     : Found bean property 'order' of type [int]
2023-07-21 02:45:42.331 TRACE 29880 --- [           main] o.s.beans.CachedIntrospectionResults     : Found bean property 'perInstance' of type [boolean]
2023-07-21 02:45:42.331 TRACE 29880 --- [           main] o.s.beans.CachedIntrospectionResults     : Found bean property 'pointcut' of type [org.springframework.aop.Pointcut]
2023-07-21 02:45:42.331 TRACE 29880 --- [           main] o.s.beans.CachedIntrospectionResults     : Found bean property 'transactionAttributeSource' of type [org.springframework.transaction.interceptor.TransactionAttributeSource]
2023-07-21 02:45:42.334 TRACE 29880 --- [           main] o.s.b.f.s.DefaultListableBeanFactory     : Finished creating instance of bean 'org.springframework.transaction.config.internalTransactionAdvisor'
2023-07-21 02:45:42.341 TRACE 29880 --- [           main] o.s.beans.CachedIntrospectionResults     : Getting BeanInfo for class [org.springframework.security.config.annotation.method.configuration.GlobalMethodSecurityConfiguration]
2023-07-21 02:45:42.343 TRACE 29880 --- [           main] o.s.beans.CachedIntrospectionResults     : Caching PropertyDescriptors for class [org.springframework.security.config.annotation.method.configuration.GlobalMethodSecurityConfiguration]
2023-07-21 02:45:42.343 TRACE 29880 --- [           main] o.s.beans.CachedIntrospectionResults     : Found bean property 'beanFactory' of type [org.springframework.beans.factory.BeanFactory]
2023-07-21 02:45:42.344 TRACE 29880 --- [           main] o.s.beans.CachedIntrospectionResults     : Found bean property 'class' of type [java.lang.Class]
2023-07-21 02:45:42.344 TRACE 29880 --- [           main] o.s.beans.CachedIntrospectionResults     : Found bean property 'importMetadata' of type [org.springframework.core.type.AnnotationMetadata]
2023-07-21 02:45:42.344 TRACE 29880 --- [           main] o.s.beans.CachedIntrospectionResults     : Found bean property 'methodSecurityExpressionHandler' of type [java.util.List]
2023-07-21 02:45:42.344 TRACE 29880 --- [           main] o.s.beans.CachedIntrospectionResults     : Found bean property 'objectPostProcessor' of type [org.springframework.security.config.annotation.ObjectPostProcessor]
2023-07-21 02:45:42.347 TRACE 29880 --- [           main] o.s.b.f.s.DefaultListableBeanFactory     : Eagerly caching bean 'org.springframework.security.config.annotation.method.configuration.GlobalMethodSecurityConfiguration' to allow for resolving potential circular references
2023-07-21 02:45:42.349 DEBUG 29880 --- [           main] o.s.b.f.s.DefaultListableBeanFactory     : Creating shared instance of singleton bean 'objectPostProcessor'
2023-07-21 02:45:42.350 TRACE 29880 --- [           main] o.s.b.f.s.DefaultListableBeanFactory     : Creating instance of bean 'objectPostProcessor'
2023-07-21 02:45:42.350 TRACE 29880 --- [           main] .a.f.a.BeanFactoryAdvisorRetrievalHelper : Skipping currently created advisor 'metaDataSourceAdvisor'
2023-07-21 02:45:42.350 TRACE 29880 --- [           main] o.s.b.f.s.DefaultListableBeanFactory     : Returning cached instance of singleton bean 'org.springframework.transaction.config.internalTransactionAdvisor'
2023-07-21 02:45:42.350 DEBUG 29880 --- [           main] o.s.b.f.s.DefaultListableBeanFactory     : Creating shared instance of singleton bean 'org.springframework.security.config.annotation.configuration.ObjectPostProcessorConfiguration'
2023-07-21 02:45:42.350 TRACE 29880 --- [           main] o.s.b.f.s.DefaultListableBeanFactory     : Creating instance of bean 'org.springframework.security.config.annotation.configuration.ObjectPostProcessorConfiguration'
2023-07-21 02:45:42.350 TRACE 29880 --- [           main] .a.f.a.BeanFactoryAdvisorRetrievalHelper : Skipping currently created advisor 'metaDataSourceAdvisor'
2023-07-21 02:45:42.350 TRACE 29880 --- [           main] o.s.b.f.s.DefaultListableBeanFactory     : Returning cached instance of singleton bean 'org.springframework.transaction.config.internalTransactionAdvisor'
2023-07-21 02:45:42.350 TRACE 29880 --- [           main] o.s.b.f.s.DefaultListableBeanFactory     : Eagerly caching bean 'org.springframework.security.config.annotation.configuration.ObjectPostProcessorConfiguration' to allow for resolving potential circular references
2023-07-21 02:45:42.350 TRACE 29880 --- [           main] o.s.beans.CachedIntrospectionResults     : Getting BeanInfo for class [org.springframework.security.config.annotation.configuration.ObjectPostProcessorConfiguration]
2023-07-21 02:45:42.351 TRACE 29880 --- [           main] o.s.beans.CachedIntrospectionResults     : Caching PropertyDescriptors for class [org.springframework.security.config.annotation.configuration.ObjectPostProcessorConfiguration]
2023-07-21 02:45:42.351 TRACE 29880 --- [           main] o.s.beans.CachedIntrospectionResults     : Found bean property 'class' of type [java.lang.Class]
2023-07-21 02:45:42.351 TRACE 29880 --- [           main] .a.f.a.BeanFactoryAdvisorRetrievalHelper : Skipping currently created advisor 'metaDataSourceAdvisor'
2023-07-21 02:45:42.351 TRACE 29880 --- [           main] o.s.b.f.s.DefaultListableBeanFactory     : Returning cached instance of singleton bean 'org.springframework.transaction.config.internalTransactionAdvisor'
2023-07-21 02:45:42.351 TRACE 29880 --- [           main] .a.f.a.BeanFactoryAdvisorRetrievalHelper : Skipping currently created advisor 'metaDataSourceAdvisor'
2023-07-21 02:45:42.351 TRACE 29880 --- [           main] o.s.b.f.s.DefaultListableBeanFactory     : Returning cached instance of singleton bean 'org.springframework.transaction.config.internalTransactionAdvisor'
2023-07-21 02:45:42.352 TRACE 29880 --- [           main] o.s.b.f.s.DefaultListableBeanFactory     : Finished creating instance of bean 'org.springframework.security.config.annotation.configuration.ObjectPostProcessorConfiguration'
2023-07-21 02:45:42.354 DEBUG 29880 --- [           main] o.s.b.f.s.DefaultListableBeanFactory     : Autowiring by type from bean name 'objectPostProcessor' via factory method to bean named 'org.springframework.beans.factory.support.DefaultListableBeanFactory@732bb66d'
2023-07-21 02:45:42.355 TRACE 29880 --- [           main] o.s.b.f.s.DefaultListableBeanFactory     : Eagerly caching bean 'objectPostProcessor' to allow for resolving potential circular references
2023-07-21 02:45:42.355 TRACE 29880 --- [           main] o.s.beans.CachedIntrospectionResults     : Getting BeanInfo for class [org.springframework.security.config.annotation.configuration.AutowireBeanFactoryObjectPostProcessor]
2023-07-21 02:45:42.362 TRACE 29880 --- [           main] o.s.beans.CachedIntrospectionResults     : Caching PropertyDescriptors for class [org.springframework.security.config.annotation.configuration.AutowireBeanFactoryObjectPostProcessor]
2023-07-21 02:45:42.362 TRACE 29880 --- [           main] o.s.beans.CachedIntrospectionResults     : Found bean property 'class' of type [java.lang.Class]
2023-07-21 02:45:42.364 TRACE 29880 --- [           main] .a.f.a.BeanFactoryAdvisorRetrievalHelper : Skipping currently created advisor 'metaDataSourceAdvisor'
2023-07-21 02:45:42.364 TRACE 29880 --- [           main] o.s.b.f.s.DefaultListableBeanFactory     : Returning cached instance of singleton bean 'org.springframework.transaction.config.internalTransactionAdvisor'
2023-07-21 02:45:42.364 TRACE 29880 --- [           main] .a.f.a.BeanFactoryAdvisorRetrievalHelper : Skipping currently created advisor 'metaDataSourceAdvisor'
2023-07-21 02:45:42.364 TRACE 29880 --- [           main] o.s.b.f.s.DefaultListableBeanFactory     : Returning cached instance of singleton bean 'org.springframework.transaction.config.internalTransactionAdvisor'
2023-07-21 02:45:42.365 TRACE 29880 --- [           main] o.s.b.f.s.DefaultListableBeanFactory     : Finished creating instance of bean 'objectPostProcessor'
2023-07-21 02:45:42.365 TRACE 29880 --- [           main] f.a.AutowiredAnnotationBeanPostProcessor : Autowiring by type from bean name 'org.springframework.security.config.annotation.method.configuration.GlobalMethodSecurityConfiguration' to bean named 'objectPostProcessor'
2023-07-21 02:45:42.366 TRACE 29880 --- [           main] o.s.b.f.s.DefaultListableBeanFactory     : Returning cached instance of singleton bean 'org.springframework.context.annotation.ConfigurationClassPostProcessor.importRegistry'
2023-07-21 02:45:42.366 TRACE 29880 --- [           main] .a.f.a.BeanFactoryAdvisorRetrievalHelper : Skipping currently created advisor 'metaDataSourceAdvisor'
2023-07-21 02:45:42.366 TRACE 29880 --- [           main] o.s.b.f.s.DefaultListableBeanFactory     : Returning cached instance of singleton bean 'org.springframework.transaction.config.internalTransactionAdvisor'
2023-07-21 02:45:42.366 TRACE 29880 --- [           main] .a.f.a.BeanFactoryAdvisorRetrievalHelper : Skipping currently created advisor 'metaDataSourceAdvisor'
2023-07-21 02:45:42.366 TRACE 29880 --- [           main] o.s.b.f.s.DefaultListableBeanFactory     : Returning cached instance of singleton bean 'org.springframework.transaction.config.internalTransactionAdvisor'
2023-07-21 02:45:42.367 TRACE 29880 --- [           main] o.s.b.f.s.DefaultListableBeanFactory     : Finished creating instance of bean 'org.springframework.security.config.annotation.method.configuration.GlobalMethodSecurityConfiguration'
2023-07-21 02:45:42.372 DEBUG 29880 --- [           main] o.s.b.f.s.DefaultListableBeanFactory     : Creating shared instance of singleton bean 'jsr250MethodSecurityMetadataSource'
2023-07-21 02:45:42.372 TRACE 29880 --- [           main] o.s.b.f.s.DefaultListableBeanFactory     : Creating instance of bean 'jsr250MethodSecurityMetadataSource'
2023-07-21 02:45:42.372 TRACE 29880 --- [           main] a.AnnotationAwareAspectJAutoProxyCreator : Did not attempt to auto-proxy infrastructure class [org.springframework.security.access.annotation.Jsr250MethodSecurityMetadataSource]
2023-07-21 02:45:42.372 DEBUG 29880 --- [           main] o.s.b.f.s.DefaultListableBeanFactory     : Creating shared instance of singleton bean 'org.springframework.security.config.annotation.method.configuration.Jsr250MetadataSourceConfiguration'
2023-07-21 02:45:42.372 TRACE 29880 --- [           main] o.s.b.f.s.DefaultListableBeanFactory     : Creating instance of bean 'org.springframework.security.config.annotation.method.configuration.Jsr250MetadataSourceConfiguration'
2023-07-21 02:45:42.372 TRACE 29880 --- [           main] .a.f.a.BeanFactoryAdvisorRetrievalHelper : Skipping currently created advisor 'metaDataSourceAdvisor'
2023-07-21 02:45:42.372 TRACE 29880 --- [           main] o.s.b.f.s.DefaultListableBeanFactory     : Returning cached instance of singleton bean 'org.springframework.transaction.config.internalTransactionAdvisor'
2023-07-21 02:45:42.373 TRACE 29880 --- [           main] o.s.b.f.s.DefaultListableBeanFactory     : Eagerly caching bean 'org.springframework.security.config.annotation.method.configuration.Jsr250MetadataSourceConfiguration' to allow for resolving potential circular references
2023-07-21 02:45:42.373 TRACE 29880 --- [           main] o.s.beans.CachedIntrospectionResults     : Getting BeanInfo for class [org.springframework.security.config.annotation.method.configuration.Jsr250MetadataSourceConfiguration]
2023-07-21 02:45:42.374 TRACE 29880 --- [           main] o.s.beans.CachedIntrospectionResults     : Caching PropertyDescriptors for class [org.springframework.security.config.annotation.method.configuration.Jsr250MetadataSourceConfiguration]
2023-07-21 02:45:42.374 TRACE 29880 --- [           main] o.s.beans.CachedIntrospectionResults     : Found bean property 'class' of type [java.lang.Class]
2023-07-21 02:45:42.374 TRACE 29880 --- [           main] .a.f.a.BeanFactoryAdvisorRetrievalHelper : Skipping currently created advisor 'metaDataSourceAdvisor'
2023-07-21 02:45:42.374 TRACE 29880 --- [           main] o.s.b.f.s.DefaultListableBeanFactory     : Returning cached instance of singleton bean 'org.springframework.transaction.config.internalTransactionAdvisor'
2023-07-21 02:45:42.375 TRACE 29880 --- [           main] .a.f.a.BeanFactoryAdvisorRetrievalHelper : Skipping currently created advisor 'metaDataSourceAdvisor'
2023-07-21 02:45:42.375 TRACE 29880 --- [           main] o.s.b.f.s.DefaultListableBeanFactory     : Returning cached instance of singleton bean 'org.springframework.transaction.config.internalTransactionAdvisor'
2023-07-21 02:45:42.375 TRACE 29880 --- [           main] o.s.b.f.s.DefaultListableBeanFactory     : Finished creating instance of bean 'org.springframework.security.config.annotation.method.configuration.Jsr250MetadataSourceConfiguration'
2023-07-21 02:45:42.375 TRACE 29880 --- [           main] o.s.b.f.s.DefaultListableBeanFactory     : Eagerly caching bean 'jsr250MethodSecurityMetadataSource' to allow for resolving potential circular references
2023-07-21 02:45:42.375 TRACE 29880 --- [           main] o.s.beans.CachedIntrospectionResults     : Getting BeanInfo for class [org.springframework.security.access.annotation.Jsr250MethodSecurityMetadataSource]
2023-07-21 02:45:42.378 TRACE 29880 --- [           main] o.s.beans.CachedIntrospectionResults     : Caching PropertyDescriptors for class [org.springframework.security.access.annotation.Jsr250MethodSecurityMetadataSource]
2023-07-21 02:45:42.378 TRACE 29880 --- [           main] o.s.beans.CachedIntrospectionResults     : Found bean property 'allConfigAttributes' of type [java.util.Collection]
2023-07-21 02:45:42.378 TRACE 29880 --- [           main] o.s.beans.CachedIntrospectionResults     : Found bean property 'class' of type [java.lang.Class]
2023-07-21 02:45:42.378 TRACE 29880 --- [           main] o.s.beans.CachedIntrospectionResults     : Found bean property 'defaultRolePrefix' of type [java.lang.String]
2023-07-21 02:45:42.379 TRACE 29880 --- [           main] o.s.b.f.s.DefaultListableBeanFactory     : Finished creating instance of bean 'jsr250MethodSecurityMetadataSource'
2023-07-21 02:45:42.381 TRACE 29880 --- [           main] o.s.b.f.s.DefaultListableBeanFactory     : Eagerly caching bean 'methodSecurityMetadataSource' to allow for resolving potential circular references
2023-07-21 02:45:42.381 TRACE 29880 --- [           main] o.s.beans.CachedIntrospectionResults     : Getting BeanInfo for class [org.springframework.security.access.method.DelegatingMethodSecurityMetadataSource]
2023-07-21 02:45:42.383 TRACE 29880 --- [           main] o.s.beans.CachedIntrospectionResults     : Caching PropertyDescriptors for class [org.springframework.security.access.method.DelegatingMethodSecurityMetadataSource]
2023-07-21 02:45:42.383 TRACE 29880 --- [           main] o.s.beans.CachedIntrospectionResults     : Found bean property 'allConfigAttributes' of type [java.util.Collection]
2023-07-21 02:45:42.383 TRACE 29880 --- [           main] o.s.beans.CachedIntrospectionResults     : Found bean property 'class' of type [java.lang.Class]
2023-07-21 02:45:42.383 TRACE 29880 --- [           main] o.s.beans.CachedIntrospectionResults     : Found bean property 'methodSecurityMetadataSources' of type [java.util.List]
2023-07-21 02:45:42.385 TRACE 29880 --- [           main] o.s.b.f.s.DefaultListableBeanFactory     : Finished creating instance of bean 'methodSecurityMetadataSource'
2023-07-21 02:45:42.386 TRACE 29880 --- [           main] o.s.b.f.s.DefaultListableBeanFactory     : Eagerly caching bean 'metaDataSourceAdvisor' to allow for resolving potential circular references
2023-07-21 02:45:42.386 TRACE 29880 --- [           main] o.s.beans.CachedIntrospectionResults     : Getting BeanInfo for class [org.springframework.security.access.intercept.aopalliance.MethodSecurityMetadataSourceAdvisor]
2023-07-21 02:45:42.388 TRACE 29880 --- [           main] o.s.beans.CachedIntrospectionResults     : Caching PropertyDescriptors for class [org.springframework.security.access.intercept.aopalliance.MethodSecurityMetadataSourceAdvisor]
2023-07-21 02:45:42.388 TRACE 29880 --- [           main] o.s.beans.CachedIntrospectionResults     : Found bean property 'advice' of type [org.aopalliance.aop.Advice]
2023-07-21 02:45:42.388 TRACE 29880 --- [           main] o.s.beans.CachedIntrospectionResults     : Found bean property 'beanFactory' of type [org.springframework.beans.factory.BeanFactory]
2023-07-21 02:45:42.388 TRACE 29880 --- [           main] o.s.beans.CachedIntrospectionResults     : Found bean property 'class' of type [java.lang.Class]
2023-07-21 02:45:42.388 TRACE 29880 --- [           main] o.s.beans.CachedIntrospectionResults     : Found bean property 'order' of type [int]
2023-07-21 02:45:42.388 TRACE 29880 --- [           main] o.s.beans.CachedIntrospectionResults     : Found bean property 'perInstance' of type [boolean]
2023-07-21 02:45:42.388 TRACE 29880 --- [           main] o.s.beans.CachedIntrospectionResults     : Found bean property 'pointcut' of type [org.springframework.aop.Pointcut]
2023-07-21 02:45:42.392 TRACE 29880 --- [           main] o.s.b.f.s.DefaultListableBeanFactory     : Finished creating instance of bean 'metaDataSourceAdvisor'
2023-07-21 02:45:42.392 TRACE 29880 --- [           main] o.s.b.f.s.DefaultListableBeanFactory     : Returning cached instance of singleton bean 'org.springframework.transaction.config.internalTransactionAdvisor'
2023-07-21 02:45:42.414 TRACE 29880 --- [           main] o.s.b.f.s.DefaultListableBeanFactory     : Eagerly caching bean 'projectingArgumentResolverBeanPostProcessor' to allow for resolving potential circular references
2023-07-21 02:45:42.414 TRACE 29880 --- [           main] o.s.beans.CachedIntrospectionResults     : Getting BeanInfo for class [org.springframework.data.web.config.ProjectingArgumentResolverRegistrar$ProjectingArgumentResolverBeanPostProcessor]
2023-07-21 02:45:42.416 TRACE 29880 --- [           main] o.s.beans.CachedIntrospectionResults     : Caching PropertyDescriptors for class [org.springframework.data.web.config.ProjectingArgumentResolverRegistrar$ProjectingArgumentResolverBeanPostProcessor]
2023-07-21 02:45:42.416 TRACE 29880 --- [           main] o.s.beans.CachedIntrospectionResults     : Found bean property 'beanClassLoader' of type [java.lang.ClassLoader]
2023-07-21 02:45:42.416 TRACE 29880 --- [           main] o.s.beans.CachedIntrospectionResults     : Found bean property 'beanFactory' of type [org.springframework.beans.factory.BeanFactory]
2023-07-21 02:45:42.416 TRACE 29880 --- [           main] o.s.beans.CachedIntrospectionResults     : Found bean property 'class' of type [java.lang.Class]
2023-07-21 02:45:42.419 TRACE 29880 --- [           main] o.s.b.f.s.DefaultListableBeanFactory     : Returning cached instance of singleton bean 'metaDataSourceAdvisor'
2023-07-21 02:45:42.419 TRACE 29880 --- [           main] o.s.b.f.s.DefaultListableBeanFactory     : Returning cached instance of singleton bean 'org.springframework.transaction.config.internalTransactionAdvisor'
2023-07-21 02:45:42.419 TRACE 29880 --- [           main] o.s.b.f.s.DefaultListableBeanFactory     : Returning cached instance of singleton bean 'metaDataSourceAdvisor'
2023-07-21 02:45:42.419 TRACE 29880 --- [           main] o.s.b.f.s.DefaultListableBeanFactory     : Returning cached instance of singleton bean 'org.springframework.transaction.config.internalTransactionAdvisor'
2023-07-21 02:45:42.424 TRACE 29880 --- [           main] o.s.b.f.s.DefaultListableBeanFactory     : Finished creating instance of bean 'projectingArgumentResolverBeanPostProcessor'
2023-07-21 02:45:42.424 TRACE 29880 --- [           main] o.s.b.f.s.DefaultListableBeanFactory     : Returning cached instance of singleton bean 'org.springframework.boot.test.autoconfigure.properties.PropertyMappingContextCustomizer$PropertyMappingCheckBeanPostProcessor'
2023-07-21 02:45:42.424 DEBUG 29880 --- [           main] o.s.b.f.s.DefaultListableBeanFactory     : Creating shared instance of singleton bean 'messageSource'
2023-07-21 02:45:42.424 TRACE 29880 --- [           main] o.s.b.f.s.DefaultListableBeanFactory     : Creating instance of bean 'messageSource'
2023-07-21 02:45:42.424 TRACE 29880 --- [           main] o.s.b.f.s.DefaultListableBeanFactory     : Returning cached instance of singleton bean 'metaDataSourceAdvisor'
2023-07-21 02:45:42.424 TRACE 29880 --- [           main] o.s.b.f.s.DefaultListableBeanFactory     : Returning cached instance of singleton bean 'org.springframework.transaction.config.internalTransactionAdvisor'
2023-07-21 02:45:42.425 DEBUG 29880 --- [           main] o.s.b.f.s.DefaultListableBeanFactory     : Creating shared instance of singleton bean 'webConfig'
2023-07-21 02:45:42.425 TRACE 29880 --- [           main] o.s.b.f.s.DefaultListableBeanFactory     : Creating instance of bean 'webConfig'
2023-07-21 02:45:42.425 TRACE 29880 --- [           main] o.s.b.f.s.DefaultListableBeanFactory     : Returning cached instance of singleton bean 'metaDataSourceAdvisor'
2023-07-21 02:45:42.425 TRACE 29880 --- [           main] o.s.b.f.s.DefaultListableBeanFactory     : Returning cached instance of singleton bean 'org.springframework.transaction.config.internalTransactionAdvisor'
2023-07-21 02:45:42.426 TRACE 29880 --- [           main] o.s.b.f.s.DefaultListableBeanFactory     : Eagerly caching bean 'webConfig' to allow for resolving potential circular references
2023-07-21 02:45:42.426 TRACE 29880 --- [           main] o.s.beans.CachedIntrospectionResults     : Getting BeanInfo for class [com.camping.camp.Configuration.WebConfig$$EnhancerBySpringCGLIB$$57d6316c]
2023-07-21 02:45:42.427 TRACE 29880 --- [           main] o.s.beans.CachedIntrospectionResults     : Caching PropertyDescriptors for class [com.camping.camp.Configuration.WebConfig$$EnhancerBySpringCGLIB$$57d6316c]
2023-07-21 02:45:42.428 TRACE 29880 --- [           main] o.s.beans.CachedIntrospectionResults     : Found bean property 'beanFactory' of type [org.springframework.beans.factory.BeanFactory]
2023-07-21 02:45:42.428 TRACE 29880 --- [           main] o.s.beans.CachedIntrospectionResults     : Found bean property 'class' of type [java.lang.Class]
2023-07-21 02:45:42.428 TRACE 29880 --- [           main] o.s.beans.CachedIntrospectionResults     : Found bean property 'validator' of type [org.springframework.validation.Validator]
2023-07-21 02:45:42.432 TRACE 29880 --- [           main] o.s.b.f.s.DefaultListableBeanFactory     : Returning cached instance of singleton bean 'metaDataSourceAdvisor'
2023-07-21 02:45:42.432 TRACE 29880 --- [           main] o.s.b.f.s.DefaultListableBeanFactory     : Returning cached instance of singleton bean 'org.springframework.transaction.config.internalTransactionAdvisor'
2023-07-21 02:45:42.432 TRACE 29880 --- [           main] o.s.b.f.s.DefaultListableBeanFactory     : Returning cached instance of singleton bean 'metaDataSourceAdvisor'
2023-07-21 02:45:42.432 TRACE 29880 --- [           main] o.s.b.f.s.DefaultListableBeanFactory     : Returning cached instance of singleton bean 'org.springframework.transaction.config.internalTransactionAdvisor'
2023-07-21 02:45:42.437 TRACE 29880 --- [           main] o.s.b.f.s.DefaultListableBeanFactory     : Finished creating instance of bean 'webConfig'
2023-07-21 02:45:42.464 TRACE 29880 --- [           main] o.s.b.f.s.DefaultListableBeanFactory     : Eagerly caching bean 'messageSource' to allow for resolving potential circular references
2023-07-21 02:45:42.464 TRACE 29880 --- [           main] o.s.beans.CachedIntrospectionResults     : Getting BeanInfo for class [org.springframework.context.support.ReloadableResourceBundleMessageSource]
2023-07-21 02:45:42.468 TRACE 29880 --- [           main] o.s.beans.CachedIntrospectionResults     : Caching PropertyDescriptors for class [org.springframework.context.support.ReloadableResourceBundleMessageSource]
2023-07-21 02:45:42.468 TRACE 29880 --- [           main] o.s.beans.CachedIntrospectionResults     : Found bean property 'alwaysUseMessageFormat' of type [boolean]
2023-07-21 02:45:42.468 TRACE 29880 --- [           main] o.s.beans.CachedIntrospectionResults     : Found bean property 'basename' of type [java.lang.String]
2023-07-21 02:45:42.468 TRACE 29880 --- [           main] o.s.beans.CachedIntrospectionResults     : Found bean property 'basenameSet' of type [java.util.Set]
2023-07-21 02:45:42.468 TRACE 29880 --- [           main] o.s.beans.CachedIntrospectionResults     : Found bean property 'basenames' of type [[Ljava.lang.String;]
2023-07-21 02:45:42.468 TRACE 29880 --- [           main] o.s.beans.CachedIntrospectionResults     : Found bean property 'cacheMillis' of type [long]
2023-07-21 02:45:42.468 TRACE 29880 --- [           main] o.s.beans.CachedIntrospectionResults     : Found bean property 'cacheSeconds' of type [int]
2023-07-21 02:45:42.468 TRACE 29880 --- [           main] o.s.beans.CachedIntrospectionResults     : Found bean property 'class' of type [java.lang.Class]
2023-07-21 02:45:42.468 TRACE 29880 --- [           main] o.s.beans.CachedIntrospectionResults     : Found bean property 'commonMessages' of type [java.util.Properties]
2023-07-21 02:45:42.468 TRACE 29880 --- [           main] o.s.beans.CachedIntrospectionResults     : Found bean property 'concurrentRefresh' of type [boolean]
2023-07-21 02:45:42.468 TRACE 29880 --- [           main] o.s.beans.CachedIntrospectionResults     : Found bean property 'defaultEncoding' of type [java.lang.String]
2023-07-21 02:45:42.468 TRACE 29880 --- [           main] o.s.beans.CachedIntrospectionResults     : Found bean property 'defaultLocale' of type [java.util.Locale]
2023-07-21 02:45:42.468 TRACE 29880 --- [           main] o.s.beans.CachedIntrospectionResults     : Found bean property 'fallbackToSystemLocale' of type [boolean]
2023-07-21 02:45:42.468 TRACE 29880 --- [           main] o.s.beans.CachedIntrospectionResults     : Found bean property 'fileEncodings' of type [java.util.Properties]
2023-07-21 02:45:42.468 TRACE 29880 --- [           main] o.s.beans.CachedIntrospectionResults     : Found bean property 'parentMessageSource' of type [org.springframework.context.MessageSource]
2023-07-21 02:45:42.468 TRACE 29880 --- [           main] o.s.beans.CachedIntrospectionResults     : Found bean property 'propertiesPersister' of type [org.springframework.util.PropertiesPersister]
2023-07-21 02:45:42.468 TRACE 29880 --- [           main] o.s.beans.CachedIntrospectionResults     : Found bean property 'resourceLoader' of type [org.springframework.core.io.ResourceLoader]
2023-07-21 02:45:42.468 TRACE 29880 --- [           main] o.s.beans.CachedIntrospectionResults     : Found bean property 'useCodeAsDefaultMessage' of type [boolean]
2023-07-21 02:45:42.471 TRACE 29880 --- [           main] o.s.b.f.s.DefaultListableBeanFactory     : Returning cached instance of singleton bean 'metaDataSourceAdvisor'
2023-07-21 02:45:42.471 TRACE 29880 --- [           main] o.s.b.f.s.DefaultListableBeanFactory     : Returning cached instance of singleton bean 'org.springframework.transaction.config.internalTransactionAdvisor'
2023-07-21 02:45:42.471 TRACE 29880 --- [           main] o.s.b.f.s.DefaultListableBeanFactory     : Returning cached instance of singleton bean 'metaDataSourceAdvisor'
2023-07-21 02:45:42.471 TRACE 29880 --- [           main] o.s.b.f.s.DefaultListableBeanFactory     : Returning cached instance of singleton bean 'org.springframework.transaction.config.internalTransactionAdvisor'
2023-07-21 02:45:42.477 TRACE 29880 --- [           main] o.s.b.f.s.DefaultListableBeanFactory     : Finished creating instance of bean 'messageSource'
2023-07-21 02:45:42.478 TRACE 29880 --- [           main] o.s.w.c.s.GenericWebApplicationContext   : Using MessageSource [org.springframework.context.support.ReloadableResourceBundleMessageSource: basenames=[classpath:messages]]
2023-07-21 02:45:42.478 TRACE 29880 --- [           main] o.s.w.c.s.GenericWebApplicationContext   : No 'applicationEventMulticaster' bean, using [SimpleApplicationEventMulticaster]
2023-07-21 02:45:42.481 DEBUG 29880 --- [           main] o.s.u.c.s.UiApplicationContextUtils      : Unable to locate ThemeSource with name 'themeSource': using default [org.springframework.ui.context.support.ResourceBundleThemeSource@7b2ccba5]
2023-07-21 02:45:42.483 DEBUG 29880 --- [           main] o.s.b.f.s.DefaultListableBeanFactory     : Creating shared instance of singleton bean 'dataSourceScriptDatabaseInitializer'
2023-07-21 02:45:42.483 TRACE 29880 --- [           main] o.s.b.f.s.DefaultListableBeanFactory     : Creating instance of bean 'dataSourceScriptDatabaseInitializer'
2023-07-21 02:45:42.483 TRACE 29880 --- [           main] o.s.b.f.s.DefaultListableBeanFactory     : Returning cached instance of singleton bean 'metaDataSourceAdvisor'
2023-07-21 02:45:42.483 TRACE 29880 --- [           main] o.s.b.f.s.DefaultListableBeanFactory     : Returning cached instance of singleton bean 'org.springframework.transaction.config.internalTransactionAdvisor'
2023-07-21 02:45:42.483 DEBUG 29880 --- [           main] o.s.b.f.s.DefaultListableBeanFactory     : Creating shared instance of singleton bean 'org.springframework.boot.autoconfigure.sql.init.DataSourceInitializationConfiguration'
2023-07-21 02:45:42.483 TRACE 29880 --- [           main] o.s.b.f.s.DefaultListableBeanFactory     : Creating instance of bean 'org.springframework.boot.autoconfigure.sql.init.DataSourceInitializationConfiguration'
2023-07-21 02:45:42.483 TRACE 29880 --- [           main] o.s.b.f.s.DefaultListableBeanFactory     : Returning cached instance of singleton bean 'metaDataSourceAdvisor'
2023-07-21 02:45:42.483 TRACE 29880 --- [           main] o.s.b.f.s.DefaultListableBeanFactory     : Returning cached instance of singleton bean 'org.springframework.transaction.config.internalTransactionAdvisor'
2023-07-21 02:45:42.483 TRACE 29880 --- [           main] o.s.b.f.s.DefaultListableBeanFactory     : Eagerly caching bean 'org.springframework.boot.autoconfigure.sql.init.DataSourceInitializationConfiguration' to allow for resolving potential circular references
2023-07-21 02:45:42.483 TRACE 29880 --- [           main] o.s.beans.CachedIntrospectionResults     : Getting BeanInfo for class [org.springframework.boot.autoconfigure.sql.init.DataSourceInitializationConfiguration]
2023-07-21 02:45:42.484 TRACE 29880 --- [           main] o.s.beans.CachedIntrospectionResults     : Caching PropertyDescriptors for class [org.springframework.boot.autoconfigure.sql.init.DataSourceInitializationConfiguration]
2023-07-21 02:45:42.484 TRACE 29880 --- [           main] o.s.beans.CachedIntrospectionResults     : Found bean property 'class' of type [java.lang.Class]
2023-07-21 02:45:42.485 TRACE 29880 --- [           main] o.s.b.f.s.DefaultListableBeanFactory     : Returning cached instance of singleton bean 'metaDataSourceAdvisor'
2023-07-21 02:45:42.485 TRACE 29880 --- [           main] o.s.b.f.s.DefaultListableBeanFactory     : Returning cached instance of singleton bean 'org.springframework.transaction.config.internalTransactionAdvisor'
2023-07-21 02:45:42.485 TRACE 29880 --- [           main] o.s.b.f.s.DefaultListableBeanFactory     : Returning cached instance of singleton bean 'metaDataSourceAdvisor'
2023-07-21 02:45:42.485 TRACE 29880 --- [           main] o.s.b.f.s.DefaultListableBeanFactory     : Returning cached instance of singleton bean 'org.springframework.transaction.config.internalTransactionAdvisor'
2023-07-21 02:45:42.485 TRACE 29880 --- [           main] o.s.b.f.s.DefaultListableBeanFactory     : Finished creating instance of bean 'org.springframework.boot.autoconfigure.sql.init.DataSourceInitializationConfiguration'
2023-07-21 02:45:42.486 DEBUG 29880 --- [           main] o.s.b.f.s.DefaultListableBeanFactory     : Creating shared instance of singleton bean 'dataSource'
2023-07-21 02:45:42.486 TRACE 29880 --- [           main] o.s.b.f.s.DefaultListableBeanFactory     : Creating instance of bean 'dataSource'
2023-07-21 02:45:42.486 TRACE 29880 --- [           main] o.s.b.f.s.DefaultListableBeanFactory     : Returning cached instance of singleton bean 'metaDataSourceAdvisor'
2023-07-21 02:45:42.486 TRACE 29880 --- [           main] o.s.b.f.s.DefaultListableBeanFactory     : Returning cached instance of singleton bean 'org.springframework.transaction.config.internalTransactionAdvisor'
2023-07-21 02:45:42.487 DEBUG 29880 --- [           main] o.s.b.f.s.DefaultListableBeanFactory     : Creating shared instance of singleton bean 'org.springframework.boot.autoconfigure.jdbc.DataSourceConfiguration$Hikari'
2023-07-21 02:45:42.487 TRACE 29880 --- [           main] o.s.b.f.s.DefaultListableBeanFactory     : Creating instance of bean 'org.springframework.boot.autoconfigure.jdbc.DataSourceConfiguration$Hikari'
2023-07-21 02:45:42.487 TRACE 29880 --- [           main] o.s.b.f.s.DefaultListableBeanFactory     : Returning cached instance of singleton bean 'metaDataSourceAdvisor'
2023-07-21 02:45:42.487 TRACE 29880 --- [           main] o.s.b.f.s.DefaultListableBeanFactory     : Returning cached instance of singleton bean 'org.springframework.transaction.config.internalTransactionAdvisor'
2023-07-21 02:45:42.487 TRACE 29880 --- [           main] o.s.b.f.s.DefaultListableBeanFactory     : Eagerly caching bean 'org.springframework.boot.autoconfigure.jdbc.DataSourceConfiguration$Hikari' to allow for resolving potential circular references
2023-07-21 02:45:42.487 TRACE 29880 --- [           main] o.s.beans.CachedIntrospectionResults     : Getting BeanInfo for class [org.springframework.boot.autoconfigure.jdbc.DataSourceConfiguration$Hikari]
2023-07-21 02:45:42.488 TRACE 29880 --- [           main] o.s.beans.CachedIntrospectionResults     : Caching PropertyDescriptors for class [org.springframework.boot.autoconfigure.jdbc.DataSourceConfiguration$Hikari]
2023-07-21 02:45:42.488 TRACE 29880 --- [           main] o.s.beans.CachedIntrospectionResults     : Found bean property 'class' of type [java.lang.Class]
2023-07-21 02:45:42.488 TRACE 29880 --- [           main] o.s.b.f.s.DefaultListableBeanFactory     : Returning cached instance of singleton bean 'metaDataSourceAdvisor'
2023-07-21 02:45:42.488 TRACE 29880 --- [           main] o.s.b.f.s.DefaultListableBeanFactory     : Returning cached instance of singleton bean 'org.springframework.transaction.config.internalTransactionAdvisor'
2023-07-21 02:45:42.488 TRACE 29880 --- [           main] o.s.b.f.s.DefaultListableBeanFactory     : Returning cached instance of singleton bean 'metaDataSourceAdvisor'
2023-07-21 02:45:42.488 TRACE 29880 --- [           main] o.s.b.f.s.DefaultListableBeanFactory     : Returning cached instance of singleton bean 'org.springframework.transaction.config.internalTransactionAdvisor'
2023-07-21 02:45:42.489 TRACE 29880 --- [           main] o.s.b.f.s.DefaultListableBeanFactory     : Finished creating instance of bean 'org.springframework.boot.autoconfigure.jdbc.DataSourceConfiguration$Hikari'
2023-07-21 02:45:42.490 DEBUG 29880 --- [           main] o.s.b.f.s.DefaultListableBeanFactory     : Creating shared instance of singleton bean 'spring.datasource-org.springframework.boot.autoconfigure.jdbc.DataSourceProperties'
2023-07-21 02:45:42.490 TRACE 29880 --- [           main] o.s.b.f.s.DefaultListableBeanFactory     : Creating instance of bean 'spring.datasource-org.springframework.boot.autoconfigure.jdbc.DataSourceProperties'
2023-07-21 02:45:42.490 TRACE 29880 --- [           main] o.s.b.f.s.DefaultListableBeanFactory     : Returning cached instance of singleton bean 'metaDataSourceAdvisor'
2023-07-21 02:45:42.490 TRACE 29880 --- [           main] o.s.b.f.s.DefaultListableBeanFactory     : Returning cached instance of singleton bean 'org.springframework.transaction.config.internalTransactionAdvisor'
2023-07-21 02:45:42.491 TRACE 29880 --- [           main] o.s.b.f.s.DefaultListableBeanFactory     : Eagerly caching bean 'spring.datasource-org.springframework.boot.autoconfigure.jdbc.DataSourceProperties' to allow for resolving potential circular references
2023-07-21 02:45:42.491 TRACE 29880 --- [           main] o.s.beans.CachedIntrospectionResults     : Getting BeanInfo for class [org.springframework.boot.autoconfigure.jdbc.DataSourceProperties]
2023-07-21 02:45:42.493 TRACE 29880 --- [           main] o.s.beans.CachedIntrospectionResults     : Caching PropertyDescriptors for class [org.springframework.boot.autoconfigure.jdbc.DataSourceProperties]
2023-07-21 02:45:42.493 TRACE 29880 --- [           main] o.s.beans.CachedIntrospectionResults     : Found bean property 'beanClassLoader' of type [java.lang.ClassLoader]
2023-07-21 02:45:42.493 TRACE 29880 --- [           main] o.s.beans.CachedIntrospectionResults     : Found bean property 'class' of type [java.lang.Class]
2023-07-21 02:45:42.494 TRACE 29880 --- [           main] o.s.beans.CachedIntrospectionResults     : Found bean property 'driverClassName' of type [java.lang.String]
2023-07-21 02:45:42.494 TRACE 29880 --- [           main] o.s.beans.CachedIntrospectionResults     : Found bean property 'embeddedDatabaseConnection' of type [org.springframework.boot.jdbc.EmbeddedDatabaseConnection]
2023-07-21 02:45:42.494 TRACE 29880 --- [           main] o.s.beans.CachedIntrospectionResults     : Found bean property 'generateUniqueName' of type [boolean]
2023-07-21 02:45:42.494 TRACE 29880 --- [           main] o.s.beans.CachedIntrospectionResults     : Found bean property 'jndiName' of type [java.lang.String]
2023-07-21 02:45:42.494 TRACE 29880 --- [           main] o.s.beans.CachedIntrospectionResults     : Found bean property 'name' of type [java.lang.String]
2023-07-21 02:45:42.494 TRACE 29880 --- [           main] o.s.beans.CachedIntrospectionResults     : Found bean property 'password' of type [java.lang.String]
2023-07-21 02:45:42.494 TRACE 29880 --- [           main] o.s.beans.CachedIntrospectionResults     : Found bean property 'type' of type [java.lang.Class]
2023-07-21 02:45:42.494 TRACE 29880 --- [           main] o.s.beans.CachedIntrospectionResults     : Found bean property 'url' of type [java.lang.String]
2023-07-21 02:45:42.494 TRACE 29880 --- [           main] o.s.beans.CachedIntrospectionResults     : Found bean property 'username' of type [java.lang.String]
2023-07-21 02:45:42.494 TRACE 29880 --- [           main] o.s.beans.CachedIntrospectionResults     : Found bean property 'xa' of type [org.springframework.boot.autoconfigure.jdbc.DataSourceProperties$Xa]
2023-07-21 02:45:42.497 DEBUG 29880 --- [           main] o.s.b.f.s.DefaultListableBeanFactory     : Creating shared instance of singleton bean 'org.springframework.boot.context.properties.BoundConfigurationProperties'
2023-07-21 02:45:42.498 TRACE 29880 --- [           main] o.s.b.f.s.DefaultListableBeanFactory     : Creating instance of bean 'org.springframework.boot.context.properties.BoundConfigurationProperties'
2023-07-21 02:45:42.498 TRACE 29880 --- [           main] o.s.b.f.s.DefaultListableBeanFactory     : Returning cached instance of singleton bean 'metaDataSourceAdvisor'
2023-07-21 02:45:42.498 TRACE 29880 --- [           main] o.s.b.f.s.DefaultListableBeanFactory     : Returning cached instance of singleton bean 'org.springframework.transaction.config.internalTransactionAdvisor'
2023-07-21 02:45:42.498 TRACE 29880 --- [           main] o.s.b.f.s.DefaultListableBeanFactory     : Eagerly caching bean 'org.springframework.boot.context.properties.BoundConfigurationProperties' to allow for resolving potential circular references
2023-07-21 02:45:42.498 TRACE 29880 --- [           main] o.s.beans.CachedIntrospectionResults     : Getting BeanInfo for class [org.springframework.boot.context.properties.BoundConfigurationProperties]
2023-07-21 02:45:42.500 TRACE 29880 --- [           main] o.s.beans.CachedIntrospectionResults     : Caching PropertyDescriptors for class [org.springframework.boot.context.properties.BoundConfigurationProperties]
2023-07-21 02:45:42.500 TRACE 29880 --- [           main] o.s.beans.CachedIntrospectionResults     : Found bean property 'all' of type [java.util.Map]
2023-07-21 02:45:42.500 TRACE 29880 --- [           main] o.s.beans.CachedIntrospectionResults     : Found bean property 'class' of type [java.lang.Class]
2023-07-21 02:45:42.500 TRACE 29880 --- [           main] o.s.b.f.s.DefaultListableBeanFactory     : Returning cached instance of singleton bean 'metaDataSourceAdvisor'
2023-07-21 02:45:42.500 TRACE 29880 --- [           main] o.s.b.f.s.DefaultListableBeanFactory     : Returning cached instance of singleton bean 'org.springframework.transaction.config.internalTransactionAdvisor'
2023-07-21 02:45:42.500 TRACE 29880 --- [           main] o.s.b.f.s.DefaultListableBeanFactory     : Returning cached instance of singleton bean 'metaDataSourceAdvisor'
2023-07-21 02:45:42.500 TRACE 29880 --- [           main] o.s.b.f.s.DefaultListableBeanFactory     : Returning cached instance of singleton bean 'org.springframework.transaction.config.internalTransactionAdvisor'
2023-07-21 02:45:42.501 TRACE 29880 --- [           main] o.s.b.f.s.DefaultListableBeanFactory     : Finished creating instance of bean 'org.springframework.boot.context.properties.BoundConfigurationProperties'
2023-07-21 02:45:42.514 TRACE 29880 --- [           main] o.s.b.f.s.DefaultListableBeanFactory     : Invoking afterPropertiesSet() on bean with name 'spring.datasource-org.springframework.boot.autoconfigure.jdbc.DataSourceProperties'
2023-07-21 02:45:42.520 TRACE 29880 --- [           main] o.s.b.f.s.DefaultListableBeanFactory     : Returning cached instance of singleton bean 'metaDataSourceAdvisor'
2023-07-21 02:45:42.520 TRACE 29880 --- [           main] o.s.b.f.s.DefaultListableBeanFactory     : Returning cached instance of singleton bean 'org.springframework.transaction.config.internalTransactionAdvisor'
2023-07-21 02:45:42.520 TRACE 29880 --- [           main] o.s.b.f.s.DefaultListableBeanFactory     : Returning cached instance of singleton bean 'metaDataSourceAdvisor'
2023-07-21 02:45:42.520 TRACE 29880 --- [           main] o.s.b.f.s.DefaultListableBeanFactory     : Returning cached instance of singleton bean 'org.springframework.transaction.config.internalTransactionAdvisor'
2023-07-21 02:45:42.523 TRACE 29880 --- [           main] o.s.b.f.s.DefaultListableBeanFactory     : Finished creating instance of bean 'spring.datasource-org.springframework.boot.autoconfigure.jdbc.DataSourceProperties'
2023-07-21 02:45:42.523 DEBUG 29880 --- [           main] o.s.b.f.s.DefaultListableBeanFactory     : Autowiring by type from bean name 'dataSource' via factory method to bean named 'spring.datasource-org.springframework.boot.autoconfigure.jdbc.DataSourceProperties'
2023-07-21 02:45:42.530 DEBUG 29880 --- [           main] com.zaxxer.hikari.HikariConfig           : Driver class com.mysql.cj.jdbc.Driver found in Thread context class loader jdk.internal.loader.ClassLoaders$AppClassLoader@30946e09
2023-07-21 02:45:42.543 TRACE 29880 --- [           main] o.s.b.f.s.DefaultListableBeanFactory     : Eagerly caching bean 'dataSource' to allow for resolving potential circular references
2023-07-21 02:45:42.543 TRACE 29880 --- [           main] o.s.beans.CachedIntrospectionResults     : Getting BeanInfo for class [com.zaxxer.hikari.HikariDataSource]
2023-07-21 02:45:42.547 TRACE 29880 --- [           main] o.s.beans.CachedIntrospectionResults     : Caching PropertyDescriptors for class [com.zaxxer.hikari.HikariDataSource]
2023-07-21 02:45:42.547 TRACE 29880 --- [           main] o.s.beans.CachedIntrospectionResults     : Found bean property 'allowPoolSuspension' of type [boolean]
2023-07-21 02:45:42.547 TRACE 29880 --- [           main] o.s.beans.CachedIntrospectionResults     : Found bean property 'autoCommit' of type [boolean]
2023-07-21 02:45:42.547 TRACE 29880 --- [           main] o.s.beans.CachedIntrospectionResults     : Found bean property 'catalog' of type [java.lang.String]
2023-07-21 02:45:42.547 TRACE 29880 --- [           main] o.s.beans.CachedIntrospectionResults     : Found bean property 'class' of type [java.lang.Class]
2023-07-21 02:45:42.547 TRACE 29880 --- [           main] o.s.beans.CachedIntrospectionResults     : Found bean property 'closed' of type [boolean]
2023-07-21 02:45:42.548 TRACE 29880 --- [           main] o.s.beans.CachedIntrospectionResults     : Found bean property 'connection' of type [java.sql.Connection]
2023-07-21 02:45:42.548 TRACE 29880 --- [           main] o.s.beans.CachedIntrospectionResults     : Found bean property 'connectionInitSql' of type [java.lang.String]
2023-07-21 02:45:42.548 TRACE 29880 --- [           main] o.s.beans.CachedIntrospectionResults     : Found bean property 'connectionTestQuery' of type [java.lang.String]
2023-07-21 02:45:42.548 TRACE 29880 --- [           main] o.s.beans.CachedIntrospectionResults     : Found bean property 'connectionTimeout' of type [long]
2023-07-21 02:45:42.548 TRACE 29880 --- [           main] o.s.beans.CachedIntrospectionResults     : Found bean property 'dataSource' of type [javax.sql.DataSource]
2023-07-21 02:45:42.548 TRACE 29880 --- [           main] o.s.beans.CachedIntrospectionResults     : Found bean property 'dataSourceClassName' of type [java.lang.String]
2023-07-21 02:45:42.548 TRACE 29880 --- [           main] o.s.beans.CachedIntrospectionResults     : Found bean property 'dataSourceJNDI' of type [java.lang.String]
2023-07-21 02:45:42.548 TRACE 29880 --- [           main] o.s.beans.CachedIntrospectionResults     : Found bean property 'dataSourceProperties' of type [java.util.Properties]
2023-07-21 02:45:42.548 TRACE 29880 --- [           main] o.s.beans.CachedIntrospectionResults     : Found bean property 'driverClassName' of type [java.lang.String]
2023-07-21 02:45:42.548 TRACE 29880 --- [           main] o.s.beans.CachedIntrospectionResults     : Found bean property 'exceptionOverrideClassName' of type [java.lang.String]
2023-07-21 02:45:42.548 TRACE 29880 --- [           main] o.s.beans.CachedIntrospectionResults     : Found bean property 'healthCheckProperties' of type [java.util.Properties]
2023-07-21 02:45:42.548 TRACE 29880 --- [           main] o.s.beans.CachedIntrospectionResults     : Found bean property 'healthCheckRegistry' of type [java.lang.Object]
2023-07-21 02:45:42.548 TRACE 29880 --- [           main] o.s.beans.CachedIntrospectionResults     : Found bean property 'hikariConfigMXBean' of type [com.zaxxer.hikari.HikariConfigMXBean]
2023-07-21 02:45:42.548 TRACE 29880 --- [           main] o.s.beans.CachedIntrospectionResults     : Found bean property 'hikariPoolMXBean' of type [com.zaxxer.hikari.HikariPoolMXBean]
2023-07-21 02:45:42.548 TRACE 29880 --- [           main] o.s.beans.CachedIntrospectionResults     : Found bean property 'idleTimeout' of type [long]
2023-07-21 02:45:42.548 TRACE 29880 --- [           main] o.s.beans.CachedIntrospectionResults     : Found bean property 'initializationFailTimeout' of type [long]
2023-07-21 02:45:42.548 TRACE 29880 --- [           main] o.s.beans.CachedIntrospectionResults     : Found bean property 'isolateInternalQueries' of type [boolean]
2023-07-21 02:45:42.548 TRACE 29880 --- [           main] o.s.beans.CachedIntrospectionResults     : Found bean property 'jdbcUrl' of type [java.lang.String]
2023-07-21 02:45:42.548 TRACE 29880 --- [           main] o.s.beans.CachedIntrospectionResults     : Found bean property 'keepaliveTime' of type [long]
2023-07-21 02:45:42.548 TRACE 29880 --- [           main] o.s.beans.CachedIntrospectionResults     : Found bean property 'leakDetectionThreshold' of type [long]
2023-07-21 02:45:42.548 TRACE 29880 --- [           main] o.s.beans.CachedIntrospectionResults     : Found bean property 'logWriter' of type [java.io.PrintWriter]
2023-07-21 02:45:42.548 TRACE 29880 --- [           main] o.s.beans.CachedIntrospectionResults     : Found bean property 'loginTimeout' of type [int]
2023-07-21 02:45:42.548 TRACE 29880 --- [           main] o.s.beans.CachedIntrospectionResults     : Found bean property 'maxLifetime' of type [long]
2023-07-21 02:45:42.548 TRACE 29880 --- [           main] o.s.beans.CachedIntrospectionResults     : Found bean property 'maximumPoolSize' of type [int]
2023-07-21 02:45:42.548 TRACE 29880 --- [           main] o.s.beans.CachedIntrospectionResults     : Found bean property 'metricRegistry' of type [java.lang.Object]
2023-07-21 02:45:42.548 TRACE 29880 --- [           main] o.s.beans.CachedIntrospectionResults     : Found bean property 'metricsTrackerFactory' of type [com.zaxxer.hikari.metrics.MetricsTrackerFactory]
2023-07-21 02:45:42.548 TRACE 29880 --- [           main] o.s.beans.CachedIntrospectionResults     : Found bean property 'minimumIdle' of type [int]
2023-07-21 02:45:42.548 TRACE 29880 --- [           main] o.s.beans.CachedIntrospectionResults     : Found bean property 'parentLogger' of type [java.util.logging.Logger]
2023-07-21 02:45:42.548 TRACE 29880 --- [           main] o.s.beans.CachedIntrospectionResults     : Found bean property 'password' of type [java.lang.String]
2023-07-21 02:45:42.549 TRACE 29880 --- [           main] o.s.beans.CachedIntrospectionResults     : Found bean property 'poolName' of type [java.lang.String]
2023-07-21 02:45:42.549 TRACE 29880 --- [           main] o.s.beans.CachedIntrospectionResults     : Found bean property 'readOnly' of type [boolean]
2023-07-21 02:45:42.549 TRACE 29880 --- [           main] o.s.beans.CachedIntrospectionResults     : Found bean property 'registerMbeans' of type [boolean]
2023-07-21 02:45:42.549 TRACE 29880 --- [           main] o.s.beans.CachedIntrospectionResults     : Found bean property 'running' of type [boolean]
2023-07-21 02:45:42.549 TRACE 29880 --- [           main] o.s.beans.CachedIntrospectionResults     : Found bean property 'scheduledExecutor' of type [java.util.concurrent.ScheduledExecutorService]
2023-07-21 02:45:42.549 TRACE 29880 --- [           main] o.s.beans.CachedIntrospectionResults     : Found bean property 'schema' of type [java.lang.String]
2023-07-21 02:45:42.549 TRACE 29880 --- [           main] o.s.beans.CachedIntrospectionResults     : Found bean property 'threadFactory' of type [java.util.concurrent.ThreadFactory]
2023-07-21 02:45:42.549 TRACE 29880 --- [           main] o.s.beans.CachedIntrospectionResults     : Found bean property 'transactionIsolation' of type [java.lang.String]
2023-07-21 02:45:42.549 TRACE 29880 --- [           main] o.s.beans.CachedIntrospectionResults     : Found bean property 'username' of type [java.lang.String]
2023-07-21 02:45:42.549 TRACE 29880 --- [           main] o.s.beans.CachedIntrospectionResults     : Found bean property 'validationTimeout' of type [long]
2023-07-21 02:45:42.551 TRACE 29880 --- [           main] o.s.b.f.s.DefaultListableBeanFactory     : Returning cached instance of singleton bean 'org.springframework.boot.context.properties.BoundConfigurationProperties'
2023-07-21 02:45:42.558 TRACE 29880 --- [           main] o.s.b.f.s.DefaultListableBeanFactory     : Returning cached instance of singleton bean 'metaDataSourceAdvisor'
2023-07-21 02:45:42.558 TRACE 29880 --- [           main] o.s.b.f.s.DefaultListableBeanFactory     : Returning cached instance of singleton bean 'org.springframework.transaction.config.internalTransactionAdvisor'
2023-07-21 02:45:42.558 TRACE 29880 --- [           main] o.s.b.f.s.DefaultListableBeanFactory     : Returning cached instance of singleton bean 'metaDataSourceAdvisor'
2023-07-21 02:45:42.558 TRACE 29880 --- [           main] o.s.b.f.s.DefaultListableBeanFactory     : Returning cached instance of singleton bean 'org.springframework.transaction.config.internalTransactionAdvisor'
2023-07-21 02:45:42.565 TRACE 29880 --- [           main] o.s.b.f.s.DefaultListableBeanFactory     : Finished creating instance of bean 'dataSource'
2023-07-21 02:45:42.567 DEBUG 29880 --- [           main] o.s.b.f.s.DefaultListableBeanFactory     : Creating shared instance of singleton bean 'spring.sql.init-org.springframework.boot.autoconfigure.sql.init.SqlInitializationProperties'
2023-07-21 02:45:42.567 TRACE 29880 --- [           main] o.s.b.f.s.DefaultListableBeanFactory     : Creating instance of bean 'spring.sql.init-org.springframework.boot.autoconfigure.sql.init.SqlInitializationProperties'
2023-07-21 02:45:42.567 TRACE 29880 --- [           main] o.s.b.f.s.DefaultListableBeanFactory     : Returning cached instance of singleton bean 'metaDataSourceAdvisor'
2023-07-21 02:45:42.567 TRACE 29880 --- [           main] o.s.b.f.s.DefaultListableBeanFactory     : Returning cached instance of singleton bean 'org.springframework.transaction.config.internalTransactionAdvisor'
2023-07-21 02:45:42.567 TRACE 29880 --- [           main] o.s.b.f.s.DefaultListableBeanFactory     : Eagerly caching bean 'spring.sql.init-org.springframework.boot.autoconfigure.sql.init.SqlInitializationProperties' to allow for resolving potential circular references
2023-07-21 02:45:42.567 TRACE 29880 --- [           main] o.s.beans.CachedIntrospectionResults     : Getting BeanInfo for class [org.springframework.boot.autoconfigure.sql.init.SqlInitializationProperties]
2023-07-21 02:45:42.570 TRACE 29880 --- [           main] o.s.beans.CachedIntrospectionResults     : Caching PropertyDescriptors for class [org.springframework.boot.autoconfigure.sql.init.SqlInitializationProperties]
2023-07-21 02:45:42.570 TRACE 29880 --- [           main] o.s.beans.CachedIntrospectionResults     : Found bean property 'class' of type [java.lang.Class]
2023-07-21 02:45:42.570 TRACE 29880 --- [           main] o.s.beans.CachedIntrospectionResults     : Found bean property 'continueOnError' of type [boolean]
2023-07-21 02:45:42.570 TRACE 29880 --- [           main] o.s.beans.CachedIntrospectionResults     : Found bean property 'dataLocations' of type [java.util.List]
2023-07-21 02:45:42.570 TRACE 29880 --- [           main] o.s.beans.CachedIntrospectionResults     : Found bean property 'encoding' of type [java.nio.charset.Charset]
2023-07-21 02:45:42.570 TRACE 29880 --- [           main] o.s.beans.CachedIntrospectionResults     : Found bean property 'mode' of type [org.springframework.boot.sql.init.DatabaseInitializationMode]
2023-07-21 02:45:42.570 TRACE 29880 --- [           main] o.s.beans.CachedIntrospectionResults     : Found bean property 'password' of type [java.lang.String]
2023-07-21 02:45:42.570 TRACE 29880 --- [           main] o.s.beans.CachedIntrospectionResults     : Found bean property 'platform' of type [java.lang.String]
2023-07-21 02:45:42.570 TRACE 29880 --- [           main] o.s.beans.CachedIntrospectionResults     : Found bean property 'schemaLocations' of type [java.util.List]
2023-07-21 02:45:42.570 TRACE 29880 --- [           main] o.s.beans.CachedIntrospectionResults     : Found bean property 'separator' of type [java.lang.String]
2023-07-21 02:45:42.570 TRACE 29880 --- [           main] o.s.beans.CachedIntrospectionResults     : Found bean property 'username' of type [java.lang.String]
2023-07-21 02:45:42.571 TRACE 29880 --- [           main] o.s.b.f.s.DefaultListableBeanFactory     : Returning cached instance of singleton bean 'org.springframework.boot.context.properties.BoundConfigurationProperties'
2023-07-21 02:45:42.573 TRACE 29880 --- [           main] o.s.b.f.s.DefaultListableBeanFactory     : Returning cached instance of singleton bean 'metaDataSourceAdvisor'
2023-07-21 02:45:42.573 TRACE 29880 --- [           main] o.s.b.f.s.DefaultListableBeanFactory     : Returning cached instance of singleton bean 'org.springframework.transaction.config.internalTransactionAdvisor'
2023-07-21 02:45:42.573 TRACE 29880 --- [           main] o.s.b.f.s.DefaultListableBeanFactory     : Returning cached instance of singleton bean 'metaDataSourceAdvisor'
2023-07-21 02:45:42.573 TRACE 29880 --- [           main] o.s.b.f.s.DefaultListableBeanFactory     : Returning cached instance of singleton bean 'org.springframework.transaction.config.internalTransactionAdvisor'
2023-07-21 02:45:42.574 TRACE 29880 --- [           main] o.s.b.f.s.DefaultListableBeanFactory     : Finished creating instance of bean 'spring.sql.init-org.springframework.boot.autoconfigure.sql.init.SqlInitializationProperties'
2023-07-21 02:45:42.574 DEBUG 29880 --- [           main] o.s.b.f.s.DefaultListableBeanFactory     : Autowiring by type from bean name 'dataSourceScriptDatabaseInitializer' via factory method to bean named 'dataSource'
2023-07-21 02:45:42.574 DEBUG 29880 --- [           main] o.s.b.f.s.DefaultListableBeanFactory     : Autowiring by type from bean name 'dataSourceScriptDatabaseInitializer' via factory method to bean named 'spring.sql.init-org.springframework.boot.autoconfigure.sql.init.SqlInitializationProperties'
2023-07-21 02:45:42.578 TRACE 29880 --- [           main] o.s.b.f.s.DefaultListableBeanFactory     : Eagerly caching bean 'dataSourceScriptDatabaseInitializer' to allow for resolving potential circular references
2023-07-21 02:45:42.578 TRACE 29880 --- [           main] o.s.beans.CachedIntrospectionResults     : Getting BeanInfo for class [org.springframework.boot.autoconfigure.sql.init.SqlDataSourceScriptDatabaseInitializer]
2023-07-21 02:45:42.582 TRACE 29880 --- [           main] o.s.beans.CachedIntrospectionResults     : Caching PropertyDescriptors for class [org.springframework.boot.autoconfigure.sql.init.SqlDataSourceScriptDatabaseInitializer]
2023-07-21 02:45:42.582 TRACE 29880 --- [           main] o.s.beans.CachedIntrospectionResults     : Found bean property 'class' of type [java.lang.Class]
2023-07-21 02:45:42.582 TRACE 29880 --- [           main] o.s.beans.CachedIntrospectionResults     : Found bean property 'resourceLoader' of type [org.springframework.core.io.ResourceLoader]
2023-07-21 02:45:42.585 TRACE 29880 --- [           main] o.s.b.f.s.DefaultListableBeanFactory     : Invoking afterPropertiesSet() on bean with name 'dataSourceScriptDatabaseInitializer'
2023-07-21 02:45:42.586 TRACE 29880 --- [           main] .i.s.PathMatchingResourcePatternResolver : Resolved classpath location [schema-all.sql] to resources []
2023-07-21 02:45:42.587 TRACE 29880 --- [           main] .i.s.PathMatchingResourcePatternResolver : Resolved classpath location [schema.sql] to resources []
2023-07-21 02:45:42.588 TRACE 29880 --- [           main] .i.s.PathMatchingResourcePatternResolver : Resolved classpath location [data-all.sql] to resources []
2023-07-21 02:45:42.588 TRACE 29880 --- [           main] .i.s.PathMatchingResourcePatternResolver : Resolved classpath location [data.sql] to resources []
2023-07-21 02:45:42.588 TRACE 29880 --- [           main] o.s.b.f.s.DefaultListableBeanFactory     : Returning cached instance of singleton bean 'metaDataSourceAdvisor'
2023-07-21 02:45:42.588 TRACE 29880 --- [           main] o.s.b.f.s.DefaultListableBeanFactory     : Returning cached instance of singleton bean 'org.springframework.transaction.config.internalTransactionAdvisor'
2023-07-21 02:45:42.588 TRACE 29880 --- [           main] o.s.b.f.s.DefaultListableBeanFactory     : Returning cached instance of singleton bean 'metaDataSourceAdvisor'
2023-07-21 02:45:42.588 TRACE 29880 --- [           main] o.s.b.f.s.DefaultListableBeanFactory     : Returning cached instance of singleton bean 'org.springframework.transaction.config.internalTransactionAdvisor'
2023-07-21 02:45:42.589 TRACE 29880 --- [           main] o.s.b.f.s.DefaultListableBeanFactory     : Finished creating instance of bean 'dataSourceScriptDatabaseInitializer'
2023-07-21 02:45:42.589 DEBUG 29880 --- [           main] o.s.b.f.s.DefaultListableBeanFactory     : Creating shared instance of singleton bean 'entityManagerFactory'
2023-07-21 02:45:42.589 TRACE 29880 --- [           main] o.s.b.f.s.DefaultListableBeanFactory     : Creating instance of bean 'entityManagerFactory'
2023-07-21 02:45:42.590 TRACE 29880 --- [           main] o.s.b.f.s.DefaultListableBeanFactory     : Returning cached instance of singleton bean 'metaDataSourceAdvisor'
2023-07-21 02:45:42.590 TRACE 29880 --- [           main] o.s.b.f.s.DefaultListableBeanFactory     : Returning cached instance of singleton bean 'org.springframework.transaction.config.internalTransactionAdvisor'
2023-07-21 02:45:42.590 DEBUG 29880 --- [           main] o.s.b.f.s.DefaultListableBeanFactory     : Creating shared instance of singleton bean 'org.springframework.boot.autoconfigure.orm.jpa.HibernateJpaConfiguration'
2023-07-21 02:45:42.590 TRACE 29880 --- [           main] o.s.b.f.s.DefaultListableBeanFactory     : Creating instance of bean 'org.springframework.boot.autoconfigure.orm.jpa.HibernateJpaConfiguration'
2023-07-21 02:45:42.590 TRACE 29880 --- [           main] o.s.b.f.s.DefaultListableBeanFactory     : Returning cached instance of singleton bean 'metaDataSourceAdvisor'
2023-07-21 02:45:42.590 TRACE 29880 --- [           main] o.s.b.f.s.DefaultListableBeanFactory     : Returning cached instance of singleton bean 'org.springframework.transaction.config.internalTransactionAdvisor'
2023-07-21 02:45:42.591 TRACE 29880 --- [           main] o.s.b.f.s.DefaultListableBeanFactory     : Returning cached instance of singleton bean 'dataSource'
2023-07-21 02:45:42.592 DEBUG 29880 --- [           main] o.s.b.f.s.DefaultListableBeanFactory     : Creating shared instance of singleton bean 'spring.jpa-org.springframework.boot.autoconfigure.orm.jpa.JpaProperties'
2023-07-21 02:45:42.592 TRACE 29880 --- [           main] o.s.b.f.s.DefaultListableBeanFactory     : Creating instance of bean 'spring.jpa-org.springframework.boot.autoconfigure.orm.jpa.JpaProperties'
2023-07-21 02:45:42.592 TRACE 29880 --- [           main] o.s.b.f.s.DefaultListableBeanFactory     : Returning cached instance of singleton bean 'metaDataSourceAdvisor'
2023-07-21 02:45:42.592 TRACE 29880 --- [           main] o.s.b.f.s.DefaultListableBeanFactory     : Returning cached instance of singleton bean 'org.springframework.transaction.config.internalTransactionAdvisor'
2023-07-21 02:45:42.592 TRACE 29880 --- [           main] o.s.b.f.s.DefaultListableBeanFactory     : Eagerly caching bean 'spring.jpa-org.springframework.boot.autoconfigure.orm.jpa.JpaProperties' to allow for resolving potential circular references
2023-07-21 02:45:42.592 TRACE 29880 --- [           main] o.s.beans.CachedIntrospectionResults     : Getting BeanInfo for class [org.springframework.boot.autoconfigure.orm.jpa.JpaProperties]
2023-07-21 02:45:42.594 TRACE 29880 --- [           main] o.s.beans.CachedIntrospectionResults     : Caching PropertyDescriptors for class [org.springframework.boot.autoconfigure.orm.jpa.JpaProperties]
2023-07-21 02:45:42.595 TRACE 29880 --- [           main] o.s.beans.CachedIntrospectionResults     : Found bean property 'class' of type [java.lang.Class]
2023-07-21 02:45:42.595 TRACE 29880 --- [           main] o.s.beans.CachedIntrospectionResults     : Found bean property 'database' of type [org.springframework.orm.jpa.vendor.Database]
2023-07-21 02:45:42.595 TRACE 29880 --- [           main] o.s.beans.CachedIntrospectionResults     : Found bean property 'databasePlatform' of type [java.lang.String]
2023-07-21 02:45:42.595 TRACE 29880 --- [           main] o.s.beans.CachedIntrospectionResults     : Found bean property 'generateDdl' of type [boolean]
2023-07-21 02:45:42.595 TRACE 29880 --- [           main] o.s.beans.CachedIntrospectionResults     : Found bean property 'mappingResources' of type [java.util.List]
2023-07-21 02:45:42.595 TRACE 29880 --- [           main] o.s.beans.CachedIntrospectionResults     : Found bean property 'openInView' of type [java.lang.Boolean]
2023-07-21 02:45:42.595 TRACE 29880 --- [           main] o.s.beans.CachedIntrospectionResults     : Found bean property 'properties' of type [java.util.Map]
2023-07-21 02:45:42.595 TRACE 29880 --- [           main] o.s.beans.CachedIntrospectionResults     : Found bean property 'showSql' of type [boolean]
2023-07-21 02:45:42.595 TRACE 29880 --- [           main] o.s.b.f.s.DefaultListableBeanFactory     : Returning cached instance of singleton bean 'org.springframework.boot.context.properties.BoundConfigurationProperties'
2023-07-21 02:45:42.606 TRACE 29880 --- [           main] o.s.b.f.s.DefaultListableBeanFactory     : Returning cached instance of singleton bean 'metaDataSourceAdvisor'
2023-07-21 02:45:42.606 TRACE 29880 --- [           main] o.s.b.f.s.DefaultListableBeanFactory     : Returning cached instance of singleton bean 'org.springframework.transaction.config.internalTransactionAdvisor'
2023-07-21 02:45:42.606 TRACE 29880 --- [           main] o.s.b.f.s.DefaultListableBeanFactory     : Returning cached instance of singleton bean 'metaDataSourceAdvisor'
2023-07-21 02:45:42.606 TRACE 29880 --- [           main] o.s.b.f.s.DefaultListableBeanFactory     : Returning cached instance of singleton bean 'org.springframework.transaction.config.internalTransactionAdvisor'
2023-07-21 02:45:42.606 TRACE 29880 --- [           main] o.s.b.f.s.DefaultListableBeanFactory     : Finished creating instance of bean 'spring.jpa-org.springframework.boot.autoconfigure.orm.jpa.JpaProperties'
2023-07-21 02:45:42.607 DEBUG 29880 --- [           main] o.s.b.f.s.DefaultListableBeanFactory     : Creating shared instance of singleton bean 'spring.jpa.hibernate-org.springframework.boot.autoconfigure.orm.jpa.HibernateProperties'
2023-07-21 02:45:42.607 TRACE 29880 --- [           main] o.s.b.f.s.DefaultListableBeanFactory     : Creating instance of bean 'spring.jpa.hibernate-org.springframework.boot.autoconfigure.orm.jpa.HibernateProperties'
2023-07-21 02:45:42.607 TRACE 29880 --- [           main] o.s.b.f.s.DefaultListableBeanFactory     : Returning cached instance of singleton bean 'metaDataSourceAdvisor'
2023-07-21 02:45:42.608 TRACE 29880 --- [           main] o.s.b.f.s.DefaultListableBeanFactory     : Returning cached instance of singleton bean 'org.springframework.transaction.config.internalTransactionAdvisor'
2023-07-21 02:45:42.608 TRACE 29880 --- [           main] o.s.b.f.s.DefaultListableBeanFactory     : Eagerly caching bean 'spring.jpa.hibernate-org.springframework.boot.autoconfigure.orm.jpa.HibernateProperties' to allow for resolving potential circular references
2023-07-21 02:45:42.608 TRACE 29880 --- [           main] o.s.beans.CachedIntrospectionResults     : Getting BeanInfo for class [org.springframework.boot.autoconfigure.orm.jpa.HibernateProperties]
2023-07-21 02:45:42.613 TRACE 29880 --- [           main] o.s.beans.CachedIntrospectionResults     : Caching PropertyDescriptors for class [org.springframework.boot.autoconfigure.orm.jpa.HibernateProperties]
2023-07-21 02:45:42.613 TRACE 29880 --- [           main] o.s.beans.CachedIntrospectionResults     : Found bean property 'class' of type [java.lang.Class]
2023-07-21 02:45:42.613 TRACE 29880 --- [           main] o.s.beans.CachedIntrospectionResults     : Found bean property 'ddlAuto' of type [java.lang.String]
2023-07-21 02:45:42.613 TRACE 29880 --- [           main] o.s.beans.CachedIntrospectionResults     : Found bean property 'naming' of type [org.springframework.boot.autoconfigure.orm.jpa.HibernateProperties$Naming]
2023-07-21 02:45:42.613 TRACE 29880 --- [           main] o.s.beans.CachedIntrospectionResults     : Found bean property 'useNewIdGeneratorMappings' of type [java.lang.Boolean]
2023-07-21 02:45:42.614 TRACE 29880 --- [           main] o.s.b.f.s.DefaultListableBeanFactory     : Returning cached instance of singleton bean 'org.springframework.boot.context.properties.BoundConfigurationProperties'
2023-07-21 02:45:42.615 TRACE 29880 --- [           main] o.s.b.f.s.DefaultListableBeanFactory     : Returning cached instance of singleton bean 'metaDataSourceAdvisor'
2023-07-21 02:45:42.615 TRACE 29880 --- [           main] o.s.b.f.s.DefaultListableBeanFactory     : Returning cached instance of singleton bean 'org.springframework.transaction.config.internalTransactionAdvisor'
2023-07-21 02:45:42.615 TRACE 29880 --- [           main] o.s.b.f.s.DefaultListableBeanFactory     : Returning cached instance of singleton bean 'metaDataSourceAdvisor'
2023-07-21 02:45:42.615 TRACE 29880 --- [           main] o.s.b.f.s.DefaultListableBeanFactory     : Returning cached instance of singleton bean 'org.springframework.transaction.config.internalTransactionAdvisor'
2023-07-21 02:45:42.617 TRACE 29880 --- [           main] o.s.b.f.s.DefaultListableBeanFactory     : Finished creating instance of bean 'spring.jpa.hibernate-org.springframework.boot.autoconfigure.orm.jpa.HibernateProperties'
2023-07-21 02:45:42.617 DEBUG 29880 --- [           main] o.s.b.f.s.DefaultListableBeanFactory     : Autowiring by type from bean name 'org.springframework.boot.autoconfigure.orm.jpa.HibernateJpaConfiguration' via constructor to bean named 'dataSource'
2023-07-21 02:45:42.617 DEBUG 29880 --- [           main] o.s.b.f.s.DefaultListableBeanFactory     : Autowiring by type from bean name 'org.springframework.boot.autoconfigure.orm.jpa.HibernateJpaConfiguration' via constructor to bean named 'spring.jpa-org.springframework.boot.autoconfigure.orm.jpa.JpaProperties'
2023-07-21 02:45:42.617 DEBUG 29880 --- [           main] o.s.b.f.s.DefaultListableBeanFactory     : Autowiring by type from bean name 'org.springframework.boot.autoconfigure.orm.jpa.HibernateJpaConfiguration' via constructor to bean named 'org.springframework.beans.factory.support.DefaultListableBeanFactory@732bb66d'
2023-07-21 02:45:42.617 DEBUG 29880 --- [           main] o.s.b.f.s.DefaultListableBeanFactory     : Autowiring by type from bean name 'org.springframework.boot.autoconfigure.orm.jpa.HibernateJpaConfiguration' via constructor to bean named 'spring.jpa.hibernate-org.springframework.boot.autoconfigure.orm.jpa.HibernateProperties'
2023-07-21 02:45:42.621 DEBUG 29880 --- [           main] o.s.b.f.s.DefaultListableBeanFactory     : Creating shared instance of singleton bean 'hikariPoolDataSourceMetadataProvider'
2023-07-21 02:45:42.621 TRACE 29880 --- [           main] o.s.b.f.s.DefaultListableBeanFactory     : Creating instance of bean 'hikariPoolDataSourceMetadataProvider'
2023-07-21 02:45:42.621 TRACE 29880 --- [           main] o.s.b.f.s.DefaultListableBeanFactory     : Returning cached instance of singleton bean 'metaDataSourceAdvisor'
2023-07-21 02:45:42.621 TRACE 29880 --- [           main] o.s.b.f.s.DefaultListableBeanFactory     : Returning cached instance of singleton bean 'org.springframework.transaction.config.internalTransactionAdvisor'
2023-07-21 02:45:42.622 DEBUG 29880 --- [           main] o.s.b.f.s.DefaultListableBeanFactory     : Creating shared instance of singleton bean 'org.springframework.boot.autoconfigure.jdbc.metadata.DataSourcePoolMetadataProvidersConfiguration$HikariPoolDataSourceMetadataProviderConfiguration'
2023-07-21 02:45:42.622 TRACE 29880 --- [           main] o.s.b.f.s.DefaultListableBeanFactory     : Creating instance of bean 'org.springframework.boot.autoconfigure.jdbc.metadata.DataSourcePoolMetadataProvidersConfiguration$HikariPoolDataSourceMetadataProviderConfiguration'
2023-07-21 02:45:42.622 TRACE 29880 --- [           main] o.s.b.f.s.DefaultListableBeanFactory     : Returning cached instance of singleton bean 'metaDataSourceAdvisor'
2023-07-21 02:45:42.622 TRACE 29880 --- [           main] o.s.b.f.s.DefaultListableBeanFactory     : Returning cached instance of singleton bean 'org.springframework.transaction.config.internalTransactionAdvisor'
2023-07-21 02:45:42.622 TRACE 29880 --- [           main] o.s.b.f.s.DefaultListableBeanFactory     : Eagerly caching bean 'org.springframework.boot.autoconfigure.jdbc.metadata.DataSourcePoolMetadataProvidersConfiguration$HikariPoolDataSourceMetadataProviderConfiguration' to allow for resolving potential circular references
2023-07-21 02:45:42.622 TRACE 29880 --- [           main] o.s.beans.CachedIntrospectionResults     : Getting BeanInfo for class [org.springframework.boot.autoconfigure.jdbc.metadata.DataSourcePoolMetadataProvidersConfiguration$HikariPoolDataSourceMetadataProviderConfiguration]
2023-07-21 02:45:42.623 TRACE 29880 --- [           main] o.s.beans.CachedIntrospectionResults     : Caching PropertyDescriptors for class [org.springframework.boot.autoconfigure.jdbc.metadata.DataSourcePoolMetadataProvidersConfiguration$HikariPoolDataSourceMetadataProviderConfiguration]
2023-07-21 02:45:42.624 TRACE 29880 --- [           main] o.s.beans.CachedIntrospectionResults     : Found bean property 'class' of type [java.lang.Class]
2023-07-21 02:45:42.624 TRACE 29880 --- [           main] o.s.b.f.s.DefaultListableBeanFactory     : Returning cached instance of singleton bean 'metaDataSourceAdvisor'
2023-07-21 02:45:42.624 TRACE 29880 --- [           main] o.s.b.f.s.DefaultListableBeanFactory     : Returning cached instance of singleton bean 'org.springframework.transaction.config.internalTransactionAdvisor'
2023-07-21 02:45:42.624 TRACE 29880 --- [           main] o.s.b.f.s.DefaultListableBeanFactory     : Returning cached instance of singleton bean 'metaDataSourceAdvisor'
2023-07-21 02:45:42.624 TRACE 29880 --- [           main] o.s.b.f.s.DefaultListableBeanFactory     : Returning cached instance of singleton bean 'org.springframework.transaction.config.internalTransactionAdvisor'
2023-07-21 02:45:42.624 TRACE 29880 --- [           main] o.s.b.f.s.DefaultListableBeanFactory     : Finished creating instance of bean 'org.springframework.boot.autoconfigure.jdbc.metadata.DataSourcePoolMetadataProvidersConfiguration$HikariPoolDataSourceMetadataProviderConfiguration'
2023-07-21 02:45:42.625 TRACE 29880 --- [           main] o.s.b.f.s.DefaultListableBeanFactory     : Eagerly caching bean 'hikariPoolDataSourceMetadataProvider' to allow for resolving potential circular references
2023-07-21 02:45:42.625 TRACE 29880 --- [           main] o.s.beans.CachedIntrospectionResults     : Getting BeanInfo for class [org.springframework.boot.autoconfigure.jdbc.metadata.DataSourcePoolMetadataProvidersConfiguration$HikariPoolDataSourceMetadataProviderConfiguration$$Lambda$811/0x0000000800548c40]
2023-07-21 02:45:42.626 TRACE 29880 --- [           main] o.s.beans.CachedIntrospectionResults     : Caching PropertyDescriptors for class [org.springframework.boot.autoconfigure.jdbc.metadata.DataSourcePoolMetadataProvidersConfiguration$HikariPoolDataSourceMetadataProviderConfiguration$$Lambda$811/0x0000000800548c40]
2023-07-21 02:45:42.626 TRACE 29880 --- [           main] o.s.beans.CachedIntrospectionResults     : Found bean property 'class' of type [java.lang.Class]
2023-07-21 02:45:42.628 TRACE 29880 --- [           main] o.s.b.f.s.DefaultListableBeanFactory     : Returning cached instance of singleton bean 'metaDataSourceAdvisor'
2023-07-21 02:45:42.628 TRACE 29880 --- [           main] o.s.b.f.s.DefaultListableBeanFactory     : Returning cached instance of singleton bean 'org.springframework.transaction.config.internalTransactionAdvisor'
2023-07-21 02:45:42.628 TRACE 29880 --- [           main] o.s.b.f.s.DefaultListableBeanFactory     : Returning cached instance of singleton bean 'metaDataSourceAdvisor'
2023-07-21 02:45:42.628 TRACE 29880 --- [           main] o.s.b.f.s.DefaultListableBeanFactory     : Returning cached instance of singleton bean 'org.springframework.transaction.config.internalTransactionAdvisor'
2023-07-21 02:45:42.628 TRACE 29880 --- [           main] o.s.b.f.s.DefaultListableBeanFactory     : Finished creating instance of bean 'hikariPoolDataSourceMetadataProvider'
2023-07-21 02:45:42.633 TRACE 29880 --- [           main] o.s.b.f.s.DefaultListableBeanFactory     : Eagerly caching bean 'org.springframework.boot.autoconfigure.orm.jpa.HibernateJpaConfiguration' to allow for resolving potential circular references
2023-07-21 02:45:42.633 TRACE 29880 --- [           main] o.s.beans.CachedIntrospectionResults     : Getting BeanInfo for class [org.springframework.boot.autoconfigure.orm.jpa.HibernateJpaConfiguration]
2023-07-21 02:45:42.638 TRACE 29880 --- [           main] o.s.beans.CachedIntrospectionResults     : Caching PropertyDescriptors for class [org.springframework.boot.autoconfigure.orm.jpa.HibernateJpaConfiguration]
2023-07-21 02:45:42.638 TRACE 29880 --- [           main] o.s.beans.CachedIntrospectionResults     : Found bean property 'beanFactory' of type [org.springframework.beans.factory.BeanFactory]
2023-07-21 02:45:42.638 TRACE 29880 --- [           main] o.s.beans.CachedIntrospectionResults     : Found bean property 'class' of type [java.lang.Class]
2023-07-21 02:45:42.640 TRACE 29880 --- [           main] o.s.b.f.s.DefaultListableBeanFactory     : Returning cached instance of singleton bean 'metaDataSourceAdvisor'
2023-07-21 02:45:42.640 TRACE 29880 --- [           main] o.s.b.f.s.DefaultListableBeanFactory     : Returning cached instance of singleton bean 'org.springframework.transaction.config.internalTransactionAdvisor'
2023-07-21 02:45:42.641 TRACE 29880 --- [           main] o.s.b.f.s.DefaultListableBeanFactory     : Returning cached instance of singleton bean 'metaDataSourceAdvisor'
2023-07-21 02:45:42.641 TRACE 29880 --- [           main] o.s.b.f.s.DefaultListableBeanFactory     : Returning cached instance of singleton bean 'org.springframework.transaction.config.internalTransactionAdvisor'
2023-07-21 02:45:42.644 TRACE 29880 --- [           main] o.s.b.f.s.DefaultListableBeanFactory     : Finished creating instance of bean 'org.springframework.boot.autoconfigure.orm.jpa.HibernateJpaConfiguration'
2023-07-21 02:45:42.645 DEBUG 29880 --- [           main] o.s.b.f.s.DefaultListableBeanFactory     : Creating shared instance of singleton bean 'entityManagerFactoryBuilder'
2023-07-21 02:45:42.645 TRACE 29880 --- [           main] o.s.b.f.s.DefaultListableBeanFactory     : Creating instance of bean 'entityManagerFactoryBuilder'
2023-07-21 02:45:42.645 TRACE 29880 --- [           main] o.s.b.f.s.DefaultListableBeanFactory     : Returning cached instance of singleton bean 'metaDataSourceAdvisor'
2023-07-21 02:45:42.645 TRACE 29880 --- [           main] o.s.b.f.s.DefaultListableBeanFactory     : Returning cached instance of singleton bean 'org.springframework.transaction.config.internalTransactionAdvisor'
2023-07-21 02:45:42.645 TRACE 29880 --- [           main] o.s.b.f.s.DefaultListableBeanFactory     : Returning cached instance of singleton bean 'org.springframework.boot.autoconfigure.orm.jpa.HibernateJpaConfiguration'
2023-07-21 02:45:42.646 DEBUG 29880 --- [           main] o.s.b.f.s.DefaultListableBeanFactory     : Creating shared instance of singleton bean 'jpaVendorAdapter'
2023-07-21 02:45:42.646 TRACE 29880 --- [           main] o.s.b.f.s.DefaultListableBeanFactory     : Creating instance of bean 'jpaVendorAdapter'
2023-07-21 02:45:42.646 TRACE 29880 --- [           main] o.s.b.f.s.DefaultListableBeanFactory     : Returning cached instance of singleton bean 'metaDataSourceAdvisor'
2023-07-21 02:45:42.646 TRACE 29880 --- [           main] o.s.b.f.s.DefaultListableBeanFactory     : Returning cached instance of singleton bean 'org.springframework.transaction.config.internalTransactionAdvisor'
2023-07-21 02:45:42.646 TRACE 29880 --- [           main] o.s.b.f.s.DefaultListableBeanFactory     : Returning cached instance of singleton bean 'org.springframework.boot.autoconfigure.orm.jpa.HibernateJpaConfiguration'
2023-07-21 02:45:42.661 TRACE 29880 --- [           main] o.s.b.f.s.DefaultListableBeanFactory     : Eagerly caching bean 'jpaVendorAdapter' to allow for resolving potential circular references
2023-07-21 02:45:42.661 TRACE 29880 --- [           main] o.s.beans.CachedIntrospectionResults     : Getting BeanInfo for class [org.springframework.orm.jpa.vendor.HibernateJpaVendorAdapter]
2023-07-21 02:45:42.665 TRACE 29880 --- [           main] o.s.beans.CachedIntrospectionResults     : Caching PropertyDescriptors for class [org.springframework.orm.jpa.vendor.HibernateJpaVendorAdapter]
2023-07-21 02:45:42.665 TRACE 29880 --- [           main] o.s.beans.CachedIntrospectionResults     : Found bean property 'class' of type [java.lang.Class]
2023-07-21 02:45:42.665 TRACE 29880 --- [           main] o.s.beans.CachedIntrospectionResults     : Found bean property 'database' of type [org.springframework.orm.jpa.vendor.Database]
2023-07-21 02:45:42.665 TRACE 29880 --- [           main] o.s.beans.CachedIntrospectionResults     : Found bean property 'databasePlatform' of type [java.lang.String]
2023-07-21 02:45:42.665 TRACE 29880 --- [           main] o.s.beans.CachedIntrospectionResults     : Found bean property 'entityManagerFactoryInterface' of type [java.lang.Class]
2023-07-21 02:45:42.666 TRACE 29880 --- [           main] o.s.beans.CachedIntrospectionResults     : Found bean property 'entityManagerInterface' of type [java.lang.Class]
2023-07-21 02:45:42.666 TRACE 29880 --- [           main] o.s.beans.CachedIntrospectionResults     : Found bean property 'generateDdl' of type [boolean]
2023-07-21 02:45:42.666 TRACE 29880 --- [           main] o.s.beans.CachedIntrospectionResults     : Found bean property 'jpaDialect' of type [org.springframework.orm.jpa.vendor.HibernateJpaDialect]
2023-07-21 02:45:42.666 TRACE 29880 --- [           main] o.s.beans.CachedIntrospectionResults     : Found bean property 'jpaPropertyMap' of type [java.util.Map]
2023-07-21 02:45:42.666 TRACE 29880 --- [           main] o.s.beans.CachedIntrospectionResults     : Found bean property 'persistenceProvider' of type [javax.persistence.spi.PersistenceProvider]
2023-07-21 02:45:42.666 TRACE 29880 --- [           main] o.s.beans.CachedIntrospectionResults     : Found bean property 'persistenceProviderRootPackage' of type [java.lang.String]
2023-07-21 02:45:42.666 TRACE 29880 --- [           main] o.s.beans.CachedIntrospectionResults     : Found bean property 'prepareConnection' of type [boolean]
2023-07-21 02:45:42.666 TRACE 29880 --- [           main] o.s.beans.CachedIntrospectionResults     : Found bean property 'showSql' of type [boolean]
2023-07-21 02:45:42.668 TRACE 29880 --- [           main] o.s.b.f.s.DefaultListableBeanFactory     : Returning cached instance of singleton bean 'metaDataSourceAdvisor'
2023-07-21 02:45:42.668 TRACE 29880 --- [           main] o.s.b.f.s.DefaultListableBeanFactory     : Returning cached instance of singleton bean 'org.springframework.transaction.config.internalTransactionAdvisor'
2023-07-21 02:45:42.668 TRACE 29880 --- [           main] o.s.b.f.s.DefaultListableBeanFactory     : Returning cached instance of singleton bean 'metaDataSourceAdvisor'
2023-07-21 02:45:42.668 TRACE 29880 --- [           main] o.s.b.f.s.DefaultListableBeanFactory     : Returning cached instance of singleton bean 'org.springframework.transaction.config.internalTransactionAdvisor'
2023-07-21 02:45:42.671 TRACE 29880 --- [           main] o.s.b.f.s.DefaultListableBeanFactory     : Finished creating instance of bean 'jpaVendorAdapter'
2023-07-21 02:45:42.671 DEBUG 29880 --- [           main] o.s.b.f.s.DefaultListableBeanFactory     : Autowiring by type from bean name 'entityManagerFactoryBuilder' via factory method to bean named 'jpaVendorAdapter'
2023-07-21 02:45:42.675 TRACE 29880 --- [           main] o.s.b.f.s.DefaultListableBeanFactory     : Eagerly caching bean 'entityManagerFactoryBuilder' to allow for resolving potential circular references
2023-07-21 02:45:42.675 TRACE 29880 --- [           main] o.s.beans.CachedIntrospectionResults     : Getting BeanInfo for class [org.springframework.boot.orm.jpa.EntityManagerFactoryBuilder]
2023-07-21 02:45:42.677 TRACE 29880 --- [           main] o.s.beans.CachedIntrospectionResults     : Caching PropertyDescriptors for class [org.springframework.boot.orm.jpa.EntityManagerFactoryBuilder]
2023-07-21 02:45:42.677 TRACE 29880 --- [           main] o.s.beans.CachedIntrospectionResults     : Found bean property 'bootstrapExecutor' of type [org.springframework.core.task.AsyncTaskExecutor]
2023-07-21 02:45:42.677 TRACE 29880 --- [           main] o.s.beans.CachedIntrospectionResults     : Found bean property 'class' of type [java.lang.Class]
2023-07-21 02:45:42.677 TRACE 29880 --- [           main] o.s.beans.CachedIntrospectionResults     : Found bean property 'persistenceUnitPostProcessors' of type [[Lorg.springframework.orm.jpa.persistenceunit.PersistenceUnitPostProcessor;]
2023-07-21 02:45:42.678 TRACE 29880 --- [           main] o.s.b.f.s.DefaultListableBeanFactory     : Returning cached instance of singleton bean 'metaDataSourceAdvisor'
2023-07-21 02:45:42.678 TRACE 29880 --- [           main] o.s.b.f.s.DefaultListableBeanFactory     : Returning cached instance of singleton bean 'org.springframework.transaction.config.internalTransactionAdvisor'
2023-07-21 02:45:42.678 TRACE 29880 --- [           main] o.s.b.f.s.DefaultListableBeanFactory     : Returning cached instance of singleton bean 'metaDataSourceAdvisor'
2023-07-21 02:45:42.678 TRACE 29880 --- [           main] o.s.b.f.s.DefaultListableBeanFactory     : Returning cached instance of singleton bean 'org.springframework.transaction.config.internalTransactionAdvisor'
2023-07-21 02:45:42.680 TRACE 29880 --- [           main] o.s.b.f.s.DefaultListableBeanFactory     : Finished creating instance of bean 'entityManagerFactoryBuilder'
2023-07-21 02:45:42.680 DEBUG 29880 --- [           main] o.s.b.f.s.DefaultListableBeanFactory     : Autowiring by type from bean name 'entityManagerFactory' via factory method to bean named 'entityManagerFactoryBuilder'
2023-07-21 02:45:42.693 TRACE 29880 --- [           main] o.s.b.f.s.DefaultListableBeanFactory     : No bean named 'org.springframework.boot.autoconfigure.domain.EntityScanPackages' found in org.springframework.beans.factory.support.DefaultListableBeanFactory@732bb66d: defining beans [org.springframework.boot.test.mock.mockito.MockitoPostProcessor$SpyPostProcessor,org.springframework.boot.test.mock.mockito.MockitoPostProcessor,org.springframework.context.annotation.internalConfigurationAnnotationProcessor,org.springframework.context.annotation.internalAutowiredAnnotationProcessor,org.springframework.context.annotation.internalCommonAnnotationProcessor,org.springframework.context.annotation.internalPersistenceAnnotationProcessor,org.springframework.context.event.internalEventListenerProcessor,org.springframework.context.event.internalEventListenerFactory,campApplication,org.springframework.boot.autoconfigure.internalCachingMetadataReaderFactory,appProperties,setupDataLoader,webConfig,webSecurityConfig,authController,commentaireController,publicationController,userController,restResponseEntityExceptionHandler,tokenProvider,customOAuth2UserService,customOidcUserService,httpCookieOAuth2AuthorizationRequestRepository,OAuth2AuthenticationFailureHandler,OAuth2AuthenticationSuccessHandler,commentaireServiceImp,localUserDetailService,publicationServiceImp,userServiceImpl,messageSource,localeResolver,org.springframework.security.config.annotation.configuration.ObjectPostProcessorConfiguration,objectPostProcessor,org.springframework.security.config.annotation.authentication.configuration.AuthenticationConfiguration,authenticationManagerBuilder,enableGlobalAuthenticationAutowiredConfigurer,initializeUserDetailsBeanManagerConfigurer,initializeAuthenticationProviderBeanManagerConfigurer,org.springframework.security.config.annotation.web.configuration.WebSecurityConfiguration,delegatingApplicationListener,webSecurityExpressionHandler,springSecurityFilterChain,privilegeEvaluator,conversionServicePostProcessor,org.springframework.security.config.annotation.web.configuration.WebMvcSecurityConfiguration,requestDataValueProcessor,org.springframework.security.config.annotation.web.configuration.OAuth2ClientConfiguration$OAuth2ClientWebMvcSecurityConfiguration,org.springframework.security.config.annotation.web.configuration.OAuth2ClientConfiguration,org.springframework.security.config.annotation.web.configuration.HttpSecurityConfiguration,org.springframework.security.config.annotation.web.configuration.HttpSecurityConfiguration.httpSecurity,org.springframework.security.config.annotation.method.configuration.GlobalMethodSecurityConfiguration,methodSecurityInterceptor,methodSecurityMetadataSource,preInvocationAuthorizationAdvice,org.springframework.security.config.annotation.method.configuration.Jsr250MetadataSourceConfiguration,jsr250MethodSecurityMetadataSource,tokenAuthenticationFilter,cookieAuthorizationRequestRepository,passwordEncoder,org.springframework.security.authenticationManager,metaDataSourceAdvisor,org.springframework.aop.config.internalAutoProxyCreator,org.springframework.boot.autoconfigure.AutoConfigurationPackages,org.springframework.boot.autoconfigure.context.PropertyPlaceholderAutoConfiguration,propertySourcesPlaceholderConfigurer,org.springframework.boot.autoconfigure.websocket.servlet.WebSocketServletAutoConfiguration$TomcatWebSocketConfiguration,websocketServletWebServerCustomizer,org.springframework.boot.autoconfigure.websocket.servlet.WebSocketServletAutoConfiguration,org.springframework.boot.autoconfigure.web.servlet.ServletWebServerFactoryConfiguration$EmbeddedTomcat,tomcatServletWebServerFactory,org.springframework.boot.autoconfigure.web.servlet.ServletWebServerFactoryAutoConfiguration,servletWebServerFactoryCustomizer,tomcatServletWebServerFactoryCustomizer,org.springframework.boot.context.properties.ConfigurationPropertiesBindingPostProcessor,org.springframework.boot.context.internalConfigurationPropertiesBinderFactory,org.springframework.boot.context.internalConfigurationPropertiesBinder,org.springframework.boot.context.properties.BoundConfigurationProperties,org.springframework.boot.context.properties.EnableConfigurationPropertiesRegistrar.methodValidationExcludeFilter,server-org.springframework.boot.autoconfigure.web.ServerProperties,webServerFactoryCustomizerBeanPostProcessor,errorPageRegistrarBeanPostProcessor,org.springframework.boot.autoconfigure.web.servlet.DispatcherServletAutoConfiguration$DispatcherServletConfiguration,dispatcherServlet,spring.mvc-org.springframework.boot.autoconfigure.web.servlet.WebMvcProperties,org.springframework.boot.autoconfigure.web.servlet.DispatcherServletAutoConfiguration$DispatcherServletRegistrationConfiguration,dispatcherServletRegistration,org.springframework.boot.autoconfigure.web.servlet.DispatcherServletAutoConfiguration,org.springframework.boot.autoconfigure.task.TaskExecutionAutoConfiguration,taskExecutorBuilder,applicationTaskExecutor,spring.task.execution-org.springframework.boot.autoconfigure.task.TaskExecutionProperties,org.springframework.boot.autoconfigure.validation.ValidationAutoConfiguration,defaultValidator,methodValidationPostProcessor,org.springframework.boot.autoconfigure.web.servlet.error.ErrorMvcAutoConfiguration$WhitelabelErrorViewConfiguration,error,beanNameViewResolver,org.springframework.boot.autoconfigure.web.servlet.error.ErrorMvcAutoConfiguration$DefaultErrorViewResolverConfiguration,conventionErrorViewResolver,spring.web-org.springframework.boot.autoconfigure.web.WebProperties,org.springframework.boot.autoconfigure.web.servlet.error.ErrorMvcAutoConfiguration,errorAttributes,basicErrorController,errorPageCustomizer,preserveErrorControllerTargetClassPostProcessor,org.springframework.boot.autoconfigure.web.servlet.WebMvcAutoConfiguration$EnableWebMvcConfiguration,requestMappingHandlerAdapter,welcomePageHandlerMapping,welcomePageNotAcceptableHandlerMapping,themeResolver,flashMapManager,mvcConversionService,mvcValidator,mvcContentNegotiationManager,requestMappingHandlerMapping,mvcPatternParser,mvcUrlPathHelper,mvcPathMatcher,viewControllerHandlerMapping,beanNameHandlerMapping,routerFunctionMapping,resourceHandlerMapping,mvcResourceUrlProvider,defaultServletHandlerMapping,handlerFunctionAdapter,mvcUriComponentsContributor,httpRequestHandlerAdapter,simpleControllerHandlerAdapter,handlerExceptionResolver,mvcViewResolver,mvcHandlerMappingIntrospector,viewNameTranslator,org.springframework.boot.autoconfigure.web.servlet.WebMvcAutoConfiguration$WebMvcAutoConfigurationAdapter,defaultViewResolver,viewResolver,requestContextFilter,org.springframework.boot.autoconfigure.web.servlet.WebMvcAutoConfiguration,formContentFilter,org.springframework.boot.autoconfigure.aop.AopAutoConfiguration$AspectJAutoProxyingConfiguration$CglibAutoProxyConfiguration,org.springframework.boot.autoconfigure.aop.AopAutoConfiguration$AspectJAutoProxyingConfiguration,org.springframework.boot.autoconfigure.aop.AopAutoConfiguration,org.springframework.boot.autoconfigure.availability.ApplicationAvailabilityAutoConfiguration,applicationAvailability,org.springframework.boot.autoconfigure.jackson.JacksonAutoConfiguration$Jackson2ObjectMapperBuilderCustomizerConfiguration,standardJacksonObjectMapperBuilderCustomizer,spring.jackson-org.springframework.boot.autoconfigure.jackson.JacksonProperties,org.springframework.boot.autoconfigure.jackson.JacksonAutoConfiguration$JacksonObjectMapperBuilderConfiguration,jacksonObjectMapperBuilder,org.springframework.boot.autoconfigure.jackson.JacksonAutoConfiguration$ParameterNamesModuleConfiguration,parameterNamesModule,org.springframework.boot.autoconfigure.jackson.JacksonAutoConfiguration$JacksonObjectMapperConfiguration,jacksonObjectMapper,org.springframework.boot.autoconfigure.jackson.JacksonAutoConfiguration,jsonComponentModule,jsonMixinModule,org.springframework.boot.autoconfigure.transaction.jta.JtaAutoConfiguration,org.springframework.boot.autoconfigure.jdbc.DataSourceConfiguration$Hikari,dataSource,org.springframework.boot.autoconfigure.jdbc.DataSourceAutoConfiguration$PooledDataSourceConfiguration,org.springframework.boot.autoconfigure.jdbc.metadata.DataSourcePoolMetadataProvidersConfiguration$HikariPoolDataSourceMetadataProviderConfiguration,hikariPoolDataSourceMetadataProvider,org.springframework.boot.autoconfigure.jdbc.metadata.DataSourcePoolMetadataProvidersConfiguration,org.springframework.boot.autoconfigure.jdbc.DataSourceAutoConfiguration,spring.datasource-org.springframework.boot.autoconfigure.jdbc.DataSourceProperties,org.springframework.boot.autoconfigure.orm.jpa.JpaBaseConfiguration$JpaWebConfiguration,openEntityManagerInViewInterceptor,openEntityManagerInViewInterceptorConfigurer,org.springframework.boot.autoconfigure.orm.jpa.HibernateJpaConfiguration,transactionManager,jpaVendorAdapter,entityManagerFactoryBuilder,entityManagerFactory,spring.jpa.hibernate-org.springframework.boot.autoconfigure.orm.jpa.HibernateProperties,spring.jpa-org.springframework.boot.autoconfigure.orm.jpa.JpaProperties,org.springframework.boot.autoconfigure.orm.jpa.HibernateJpaAutoConfiguration,org.springframework.boot.autoconfigure.context.ConfigurationPropertiesAutoConfiguration,org.springframework.boot.autoconfigure.context.LifecycleAutoConfiguration,lifecycleProcessor,spring.lifecycle-org.springframework.boot.autoconfigure.context.LifecycleProperties,org.springframework.boot.autoconfigure.dao.PersistenceExceptionTranslationAutoConfiguration,persistenceExceptionTranslationPostProcessor,org.springframework.boot.autoconfigure.data.jpa.JpaRepositoriesAutoConfiguration,emBeanDefinitionRegistrarPostProcessor,jpaMappingContext,jpaContext,org.springframework.data.jpa.util.JpaMetamodelCacheCleanup,org.springframework.data.jpa.repository.support.JpaEvaluationContextExtension,commentaireRepository,userRepository,roleRepository,publicationRepository,org.springframework.boot.autoconfigure.http.HttpMessageConvertersAutoConfiguration$StringHttpMessageConverterConfiguration,stringHttpMessageConverter,org.springframework.boot.autoconfigure.http.JacksonHttpMessageConvertersConfiguration$MappingJackson2HttpMessageConverterConfiguration,mappingJackson2HttpMessageConverter,org.springframework.boot.autoconfigure.http.JacksonHttpMessageConvertersConfiguration,org.springframework.boot.autoconfigure.http.HttpMessageConvertersAutoConfiguration,messageConverters,org.springframework.data.web.config.ProjectingArgumentResolverRegistrar,projectingArgumentResolverBeanPostProcessor,org.springframework.data.web.config.SpringDataWebConfiguration,pageableResolver,sortResolver,org.springframework.data.web.config.SpringDataJacksonConfiguration,jacksonGeoModule,org.springframework.boot.autoconfigure.data.web.SpringDataWebAutoConfiguration,pageableCustomizer,sortCustomizer,spring.data.web-org.springframework.boot.autoconfigure.data.web.SpringDataWebProperties,org.springframework.boot.autoconfigure.info.ProjectInfoAutoConfiguration,spring.info-org.springframework.boot.autoconfigure.info.ProjectInfoProperties,org.springframework.boot.autoconfigure.jdbc.JdbcTemplateConfiguration,jdbcTemplate,org.springframework.boot.autoconfigure.jdbc.NamedParameterJdbcTemplateConfiguration,namedParameterJdbcTemplate,org.springframework.boot.autoconfigure.jdbc.JdbcTemplateAutoConfiguration,spring.jdbc-org.springframework.boot.autoconfigure.jdbc.JdbcProperties,org.springframework.boot.sql.init.dependency.DatabaseInitializationDependencyConfigurer$DependsOnDatabaseInitializationPostProcessor,org.springframework.boot.autoconfigure.security.oauth2.client.servlet.OAuth2ClientRegistrationRepositoryConfiguration,clientRegistrationRepository,spring.security.oauth2.client-org.springframework.boot.autoconfigure.security.oauth2.client.OAuth2ClientProperties,org.springframework.boot.autoconfigure.security.oauth2.client.servlet.OAuth2WebSecurityConfiguration,authorizedClientService,authorizedClientRepository,org.springframework.boot.autoconfigure.security.oauth2.client.servlet.OAuth2ClientAutoConfiguration,org.springframework.boot.autoconfigure.security.servlet.SpringBootWebSecurityConfiguration$ErrorPageSecurityFilterConfiguration,errorPageSecurityFilter,org.springframework.boot.autoconfigure.security.servlet.SpringBootWebSecurityConfiguration,org.springframework.boot.autoconfigure.security.servlet.SecurityAutoConfiguration,authenticationEventPublisher,spring.security-org.springframework.boot.autoconfigure.security.SecurityProperties,org.springframework.boot.autoconfigure.security.servlet.SecurityFilterAutoConfiguration,securityFilterChainRegistration,org.springframework.boot.autoconfigure.sql.init.DataSourceInitializationConfiguration,dataSourceScriptDatabaseInitializer,org.springframework.boot.autoconfigure.sql.init.SqlInitializationAutoConfiguration,spring.sql.init-org.springframework.boot.autoconfigure.sql.init.SqlInitializationProperties,org.springframework.boot.autoconfigure.task.TaskSchedulingAutoConfiguration,taskSchedulerBuilder,spring.task.scheduling-org.springframework.boot.autoconfigure.task.TaskSchedulingProperties,org.springframework.boot.autoconfigure.jdbc.DataSourceTransactionManagerAutoConfiguration$JdbcTransactionManagerConfiguration,org.springframework.boot.autoconfigure.jdbc.DataSourceTransactionManagerAutoConfiguration,org.springframework.transaction.annotation.ProxyTransactionManagementConfiguration,org.springframework.transaction.config.internalTransactionAdvisor,transactionAttributeSource,transactionInterceptor,org.springframework.transaction.config.internalTransactionalEventListenerFactory,org.springframework.boot.autoconfigure.transaction.TransactionAutoConfiguration$EnableTransactionManagementConfiguration$CglibAutoProxyConfiguration,org.springframework.boot.autoconfigure.transaction.TransactionAutoConfiguration$EnableTransactionManagementConfiguration,org.springframework.boot.autoconfigure.transaction.TransactionAutoConfiguration$TransactionTemplateConfiguration,transactionTemplate,org.springframework.boot.autoconfigure.transaction.TransactionAutoConfiguration,platformTransactionManagerCustomizers,spring.transaction-org.springframework.boot.autoconfigure.transaction.TransactionProperties,org.springframework.boot.autoconfigure.web.client.RestTemplateAutoConfiguration,restTemplateBuilderConfigurer,restTemplateBuilder,org.springframework.boot.autoconfigure.web.servlet.HttpEncodingAutoConfiguration,characterEncodingFilter,localeCharsetMappingsCustomizer,org.springframework.boot.autoconfigure.web.servlet.MultipartAutoConfiguration,multipartConfigElement,multipartResolver,spring.servlet.multipart-org.springframework.boot.autoconfigure.web.servlet.MultipartProperties,org.springframework.orm.jpa.SharedEntityManagerCreator#0]; root of factory hierarchy
2023-07-21 02:45:42.694 TRACE 29880 --- [           main] o.s.b.f.s.DefaultListableBeanFactory     : Returning cached instance of singleton bean 'org.springframework.boot.autoconfigure.AutoConfigurationPackages'
2023-07-21 02:45:42.694 TRACE 29880 --- [           main] o.s.b.f.s.DefaultListableBeanFactory     : Returning cached instance of singleton bean 'org.springframework.boot.autoconfigure.AutoConfigurationPackages'
2023-07-21 02:45:42.704 TRACE 29880 --- [           main] o.s.b.f.s.DefaultListableBeanFactory     : Eagerly caching bean 'entityManagerFactory' to allow for resolving potential circular references
2023-07-21 02:45:42.704 TRACE 29880 --- [           main] o.s.beans.CachedIntrospectionResults     : Getting BeanInfo for class [org.springframework.orm.jpa.LocalContainerEntityManagerFactoryBean]
2023-07-21 02:45:42.709 TRACE 29880 --- [           main] o.s.beans.CachedIntrospectionResults     : Caching PropertyDescriptors for class [org.springframework.orm.jpa.LocalContainerEntityManagerFactoryBean]
2023-07-21 02:45:42.709 TRACE 29880 --- [           main] o.s.beans.CachedIntrospectionResults     : Found bean property 'beanClassLoader' of type [java.lang.ClassLoader]
2023-07-21 02:45:42.709 TRACE 29880 --- [           main] o.s.beans.CachedIntrospectionResults     : Found bean property 'beanFactory' of type [org.springframework.beans.factory.BeanFactory]
2023-07-21 02:45:42.709 TRACE 29880 --- [           main] o.s.beans.CachedIntrospectionResults     : Found bean property 'beanName' of type [java.lang.String]
2023-07-21 02:45:42.709 TRACE 29880 --- [           main] o.s.beans.CachedIntrospectionResults     : Found bean property 'bootstrapExecutor' of type [org.springframework.core.task.AsyncTaskExecutor]
2023-07-21 02:45:42.709 TRACE 29880 --- [           main] o.s.beans.CachedIntrospectionResults     : Found bean property 'class' of type [java.lang.Class]
2023-07-21 02:45:42.709 TRACE 29880 --- [           main] o.s.beans.CachedIntrospectionResults     : Found bean property 'dataSource' of type [javax.sql.DataSource]
2023-07-21 02:45:42.709 TRACE 29880 --- [           main] o.s.beans.CachedIntrospectionResults     : Found bean property 'entityManagerFactoryInterface' of type [java.lang.Class]
2023-07-21 02:45:42.709 TRACE 29880 --- [           main] o.s.beans.CachedIntrospectionResults     : Found bean property 'entityManagerInitializer' of type [java.util.function.Consumer]
2023-07-21 02:45:42.710 TRACE 29880 --- [           main] o.s.beans.CachedIntrospectionResults     : Found bean property 'entityManagerInterface' of type [java.lang.Class]
2023-07-21 02:45:42.710 TRACE 29880 --- [           main] o.s.beans.CachedIntrospectionResults     : Found bean property 'jpaDialect' of type [org.springframework.orm.jpa.JpaDialect]
2023-07-21 02:45:42.710 TRACE 29880 --- [           main] o.s.beans.CachedIntrospectionResults     : Found bean property 'jpaProperties' of type [java.util.Properties]
2023-07-21 02:45:42.710 TRACE 29880 --- [           main] o.s.beans.CachedIntrospectionResults     : Found bean property 'jpaPropertyMap' of type [java.util.Map]
2023-07-21 02:45:42.710 TRACE 29880 --- [           main] o.s.beans.CachedIntrospectionResults     : Found bean property 'jpaVendorAdapter' of type [org.springframework.orm.jpa.JpaVendorAdapter]
2023-07-21 02:45:42.710 TRACE 29880 --- [           main] o.s.beans.CachedIntrospectionResults     : Found bean property 'jtaDataSource' of type [javax.sql.DataSource]
2023-07-21 02:45:42.710 TRACE 29880 --- [           main] o.s.beans.CachedIntrospectionResults     : Found bean property 'loadTimeWeaver' of type [org.springframework.instrument.classloading.LoadTimeWeaver]
2023-07-21 02:45:42.710 TRACE 29880 --- [           main] o.s.beans.CachedIntrospectionResults     : Found bean property 'mappingResources' of type [[Ljava.lang.String;]
2023-07-21 02:45:42.710 TRACE 29880 --- [           main] o.s.beans.CachedIntrospectionResults     : Found bean property 'nativeEntityManagerFactory' of type [javax.persistence.EntityManagerFactory]
2023-07-21 02:45:42.710 TRACE 29880 --- [           main] o.s.beans.CachedIntrospectionResults     : Found bean property 'object' of type [javax.persistence.EntityManagerFactory]
2023-07-21 02:45:42.710 TRACE 29880 --- [           main] o.s.beans.CachedIntrospectionResults     : Found bean property 'objectType' of type [java.lang.Class]
2023-07-21 02:45:42.710 TRACE 29880 --- [           main] o.s.beans.CachedIntrospectionResults     : Found bean property 'packagesToScan' of type [[Ljava.lang.String;]
2023-07-21 02:45:42.710 TRACE 29880 --- [           main] o.s.beans.CachedIntrospectionResults     : Found bean property 'persistenceProvider' of type [javax.persistence.spi.PersistenceProvider]
2023-07-21 02:45:42.710 TRACE 29880 --- [           main] o.s.beans.CachedIntrospectionResults     : Found bean property 'persistenceProviderClass' of type [java.lang.Class]
2023-07-21 02:45:42.710 TRACE 29880 --- [           main] o.s.beans.CachedIntrospectionResults     : Found bean property 'persistenceUnitInfo' of type [javax.persistence.spi.PersistenceUnitInfo]
2023-07-21 02:45:42.710 TRACE 29880 --- [           main] o.s.beans.CachedIntrospectionResults     : Found bean property 'persistenceUnitManager' of type [org.springframework.orm.jpa.persistenceunit.PersistenceUnitManager]
2023-07-21 02:45:42.710 TRACE 29880 --- [           main] o.s.beans.CachedIntrospectionResults     : Found bean property 'persistenceUnitName' of type [java.lang.String]
2023-07-21 02:45:42.710 TRACE 29880 --- [           main] o.s.beans.CachedIntrospectionResults     : Found bean property 'persistenceUnitPostProcessors' of type [[Lorg.springframework.orm.jpa.persistenceunit.PersistenceUnitPostProcessor;]
2023-07-21 02:45:42.710 TRACE 29880 --- [           main] o.s.beans.CachedIntrospectionResults     : Found bean property 'persistenceUnitRootLocation' of type [java.lang.String]
2023-07-21 02:45:42.710 TRACE 29880 --- [           main] o.s.beans.CachedIntrospectionResults     : Found bean property 'persistenceXmlLocation' of type [java.lang.String]
2023-07-21 02:45:42.710 TRACE 29880 --- [           main] o.s.beans.CachedIntrospectionResults     : Found bean property 'resourceLoader' of type [org.springframework.core.io.ResourceLoader]
2023-07-21 02:45:42.710 TRACE 29880 --- [           main] o.s.beans.CachedIntrospectionResults     : Found bean property 'sharedCacheMode' of type [javax.persistence.SharedCacheMode]
2023-07-21 02:45:42.710 TRACE 29880 --- [           main] o.s.beans.CachedIntrospectionResults     : Found bean property 'singleton' of type [boolean]
2023-07-21 02:45:42.710 TRACE 29880 --- [           main] o.s.beans.CachedIntrospectionResults     : Found bean property 'validationMode' of type [javax.persistence.ValidationMode]
2023-07-21 02:45:42.726 TRACE 29880 --- [           main] o.s.b.f.s.DefaultListableBeanFactory     : Invoking afterPropertiesSet() on bean with name 'entityManagerFactory'
2023-07-21 02:45:42.732 TRACE 29880 --- [           main] .i.s.PathMatchingResourcePatternResolver : Resolved classpath location [META-INF/persistence.xml] to resources []
2023-07-21 02:45:42.734 TRACE 29880 --- [           main] .i.s.PathMatchingResourcePatternResolver : Resolved classpath location [com/camping/camp/] to resources [URL [file:/C:/Users/m.essid/Desktop/Camp/camp/target/test-classes/com/camping/camp/], URL [file:/C:/Users/m.essid/Desktop/Camp/camp/target/classes/com/camping/camp/]]
2023-07-21 02:45:42.734 TRACE 29880 --- [           main] .i.s.PathMatchingResourcePatternResolver : Looking for matching resources in directory tree [C:\Users\m.essid\Desktop\Camp\camp\target\test-classes\com\camping\camp]
2023-07-21 02:45:42.734 TRACE 29880 --- [           main] .i.s.PathMatchingResourcePatternResolver : Searching directory [C:\Users\m.essid\Desktop\Camp\camp\target\test-classes\com\camping\camp] for files matching pattern [C:/Users/m.essid/Desktop/Camp/camp/target/test-classes/com/camping/camp/**/*.class]
2023-07-21 02:45:42.735 TRACE 29880 --- [           main] .i.s.PathMatchingResourcePatternResolver : Looking for matching resources in directory tree [C:\Users\m.essid\Desktop\Camp\camp\target\classes\com\camping\camp]
2023-07-21 02:45:42.735 TRACE 29880 --- [           main] .i.s.PathMatchingResourcePatternResolver : Searching directory [C:\Users\m.essid\Desktop\Camp\camp\target\classes\com\camping\camp] for files matching pattern [C:/Users/m.essid/Desktop/Camp/camp/target/classes/com/camping/camp/**/*.class]
2023-07-21 02:45:42.736 TRACE 29880 --- [           main] .i.s.PathMatchingResourcePatternResolver : Searching directory [C:\Users\m.essid\Desktop\Camp\camp\target\classes\com\camping\camp\Configuration] for files matching pattern [C:/Users/m.essid/Desktop/Camp/camp/target/classes/com/camping/camp/**/*.class]
2023-07-21 02:45:42.738 TRACE 29880 --- [           main] .i.s.PathMatchingResourcePatternResolver : Searching directory [C:\Users\m.essid\Desktop\Camp\camp\target\classes\com\camping\camp\Controllers] for files matching pattern [C:/Users/m.essid/Desktop/Camp/camp/target/classes/com/camping/camp/**/*.class]
2023-07-21 02:45:42.738 TRACE 29880 --- [           main] .i.s.PathMatchingResourcePatternResolver : Searching directory [C:\Users\m.essid\Desktop\Camp\camp\target\classes\com\camping\camp\Exception] for files matching pattern [C:/Users/m.essid/Desktop/Camp/camp/target/classes/com/camping/camp/**/*.class]
2023-07-21 02:45:42.739 TRACE 29880 --- [           main] .i.s.PathMatchingResourcePatternResolver : Searching directory [C:\Users\m.essid\Desktop\Camp\camp\target\classes\com\camping\camp\Exception\handler] for files matching pattern [C:/Users/m.essid/Desktop/Camp/camp/target/classes/com/camping/camp/**/*.class]
2023-07-21 02:45:42.739 TRACE 29880 --- [           main] .i.s.PathMatchingResourcePatternResolver : Searching directory [C:\Users\m.essid\Desktop\Camp\camp\target\classes\com\camping\camp\Security] for files matching pattern [C:/Users/m.essid/Desktop/Camp/camp/target/classes/com/camping/camp/**/*.class]
2023-07-21 02:45:42.739 TRACE 29880 --- [           main] .i.s.PathMatchingResourcePatternResolver : Searching directory [C:\Users\m.essid\Desktop\Camp\camp\target\classes\com\camping\camp\Security\Jwt] for files matching pattern [C:/Users/m.essid/Desktop/Camp/camp/target/classes/com/camping/camp/**/*.class]
2023-07-21 02:45:42.741 TRACE 29880 --- [           main] .i.s.PathMatchingResourcePatternResolver : Searching directory [C:\Users\m.essid\Desktop\Camp\camp\target\classes\com\camping\camp\Security\oauth2] for files matching pattern [C:/Users/m.essid/Desktop/Camp/camp/target/classes/com/camping/camp/**/*.class]
2023-07-21 02:45:42.741 TRACE 29880 --- [           main] .i.s.PathMatchingResourcePatternResolver : Searching directory [C:\Users\m.essid\Desktop\Camp\camp\target\classes\com\camping\camp\Util] for files matching pattern [C:/Users/m.essid/Desktop/Camp/camp/target/classes/com/camping/camp/**/*.class]
2023-07-21 02:45:42.742 TRACE 29880 --- [           main] .i.s.PathMatchingResourcePatternResolver : Searching directory [C:\Users\m.essid\Desktop\Camp\camp\target\classes\com\camping\camp\Validator] for files matching pattern [C:/Users/m.essid/Desktop/Camp/camp/target/classes/com/camping/camp/**/*.class]
2023-07-21 02:45:42.742 TRACE 29880 --- [           main] .i.s.PathMatchingResourcePatternResolver : Searching directory [C:\Users\m.essid\Desktop\Camp\camp\target\classes\com\camping\camp\dto] for files matching pattern [C:/Users/m.essid/Desktop/Camp/camp/target/classes/com/camping/camp/**/*.class]
2023-07-21 02:45:42.743 TRACE 29880 --- [           main] .i.s.PathMatchingResourcePatternResolver : Searching directory [C:\Users\m.essid\Desktop\Camp\camp\target\classes\com\camping\camp\entities] for files matching pattern [C:/Users/m.essid/Desktop/Camp/camp/target/classes/com/camping/camp/**/*.class]
2023-07-21 02:45:42.744 TRACE 29880 --- [           main] .i.s.PathMatchingResourcePatternResolver : Searching directory [C:\Users\m.essid\Desktop\Camp\camp\target\classes\com\camping\camp\repositories] for files matching pattern [C:/Users/m.essid/Desktop/Camp/camp/target/classes/com/camping/camp/**/*.class]
2023-07-21 02:45:42.744 TRACE 29880 --- [           main] .i.s.PathMatchingResourcePatternResolver : Searching directory [C:\Users\m.essid\Desktop\Camp\camp\target\classes\com\camping\camp\services] for files matching pattern [C:/Users/m.essid/Desktop/Camp/camp/target/classes/com/camping/camp/**/*.class]
2023-07-21 02:45:42.745 TRACE 29880 --- [           main] .i.s.PathMatchingResourcePatternResolver : Searching directory [C:\Users\m.essid\Desktop\Camp\camp\target\classes\com\camping\camp\services\Impl] for files matching pattern [C:/Users/m.essid/Desktop/Camp/camp/target/classes/com/camping/camp/**/*.class]
2023-07-21 02:45:42.748 TRACE 29880 --- [           main] .i.s.PathMatchingResourcePatternResolver : Resolved location pattern [classpath*:com/camping/camp/**/*.class] to resources [file [C:\Users\m.essid\Desktop\Camp\camp\target\test-classes\com\camping\camp\CampApplicationTests.class], file [C:\Users\m.essid\Desktop\Camp\camp\target\classes\com\camping\camp\CampApplication.class], file [C:\Users\m.essid\Desktop\Camp\camp\target\classes\com\camping\camp\Configuration\AppProperties$Auth.class], file [C:\Users\m.essid\Desktop\Camp\camp\target\classes\com\camping\camp\Configuration\AppProperties$OAuth2.class], file [C:\Users\m.essid\Desktop\Camp\camp\target\classes\com\camping\camp\Configuration\AppProperties.class], file [C:\Users\m.essid\Desktop\Camp\camp\target\classes\com\camping\camp\Configuration\CurrentUser.class], file [C:\Users\m.essid\Desktop\Camp\camp\target\classes\com\camping\camp\Configuration\RestAuthenticationEntryPoint.class], file [C:\Users\m.essid\Desktop\Camp\camp\target\classes\com\camping\camp\Configuration\SetupDataLoader.class], file [C:\Users\m.essid\Desktop\Camp\camp\target\classes\com\camping\camp\Configuration\WebConfig.class], file [C:\Users\m.essid\Desktop\Camp\camp\target\classes\com\camping\camp\Configuration\WebSecurityConfig.class], file [C:\Users\m.essid\Desktop\Camp\camp\target\classes\com\camping\camp\Controllers\AuthController.class], file [C:\Users\m.essid\Desktop\Camp\camp\target\classes\com\camping\camp\Controllers\CommentaireController.class], file [C:\Users\m.essid\Desktop\Camp\camp\target\classes\com\camping\camp\Controllers\PublicationController.class], file [C:\Users\m.essid\Desktop\Camp\camp\target\classes\com\camping\camp\Controllers\UserController.class], file [C:\Users\m.essid\Desktop\Camp\camp\target\classes\com\camping\camp\Exception\BadRequestException.class], file [C:\Users\m.essid\Desktop\Camp\camp\target\classes\com\camping\camp\Exception\OAuth2AuthenticationProcessingException.class], file [C:\Users\m.essid\Desktop\Camp\camp\target\classes\com\camping\camp\Exception\ResourceNotFoundException.class], file [C:\Users\m.essid\Desktop\Camp\camp\target\classes\com\camping\camp\Exception\UserAlreadyExistAuthenticationException.class], file [C:\Users\m.essid\Desktop\Camp\camp\target\classes\com\camping\camp\Exception\handler\RestResponseEntityExceptionHandler.class], file [C:\Users\m.essid\Desktop\Camp\camp\target\classes\com\camping\camp\Security\Jwt\TokenAuthenticationFilter.class], file [C:\Users\m.essid\Desktop\Camp\camp\target\classes\com\camping\camp\Security\Jwt\TokenProvider.class], file [C:\Users\m.essid\Desktop\Camp\camp\target\classes\com\camping\camp\Security\oauth2\CustomOAuth2UserService.class], file [C:\Users\m.essid\Desktop\Camp\camp\target\classes\com\camping\camp\Security\oauth2\CustomOidcUserService.class], file [C:\Users\m.essid\Desktop\Camp\camp\target\classes\com\camping\camp\Security\oauth2\FacebookOAuth2UserInfo.class], file [C:\Users\m.essid\Desktop\Camp\camp\target\classes\com\camping\camp\Security\oauth2\GithubOAuth2UserInfo.class], file [C:\Users\m.essid\Desktop\Camp\camp\target\classes\com\camping\camp\Security\oauth2\GoogleOAuth2UserInfo.class], file [C:\Users\m.essid\Desktop\Camp\camp\target\classes\com\camping\camp\Security\oauth2\HttpCookieOAuth2AuthorizationRequestRepository.class], file [C:\Users\m.essid\Desktop\Camp\camp\target\classes\com\camping\camp\Security\oauth2\LinkedinOAuth2UserInfo.class], file [C:\Users\m.essid\Desktop\Camp\camp\target\classes\com\camping\camp\Security\oauth2\OAuth2AccessTokenResponseConverterWithDefaults.class], file [C:\Users\m.essid\Desktop\Camp\camp\target\classes\com\camping\camp\Security\oauth2\OAuth2AuthenticationFailureHandler.class], file [C:\Users\m.essid\Desktop\Camp\camp\target\classes\com\camping\camp\Security\oauth2\OAuth2AuthenticationSuccessHandler.class], file [C:\Users\m.essid\Desktop\Camp\camp\target\classes\com\camping\camp\Security\oauth2\OAuth2UserInfo.class], file [C:\Users\m.essid\Desktop\Camp\camp\target\classes\com\camping\camp\Security\oauth2\OAuth2UserInfoFactory.class], file [C:\Users\m.essid\Desktop\Camp\camp\target\classes\com\camping\camp\Util\CookieUtils.class], file [C:\Users\m.essid\Desktop\Camp\camp\target\classes\com\camping\camp\Util\GeneralUtils.class], file [C:\Users\m.essid\Desktop\Camp\camp\target\classes\com\camping\camp\Validator\PasswordMatches.class], file [C:\Users\m.essid\Desktop\Camp\camp\target\classes\com\camping\camp\Validator\PasswordMatchesValidator.class], file [C:\Users\m.essid\Desktop\Camp\camp\target\classes\com\camping\camp\dto\ApiResponse.class], file [C:\Users\m.essid\Desktop\Camp\camp\target\classes\com\camping\camp\dto\CommentaireDto.class], file [C:\Users\m.essid\Desktop\Camp\camp\target\classes\com\camping\camp\dto\JwtAuthenticationResponse.class], file [C:\Users\m.essid\Desktop\Camp\camp\target\classes\com\camping\camp\dto\LocalUser.class], file [C:\Users\m.essid\Desktop\Camp\camp\target\classes\com\camping\camp\dto\LoginRequest.class], file [C:\Users\m.essid\Desktop\Camp\camp\target\classes\com\camping\camp\dto\PublicationDto.class], file [C:\Users\m.essid\Desktop\Camp\camp\target\classes\com\camping\camp\dto\SignUpRequest$Builder.class], file [C:\Users\m.essid\Desktop\Camp\camp\target\classes\com\camping\camp\dto\SignUpRequest.class], file [C:\Users\m.essid\Desktop\Camp\camp\target\classes\com\camping\camp\dto\SocialProvider.class], file [C:\Users\m.essid\Desktop\Camp\camp\target\classes\com\camping\camp\dto\TitleDto.class], file [C:\Users\m.essid\Desktop\Camp\camp\target\classes\com\camping\camp\dto\UserInfo.class], file [C:\Users\m.essid\Desktop\Camp\camp\target\classes\com\camping\camp\entities\Commentaire.class], file [C:\Users\m.essid\Desktop\Camp\camp\target\classes\com\camping\camp\entities\Publication.class], file [C:\Users\m.essid\Desktop\Camp\camp\target\classes\com\camping\camp\entities\Role.class], file [C:\Users\m.essid\Desktop\Camp\camp\target\classes\com\camping\camp\entities\User.class], file [C:\Users\m.essid\Desktop\Camp\camp\target\classes\com\camping\camp\entities\campCenter.class], file [C:\Users\m.essid\Desktop\Camp\camp\target\classes\com\camping\camp\entities\category.class], file [C:\Users\m.essid\Desktop\Camp\camp\target\classes\com\camping\camp\entities\complaint.class], file [C:\Users\m.essid\Desktop\Camp\camp\target\classes\com\camping\camp\entities\products.class], file [C:\Users\m.essid\Desktop\Camp\camp\target\classes\com\camping\camp\repositories\CommentaireRepository.class], file [C:\Users\m.essid\Desktop\Camp\camp\target\classes\com\camping\camp\repositories\PublicationRepository.class], file [C:\Users\m.essid\Desktop\Camp\camp\target\classes\com\camping\camp\repositories\RoleRepository.class], file [C:\Users\m.essid\Desktop\Camp\camp\target\classes\com\camping\camp\repositories\UserRepository.class], file [C:\Users\m.essid\Desktop\Camp\camp\target\classes\com\camping\camp\services\Impl\CommentaireServiceImp.class], file [C:\Users\m.essid\Desktop\Camp\camp\target\classes\com\camping\camp\services\Impl\LocalUserDetailService.class], file [C:\Users\m.essid\Desktop\Camp\camp\target\classes\com\camping\camp\services\Impl\PublicationServiceImp.class], file [C:\Users\m.essid\Desktop\Camp\camp\target\classes\com\camping\camp\services\Impl\UserServiceImpl.class], file [C:\Users\m.essid\Desktop\Camp\camp\target\classes\com\camping\camp\services\UserService.class]]
2023-07-21 02:45:42.754 DEBUG 29880 --- [           main] j.LocalContainerEntityManagerFactoryBean : Building JPA container EntityManagerFactory for persistence unit 'default'
2023-07-21 02:45:42.784  INFO 29880 --- [           main] o.hibernate.jpa.internal.util.LogHelper  : HHH000204: Processing PersistenceUnitInfo [name: default]
2023-07-21 02:45:42.931  INFO 29880 --- [           main] org.hibernate.Version                    : HHH000412: Hibernate ORM core version 5.6.15.Final
2023-07-21 02:45:43.262  INFO 29880 --- [           main] o.hibernate.annotations.common.Version   : HCANN000001: Hibernate Commons Annotations {5.1.2.Final}
2023-07-21 02:45:43.589 DEBUG 29880 --- [           main] org.hibernate.type.BasicTypeRegistry     : Adding type registration boolean -> org.hibernate.type.BooleanType@5ea7bc4
2023-07-21 02:45:43.589 DEBUG 29880 --- [           main] org.hibernate.type.BasicTypeRegistry     : Adding type registration boolean -> org.hibernate.type.BooleanType@5ea7bc4
2023-07-21 02:45:43.589 DEBUG 29880 --- [           main] org.hibernate.type.BasicTypeRegistry     : Adding type registration java.lang.Boolean -> org.hibernate.type.BooleanType@5ea7bc4
2023-07-21 02:45:43.590 DEBUG 29880 --- [           main] org.hibernate.type.BasicTypeRegistry     : Adding type registration numeric_boolean -> org.hibernate.type.NumericBooleanType@7a64cb0c
2023-07-21 02:45:43.590 DEBUG 29880 --- [           main] org.hibernate.type.BasicTypeRegistry     : Adding type registration true_false -> org.hibernate.type.TrueFalseType@29bbc63c
2023-07-21 02:45:43.592 DEBUG 29880 --- [           main] org.hibernate.type.BasicTypeRegistry     : Adding type registration yes_no -> org.hibernate.type.YesNoType@743c3520
2023-07-21 02:45:43.593 DEBUG 29880 --- [           main] org.hibernate.type.BasicTypeRegistry     : Adding type registration byte -> org.hibernate.type.ByteType@120aa40b
2023-07-21 02:45:43.593 DEBUG 29880 --- [           main] org.hibernate.type.BasicTypeRegistry     : Adding type registration byte -> org.hibernate.type.ByteType@120aa40b
2023-07-21 02:45:43.593 DEBUG 29880 --- [           main] org.hibernate.type.BasicTypeRegistry     : Adding type registration java.lang.Byte -> org.hibernate.type.ByteType@120aa40b
2023-07-21 02:45:43.595 DEBUG 29880 --- [           main] org.hibernate.type.BasicTypeRegistry     : Adding type registration character -> org.hibernate.type.CharacterType@430df350
2023-07-21 02:45:43.595 DEBUG 29880 --- [           main] org.hibernate.type.BasicTypeRegistry     : Adding type registration char -> org.hibernate.type.CharacterType@430df350
2023-07-21 02:45:43.595 DEBUG 29880 --- [           main] org.hibernate.type.BasicTypeRegistry     : Adding type registration java.lang.Character -> org.hibernate.type.CharacterType@430df350
2023-07-21 02:45:43.596 DEBUG 29880 --- [           main] org.hibernate.type.BasicTypeRegistry     : Adding type registration short -> org.hibernate.type.ShortType@7b6141f0
2023-07-21 02:45:43.596 DEBUG 29880 --- [           main] org.hibernate.type.BasicTypeRegistry     : Adding type registration short -> org.hibernate.type.ShortType@7b6141f0
2023-07-21 02:45:43.596 DEBUG 29880 --- [           main] org.hibernate.type.BasicTypeRegistry     : Adding type registration java.lang.Short -> org.hibernate.type.ShortType@7b6141f0
2023-07-21 02:45:43.598 DEBUG 29880 --- [           main] org.hibernate.type.BasicTypeRegistry     : Adding type registration integer -> org.hibernate.type.IntegerType@2d130ac4
2023-07-21 02:45:43.598 DEBUG 29880 --- [           main] org.hibernate.type.BasicTypeRegistry     : Adding type registration int -> org.hibernate.type.IntegerType@2d130ac4
2023-07-21 02:45:43.598 DEBUG 29880 --- [           main] org.hibernate.type.BasicTypeRegistry     : Adding type registration java.lang.Integer -> org.hibernate.type.IntegerType@2d130ac4
2023-07-21 02:45:43.599 DEBUG 29880 --- [           main] org.hibernate.type.BasicTypeRegistry     : Adding type registration long -> org.hibernate.type.LongType@2ee4706d
2023-07-21 02:45:43.599 DEBUG 29880 --- [           main] org.hibernate.type.BasicTypeRegistry     : Adding type registration long -> org.hibernate.type.LongType@2ee4706d
2023-07-21 02:45:43.599 DEBUG 29880 --- [           main] org.hibernate.type.BasicTypeRegistry     : Adding type registration java.lang.Long -> org.hibernate.type.LongType@2ee4706d
2023-07-21 02:45:43.600 DEBUG 29880 --- [           main] org.hibernate.type.BasicTypeRegistry     : Adding type registration float -> org.hibernate.type.FloatType@2484dbb7
2023-07-21 02:45:43.600 DEBUG 29880 --- [           main] org.hibernate.type.BasicTypeRegistry     : Adding type registration float -> org.hibernate.type.FloatType@2484dbb7
2023-07-21 02:45:43.600 DEBUG 29880 --- [           main] org.hibernate.type.BasicTypeRegistry     : Adding type registration java.lang.Float -> org.hibernate.type.FloatType@2484dbb7
2023-07-21 02:45:43.600 DEBUG 29880 --- [           main] org.hibernate.type.BasicTypeRegistry     : Adding type registration double -> org.hibernate.type.DoubleType@58a3d521
2023-07-21 02:45:43.600 DEBUG 29880 --- [           main] org.hibernate.type.BasicTypeRegistry     : Adding type registration double -> org.hibernate.type.DoubleType@58a3d521
2023-07-21 02:45:43.600 DEBUG 29880 --- [           main] org.hibernate.type.BasicTypeRegistry     : Adding type registration java.lang.Double -> org.hibernate.type.DoubleType@58a3d521
2023-07-21 02:45:43.601 DEBUG 29880 --- [           main] org.hibernate.type.BasicTypeRegistry     : Adding type registration big_decimal -> org.hibernate.type.BigDecimalType@68dfda77
2023-07-21 02:45:43.601 DEBUG 29880 --- [           main] org.hibernate.type.BasicTypeRegistry     : Adding type registration java.math.BigDecimal -> org.hibernate.type.BigDecimalType@68dfda77
2023-07-21 02:45:43.602 DEBUG 29880 --- [           main] org.hibernate.type.BasicTypeRegistry     : Adding type registration big_integer -> org.hibernate.type.BigIntegerType@75bd28d
2023-07-21 02:45:43.602 DEBUG 29880 --- [           main] org.hibernate.type.BasicTypeRegistry     : Adding type registration java.math.BigInteger -> org.hibernate.type.BigIntegerType@75bd28d
2023-07-21 02:45:43.603 DEBUG 29880 --- [           main] org.hibernate.type.BasicTypeRegistry     : Adding type registration string -> org.hibernate.type.StringType@cbf1997
2023-07-21 02:45:43.603 DEBUG 29880 --- [           main] org.hibernate.type.BasicTypeRegistry     : Adding type registration java.lang.String -> org.hibernate.type.StringType@cbf1997
2023-07-21 02:45:43.603 DEBUG 29880 --- [           main] org.hibernate.type.BasicTypeRegistry     : Adding type registration nstring -> org.hibernate.type.StringNVarcharType@279126f5
2023-07-21 02:45:43.604 DEBUG 29880 --- [           main] org.hibernate.type.BasicTypeRegistry     : Adding type registration ncharacter -> org.hibernate.type.CharacterNCharType@15d236fd
2023-07-21 02:45:43.605 DEBUG 29880 --- [           main] org.hibernate.type.BasicTypeRegistry     : Adding type registration url -> org.hibernate.type.UrlType@224d86d2
2023-07-21 02:45:43.605 DEBUG 29880 --- [           main] org.hibernate.type.BasicTypeRegistry     : Adding type registration java.net.URL -> org.hibernate.type.UrlType@224d86d2
2023-07-21 02:45:43.606 DEBUG 29880 --- [           main] org.hibernate.type.BasicTypeRegistry     : Adding type registration Duration -> org.hibernate.type.DurationType@7eb27768
2023-07-21 02:45:43.606 DEBUG 29880 --- [           main] org.hibernate.type.BasicTypeRegistry     : Adding type registration java.time.Duration -> org.hibernate.type.DurationType@7eb27768
2023-07-21 02:45:43.608 DEBUG 29880 --- [           main] org.hibernate.type.BasicTypeRegistry     : Adding type registration Instant -> org.hibernate.type.InstantType@703e8050
2023-07-21 02:45:43.608 DEBUG 29880 --- [           main] org.hibernate.type.BasicTypeRegistry     : Adding type registration java.time.Instant -> org.hibernate.type.InstantType@703e8050
2023-07-21 02:45:43.609 DEBUG 29880 --- [           main] org.hibernate.type.BasicTypeRegistry     : Adding type registration LocalDateTime -> org.hibernate.type.LocalDateTimeType@10817f46
2023-07-21 02:45:43.609 DEBUG 29880 --- [           main] org.hibernate.type.BasicTypeRegistry     : Adding type registration java.time.LocalDateTime -> org.hibernate.type.LocalDateTimeType@10817f46
2023-07-21 02:45:43.611 DEBUG 29880 --- [           main] org.hibernate.type.BasicTypeRegistry     : Adding type registration LocalDate -> org.hibernate.type.LocalDateType@7b9e25bd
2023-07-21 02:45:43.611 DEBUG 29880 --- [           main] org.hibernate.type.BasicTypeRegistry     : Adding type registration java.time.LocalDate -> org.hibernate.type.LocalDateType@7b9e25bd
2023-07-21 02:45:43.612 DEBUG 29880 --- [           main] org.hibernate.type.BasicTypeRegistry     : Adding type registration LocalTime -> org.hibernate.type.LocalTimeType@284990de
2023-07-21 02:45:43.612 DEBUG 29880 --- [           main] org.hibernate.type.BasicTypeRegistry     : Adding type registration java.time.LocalTime -> org.hibernate.type.LocalTimeType@284990de
2023-07-21 02:45:43.613 DEBUG 29880 --- [           main] org.hibernate.type.BasicTypeRegistry     : Adding type registration OffsetDateTime -> org.hibernate.type.OffsetDateTimeType@377dfb8d
2023-07-21 02:45:43.613 DEBUG 29880 --- [           main] org.hibernate.type.BasicTypeRegistry     : Adding type registration java.time.OffsetDateTime -> org.hibernate.type.OffsetDateTimeType@377dfb8d
2023-07-21 02:45:43.613 DEBUG 29880 --- [           main] org.hibernate.type.BasicTypeRegistry     : Adding type registration OffsetTime -> org.hibernate.type.OffsetTimeType@40c8067
2023-07-21 02:45:43.613 DEBUG 29880 --- [           main] org.hibernate.type.BasicTypeRegistry     : Adding type registration java.time.OffsetTime -> org.hibernate.type.OffsetTimeType@40c8067
2023-07-21 02:45:43.615 DEBUG 29880 --- [           main] org.hibernate.type.BasicTypeRegistry     : Adding type registration ZonedDateTime -> org.hibernate.type.ZonedDateTimeType@71531dd7
2023-07-21 02:45:43.615 DEBUG 29880 --- [           main] org.hibernate.type.BasicTypeRegistry     : Adding type registration java.time.ZonedDateTime -> org.hibernate.type.ZonedDateTimeType@71531dd7
2023-07-21 02:45:43.617 DEBUG 29880 --- [           main] org.hibernate.type.BasicTypeRegistry     : Adding type registration date -> org.hibernate.type.DateType@ceb7701
2023-07-21 02:45:43.617 DEBUG 29880 --- [           main] org.hibernate.type.BasicTypeRegistry     : Adding type registration java.sql.Date -> org.hibernate.type.DateType@ceb7701
2023-07-21 02:45:43.618 DEBUG 29880 --- [           main] org.hibernate.type.BasicTypeRegistry     : Adding type registration time -> org.hibernate.type.TimeType@2017f6e6
2023-07-21 02:45:43.618 DEBUG 29880 --- [           main] org.hibernate.type.BasicTypeRegistry     : Adding type registration java.sql.Time -> org.hibernate.type.TimeType@2017f6e6
2023-07-21 02:45:43.620 DEBUG 29880 --- [           main] org.hibernate.type.BasicTypeRegistry     : Adding type registration timestamp -> org.hibernate.type.TimestampType@70c29356
2023-07-21 02:45:43.620 DEBUG 29880 --- [           main] org.hibernate.type.BasicTypeRegistry     : Adding type registration java.sql.Timestamp -> org.hibernate.type.TimestampType@70c29356
2023-07-21 02:45:43.620 DEBUG 29880 --- [           main] org.hibernate.type.BasicTypeRegistry     : Adding type registration java.util.Date -> org.hibernate.type.TimestampType@70c29356
2023-07-21 02:45:43.622 DEBUG 29880 --- [           main] org.hibernate.type.BasicTypeRegistry     : Adding type registration dbtimestamp -> org.hibernate.type.DbTimestampType@61b60600
2023-07-21 02:45:43.624 DEBUG 29880 --- [           main] org.hibernate.type.BasicTypeRegistry     : Adding type registration calendar -> org.hibernate.type.CalendarType@226d5af0
2023-07-21 02:45:43.624 DEBUG 29880 --- [           main] org.hibernate.type.BasicTypeRegistry     : Adding type registration java.util.Calendar -> org.hibernate.type.CalendarType@226d5af0
2023-07-21 02:45:43.624 DEBUG 29880 --- [           main] org.hibernate.type.BasicTypeRegistry     : Adding type registration java.util.GregorianCalendar -> org.hibernate.type.CalendarType@226d5af0
2023-07-21 02:45:43.625 DEBUG 29880 --- [           main] org.hibernate.type.BasicTypeRegistry     : Adding type registration calendar_date -> org.hibernate.type.CalendarDateType@3f048c86
2023-07-21 02:45:43.625 DEBUG 29880 --- [           main] org.hibernate.type.BasicTypeRegistry     : Adding type registration calendar_time -> org.hibernate.type.CalendarTimeType@e3899fd
2023-07-21 02:45:43.626 DEBUG 29880 --- [           main] org.hibernate.type.BasicTypeRegistry     : Adding type registration locale -> org.hibernate.type.LocaleType@53ea380b
2023-07-21 02:45:43.626 DEBUG 29880 --- [           main] org.hibernate.type.BasicTypeRegistry     : Adding type registration java.util.Locale -> org.hibernate.type.LocaleType@53ea380b
2023-07-21 02:45:43.627 DEBUG 29880 --- [           main] org.hibernate.type.BasicTypeRegistry     : Adding type registration currency -> org.hibernate.type.CurrencyType@6b42e36d
2023-07-21 02:45:43.627 DEBUG 29880 --- [           main] org.hibernate.type.BasicTypeRegistry     : Adding type registration java.util.Currency -> org.hibernate.type.CurrencyType@6b42e36d
2023-07-21 02:45:43.628 DEBUG 29880 --- [           main] org.hibernate.type.BasicTypeRegistry     : Adding type registration timezone -> org.hibernate.type.TimeZoneType@4f3c7808
2023-07-21 02:45:43.628 DEBUG 29880 --- [           main] org.hibernate.type.BasicTypeRegistry     : Adding type registration java.util.TimeZone -> org.hibernate.type.TimeZoneType@4f3c7808
2023-07-21 02:45:43.628 DEBUG 29880 --- [           main] org.hibernate.type.BasicTypeRegistry     : Adding type registration class -> org.hibernate.type.ClassType@3de79067
2023-07-21 02:45:43.628 DEBUG 29880 --- [           main] org.hibernate.type.BasicTypeRegistry     : Adding type registration java.lang.Class -> org.hibernate.type.ClassType@3de79067
2023-07-21 02:45:43.628 DEBUG 29880 --- [           main] org.hibernate.type.BasicTypeRegistry     : Adding type registration uuid-binary -> org.hibernate.type.UUIDBinaryType@3a6e9856
2023-07-21 02:45:43.628 DEBUG 29880 --- [           main] org.hibernate.type.BasicTypeRegistry     : Adding type registration java.util.UUID -> org.hibernate.type.UUIDBinaryType@3a6e9856
2023-07-21 02:45:43.628 DEBUG 29880 --- [           main] org.hibernate.type.BasicTypeRegistry     : Adding type registration uuid-char -> org.hibernate.type.UUIDCharType@482f7af0
2023-07-21 02:45:43.630 DEBUG 29880 --- [           main] org.hibernate.type.BasicTypeRegistry     : Adding type registration binary -> org.hibernate.type.BinaryType@447521e
2023-07-21 02:45:43.630 DEBUG 29880 --- [           main] org.hibernate.type.BasicTypeRegistry     : Adding type registration byte[] -> org.hibernate.type.BinaryType@447521e
2023-07-21 02:45:43.630 DEBUG 29880 --- [           main] org.hibernate.type.BasicTypeRegistry     : Adding type registration [B -> org.hibernate.type.BinaryType@447521e
2023-07-21 02:45:43.631 DEBUG 29880 --- [           main] org.hibernate.type.BasicTypeRegistry     : Adding type registration wrapper-binary -> org.hibernate.type.WrapperBinaryType@27ab206
2023-07-21 02:45:43.631 DEBUG 29880 --- [           main] org.hibernate.type.BasicTypeRegistry     : Adding type registration Byte[] -> org.hibernate.type.WrapperBinaryType@27ab206
2023-07-21 02:45:43.631 DEBUG 29880 --- [           main] org.hibernate.type.BasicTypeRegistry     : Adding type registration [Ljava.lang.Byte; -> org.hibernate.type.WrapperBinaryType@27ab206
2023-07-21 02:45:43.632 DEBUG 29880 --- [           main] org.hibernate.type.BasicTypeRegistry     : Adding type registration row_version -> org.hibernate.type.RowVersionType@72c4a3aa
2023-07-21 02:45:43.632 DEBUG 29880 --- [           main] org.hibernate.type.BasicTypeRegistry     : Adding type registration image -> org.hibernate.type.ImageType@646d810b
2023-07-21 02:45:43.633 DEBUG 29880 --- [           main] org.hibernate.type.BasicTypeRegistry     : Adding type registration characters -> org.hibernate.type.CharArrayType@13f40d71
2023-07-21 02:45:43.633 DEBUG 29880 --- [           main] org.hibernate.type.BasicTypeRegistry     : Adding type registration char[] -> org.hibernate.type.CharArrayType@13f40d71
2023-07-21 02:45:43.633 DEBUG 29880 --- [           main] org.hibernate.type.BasicTypeRegistry     : Adding type registration [C -> org.hibernate.type.CharArrayType@13f40d71
2023-07-21 02:45:43.634 DEBUG 29880 --- [           main] org.hibernate.type.BasicTypeRegistry     : Adding type registration wrapper-characters -> org.hibernate.type.CharacterArrayType@b06d46d
2023-07-21 02:45:43.634 DEBUG 29880 --- [           main] org.hibernate.type.BasicTypeRegistry     : Adding type registration [Ljava.lang.Character; -> org.hibernate.type.CharacterArrayType@b06d46d
2023-07-21 02:45:43.634 DEBUG 29880 --- [           main] org.hibernate.type.BasicTypeRegistry     : Adding type registration Character[] -> org.hibernate.type.CharacterArrayType@b06d46d
2023-07-21 02:45:43.634 DEBUG 29880 --- [           main] org.hibernate.type.BasicTypeRegistry     : Adding type registration text -> org.hibernate.type.TextType@4409cae6
2023-07-21 02:45:43.635 DEBUG 29880 --- [           main] org.hibernate.type.BasicTypeRegistry     : Adding type registration ntext -> org.hibernate.type.NTextType@597d48ca
2023-07-21 02:45:43.636 DEBUG 29880 --- [           main] org.hibernate.type.BasicTypeRegistry     : Adding type registration blob -> org.hibernate.type.BlobType@191ec193
2023-07-21 02:45:43.636 DEBUG 29880 --- [           main] org.hibernate.type.BasicTypeRegistry     : Adding type registration java.sql.Blob -> org.hibernate.type.BlobType@191ec193
2023-07-21 02:45:43.636 DEBUG 29880 --- [           main] org.hibernate.type.BasicTypeRegistry     : Adding type registration materialized_blob -> org.hibernate.type.MaterializedBlobType@154b8cb6
2023-07-21 02:45:43.637 DEBUG 29880 --- [           main] org.hibernate.type.BasicTypeRegistry     : Adding type registration clob -> org.hibernate.type.ClobType@4ee8051c
2023-07-21 02:45:43.637 DEBUG 29880 --- [           main] org.hibernate.type.BasicTypeRegistry     : Adding type registration java.sql.Clob -> org.hibernate.type.ClobType@4ee8051c
2023-07-21 02:45:43.639 DEBUG 29880 --- [           main] org.hibernate.type.BasicTypeRegistry     : Adding type registration nclob -> org.hibernate.type.NClobType@47058864
2023-07-21 02:45:43.639 DEBUG 29880 --- [           main] org.hibernate.type.BasicTypeRegistry     : Adding type registration java.sql.NClob -> org.hibernate.type.NClobType@47058864
2023-07-21 02:45:43.640 DEBUG 29880 --- [           main] org.hibernate.type.BasicTypeRegistry     : Adding type registration materialized_clob -> org.hibernate.type.MaterializedClobType@621f23ac
2023-07-21 02:45:43.640 DEBUG 29880 --- [           main] org.hibernate.type.BasicTypeRegistry     : Adding type registration materialized_nclob -> org.hibernate.type.MaterializedNClobType@5520f675
2023-07-21 02:45:43.641 DEBUG 29880 --- [           main] org.hibernate.type.BasicTypeRegistry     : Adding type registration serializable -> org.hibernate.type.SerializableType@76a9a009
2023-07-21 02:45:43.646 DEBUG 29880 --- [           main] org.hibernate.type.BasicTypeRegistry     : Adding type registration object -> org.hibernate.type.ObjectType@4e958f08
2023-07-21 02:45:43.646 DEBUG 29880 --- [           main] org.hibernate.type.BasicTypeRegistry     : Adding type registration java.lang.Object -> org.hibernate.type.ObjectType@4e958f08
2023-07-21 02:45:43.646 DEBUG 29880 --- [           main] org.hibernate.type.BasicTypeRegistry     : Adding type registration imm_date -> org.hibernate.type.AdaptedImmutableType@11eec06b
2023-07-21 02:45:43.646 DEBUG 29880 --- [           main] org.hibernate.type.BasicTypeRegistry     : Adding type registration imm_time -> org.hibernate.type.AdaptedImmutableType@65600fb3
2023-07-21 02:45:43.646 DEBUG 29880 --- [           main] org.hibernate.type.BasicTypeRegistry     : Adding type registration imm_timestamp -> org.hibernate.type.AdaptedImmutableType@25ce435
2023-07-21 02:45:43.646 DEBUG 29880 --- [           main] org.hibernate.type.BasicTypeRegistry     : Adding type registration imm_dbtimestamp -> org.hibernate.type.AdaptedImmutableType@7ea71fc2
2023-07-21 02:45:43.646 DEBUG 29880 --- [           main] org.hibernate.type.BasicTypeRegistry     : Adding type registration imm_calendar -> org.hibernate.type.AdaptedImmutableType@19ad75e5
2023-07-21 02:45:43.646 DEBUG 29880 --- [           main] org.hibernate.type.BasicTypeRegistry     : Adding type registration imm_calendar_date -> org.hibernate.type.AdaptedImmutableType@7cd5fcf4
2023-07-21 02:45:43.646 DEBUG 29880 --- [           main] org.hibernate.type.BasicTypeRegistry     : Adding type registration imm_binary -> org.hibernate.type.AdaptedImmutableType@19cdc217
2023-07-21 02:45:43.647 DEBUG 29880 --- [           main] org.hibernate.type.BasicTypeRegistry     : Adding type registration imm_serializable -> org.hibernate.type.AdaptedImmutableType@5f5297e3
2023-07-21 02:45:43.698 DEBUG 29880 --- [           main] com.zaxxer.hikari.HikariConfig           : HikariPool-1 - configuration:
2023-07-21 02:45:43.700 DEBUG 29880 --- [           main] com.zaxxer.hikari.HikariConfig           : allowPoolSuspension................................false
2023-07-21 02:45:43.700 DEBUG 29880 --- [           main] com.zaxxer.hikari.HikariConfig           : autoCommit................................true
2023-07-21 02:45:43.700 DEBUG 29880 --- [           main] com.zaxxer.hikari.HikariConfig           : catalog................................none
2023-07-21 02:45:43.700 DEBUG 29880 --- [           main] com.zaxxer.hikari.HikariConfig           : connectionInitSql................................none
2023-07-21 02:45:43.700 DEBUG 29880 --- [           main] com.zaxxer.hikari.HikariConfig           : connectionTestQuery................................none
2023-07-21 02:45:43.701 DEBUG 29880 --- [           main] com.zaxxer.hikari.HikariConfig           : connectionTimeout................................30000
2023-07-21 02:45:43.701 DEBUG 29880 --- [           main] com.zaxxer.hikari.HikariConfig           : dataSource................................none
2023-07-21 02:45:43.701 DEBUG 29880 --- [           main] com.zaxxer.hikari.HikariConfig           : dataSourceClassName................................none
2023-07-21 02:45:43.701 DEBUG 29880 --- [           main] com.zaxxer.hikari.HikariConfig           : dataSourceJNDI................................none
2023-07-21 02:45:43.702 DEBUG 29880 --- [           main] com.zaxxer.hikari.HikariConfig           : dataSourceProperties................................{password=<masked>}
2023-07-21 02:45:43.702 DEBUG 29880 --- [           main] com.zaxxer.hikari.HikariConfig           : driverClassName................................"com.mysql.cj.jdbc.Driver"
2023-07-21 02:45:43.702 DEBUG 29880 --- [           main] com.zaxxer.hikari.HikariConfig           : exceptionOverrideClassName................................none
2023-07-21 02:45:43.702 DEBUG 29880 --- [           main] com.zaxxer.hikari.HikariConfig           : healthCheckProperties................................{}
2023-07-21 02:45:43.702 DEBUG 29880 --- [           main] com.zaxxer.hikari.HikariConfig           : healthCheckRegistry................................none
2023-07-21 02:45:43.702 DEBUG 29880 --- [           main] com.zaxxer.hikari.HikariConfig           : idleTimeout................................600000
2023-07-21 02:45:43.702 DEBUG 29880 --- [           main] com.zaxxer.hikari.HikariConfig           : initializationFailTimeout................................1
2023-07-21 02:45:43.703 DEBUG 29880 --- [           main] com.zaxxer.hikari.HikariConfig           : isolateInternalQueries................................false
2023-07-21 02:45:43.703 DEBUG 29880 --- [           main] com.zaxxer.hikari.HikariConfig           : jdbcUrl................................jdbc:mysql://localhost:3306/authdb?createDatabaseIfNotExist=true
2023-07-21 02:45:43.703 DEBUG 29880 --- [           main] com.zaxxer.hikari.HikariConfig           : keepaliveTime................................0
2023-07-21 02:45:43.703 DEBUG 29880 --- [           main] com.zaxxer.hikari.HikariConfig           : leakDetectionThreshold................................0
2023-07-21 02:45:43.703 DEBUG 29880 --- [           main] com.zaxxer.hikari.HikariConfig           : maxLifetime................................1800000
2023-07-21 02:45:43.703 DEBUG 29880 --- [           main] com.zaxxer.hikari.HikariConfig           : maximumPoolSize................................10
2023-07-21 02:45:43.704 DEBUG 29880 --- [           main] com.zaxxer.hikari.HikariConfig           : metricRegistry................................none
2023-07-21 02:45:43.704 DEBUG 29880 --- [           main] com.zaxxer.hikari.HikariConfig           : metricsTrackerFactory................................none
2023-07-21 02:45:43.704 DEBUG 29880 --- [           main] com.zaxxer.hikari.HikariConfig           : minimumIdle................................10
2023-07-21 02:45:43.704 DEBUG 29880 --- [           main] com.zaxxer.hikari.HikariConfig           : password................................<masked>
2023-07-21 02:45:43.704 DEBUG 29880 --- [           main] com.zaxxer.hikari.HikariConfig           : poolName................................"HikariPool-1"
2023-07-21 02:45:43.704 DEBUG 29880 --- [           main] com.zaxxer.hikari.HikariConfig           : readOnly................................false
2023-07-21 02:45:43.704 DEBUG 29880 --- [           main] com.zaxxer.hikari.HikariConfig           : registerMbeans................................false
2023-07-21 02:45:43.704 DEBUG 29880 --- [           main] com.zaxxer.hikari.HikariConfig           : scheduledExecutor................................none
2023-07-21 02:45:43.704 DEBUG 29880 --- [           main] com.zaxxer.hikari.HikariConfig           : schema................................none
2023-07-21 02:45:43.704 DEBUG 29880 --- [           main] com.zaxxer.hikari.HikariConfig           : threadFactory................................internal
2023-07-21 02:45:43.704 DEBUG 29880 --- [           main] com.zaxxer.hikari.HikariConfig           : transactionIsolation................................default
2023-07-21 02:45:43.704 DEBUG 29880 --- [           main] com.zaxxer.hikari.HikariConfig           : username................................"root"
2023-07-21 02:45:43.704 DEBUG 29880 --- [           main] com.zaxxer.hikari.HikariConfig           : validationTimeout................................5000
2023-07-21 02:45:43.704  INFO 29880 --- [           main] com.zaxxer.hikari.HikariDataSource       : HikariPool-1 - Starting...
2023-07-21 02:45:43.918 DEBUG 29880 --- [           main] com.zaxxer.hikari.pool.PoolBase          : HikariPool-1 - Failed to create/setup connection: Accès refusé pour l'utilisateur: 'root'@'@localhost' (mot de passe: OUI)
2023-07-21 02:45:43.922 DEBUG 29880 --- [           main] com.zaxxer.hikari.pool.HikariPool        : HikariPool-1 - Cannot acquire connection from data source

java.sql.SQLException: Accès refusé pour l'utilisateur: 'root'@'@localhost' (mot de passe: OUI)
	at com.mysql.cj.jdbc.exceptions.SQLError.createSQLException(SQLError.java:130) ~[mysql-connector-j-8.0.33.jar:8.0.33]
	at com.mysql.cj.jdbc.exceptions.SQLExceptionsMapping.translateException(SQLExceptionsMapping.java:122) ~[mysql-connector-j-8.0.33.jar:8.0.33]
	at com.mysql.cj.jdbc.ConnectionImpl.createNewIO(ConnectionImpl.java:825) ~[mysql-connector-j-8.0.33.jar:8.0.33]
	at com.mysql.cj.jdbc.ConnectionImpl.<init>(ConnectionImpl.java:446) ~[mysql-connector-j-8.0.33.jar:8.0.33]
	at com.mysql.cj.jdbc.ConnectionImpl.getInstance(ConnectionImpl.java:239) ~[mysql-connector-j-8.0.33.jar:8.0.33]
	at com.mysql.cj.jdbc.NonRegisteringDriver.connect(NonRegisteringDriver.java:188) ~[mysql-connector-j-8.0.33.jar:8.0.33]
	at com.zaxxer.hikari.util.DriverDataSource.getConnection(DriverDataSource.java:138) ~[HikariCP-4.0.3.jar:na]
	at com.zaxxer.hikari.pool.PoolBase.newConnection(PoolBase.java:364) ~[HikariCP-4.0.3.jar:na]
	at com.zaxxer.hikari.pool.PoolBase.newPoolEntry(PoolBase.java:206) ~[HikariCP-4.0.3.jar:na]
	at com.zaxxer.hikari.pool.HikariPool.createPoolEntry(HikariPool.java:476) ~[HikariCP-4.0.3.jar:na]
	at com.zaxxer.hikari.pool.HikariPool.checkFailFast(HikariPool.java:561) ~[HikariCP-4.0.3.jar:na]
	at com.zaxxer.hikari.pool.HikariPool.<init>(HikariPool.java:115) ~[HikariCP-4.0.3.jar:na]
	at com.zaxxer.hikari.HikariDataSource.getConnection(HikariDataSource.java:112) ~[HikariCP-4.0.3.jar:na]
	at org.hibernate.engine.jdbc.connections.internal.DatasourceConnectionProviderImpl.getConnection(DatasourceConnectionProviderImpl.java:122) ~[hibernate-core-5.6.15.Final.jar:5.6.15.Final]
	at org.hibernate.engine.jdbc.env.internal.JdbcEnvironmentInitiator$ConnectionProviderJdbcConnectionAccess.obtainConnection(JdbcEnvironmentInitiator.java:181) ~[hibernate-core-5.6.15.Final.jar:5.6.15.Final]
	at org.hibernate.engine.jdbc.env.internal.JdbcEnvironmentInitiator.initiateService(JdbcEnvironmentInitiator.java:68) ~[hibernate-core-5.6.15.Final.jar:5.6.15.Final]
	at org.hibernate.engine.jdbc.env.internal.JdbcEnvironmentInitiator.initiateService(JdbcEnvironmentInitiator.java:35) ~[hibernate-core-5.6.15.Final.jar:5.6.15.Final]
	at org.hibernate.boot.registry.internal.StandardServiceRegistryImpl.initiateService(StandardServiceRegistryImpl.java:101) ~[hibernate-core-5.6.15.Final.jar:5.6.15.Final]
	at org.hibernate.service.internal.AbstractServiceRegistryImpl.createService(AbstractServiceRegistryImpl.java:272) ~[hibernate-core-5.6.15.Final.jar:5.6.15.Final]
	at org.hibernate.service.internal.AbstractServiceRegistryImpl.initializeService(AbstractServiceRegistryImpl.java:246) ~[hibernate-core-5.6.15.Final.jar:5.6.15.Final]
	at org.hibernate.service.internal.AbstractServiceRegistryImpl.getService(AbstractServiceRegistryImpl.java:223) ~[hibernate-core-5.6.15.Final.jar:5.6.15.Final]
	at org.hibernate.id.factory.internal.DefaultIdentifierGeneratorFactory.injectServices(DefaultIdentifierGeneratorFactory.java:175) ~[hibernate-core-5.6.15.Final.jar:5.6.15.Final]
	at org.hibernate.service.internal.AbstractServiceRegistryImpl.injectDependencies(AbstractServiceRegistryImpl.java:295) ~[hibernate-core-5.6.15.Final.jar:5.6.15.Final]
	at org.hibernate.service.internal.AbstractServiceRegistryImpl.initializeService(AbstractServiceRegistryImpl.java:252) ~[hibernate-core-5.6.15.Final.jar:5.6.15.Final]
	at org.hibernate.service.internal.AbstractServiceRegistryImpl.getService(AbstractServiceRegistryImpl.java:223) ~[hibernate-core-5.6.15.Final.jar:5.6.15.Final]
	at org.hibernate.boot.internal.InFlightMetadataCollectorImpl.<init>(InFlightMetadataCollectorImpl.java:173) ~[hibernate-core-5.6.15.Final.jar:5.6.15.Final]
	at org.hibernate.boot.model.process.spi.MetadataBuildingProcess.complete(MetadataBuildingProcess.java:127) ~[hibernate-core-5.6.15.Final.jar:5.6.15.Final]
	at org.hibernate.jpa.boot.internal.EntityManagerFactoryBuilderImpl.metadata(EntityManagerFactoryBuilderImpl.java:1460) ~[hibernate-core-5.6.15.Final.jar:5.6.15.Final]
	at org.hibernate.jpa.boot.internal.EntityManagerFactoryBuilderImpl.build(EntityManagerFactoryBuilderImpl.java:1494) ~[hibernate-core-5.6.15.Final.jar:5.6.15.Final]
	at org.springframework.orm.jpa.vendor.SpringHibernateJpaPersistenceProvider.createContainerEntityManagerFactory(SpringHibernateJpaPersistenceProvider.java:58) ~[spring-orm-5.3.27.jar:5.3.27]
	at org.springframework.orm.jpa.LocalContainerEntityManagerFactoryBean.createNativeEntityManagerFactory(LocalContainerEntityManagerFactoryBean.java:365) ~[spring-orm-5.3.27.jar:5.3.27]
	at org.springframework.orm.jpa.AbstractEntityManagerFactoryBean.buildNativeEntityManagerFactory(AbstractEntityManagerFactoryBean.java:409) ~[spring-orm-5.3.27.jar:5.3.27]
	at org.springframework.orm.jpa.AbstractEntityManagerFactoryBean.afterPropertiesSet(AbstractEntityManagerFactoryBean.java:396) ~[spring-orm-5.3.27.jar:5.3.27]
	at org.springframework.orm.jpa.LocalContainerEntityManagerFactoryBean.afterPropertiesSet(LocalContainerEntityManagerFactoryBean.java:341) ~[spring-orm-5.3.27.jar:5.3.27]
	at org.springframework.beans.factory.support.AbstractAutowireCapableBeanFactory.invokeInitMethods(AbstractAutowireCapableBeanFactory.java:1863) ~[spring-beans-5.3.27.jar:5.3.27]
	at org.springframework.beans.factory.support.AbstractAutowireCapableBeanFactory.initializeBean(AbstractAutowireCapableBeanFactory.java:1800) ~[spring-beans-5.3.27.jar:5.3.27]
	at org.springframework.beans.factory.support.AbstractAutowireCapableBeanFactory.doCreateBean(AbstractAutowireCapableBeanFactory.java:620) ~[spring-beans-5.3.27.jar:5.3.27]
	at org.springframework.beans.factory.support.AbstractAutowireCapableBeanFactory.createBean(AbstractAutowireCapableBeanFactory.java:542) ~[spring-beans-5.3.27.jar:5.3.27]
	at org.springframework.beans.factory.support.AbstractBeanFactory.lambda$doGetBean$0(AbstractBeanFactory.java:335) ~[spring-beans-5.3.27.jar:5.3.27]
	at org.springframework.beans.factory.support.DefaultSingletonBeanRegistry.getSingleton(DefaultSingletonBeanRegistry.java:234) ~[spring-beans-5.3.27.jar:5.3.27]
	at org.springframework.beans.factory.support.AbstractBeanFactory.doGetBean(AbstractBeanFactory.java:333) ~[spring-beans-5.3.27.jar:5.3.27]
	at org.springframework.beans.factory.support.AbstractBeanFactory.getBean(AbstractBeanFactory.java:208) ~[spring-beans-5.3.27.jar:5.3.27]
	at org.springframework.context.support.AbstractApplicationContext.getBean(AbstractApplicationContext.java:1156) ~[spring-context-5.3.27.jar:5.3.27]
	at org.springframework.context.support.AbstractApplicationContext.finishBeanFactoryInitialization(AbstractApplicationContext.java:910) ~[spring-context-5.3.27.jar:5.3.27]
	at org.springframework.context.support.AbstractApplicationContext.refresh(AbstractApplicationContext.java:583) ~[spring-context-5.3.27.jar:5.3.27]
	at org.springframework.boot.SpringApplication.refresh(SpringApplication.java:731) ~[spring-boot-2.7.12.jar:2.7.12]
	at org.springframework.boot.SpringApplication.refreshContext(SpringApplication.java:408) ~[spring-boot-2.7.12.jar:2.7.12]
	at org.springframework.boot.SpringApplication.run(SpringApplication.java:307) ~[spring-boot-2.7.12.jar:2.7.12]
	at org.springframework.boot.test.context.SpringBootContextLoader.loadContext(SpringBootContextLoader.java:136) ~[spring-boot-test-2.7.12.jar:2.7.12]
	at org.springframework.test.context.cache.DefaultCacheAwareContextLoaderDelegate.loadContextInternal(DefaultCacheAwareContextLoaderDelegate.java:141) ~[spring-test-5.3.27.jar:5.3.27]
	at org.springframework.test.context.cache.DefaultCacheAwareContextLoaderDelegate.loadContext(DefaultCacheAwareContextLoaderDelegate.java:90) ~[spring-test-5.3.27.jar:5.3.27]
	at org.springframework.test.context.support.DefaultTestContext.getApplicationContext(DefaultTestContext.java:124) ~[spring-test-5.3.27.jar:5.3.27]
	at org.springframework.test.context.web.ServletTestExecutionListener.setUpRequestContextIfNecessary(ServletTestExecutionListener.java:190) ~[spring-test-5.3.27.jar:5.3.27]
	at org.springframework.test.context.web.ServletTestExecutionListener.prepareTestInstance(ServletTestExecutionListener.java:132) ~[spring-test-5.3.27.jar:5.3.27]
	at org.springframework.test.context.TestContextManager.prepareTestInstance(TestContextManager.java:248) ~[spring-test-5.3.27.jar:5.3.27]
	at org.springframework.test.context.junit.jupiter.SpringExtension.postProcessTestInstance(SpringExtension.java:138) ~[spring-test-5.3.27.jar:5.3.27]
	at org.junit.jupiter.engine.descriptor.ClassBasedTestDescriptor.lambda$invokeTestInstancePostProcessors$8(ClassBasedTestDescriptor.java:363) ~[junit-jupiter-engine-5.8.2.jar:5.8.2]
	at org.junit.jupiter.engine.descriptor.ClassBasedTestDescriptor.executeAndMaskThrowable(ClassBasedTestDescriptor.java:368) ~[junit-jupiter-engine-5.8.2.jar:5.8.2]
	at org.junit.jupiter.engine.descriptor.ClassBasedTestDescriptor.lambda$invokeTestInstancePostProcessors$9(ClassBasedTestDescriptor.java:363) ~[junit-jupiter-engine-5.8.2.jar:5.8.2]
	at java.base/java.util.stream.ReferencePipeline$3$1.accept(ReferencePipeline.java:195) ~[na:na]
	at java.base/java.util.stream.ReferencePipeline$2$1.accept(ReferencePipeline.java:177) ~[na:na]
	at java.base/java.util.ArrayList$ArrayListSpliterator.forEachRemaining(ArrayList.java:1655) ~[na:na]
	at java.base/java.util.stream.AbstractPipeline.copyInto(AbstractPipeline.java:484) ~[na:na]
	at java.base/java.util.stream.AbstractPipeline.wrapAndCopyInto(AbstractPipeline.java:474) ~[na:na]
	at java.base/java.util.stream.StreamSpliterators$WrappingSpliterator.forEachRemaining(StreamSpliterators.java:312) ~[na:na]
	at java.base/java.util.stream.Streams$ConcatSpliterator.forEachRemaining(Streams.java:735) ~[na:na]
	at java.base/java.util.stream.Streams$ConcatSpliterator.forEachRemaining(Streams.java:734) ~[na:na]
	at java.base/java.util.stream.ReferencePipeline$Head.forEach(ReferencePipeline.java:658) ~[na:na]
	at org.junit.jupiter.engine.descriptor.ClassBasedTestDescriptor.invokeTestInstancePostProcessors(ClassBasedTestDescriptor.java:362) ~[junit-jupiter-engine-5.8.2.jar:5.8.2]
	at org.junit.jupiter.engine.descriptor.ClassBasedTestDescriptor.lambda$instantiateAndPostProcessTestInstance$6(ClassBasedTestDescriptor.java:283) ~[junit-jupiter-engine-5.8.2.jar:5.8.2]
	at org.junit.platform.engine.support.hierarchical.ThrowableCollector.execute(ThrowableCollector.java:73) ~[junit-platform-engine-1.8.2.jar:1.8.2]
	at org.junit.jupiter.engine.descriptor.ClassBasedTestDescriptor.instantiateAndPostProcessTestInstance(ClassBasedTestDescriptor.java:282) ~[junit-jupiter-engine-5.8.2.jar:5.8.2]
	at org.junit.jupiter.engine.descriptor.ClassBasedTestDescriptor.lambda$testInstancesProvider$4(ClassBasedTestDescriptor.java:272) ~[junit-jupiter-engine-5.8.2.jar:5.8.2]
	at java.base/java.util.Optional.orElseGet(Optional.java:369) ~[na:na]
	at org.junit.jupiter.engine.descriptor.ClassBasedTestDescriptor.lambda$testInstancesProvider$5(ClassBasedTestDescriptor.java:271) ~[junit-jupiter-engine-5.8.2.jar:5.8.2]
	at org.junit.jupiter.engine.execution.TestInstancesProvider.getTestInstances(TestInstancesProvider.java:31) ~[junit-jupiter-engine-5.8.2.jar:5.8.2]
	at org.junit.jupiter.engine.descriptor.TestMethodTestDescriptor.lambda$prepare$0(TestMethodTestDescriptor.java:102) ~[junit-jupiter-engine-5.8.2.jar:5.8.2]
	at org.junit.platform.engine.support.hierarchical.ThrowableCollector.execute(ThrowableCollector.java:73) ~[junit-platform-engine-1.8.2.jar:1.8.2]
	at org.junit.jupiter.engine.descriptor.TestMethodTestDescriptor.prepare(TestMethodTestDescriptor.java:101) ~[junit-jupiter-engine-5.8.2.jar:5.8.2]
	at org.junit.jupiter.engine.descriptor.TestMethodTestDescriptor.prepare(TestMethodTestDescriptor.java:66) ~[junit-jupiter-engine-5.8.2.jar:5.8.2]
	at org.junit.platform.engine.support.hierarchical.NodeTestTask.lambda$prepare$2(NodeTestTask.java:123) ~[junit-platform-engine-1.8.2.jar:1.8.2]
	at org.junit.platform.engine.support.hierarchical.ThrowableCollector.execute(ThrowableCollector.java:73) ~[junit-platform-engine-1.8.2.jar:1.8.2]
	at org.junit.platform.engine.support.hierarchical.NodeTestTask.prepare(NodeTestTask.java:123) ~[junit-platform-engine-1.8.2.jar:1.8.2]
	at org.junit.platform.engine.support.hierarchical.NodeTestTask.execute(NodeTestTask.java:90) ~[junit-platform-engine-1.8.2.jar:1.8.2]
	at java.base/java.util.ArrayList.forEach(ArrayList.java:1541) ~[na:na]
	at org.junit.platform.engine.support.hierarchical.SameThreadHierarchicalTestExecutorService.invokeAll(SameThreadHierarchicalTestExecutorService.java:41) ~[junit-platform-engine-1.8.2.jar:1.8.2]
	at org.junit.platform.engine.support.hierarchical.NodeTestTask.lambda$executeRecursively$6(NodeTestTask.java:155) ~[junit-platform-engine-1.8.2.jar:1.8.2]
	at org.junit.platform.engine.support.hierarchical.ThrowableCollector.execute(ThrowableCollector.java:73) ~[junit-platform-engine-1.8.2.jar:1.8.2]
	at org.junit.platform.engine.support.hierarchical.NodeTestTask.lambda$executeRecursively$8(NodeTestTask.java:141) ~[junit-platform-engine-1.8.2.jar:1.8.2]
	at org.junit.platform.engine.support.hierarchical.Node.around(Node.java:137) ~[junit-platform-engine-1.8.2.jar:1.8.2]
	at org.junit.platform.engine.support.hierarchical.NodeTestTask.lambda$executeRecursively$9(NodeTestTask.java:139) ~[junit-platform-engine-1.8.2.jar:1.8.2]
	at org.junit.platform.engine.support.hierarchical.ThrowableCollector.execute(ThrowableCollector.java:73) ~[junit-platform-engine-1.8.2.jar:1.8.2]
	at org.junit.platform.engine.support.hierarchical.NodeTestTask.executeRecursively(NodeTestTask.java:138) ~[junit-platform-engine-1.8.2.jar:1.8.2]
	at org.junit.platform.engine.support.hierarchical.NodeTestTask.execute(NodeTestTask.java:95) ~[junit-platform-engine-1.8.2.jar:1.8.2]
	at java.base/java.util.ArrayList.forEach(ArrayList.java:1541) ~[na:na]
	at org.junit.platform.engine.support.hierarchical.SameThreadHierarchicalTestExecutorService.invokeAll(SameThreadHierarchicalTestExecutorService.java:41) ~[junit-platform-engine-1.8.2.jar:1.8.2]
	at org.junit.platform.engine.support.hierarchical.NodeTestTask.lambda$executeRecursively$6(NodeTestTask.java:155) ~[junit-platform-engine-1.8.2.jar:1.8.2]
	at org.junit.platform.engine.support.hierarchical.ThrowableCollector.execute(ThrowableCollector.java:73) ~[junit-platform-engine-1.8.2.jar:1.8.2]
	at org.junit.platform.engine.support.hierarchical.NodeTestTask.lambda$executeRecursively$8(NodeTestTask.java:141) ~[junit-platform-engine-1.8.2.jar:1.8.2]
	at org.junit.platform.engine.support.hierarchical.Node.around(Node.java:137) ~[junit-platform-engine-1.8.2.jar:1.8.2]
	at org.junit.platform.engine.support.hierarchical.NodeTestTask.lambda$executeRecursively$9(NodeTestTask.java:139) ~[junit-platform-engine-1.8.2.jar:1.8.2]
	at org.junit.platform.engine.support.hierarchical.ThrowableCollector.execute(ThrowableCollector.java:73) ~[junit-platform-engine-1.8.2.jar:1.8.2]
	at org.junit.platform.engine.support.hierarchical.NodeTestTask.executeRecursively(NodeTestTask.java:138) ~[junit-platform-engine-1.8.2.jar:1.8.2]
	at org.junit.platform.engine.support.hierarchical.NodeTestTask.execute(NodeTestTask.java:95) ~[junit-platform-engine-1.8.2.jar:1.8.2]
	at org.junit.platform.engine.support.hierarchical.SameThreadHierarchicalTestExecutorService.submit(SameThreadHierarchicalTestExecutorService.java:35) ~[junit-platform-engine-1.8.2.jar:1.8.2]
	at org.junit.platform.engine.support.hierarchical.HierarchicalTestExecutor.execute(HierarchicalTestExecutor.java:57) ~[junit-platform-engine-1.8.2.jar:1.8.2]
	at org.junit.platform.engine.support.hierarchical.HierarchicalTestEngine.execute(HierarchicalTestEngine.java:54) ~[junit-platform-engine-1.8.2.jar:1.8.2]
	at org.junit.platform.launcher.core.DefaultLauncher.execute(DefaultLauncher.java:220) ~[junit-platform-launcher-1.3.1.jar:1.3.1]
	at org.junit.platform.launcher.core.DefaultLauncher.lambda$execute$6(DefaultLauncher.java:188) ~[junit-platform-launcher-1.3.1.jar:1.3.1]
	at org.junit.platform.launcher.core.DefaultLauncher.withInterceptedStreams(DefaultLauncher.java:202) ~[junit-platform-launcher-1.3.1.jar:1.3.1]
	at org.junit.platform.launcher.core.DefaultLauncher.execute(DefaultLauncher.java:181) ~[junit-platform-launcher-1.3.1.jar:1.3.1]
	at org.junit.platform.launcher.core.DefaultLauncher.execute(DefaultLauncher.java:128) ~[junit-platform-launcher-1.3.1.jar:1.3.1]
	at org.apache.maven.surefire.junitplatform.JUnitPlatformProvider.invokeAllTests(JUnitPlatformProvider.java:150) ~[surefire-junit-platform-2.22.2.jar:2.22.2]
	at org.apache.maven.surefire.junitplatform.JUnitPlatformProvider.invoke(JUnitPlatformProvider.java:124) ~[surefire-junit-platform-2.22.2.jar:2.22.2]
	at org.apache.maven.surefire.booter.ForkedBooter.invokeProviderInSameClassLoader(ForkedBooter.java:384) ~[surefire-booter-2.22.2.jar:2.22.2]
	at org.apache.maven.surefire.booter.ForkedBooter.runSuitesInProcess(ForkedBooter.java:345) ~[surefire-booter-2.22.2.jar:2.22.2]
	at org.apache.maven.surefire.booter.ForkedBooter.execute(ForkedBooter.java:126) ~[surefire-booter-2.22.2.jar:2.22.2]
	at org.apache.maven.surefire.booter.ForkedBooter.main(ForkedBooter.java:418) ~[surefire-booter-2.22.2.jar:2.22.2]

2023-07-21 02:45:44.931 ERROR 29880 --- [           main] com.zaxxer.hikari.pool.HikariPool        : HikariPool-1 - Exception during pool initialization.

java.sql.SQLException: Accès refusé pour l'utilisateur: 'root'@'@localhost' (mot de passe: OUI)
	at com.mysql.cj.jdbc.exceptions.SQLError.createSQLException(SQLError.java:130) ~[mysql-connector-j-8.0.33.jar:8.0.33]
	at com.mysql.cj.jdbc.exceptions.SQLExceptionsMapping.translateException(SQLExceptionsMapping.java:122) ~[mysql-connector-j-8.0.33.jar:8.0.33]
	at com.mysql.cj.jdbc.ConnectionImpl.createNewIO(ConnectionImpl.java:825) ~[mysql-connector-j-8.0.33.jar:8.0.33]
	at com.mysql.cj.jdbc.ConnectionImpl.<init>(ConnectionImpl.java:446) ~[mysql-connector-j-8.0.33.jar:8.0.33]
	at com.mysql.cj.jdbc.ConnectionImpl.getInstance(ConnectionImpl.java:239) ~[mysql-connector-j-8.0.33.jar:8.0.33]
	at com.mysql.cj.jdbc.NonRegisteringDriver.connect(NonRegisteringDriver.java:188) ~[mysql-connector-j-8.0.33.jar:8.0.33]
	at com.zaxxer.hikari.util.DriverDataSource.getConnection(DriverDataSource.java:138) ~[HikariCP-4.0.3.jar:na]
	at com.zaxxer.hikari.pool.PoolBase.newConnection(PoolBase.java:364) ~[HikariCP-4.0.3.jar:na]
	at com.zaxxer.hikari.pool.PoolBase.newPoolEntry(PoolBase.java:206) ~[HikariCP-4.0.3.jar:na]
	at com.zaxxer.hikari.pool.HikariPool.createPoolEntry(HikariPool.java:476) ~[HikariCP-4.0.3.jar:na]
	at com.zaxxer.hikari.pool.HikariPool.checkFailFast(HikariPool.java:561) ~[HikariCP-4.0.3.jar:na]
	at com.zaxxer.hikari.pool.HikariPool.<init>(HikariPool.java:115) ~[HikariCP-4.0.3.jar:na]
	at com.zaxxer.hikari.HikariDataSource.getConnection(HikariDataSource.java:112) ~[HikariCP-4.0.3.jar:na]
	at org.hibernate.engine.jdbc.connections.internal.DatasourceConnectionProviderImpl.getConnection(DatasourceConnectionProviderImpl.java:122) ~[hibernate-core-5.6.15.Final.jar:5.6.15.Final]
	at org.hibernate.engine.jdbc.env.internal.JdbcEnvironmentInitiator$ConnectionProviderJdbcConnectionAccess.obtainConnection(JdbcEnvironmentInitiator.java:181) ~[hibernate-core-5.6.15.Final.jar:5.6.15.Final]
	at org.hibernate.engine.jdbc.env.internal.JdbcEnvironmentInitiator.initiateService(JdbcEnvironmentInitiator.java:68) ~[hibernate-core-5.6.15.Final.jar:5.6.15.Final]
	at org.hibernate.engine.jdbc.env.internal.JdbcEnvironmentInitiator.initiateService(JdbcEnvironmentInitiator.java:35) ~[hibernate-core-5.6.15.Final.jar:5.6.15.Final]
	at org.hibernate.boot.registry.internal.StandardServiceRegistryImpl.initiateService(StandardServiceRegistryImpl.java:101) ~[hibernate-core-5.6.15.Final.jar:5.6.15.Final]
	at org.hibernate.service.internal.AbstractServiceRegistryImpl.createService(AbstractServiceRegistryImpl.java:272) ~[hibernate-core-5.6.15.Final.jar:5.6.15.Final]
	at org.hibernate.service.internal.AbstractServiceRegistryImpl.initializeService(AbstractServiceRegistryImpl.java:246) ~[hibernate-core-5.6.15.Final.jar:5.6.15.Final]
	at org.hibernate.service.internal.AbstractServiceRegistryImpl.getService(AbstractServiceRegistryImpl.java:223) ~[hibernate-core-5.6.15.Final.jar:5.6.15.Final]
	at org.hibernate.id.factory.internal.DefaultIdentifierGeneratorFactory.injectServices(DefaultIdentifierGeneratorFactory.java:175) ~[hibernate-core-5.6.15.Final.jar:5.6.15.Final]
	at org.hibernate.service.internal.AbstractServiceRegistryImpl.injectDependencies(AbstractServiceRegistryImpl.java:295) ~[hibernate-core-5.6.15.Final.jar:5.6.15.Final]
	at org.hibernate.service.internal.AbstractServiceRegistryImpl.initializeService(AbstractServiceRegistryImpl.java:252) ~[hibernate-core-5.6.15.Final.jar:5.6.15.Final]
	at org.hibernate.service.internal.AbstractServiceRegistryImpl.getService(AbstractServiceRegistryImpl.java:223) ~[hibernate-core-5.6.15.Final.jar:5.6.15.Final]
	at org.hibernate.boot.internal.InFlightMetadataCollectorImpl.<init>(InFlightMetadataCollectorImpl.java:173) ~[hibernate-core-5.6.15.Final.jar:5.6.15.Final]
	at org.hibernate.boot.model.process.spi.MetadataBuildingProcess.complete(MetadataBuildingProcess.java:127) ~[hibernate-core-5.6.15.Final.jar:5.6.15.Final]
	at org.hibernate.jpa.boot.internal.EntityManagerFactoryBuilderImpl.metadata(EntityManagerFactoryBuilderImpl.java:1460) ~[hibernate-core-5.6.15.Final.jar:5.6.15.Final]
	at org.hibernate.jpa.boot.internal.EntityManagerFactoryBuilderImpl.build(EntityManagerFactoryBuilderImpl.java:1494) ~[hibernate-core-5.6.15.Final.jar:5.6.15.Final]
	at org.springframework.orm.jpa.vendor.SpringHibernateJpaPersistenceProvider.createContainerEntityManagerFactory(SpringHibernateJpaPersistenceProvider.java:58) ~[spring-orm-5.3.27.jar:5.3.27]
	at org.springframework.orm.jpa.LocalContainerEntityManagerFactoryBean.createNativeEntityManagerFactory(LocalContainerEntityManagerFactoryBean.java:365) ~[spring-orm-5.3.27.jar:5.3.27]
	at org.springframework.orm.jpa.AbstractEntityManagerFactoryBean.buildNativeEntityManagerFactory(AbstractEntityManagerFactoryBean.java:409) ~[spring-orm-5.3.27.jar:5.3.27]
	at org.springframework.orm.jpa.AbstractEntityManagerFactoryBean.afterPropertiesSet(AbstractEntityManagerFactoryBean.java:396) ~[spring-orm-5.3.27.jar:5.3.27]
	at org.springframework.orm.jpa.LocalContainerEntityManagerFactoryBean.afterPropertiesSet(LocalContainerEntityManagerFactoryBean.java:341) ~[spring-orm-5.3.27.jar:5.3.27]
	at org.springframework.beans.factory.support.AbstractAutowireCapableBeanFactory.invokeInitMethods(AbstractAutowireCapableBeanFactory.java:1863) ~[spring-beans-5.3.27.jar:5.3.27]
	at org.springframework.beans.factory.support.AbstractAutowireCapableBeanFactory.initializeBean(AbstractAutowireCapableBeanFactory.java:1800) ~[spring-beans-5.3.27.jar:5.3.27]
	at org.springframework.beans.factory.support.AbstractAutowireCapableBeanFactory.doCreateBean(AbstractAutowireCapableBeanFactory.java:620) ~[spring-beans-5.3.27.jar:5.3.27]
	at org.springframework.beans.factory.support.AbstractAutowireCapableBeanFactory.createBean(AbstractAutowireCapableBeanFactory.java:542) ~[spring-beans-5.3.27.jar:5.3.27]
	at org.springframework.beans.factory.support.AbstractBeanFactory.lambda$doGetBean$0(AbstractBeanFactory.java:335) ~[spring-beans-5.3.27.jar:5.3.27]
	at org.springframework.beans.factory.support.DefaultSingletonBeanRegistry.getSingleton(DefaultSingletonBeanRegistry.java:234) ~[spring-beans-5.3.27.jar:5.3.27]
	at org.springframework.beans.factory.support.AbstractBeanFactory.doGetBean(AbstractBeanFactory.java:333) ~[spring-beans-5.3.27.jar:5.3.27]
	at org.springframework.beans.factory.support.AbstractBeanFactory.getBean(AbstractBeanFactory.java:208) ~[spring-beans-5.3.27.jar:5.3.27]
	at org.springframework.context.support.AbstractApplicationContext.getBean(AbstractApplicationContext.java:1156) ~[spring-context-5.3.27.jar:5.3.27]
	at org.springframework.context.support.AbstractApplicationContext.finishBeanFactoryInitialization(AbstractApplicationContext.java:910) ~[spring-context-5.3.27.jar:5.3.27]
	at org.springframework.context.support.AbstractApplicationContext.refresh(AbstractApplicationContext.java:583) ~[spring-context-5.3.27.jar:5.3.27]
	at org.springframework.boot.SpringApplication.refresh(SpringApplication.java:731) ~[spring-boot-2.7.12.jar:2.7.12]
	at org.springframework.boot.SpringApplication.refreshContext(SpringApplication.java:408) ~[spring-boot-2.7.12.jar:2.7.12]
	at org.springframework.boot.SpringApplication.run(SpringApplication.java:307) ~[spring-boot-2.7.12.jar:2.7.12]
	at org.springframework.boot.test.context.SpringBootContextLoader.loadContext(SpringBootContextLoader.java:136) ~[spring-boot-test-2.7.12.jar:2.7.12]
	at org.springframework.test.context.cache.DefaultCacheAwareContextLoaderDelegate.loadContextInternal(DefaultCacheAwareContextLoaderDelegate.java:141) ~[spring-test-5.3.27.jar:5.3.27]
	at org.springframework.test.context.cache.DefaultCacheAwareContextLoaderDelegate.loadContext(DefaultCacheAwareContextLoaderDelegate.java:90) ~[spring-test-5.3.27.jar:5.3.27]
	at org.springframework.test.context.support.DefaultTestContext.getApplicationContext(DefaultTestContext.java:124) ~[spring-test-5.3.27.jar:5.3.27]
	at org.springframework.test.context.web.ServletTestExecutionListener.setUpRequestContextIfNecessary(ServletTestExecutionListener.java:190) ~[spring-test-5.3.27.jar:5.3.27]
	at org.springframework.test.context.web.ServletTestExecutionListener.prepareTestInstance(ServletTestExecutionListener.java:132) ~[spring-test-5.3.27.jar:5.3.27]
	at org.springframework.test.context.TestContextManager.prepareTestInstance(TestContextManager.java:248) ~[spring-test-5.3.27.jar:5.3.27]
	at org.springframework.test.context.junit.jupiter.SpringExtension.postProcessTestInstance(SpringExtension.java:138) ~[spring-test-5.3.27.jar:5.3.27]
	at org.junit.jupiter.engine.descriptor.ClassBasedTestDescriptor.lambda$invokeTestInstancePostProcessors$8(ClassBasedTestDescriptor.java:363) ~[junit-jupiter-engine-5.8.2.jar:5.8.2]
	at org.junit.jupiter.engine.descriptor.ClassBasedTestDescriptor.executeAndMaskThrowable(ClassBasedTestDescriptor.java:368) ~[junit-jupiter-engine-5.8.2.jar:5.8.2]
	at org.junit.jupiter.engine.descriptor.ClassBasedTestDescriptor.lambda$invokeTestInstancePostProcessors$9(ClassBasedTestDescriptor.java:363) ~[junit-jupiter-engine-5.8.2.jar:5.8.2]
	at java.base/java.util.stream.ReferencePipeline$3$1.accept(ReferencePipeline.java:195) ~[na:na]
	at java.base/java.util.stream.ReferencePipeline$2$1.accept(ReferencePipeline.java:177) ~[na:na]
	at java.base/java.util.ArrayList$ArrayListSpliterator.forEachRemaining(ArrayList.java:1655) ~[na:na]
	at java.base/java.util.stream.AbstractPipeline.copyInto(AbstractPipeline.java:484) ~[na:na]
	at java.base/java.util.stream.AbstractPipeline.wrapAndCopyInto(AbstractPipeline.java:474) ~[na:na]
	at java.base/java.util.stream.StreamSpliterators$WrappingSpliterator.forEachRemaining(StreamSpliterators.java:312) ~[na:na]
	at java.base/java.util.stream.Streams$ConcatSpliterator.forEachRemaining(Streams.java:735) ~[na:na]
	at java.base/java.util.stream.Streams$ConcatSpliterator.forEachRemaining(Streams.java:734) ~[na:na]
	at java.base/java.util.stream.ReferencePipeline$Head.forEach(ReferencePipeline.java:658) ~[na:na]
	at org.junit.jupiter.engine.descriptor.ClassBasedTestDescriptor.invokeTestInstancePostProcessors(ClassBasedTestDescriptor.java:362) ~[junit-jupiter-engine-5.8.2.jar:5.8.2]
	at org.junit.jupiter.engine.descriptor.ClassBasedTestDescriptor.lambda$instantiateAndPostProcessTestInstance$6(ClassBasedTestDescriptor.java:283) ~[junit-jupiter-engine-5.8.2.jar:5.8.2]
	at org.junit.platform.engine.support.hierarchical.ThrowableCollector.execute(ThrowableCollector.java:73) ~[junit-platform-engine-1.8.2.jar:1.8.2]
	at org.junit.jupiter.engine.descriptor.ClassBasedTestDescriptor.instantiateAndPostProcessTestInstance(ClassBasedTestDescriptor.java:282) ~[junit-jupiter-engine-5.8.2.jar:5.8.2]
	at org.junit.jupiter.engine.descriptor.ClassBasedTestDescriptor.lambda$testInstancesProvider$4(ClassBasedTestDescriptor.java:272) ~[junit-jupiter-engine-5.8.2.jar:5.8.2]
	at java.base/java.util.Optional.orElseGet(Optional.java:369) ~[na:na]
	at org.junit.jupiter.engine.descriptor.ClassBasedTestDescriptor.lambda$testInstancesProvider$5(ClassBasedTestDescriptor.java:271) ~[junit-jupiter-engine-5.8.2.jar:5.8.2]
	at org.junit.jupiter.engine.execution.TestInstancesProvider.getTestInstances(TestInstancesProvider.java:31) ~[junit-jupiter-engine-5.8.2.jar:5.8.2]
	at org.junit.jupiter.engine.descriptor.TestMethodTestDescriptor.lambda$prepare$0(TestMethodTestDescriptor.java:102) ~[junit-jupiter-engine-5.8.2.jar:5.8.2]
	at org.junit.platform.engine.support.hierarchical.ThrowableCollector.execute(ThrowableCollector.java:73) ~[junit-platform-engine-1.8.2.jar:1.8.2]
	at org.junit.jupiter.engine.descriptor.TestMethodTestDescriptor.prepare(TestMethodTestDescriptor.java:101) ~[junit-jupiter-engine-5.8.2.jar:5.8.2]
	at org.junit.jupiter.engine.descriptor.TestMethodTestDescriptor.prepare(TestMethodTestDescriptor.java:66) ~[junit-jupiter-engine-5.8.2.jar:5.8.2]
	at org.junit.platform.engine.support.hierarchical.NodeTestTask.lambda$prepare$2(NodeTestTask.java:123) ~[junit-platform-engine-1.8.2.jar:1.8.2]
	at org.junit.platform.engine.support.hierarchical.ThrowableCollector.execute(ThrowableCollector.java:73) ~[junit-platform-engine-1.8.2.jar:1.8.2]
	at org.junit.platform.engine.support.hierarchical.NodeTestTask.prepare(NodeTestTask.java:123) ~[junit-platform-engine-1.8.2.jar:1.8.2]
	at org.junit.platform.engine.support.hierarchical.NodeTestTask.execute(NodeTestTask.java:90) ~[junit-platform-engine-1.8.2.jar:1.8.2]
	at java.base/java.util.ArrayList.forEach(ArrayList.java:1541) ~[na:na]
	at org.junit.platform.engine.support.hierarchical.SameThreadHierarchicalTestExecutorService.invokeAll(SameThreadHierarchicalTestExecutorService.java:41) ~[junit-platform-engine-1.8.2.jar:1.8.2]
	at org.junit.platform.engine.support.hierarchical.NodeTestTask.lambda$executeRecursively$6(NodeTestTask.java:155) ~[junit-platform-engine-1.8.2.jar:1.8.2]
	at org.junit.platform.engine.support.hierarchical.ThrowableCollector.execute(ThrowableCollector.java:73) ~[junit-platform-engine-1.8.2.jar:1.8.2]
	at org.junit.platform.engine.support.hierarchical.NodeTestTask.lambda$executeRecursively$8(NodeTestTask.java:141) ~[junit-platform-engine-1.8.2.jar:1.8.2]
	at org.junit.platform.engine.support.hierarchical.Node.around(Node.java:137) ~[junit-platform-engine-1.8.2.jar:1.8.2]
	at org.junit.platform.engine.support.hierarchical.NodeTestTask.lambda$executeRecursively$9(NodeTestTask.java:139) ~[junit-platform-engine-1.8.2.jar:1.8.2]
	at org.junit.platform.engine.support.hierarchical.ThrowableCollector.execute(ThrowableCollector.java:73) ~[junit-platform-engine-1.8.2.jar:1.8.2]
	at org.junit.platform.engine.support.hierarchical.NodeTestTask.executeRecursively(NodeTestTask.java:138) ~[junit-platform-engine-1.8.2.jar:1.8.2]
	at org.junit.platform.engine.support.hierarchical.NodeTestTask.execute(NodeTestTask.java:95) ~[junit-platform-engine-1.8.2.jar:1.8.2]
	at java.base/java.util.ArrayList.forEach(ArrayList.java:1541) ~[na:na]
	at org.junit.platform.engine.support.hierarchical.SameThreadHierarchicalTestExecutorService.invokeAll(SameThreadHierarchicalTestExecutorService.java:41) ~[junit-platform-engine-1.8.2.jar:1.8.2]
	at org.junit.platform.engine.support.hierarchical.NodeTestTask.lambda$executeRecursively$6(NodeTestTask.java:155) ~[junit-platform-engine-1.8.2.jar:1.8.2]
	at org.junit.platform.engine.support.hierarchical.ThrowableCollector.execute(ThrowableCollector.java:73) ~[junit-platform-engine-1.8.2.jar:1.8.2]
	at org.junit.platform.engine.support.hierarchical.NodeTestTask.lambda$executeRecursively$8(NodeTestTask.java:141) ~[junit-platform-engine-1.8.2.jar:1.8.2]
	at org.junit.platform.engine.support.hierarchical.Node.around(Node.java:137) ~[junit-platform-engine-1.8.2.jar:1.8.2]
	at org.junit.platform.engine.support.hierarchical.NodeTestTask.lambda$executeRecursively$9(NodeTestTask.java:139) ~[junit-platform-engine-1.8.2.jar:1.8.2]
	at org.junit.platform.engine.support.hierarchical.ThrowableCollector.execute(ThrowableCollector.java:73) ~[junit-platform-engine-1.8.2.jar:1.8.2]
	at org.junit.platform.engine.support.hierarchical.NodeTestTask.executeRecursively(NodeTestTask.java:138) ~[junit-platform-engine-1.8.2.jar:1.8.2]
	at org.junit.platform.engine.support.hierarchical.NodeTestTask.execute(NodeTestTask.java:95) ~[junit-platform-engine-1.8.2.jar:1.8.2]
	at org.junit.platform.engine.support.hierarchical.SameThreadHierarchicalTestExecutorService.submit(SameThreadHierarchicalTestExecutorService.java:35) ~[junit-platform-engine-1.8.2.jar:1.8.2]
	at org.junit.platform.engine.support.hierarchical.HierarchicalTestExecutor.execute(HierarchicalTestExecutor.java:57) ~[junit-platform-engine-1.8.2.jar:1.8.2]
	at org.junit.platform.engine.support.hierarchical.HierarchicalTestEngine.execute(HierarchicalTestEngine.java:54) ~[junit-platform-engine-1.8.2.jar:1.8.2]
	at org.junit.platform.launcher.core.DefaultLauncher.execute(DefaultLauncher.java:220) ~[junit-platform-launcher-1.3.1.jar:1.3.1]
	at org.junit.platform.launcher.core.DefaultLauncher.lambda$execute$6(DefaultLauncher.java:188) ~[junit-platform-launcher-1.3.1.jar:1.3.1]
	at org.junit.platform.launcher.core.DefaultLauncher.withInterceptedStreams(DefaultLauncher.java:202) ~[junit-platform-launcher-1.3.1.jar:1.3.1]
	at org.junit.platform.launcher.core.DefaultLauncher.execute(DefaultLauncher.java:181) ~[junit-platform-launcher-1.3.1.jar:1.3.1]
	at org.junit.platform.launcher.core.DefaultLauncher.execute(DefaultLauncher.java:128) ~[junit-platform-launcher-1.3.1.jar:1.3.1]
	at org.apache.maven.surefire.junitplatform.JUnitPlatformProvider.invokeAllTests(JUnitPlatformProvider.java:150) ~[surefire-junit-platform-2.22.2.jar:2.22.2]
	at org.apache.maven.surefire.junitplatform.JUnitPlatformProvider.invoke(JUnitPlatformProvider.java:124) ~[surefire-junit-platform-2.22.2.jar:2.22.2]
	at org.apache.maven.surefire.booter.ForkedBooter.invokeProviderInSameClassLoader(ForkedBooter.java:384) ~[surefire-booter-2.22.2.jar:2.22.2]
	at org.apache.maven.surefire.booter.ForkedBooter.runSuitesInProcess(ForkedBooter.java:345) ~[surefire-booter-2.22.2.jar:2.22.2]
	at org.apache.maven.surefire.booter.ForkedBooter.execute(ForkedBooter.java:126) ~[surefire-booter-2.22.2.jar:2.22.2]
	at org.apache.maven.surefire.booter.ForkedBooter.main(ForkedBooter.java:418) ~[surefire-booter-2.22.2.jar:2.22.2]

2023-07-21 02:45:44.936  WARN 29880 --- [           main] o.h.e.j.e.i.JdbcEnvironmentInitiator     : HHH000342: Could not obtain connection to query metadata

java.sql.SQLException: Accès refusé pour l'utilisateur: 'root'@'@localhost' (mot de passe: OUI)
	at com.mysql.cj.jdbc.exceptions.SQLError.createSQLException(SQLError.java:130) ~[mysql-connector-j-8.0.33.jar:8.0.33]
	at com.mysql.cj.jdbc.exceptions.SQLExceptionsMapping.translateException(SQLExceptionsMapping.java:122) ~[mysql-connector-j-8.0.33.jar:8.0.33]
	at com.mysql.cj.jdbc.ConnectionImpl.createNewIO(ConnectionImpl.java:825) ~[mysql-connector-j-8.0.33.jar:8.0.33]
	at com.mysql.cj.jdbc.ConnectionImpl.<init>(ConnectionImpl.java:446) ~[mysql-connector-j-8.0.33.jar:8.0.33]
	at com.mysql.cj.jdbc.ConnectionImpl.getInstance(ConnectionImpl.java:239) ~[mysql-connector-j-8.0.33.jar:8.0.33]
	at com.mysql.cj.jdbc.NonRegisteringDriver.connect(NonRegisteringDriver.java:188) ~[mysql-connector-j-8.0.33.jar:8.0.33]
	at com.zaxxer.hikari.util.DriverDataSource.getConnection(DriverDataSource.java:138) ~[HikariCP-4.0.3.jar:na]
	at com.zaxxer.hikari.pool.PoolBase.newConnection(PoolBase.java:364) ~[HikariCP-4.0.3.jar:na]
	at com.zaxxer.hikari.pool.PoolBase.newPoolEntry(PoolBase.java:206) ~[HikariCP-4.0.3.jar:na]
	at com.zaxxer.hikari.pool.HikariPool.createPoolEntry(HikariPool.java:476) ~[HikariCP-4.0.3.jar:na]
	at com.zaxxer.hikari.pool.HikariPool.checkFailFast(HikariPool.java:561) ~[HikariCP-4.0.3.jar:na]
	at com.zaxxer.hikari.pool.HikariPool.<init>(HikariPool.java:115) ~[HikariCP-4.0.3.jar:na]
	at com.zaxxer.hikari.HikariDataSource.getConnection(HikariDataSource.java:112) ~[HikariCP-4.0.3.jar:na]
	at org.hibernate.engine.jdbc.connections.internal.DatasourceConnectionProviderImpl.getConnection(DatasourceConnectionProviderImpl.java:122) ~[hibernate-core-5.6.15.Final.jar:5.6.15.Final]
	at org.hibernate.engine.jdbc.env.internal.JdbcEnvironmentInitiator$ConnectionProviderJdbcConnectionAccess.obtainConnection(JdbcEnvironmentInitiator.java:181) ~[hibernate-core-5.6.15.Final.jar:5.6.15.Final]
	at org.hibernate.engine.jdbc.env.internal.JdbcEnvironmentInitiator.initiateService(JdbcEnvironmentInitiator.java:68) ~[hibernate-core-5.6.15.Final.jar:5.6.15.Final]
	at org.hibernate.engine.jdbc.env.internal.JdbcEnvironmentInitiator.initiateService(JdbcEnvironmentInitiator.java:35) ~[hibernate-core-5.6.15.Final.jar:5.6.15.Final]
	at org.hibernate.boot.registry.internal.StandardServiceRegistryImpl.initiateService(StandardServiceRegistryImpl.java:101) ~[hibernate-core-5.6.15.Final.jar:5.6.15.Final]
	at org.hibernate.service.internal.AbstractServiceRegistryImpl.createService(AbstractServiceRegistryImpl.java:272) ~[hibernate-core-5.6.15.Final.jar:5.6.15.Final]
	at org.hibernate.service.internal.AbstractServiceRegistryImpl.initializeService(AbstractServiceRegistryImpl.java:246) ~[hibernate-core-5.6.15.Final.jar:5.6.15.Final]
	at org.hibernate.service.internal.AbstractServiceRegistryImpl.getService(AbstractServiceRegistryImpl.java:223) ~[hibernate-core-5.6.15.Final.jar:5.6.15.Final]
	at org.hibernate.id.factory.internal.DefaultIdentifierGeneratorFactory.injectServices(DefaultIdentifierGeneratorFactory.java:175) ~[hibernate-core-5.6.15.Final.jar:5.6.15.Final]
	at org.hibernate.service.internal.AbstractServiceRegistryImpl.injectDependencies(AbstractServiceRegistryImpl.java:295) ~[hibernate-core-5.6.15.Final.jar:5.6.15.Final]
	at org.hibernate.service.internal.AbstractServiceRegistryImpl.initializeService(AbstractServiceRegistryImpl.java:252) ~[hibernate-core-5.6.15.Final.jar:5.6.15.Final]
	at org.hibernate.service.internal.AbstractServiceRegistryImpl.getService(AbstractServiceRegistryImpl.java:223) ~[hibernate-core-5.6.15.Final.jar:5.6.15.Final]
	at org.hibernate.boot.internal.InFlightMetadataCollectorImpl.<init>(InFlightMetadataCollectorImpl.java:173) ~[hibernate-core-5.6.15.Final.jar:5.6.15.Final]
	at org.hibernate.boot.model.process.spi.MetadataBuildingProcess.complete(MetadataBuildingProcess.java:127) ~[hibernate-core-5.6.15.Final.jar:5.6.15.Final]
	at org.hibernate.jpa.boot.internal.EntityManagerFactoryBuilderImpl.metadata(EntityManagerFactoryBuilderImpl.java:1460) ~[hibernate-core-5.6.15.Final.jar:5.6.15.Final]
	at org.hibernate.jpa.boot.internal.EntityManagerFactoryBuilderImpl.build(EntityManagerFactoryBuilderImpl.java:1494) ~[hibernate-core-5.6.15.Final.jar:5.6.15.Final]
	at org.springframework.orm.jpa.vendor.SpringHibernateJpaPersistenceProvider.createContainerEntityManagerFactory(SpringHibernateJpaPersistenceProvider.java:58) ~[spring-orm-5.3.27.jar:5.3.27]
	at org.springframework.orm.jpa.LocalContainerEntityManagerFactoryBean.createNativeEntityManagerFactory(LocalContainerEntityManagerFactoryBean.java:365) ~[spring-orm-5.3.27.jar:5.3.27]
	at org.springframework.orm.jpa.AbstractEntityManagerFactoryBean.buildNativeEntityManagerFactory(AbstractEntityManagerFactoryBean.java:409) ~[spring-orm-5.3.27.jar:5.3.27]
	at org.springframework.orm.jpa.AbstractEntityManagerFactoryBean.afterPropertiesSet(AbstractEntityManagerFactoryBean.java:396) ~[spring-orm-5.3.27.jar:5.3.27]
	at org.springframework.orm.jpa.LocalContainerEntityManagerFactoryBean.afterPropertiesSet(LocalContainerEntityManagerFactoryBean.java:341) ~[spring-orm-5.3.27.jar:5.3.27]
	at org.springframework.beans.factory.support.AbstractAutowireCapableBeanFactory.invokeInitMethods(AbstractAutowireCapableBeanFactory.java:1863) ~[spring-beans-5.3.27.jar:5.3.27]
	at org.springframework.beans.factory.support.AbstractAutowireCapableBeanFactory.initializeBean(AbstractAutowireCapableBeanFactory.java:1800) ~[spring-beans-5.3.27.jar:5.3.27]
	at org.springframework.beans.factory.support.AbstractAutowireCapableBeanFactory.doCreateBean(AbstractAutowireCapableBeanFactory.java:620) ~[spring-beans-5.3.27.jar:5.3.27]
	at org.springframework.beans.factory.support.AbstractAutowireCapableBeanFactory.createBean(AbstractAutowireCapableBeanFactory.java:542) ~[spring-beans-5.3.27.jar:5.3.27]
	at org.springframework.beans.factory.support.AbstractBeanFactory.lambda$doGetBean$0(AbstractBeanFactory.java:335) ~[spring-beans-5.3.27.jar:5.3.27]
	at org.springframework.beans.factory.support.DefaultSingletonBeanRegistry.getSingleton(DefaultSingletonBeanRegistry.java:234) ~[spring-beans-5.3.27.jar:5.3.27]
	at org.springframework.beans.factory.support.AbstractBeanFactory.doGetBean(AbstractBeanFactory.java:333) ~[spring-beans-5.3.27.jar:5.3.27]
	at org.springframework.beans.factory.support.AbstractBeanFactory.getBean(AbstractBeanFactory.java:208) ~[spring-beans-5.3.27.jar:5.3.27]
	at org.springframework.context.support.AbstractApplicationContext.getBean(AbstractApplicationContext.java:1156) ~[spring-context-5.3.27.jar:5.3.27]
	at org.springframework.context.support.AbstractApplicationContext.finishBeanFactoryInitialization(AbstractApplicationContext.java:910) ~[spring-context-5.3.27.jar:5.3.27]
	at org.springframework.context.support.AbstractApplicationContext.refresh(AbstractApplicationContext.java:583) ~[spring-context-5.3.27.jar:5.3.27]
	at org.springframework.boot.SpringApplication.refresh(SpringApplication.java:731) ~[spring-boot-2.7.12.jar:2.7.12]
	at org.springframework.boot.SpringApplication.refreshContext(SpringApplication.java:408) ~[spring-boot-2.7.12.jar:2.7.12]
	at org.springframework.boot.SpringApplication.run(SpringApplication.java:307) ~[spring-boot-2.7.12.jar:2.7.12]
	at org.springframework.boot.test.context.SpringBootContextLoader.loadContext(SpringBootContextLoader.java:136) ~[spring-boot-test-2.7.12.jar:2.7.12]
	at org.springframework.test.context.cache.DefaultCacheAwareContextLoaderDelegate.loadContextInternal(DefaultCacheAwareContextLoaderDelegate.java:141) ~[spring-test-5.3.27.jar:5.3.27]
	at org.springframework.test.context.cache.DefaultCacheAwareContextLoaderDelegate.loadContext(DefaultCacheAwareContextLoaderDelegate.java:90) ~[spring-test-5.3.27.jar:5.3.27]
	at org.springframework.test.context.support.DefaultTestContext.getApplicationContext(DefaultTestContext.java:124) ~[spring-test-5.3.27.jar:5.3.27]
	at org.springframework.test.context.web.ServletTestExecutionListener.setUpRequestContextIfNecessary(ServletTestExecutionListener.java:190) ~[spring-test-5.3.27.jar:5.3.27]
	at org.springframework.test.context.web.ServletTestExecutionListener.prepareTestInstance(ServletTestExecutionListener.java:132) ~[spring-test-5.3.27.jar:5.3.27]
	at org.springframework.test.context.TestContextManager.prepareTestInstance(TestContextManager.java:248) ~[spring-test-5.3.27.jar:5.3.27]
	at org.springframework.test.context.junit.jupiter.SpringExtension.postProcessTestInstance(SpringExtension.java:138) ~[spring-test-5.3.27.jar:5.3.27]
	at org.junit.jupiter.engine.descriptor.ClassBasedTestDescriptor.lambda$invokeTestInstancePostProcessors$8(ClassBasedTestDescriptor.java:363) ~[junit-jupiter-engine-5.8.2.jar:5.8.2]
	at org.junit.jupiter.engine.descriptor.ClassBasedTestDescriptor.executeAndMaskThrowable(ClassBasedTestDescriptor.java:368) ~[junit-jupiter-engine-5.8.2.jar:5.8.2]
	at org.junit.jupiter.engine.descriptor.ClassBasedTestDescriptor.lambda$invokeTestInstancePostProcessors$9(ClassBasedTestDescriptor.java:363) ~[junit-jupiter-engine-5.8.2.jar:5.8.2]
	at java.base/java.util.stream.ReferencePipeline$3$1.accept(ReferencePipeline.java:195) ~[na:na]
	at java.base/java.util.stream.ReferencePipeline$2$1.accept(ReferencePipeline.java:177) ~[na:na]
	at java.base/java.util.ArrayList$ArrayListSpliterator.forEachRemaining(ArrayList.java:1655) ~[na:na]
	at java.base/java.util.stream.AbstractPipeline.copyInto(AbstractPipeline.java:484) ~[na:na]
	at java.base/java.util.stream.AbstractPipeline.wrapAndCopyInto(AbstractPipeline.java:474) ~[na:na]
	at java.base/java.util.stream.StreamSpliterators$WrappingSpliterator.forEachRemaining(StreamSpliterators.java:312) ~[na:na]
	at java.base/java.util.stream.Streams$ConcatSpliterator.forEachRemaining(Streams.java:735) ~[na:na]
	at java.base/java.util.stream.Streams$ConcatSpliterator.forEachRemaining(Streams.java:734) ~[na:na]
	at java.base/java.util.stream.ReferencePipeline$Head.forEach(ReferencePipeline.java:658) ~[na:na]
	at org.junit.jupiter.engine.descriptor.ClassBasedTestDescriptor.invokeTestInstancePostProcessors(ClassBasedTestDescriptor.java:362) ~[junit-jupiter-engine-5.8.2.jar:5.8.2]
	at org.junit.jupiter.engine.descriptor.ClassBasedTestDescriptor.lambda$instantiateAndPostProcessTestInstance$6(ClassBasedTestDescriptor.java:283) ~[junit-jupiter-engine-5.8.2.jar:5.8.2]
	at org.junit.platform.engine.support.hierarchical.ThrowableCollector.execute(ThrowableCollector.java:73) ~[junit-platform-engine-1.8.2.jar:1.8.2]
	at org.junit.jupiter.engine.descriptor.ClassBasedTestDescriptor.instantiateAndPostProcessTestInstance(ClassBasedTestDescriptor.java:282) ~[junit-jupiter-engine-5.8.2.jar:5.8.2]
	at org.junit.jupiter.engine.descriptor.ClassBasedTestDescriptor.lambda$testInstancesProvider$4(ClassBasedTestDescriptor.java:272) ~[junit-jupiter-engine-5.8.2.jar:5.8.2]
	at java.base/java.util.Optional.orElseGet(Optional.java:369) ~[na:na]
	at org.junit.jupiter.engine.descriptor.ClassBasedTestDescriptor.lambda$testInstancesProvider$5(ClassBasedTestDescriptor.java:271) ~[junit-jupiter-engine-5.8.2.jar:5.8.2]
	at org.junit.jupiter.engine.execution.TestInstancesProvider.getTestInstances(TestInstancesProvider.java:31) ~[junit-jupiter-engine-5.8.2.jar:5.8.2]
	at org.junit.jupiter.engine.descriptor.TestMethodTestDescriptor.lambda$prepare$0(TestMethodTestDescriptor.java:102) ~[junit-jupiter-engine-5.8.2.jar:5.8.2]
	at org.junit.platform.engine.support.hierarchical.ThrowableCollector.execute(ThrowableCollector.java:73) ~[junit-platform-engine-1.8.2.jar:1.8.2]
	at org.junit.jupiter.engine.descriptor.TestMethodTestDescriptor.prepare(TestMethodTestDescriptor.java:101) ~[junit-jupiter-engine-5.8.2.jar:5.8.2]
	at org.junit.jupiter.engine.descriptor.TestMethodTestDescriptor.prepare(TestMethodTestDescriptor.java:66) ~[junit-jupiter-engine-5.8.2.jar:5.8.2]
	at org.junit.platform.engine.support.hierarchical.NodeTestTask.lambda$prepare$2(NodeTestTask.java:123) ~[junit-platform-engine-1.8.2.jar:1.8.2]
	at org.junit.platform.engine.support.hierarchical.ThrowableCollector.execute(ThrowableCollector.java:73) ~[junit-platform-engine-1.8.2.jar:1.8.2]
	at org.junit.platform.engine.support.hierarchical.NodeTestTask.prepare(NodeTestTask.java:123) ~[junit-platform-engine-1.8.2.jar:1.8.2]
	at org.junit.platform.engine.support.hierarchical.NodeTestTask.execute(NodeTestTask.java:90) ~[junit-platform-engine-1.8.2.jar:1.8.2]
	at java.base/java.util.ArrayList.forEach(ArrayList.java:1541) ~[na:na]
	at org.junit.platform.engine.support.hierarchical.SameThreadHierarchicalTestExecutorService.invokeAll(SameThreadHierarchicalTestExecutorService.java:41) ~[junit-platform-engine-1.8.2.jar:1.8.2]
	at org.junit.platform.engine.support.hierarchical.NodeTestTask.lambda$executeRecursively$6(NodeTestTask.java:155) ~[junit-platform-engine-1.8.2.jar:1.8.2]
	at org.junit.platform.engine.support.hierarchical.ThrowableCollector.execute(ThrowableCollector.java:73) ~[junit-platform-engine-1.8.2.jar:1.8.2]
	at org.junit.platform.engine.support.hierarchical.NodeTestTask.lambda$executeRecursively$8(NodeTestTask.java:141) ~[junit-platform-engine-1.8.2.jar:1.8.2]
	at org.junit.platform.engine.support.hierarchical.Node.around(Node.java:137) ~[junit-platform-engine-1.8.2.jar:1.8.2]
	at org.junit.platform.engine.support.hierarchical.NodeTestTask.lambda$executeRecursively$9(NodeTestTask.java:139) ~[junit-platform-engine-1.8.2.jar:1.8.2]
	at org.junit.platform.engine.support.hierarchical.ThrowableCollector.execute(ThrowableCollector.java:73) ~[junit-platform-engine-1.8.2.jar:1.8.2]
	at org.junit.platform.engine.support.hierarchical.NodeTestTask.executeRecursively(NodeTestTask.java:138) ~[junit-platform-engine-1.8.2.jar:1.8.2]
	at org.junit.platform.engine.support.hierarchical.NodeTestTask.execute(NodeTestTask.java:95) ~[junit-platform-engine-1.8.2.jar:1.8.2]
	at java.base/java.util.ArrayList.forEach(ArrayList.java:1541) ~[na:na]
	at org.junit.platform.engine.support.hierarchical.SameThreadHierarchicalTestExecutorService.invokeAll(SameThreadHierarchicalTestExecutorService.java:41) ~[junit-platform-engine-1.8.2.jar:1.8.2]
	at org.junit.platform.engine.support.hierarchical.NodeTestTask.lambda$executeRecursively$6(NodeTestTask.java:155) ~[junit-platform-engine-1.8.2.jar:1.8.2]
	at org.junit.platform.engine.support.hierarchical.ThrowableCollector.execute(ThrowableCollector.java:73) ~[junit-platform-engine-1.8.2.jar:1.8.2]
	at org.junit.platform.engine.support.hierarchical.NodeTestTask.lambda$executeRecursively$8(NodeTestTask.java:141) ~[junit-platform-engine-1.8.2.jar:1.8.2]
	at org.junit.platform.engine.support.hierarchical.Node.around(Node.java:137) ~[junit-platform-engine-1.8.2.jar:1.8.2]
	at org.junit.platform.engine.support.hierarchical.NodeTestTask.lambda$executeRecursively$9(NodeTestTask.java:139) ~[junit-platform-engine-1.8.2.jar:1.8.2]
	at org.junit.platform.engine.support.hierarchical.ThrowableCollector.execute(ThrowableCollector.java:73) ~[junit-platform-engine-1.8.2.jar:1.8.2]
	at org.junit.platform.engine.support.hierarchical.NodeTestTask.executeRecursively(NodeTestTask.java:138) ~[junit-platform-engine-1.8.2.jar:1.8.2]
	at org.junit.platform.engine.support.hierarchical.NodeTestTask.execute(NodeTestTask.java:95) ~[junit-platform-engine-1.8.2.jar:1.8.2]
	at org.junit.platform.engine.support.hierarchical.SameThreadHierarchicalTestExecutorService.submit(SameThreadHierarchicalTestExecutorService.java:35) ~[junit-platform-engine-1.8.2.jar:1.8.2]
	at org.junit.platform.engine.support.hierarchical.HierarchicalTestExecutor.execute(HierarchicalTestExecutor.java:57) ~[junit-platform-engine-1.8.2.jar:1.8.2]
	at org.junit.platform.engine.support.hierarchical.HierarchicalTestEngine.execute(HierarchicalTestEngine.java:54) ~[junit-platform-engine-1.8.2.jar:1.8.2]
	at org.junit.platform.launcher.core.DefaultLauncher.execute(DefaultLauncher.java:220) ~[junit-platform-launcher-1.3.1.jar:1.3.1]
	at org.junit.platform.launcher.core.DefaultLauncher.lambda$execute$6(DefaultLauncher.java:188) ~[junit-platform-launcher-1.3.1.jar:1.3.1]
	at org.junit.platform.launcher.core.DefaultLauncher.withInterceptedStreams(DefaultLauncher.java:202) ~[junit-platform-launcher-1.3.1.jar:1.3.1]
	at org.junit.platform.launcher.core.DefaultLauncher.execute(DefaultLauncher.java:181) ~[junit-platform-launcher-1.3.1.jar:1.3.1]
	at org.junit.platform.launcher.core.DefaultLauncher.execute(DefaultLauncher.java:128) ~[junit-platform-launcher-1.3.1.jar:1.3.1]
	at org.apache.maven.surefire.junitplatform.JUnitPlatformProvider.invokeAllTests(JUnitPlatformProvider.java:150) ~[surefire-junit-platform-2.22.2.jar:2.22.2]
	at org.apache.maven.surefire.junitplatform.JUnitPlatformProvider.invoke(JUnitPlatformProvider.java:124) ~[surefire-junit-platform-2.22.2.jar:2.22.2]
	at org.apache.maven.surefire.booter.ForkedBooter.invokeProviderInSameClassLoader(ForkedBooter.java:384) ~[surefire-booter-2.22.2.jar:2.22.2]
	at org.apache.maven.surefire.booter.ForkedBooter.runSuitesInProcess(ForkedBooter.java:345) ~[surefire-booter-2.22.2.jar:2.22.2]
	at org.apache.maven.surefire.booter.ForkedBooter.execute(ForkedBooter.java:126) ~[surefire-booter-2.22.2.jar:2.22.2]
	at org.apache.maven.surefire.booter.ForkedBooter.main(ForkedBooter.java:418) ~[surefire-booter-2.22.2.jar:2.22.2]

2023-07-21 02:45:44.954  INFO 29880 --- [           main] org.hibernate.dialect.Dialect            : HHH000400: Using dialect: org.hibernate.dialect.MySQL5InnoDBDialect
2023-07-21 02:45:44.984 DEBUG 29880 --- [           main] o.h.type.spi.TypeConfiguration$Scope     : Scoping TypeConfiguration [org.hibernate.type.spi.TypeConfiguration@4243341e] to MetadataBuildingContext [org.hibernate.boot.internal.MetadataBuildingContextRootImpl@d1c5cf2]
2023-07-21 02:45:45.361 DEBUG 29880 --- [           main] o.h.type.spi.TypeConfiguration$Scope     : Scoping TypeConfiguration [org.hibernate.type.spi.TypeConfiguration@4243341e] to SessionFactoryImpl [org.hibernate.internal.SessionFactoryImpl@73385d3f]
2023-07-21 02:45:45.858 DEBUG 29880 --- [           main] com.zaxxer.hikari.HikariConfig           : HikariPool-1 - configuration:
2023-07-21 02:45:45.859 DEBUG 29880 --- [           main] com.zaxxer.hikari.HikariConfig           : allowPoolSuspension................................false
2023-07-21 02:45:45.859 DEBUG 29880 --- [           main] com.zaxxer.hikari.HikariConfig           : autoCommit................................true
2023-07-21 02:45:45.859 DEBUG 29880 --- [           main] com.zaxxer.hikari.HikariConfig           : catalog................................none
2023-07-21 02:45:45.859 DEBUG 29880 --- [           main] com.zaxxer.hikari.HikariConfig           : connectionInitSql................................none
2023-07-21 02:45:45.859 DEBUG 29880 --- [           main] com.zaxxer.hikari.HikariConfig           : connectionTestQuery................................none
2023-07-21 02:45:45.859 DEBUG 29880 --- [           main] com.zaxxer.hikari.HikariConfig           : connectionTimeout................................30000
2023-07-21 02:45:45.859 DEBUG 29880 --- [           main] com.zaxxer.hikari.HikariConfig           : dataSource................................none
2023-07-21 02:45:45.859 DEBUG 29880 --- [           main] com.zaxxer.hikari.HikariConfig           : dataSourceClassName................................none
2023-07-21 02:45:45.859 DEBUG 29880 --- [           main] com.zaxxer.hikari.HikariConfig           : dataSourceJNDI................................none
2023-07-21 02:45:45.859 DEBUG 29880 --- [           main] com.zaxxer.hikari.HikariConfig           : dataSourceProperties................................{password=<masked>}
2023-07-21 02:45:45.859 DEBUG 29880 --- [           main] com.zaxxer.hikari.HikariConfig           : driverClassName................................"com.mysql.cj.jdbc.Driver"
2023-07-21 02:45:45.859 DEBUG 29880 --- [           main] com.zaxxer.hikari.HikariConfig           : exceptionOverrideClassName................................none
2023-07-21 02:45:45.859 DEBUG 29880 --- [           main] com.zaxxer.hikari.HikariConfig           : healthCheckProperties................................{}
2023-07-21 02:45:45.859 DEBUG 29880 --- [           main] com.zaxxer.hikari.HikariConfig           : healthCheckRegistry................................none
2023-07-21 02:45:45.859 DEBUG 29880 --- [           main] com.zaxxer.hikari.HikariConfig           : idleTimeout................................600000
2023-07-21 02:45:45.859 DEBUG 29880 --- [           main] com.zaxxer.hikari.HikariConfig           : initializationFailTimeout................................1
2023-07-21 02:45:45.859 DEBUG 29880 --- [           main] com.zaxxer.hikari.HikariConfig           : isolateInternalQueries................................false
2023-07-21 02:45:45.859 DEBUG 29880 --- [           main] com.zaxxer.hikari.HikariConfig           : jdbcUrl................................jdbc:mysql://localhost:3306/authdb?createDatabaseIfNotExist=true
2023-07-21 02:45:45.859 DEBUG 29880 --- [           main] com.zaxxer.hikari.HikariConfig           : keepaliveTime................................0
2023-07-21 02:45:45.859 DEBUG 29880 --- [           main] com.zaxxer.hikari.HikariConfig           : leakDetectionThreshold................................0
2023-07-21 02:45:45.859 DEBUG 29880 --- [           main] com.zaxxer.hikari.HikariConfig           : maxLifetime................................1800000
2023-07-21 02:45:45.860 DEBUG 29880 --- [           main] com.zaxxer.hikari.HikariConfig           : maximumPoolSize................................10
2023-07-21 02:45:45.860 DEBUG 29880 --- [           main] com.zaxxer.hikari.HikariConfig           : metricRegistry................................none
2023-07-21 02:45:45.860 DEBUG 29880 --- [           main] com.zaxxer.hikari.HikariConfig           : metricsTrackerFactory................................none
2023-07-21 02:45:45.860 DEBUG 29880 --- [           main] com.zaxxer.hikari.HikariConfig           : minimumIdle................................10
2023-07-21 02:45:45.860 DEBUG 29880 --- [           main] com.zaxxer.hikari.HikariConfig           : password................................<masked>
2023-07-21 02:45:45.860 DEBUG 29880 --- [           main] com.zaxxer.hikari.HikariConfig           : poolName................................"HikariPool-1"
2023-07-21 02:45:45.860 DEBUG 29880 --- [           main] com.zaxxer.hikari.HikariConfig           : readOnly................................false
2023-07-21 02:45:45.860 DEBUG 29880 --- [           main] com.zaxxer.hikari.HikariConfig           : registerMbeans................................false
2023-07-21 02:45:45.860 DEBUG 29880 --- [           main] com.zaxxer.hikari.HikariConfig           : scheduledExecutor................................none
2023-07-21 02:45:45.860 DEBUG 29880 --- [           main] com.zaxxer.hikari.HikariConfig           : schema................................none
2023-07-21 02:45:45.860 DEBUG 29880 --- [           main] com.zaxxer.hikari.HikariConfig           : threadFactory................................internal
2023-07-21 02:45:45.860 DEBUG 29880 --- [           main] com.zaxxer.hikari.HikariConfig           : transactionIsolation................................default
2023-07-21 02:45:45.860 DEBUG 29880 --- [           main] com.zaxxer.hikari.HikariConfig           : username................................"root"
2023-07-21 02:45:45.860 DEBUG 29880 --- [           main] com.zaxxer.hikari.HikariConfig           : validationTimeout................................5000
2023-07-21 02:45:45.860  INFO 29880 --- [           main] com.zaxxer.hikari.HikariDataSource       : HikariPool-1 - Starting...
2023-07-21 02:45:45.864 DEBUG 29880 --- [           main] com.zaxxer.hikari.pool.PoolBase          : HikariPool-1 - Failed to create/setup connection: Accès refusé pour l'utilisateur: 'root'@'@localhost' (mot de passe: OUI)
2023-07-21 02:45:45.864 DEBUG 29880 --- [           main] com.zaxxer.hikari.pool.HikariPool        : HikariPool-1 - Cannot acquire connection from data source

java.sql.SQLException: Accès refusé pour l'utilisateur: 'root'@'@localhost' (mot de passe: OUI)
	at com.mysql.cj.jdbc.exceptions.SQLError.createSQLException(SQLError.java:130) ~[mysql-connector-j-8.0.33.jar:8.0.33]
	at com.mysql.cj.jdbc.exceptions.SQLExceptionsMapping.translateException(SQLExceptionsMapping.java:122) ~[mysql-connector-j-8.0.33.jar:8.0.33]
	at com.mysql.cj.jdbc.ConnectionImpl.createNewIO(ConnectionImpl.java:825) ~[mysql-connector-j-8.0.33.jar:8.0.33]
	at com.mysql.cj.jdbc.ConnectionImpl.<init>(ConnectionImpl.java:446) ~[mysql-connector-j-8.0.33.jar:8.0.33]
	at com.mysql.cj.jdbc.ConnectionImpl.getInstance(ConnectionImpl.java:239) ~[mysql-connector-j-8.0.33.jar:8.0.33]
	at com.mysql.cj.jdbc.NonRegisteringDriver.connect(NonRegisteringDriver.java:188) ~[mysql-connector-j-8.0.33.jar:8.0.33]
	at com.zaxxer.hikari.util.DriverDataSource.getConnection(DriverDataSource.java:138) ~[HikariCP-4.0.3.jar:na]
	at com.zaxxer.hikari.pool.PoolBase.newConnection(PoolBase.java:364) ~[HikariCP-4.0.3.jar:na]
	at com.zaxxer.hikari.pool.PoolBase.newPoolEntry(PoolBase.java:206) ~[HikariCP-4.0.3.jar:na]
	at com.zaxxer.hikari.pool.HikariPool.createPoolEntry(HikariPool.java:476) ~[HikariCP-4.0.3.jar:na]
	at com.zaxxer.hikari.pool.HikariPool.checkFailFast(HikariPool.java:561) ~[HikariCP-4.0.3.jar:na]
	at com.zaxxer.hikari.pool.HikariPool.<init>(HikariPool.java:115) ~[HikariCP-4.0.3.jar:na]
	at com.zaxxer.hikari.HikariDataSource.getConnection(HikariDataSource.java:112) ~[HikariCP-4.0.3.jar:na]
	at org.hibernate.engine.jdbc.connections.internal.DatasourceConnectionProviderImpl.getConnection(DatasourceConnectionProviderImpl.java:122) ~[hibernate-core-5.6.15.Final.jar:5.6.15.Final]
	at org.hibernate.engine.jdbc.env.internal.JdbcEnvironmentInitiator$ConnectionProviderJdbcConnectionAccess.obtainConnection(JdbcEnvironmentInitiator.java:181) ~[hibernate-core-5.6.15.Final.jar:5.6.15.Final]
	at org.hibernate.resource.transaction.backend.jdbc.internal.DdlTransactionIsolatorNonJtaImpl.getIsolatedConnection(DdlTransactionIsolatorNonJtaImpl.java:44) ~[hibernate-core-5.6.15.Final.jar:5.6.15.Final]
	at org.hibernate.tool.schema.internal.exec.ImprovedExtractionContextImpl.getJdbcConnection(ImprovedExtractionContextImpl.java:63) ~[hibernate-core-5.6.15.Final.jar:5.6.15.Final]
	at org.hibernate.tool.schema.internal.exec.ImprovedExtractionContextImpl.getJdbcDatabaseMetaData(ImprovedExtractionContextImpl.java:70) ~[hibernate-core-5.6.15.Final.jar:5.6.15.Final]
	at org.hibernate.tool.schema.extract.internal.InformationExtractorJdbcDatabaseMetaDataImpl.processTableResultSet(InformationExtractorJdbcDatabaseMetaDataImpl.java:64) ~[hibernate-core-5.6.15.Final.jar:5.6.15.Final]
	at org.hibernate.tool.schema.extract.internal.AbstractInformationExtractorImpl.getTables(AbstractInformationExtractorImpl.java:565) ~[hibernate-core-5.6.15.Final.jar:5.6.15.Final]
	at org.hibernate.tool.schema.extract.internal.DatabaseInformationImpl.getTablesInformation(DatabaseInformationImpl.java:122) ~[hibernate-core-5.6.15.Final.jar:5.6.15.Final]
	at org.hibernate.tool.schema.internal.GroupedSchemaMigratorImpl.performTablesMigration(GroupedSchemaMigratorImpl.java:68) ~[hibernate-core-5.6.15.Final.jar:5.6.15.Final]
	at org.hibernate.tool.schema.internal.AbstractSchemaMigrator.performMigration(AbstractSchemaMigrator.java:220) ~[hibernate-core-5.6.15.Final.jar:5.6.15.Final]
	at org.hibernate.tool.schema.internal.AbstractSchemaMigrator.doMigration(AbstractSchemaMigrator.java:123) ~[hibernate-core-5.6.15.Final.jar:5.6.15.Final]
	at org.hibernate.tool.schema.spi.SchemaManagementToolCoordinator.performDatabaseAction(SchemaManagementToolCoordinator.java:196) ~[hibernate-core-5.6.15.Final.jar:5.6.15.Final]
	at org.hibernate.tool.schema.spi.SchemaManagementToolCoordinator.process(SchemaManagementToolCoordinator.java:85) ~[hibernate-core-5.6.15.Final.jar:5.6.15.Final]
	at org.hibernate.internal.SessionFactoryImpl.<init>(SessionFactoryImpl.java:335) ~[hibernate-core-5.6.15.Final.jar:5.6.15.Final]
	at org.hibernate.boot.internal.SessionFactoryBuilderImpl.build(SessionFactoryBuilderImpl.java:471) ~[hibernate-core-5.6.15.Final.jar:5.6.15.Final]
	at org.hibernate.jpa.boot.internal.EntityManagerFactoryBuilderImpl.build(EntityManagerFactoryBuilderImpl.java:1498) ~[hibernate-core-5.6.15.Final.jar:5.6.15.Final]
	at org.springframework.orm.jpa.vendor.SpringHibernateJpaPersistenceProvider.createContainerEntityManagerFactory(SpringHibernateJpaPersistenceProvider.java:58) ~[spring-orm-5.3.27.jar:5.3.27]
	at org.springframework.orm.jpa.LocalContainerEntityManagerFactoryBean.createNativeEntityManagerFactory(LocalContainerEntityManagerFactoryBean.java:365) ~[spring-orm-5.3.27.jar:5.3.27]
	at org.springframework.orm.jpa.AbstractEntityManagerFactoryBean.buildNativeEntityManagerFactory(AbstractEntityManagerFactoryBean.java:409) ~[spring-orm-5.3.27.jar:5.3.27]
	at org.springframework.orm.jpa.AbstractEntityManagerFactoryBean.afterPropertiesSet(AbstractEntityManagerFactoryBean.java:396) ~[spring-orm-5.3.27.jar:5.3.27]
	at org.springframework.orm.jpa.LocalContainerEntityManagerFactoryBean.afterPropertiesSet(LocalContainerEntityManagerFactoryBean.java:341) ~[spring-orm-5.3.27.jar:5.3.27]
	at org.springframework.beans.factory.support.AbstractAutowireCapableBeanFactory.invokeInitMethods(AbstractAutowireCapableBeanFactory.java:1863) ~[spring-beans-5.3.27.jar:5.3.27]
	at org.springframework.beans.factory.support.AbstractAutowireCapableBeanFactory.initializeBean(AbstractAutowireCapableBeanFactory.java:1800) ~[spring-beans-5.3.27.jar:5.3.27]
	at org.springframework.beans.factory.support.AbstractAutowireCapableBeanFactory.doCreateBean(AbstractAutowireCapableBeanFactory.java:620) ~[spring-beans-5.3.27.jar:5.3.27]
	at org.springframework.beans.factory.support.AbstractAutowireCapableBeanFactory.createBean(AbstractAutowireCapableBeanFactory.java:542) ~[spring-beans-5.3.27.jar:5.3.27]
	at org.springframework.beans.factory.support.AbstractBeanFactory.lambda$doGetBean$0(AbstractBeanFactory.java:335) ~[spring-beans-5.3.27.jar:5.3.27]
	at org.springframework.beans.factory.support.DefaultSingletonBeanRegistry.getSingleton(DefaultSingletonBeanRegistry.java:234) ~[spring-beans-5.3.27.jar:5.3.27]
	at org.springframework.beans.factory.support.AbstractBeanFactory.doGetBean(AbstractBeanFactory.java:333) ~[spring-beans-5.3.27.jar:5.3.27]
	at org.springframework.beans.factory.support.AbstractBeanFactory.getBean(AbstractBeanFactory.java:208) ~[spring-beans-5.3.27.jar:5.3.27]
	at org.springframework.context.support.AbstractApplicationContext.getBean(AbstractApplicationContext.java:1156) ~[spring-context-5.3.27.jar:5.3.27]
	at org.springframework.context.support.AbstractApplicationContext.finishBeanFactoryInitialization(AbstractApplicationContext.java:910) ~[spring-context-5.3.27.jar:5.3.27]
	at org.springframework.context.support.AbstractApplicationContext.refresh(AbstractApplicationContext.java:583) ~[spring-context-5.3.27.jar:5.3.27]
	at org.springframework.boot.SpringApplication.refresh(SpringApplication.java:731) ~[spring-boot-2.7.12.jar:2.7.12]
	at org.springframework.boot.SpringApplication.refreshContext(SpringApplication.java:408) ~[spring-boot-2.7.12.jar:2.7.12]
	at org.springframework.boot.SpringApplication.run(SpringApplication.java:307) ~[spring-boot-2.7.12.jar:2.7.12]
	at org.springframework.boot.test.context.SpringBootContextLoader.loadContext(SpringBootContextLoader.java:136) ~[spring-boot-test-2.7.12.jar:2.7.12]
	at org.springframework.test.context.cache.DefaultCacheAwareContextLoaderDelegate.loadContextInternal(DefaultCacheAwareContextLoaderDelegate.java:141) ~[spring-test-5.3.27.jar:5.3.27]
	at org.springframework.test.context.cache.DefaultCacheAwareContextLoaderDelegate.loadContext(DefaultCacheAwareContextLoaderDelegate.java:90) ~[spring-test-5.3.27.jar:5.3.27]
	at org.springframework.test.context.support.DefaultTestContext.getApplicationContext(DefaultTestContext.java:124) ~[spring-test-5.3.27.jar:5.3.27]
	at org.springframework.test.context.web.ServletTestExecutionListener.setUpRequestContextIfNecessary(ServletTestExecutionListener.java:190) ~[spring-test-5.3.27.jar:5.3.27]
	at org.springframework.test.context.web.ServletTestExecutionListener.prepareTestInstance(ServletTestExecutionListener.java:132) ~[spring-test-5.3.27.jar:5.3.27]
	at org.springframework.test.context.TestContextManager.prepareTestInstance(TestContextManager.java:248) ~[spring-test-5.3.27.jar:5.3.27]
	at org.springframework.test.context.junit.jupiter.SpringExtension.postProcessTestInstance(SpringExtension.java:138) ~[spring-test-5.3.27.jar:5.3.27]
	at org.junit.jupiter.engine.descriptor.ClassBasedTestDescriptor.lambda$invokeTestInstancePostProcessors$8(ClassBasedTestDescriptor.java:363) ~[junit-jupiter-engine-5.8.2.jar:5.8.2]
	at org.junit.jupiter.engine.descriptor.ClassBasedTestDescriptor.executeAndMaskThrowable(ClassBasedTestDescriptor.java:368) ~[junit-jupiter-engine-5.8.2.jar:5.8.2]
	at org.junit.jupiter.engine.descriptor.ClassBasedTestDescriptor.lambda$invokeTestInstancePostProcessors$9(ClassBasedTestDescriptor.java:363) ~[junit-jupiter-engine-5.8.2.jar:5.8.2]
	at java.base/java.util.stream.ReferencePipeline$3$1.accept(ReferencePipeline.java:195) ~[na:na]
	at java.base/java.util.stream.ReferencePipeline$2$1.accept(ReferencePipeline.java:177) ~[na:na]
	at java.base/java.util.ArrayList$ArrayListSpliterator.forEachRemaining(ArrayList.java:1655) ~[na:na]
	at java.base/java.util.stream.AbstractPipeline.copyInto(AbstractPipeline.java:484) ~[na:na]
	at java.base/java.util.stream.AbstractPipeline.wrapAndCopyInto(AbstractPipeline.java:474) ~[na:na]
	at java.base/java.util.stream.StreamSpliterators$WrappingSpliterator.forEachRemaining(StreamSpliterators.java:312) ~[na:na]
	at java.base/java.util.stream.Streams$ConcatSpliterator.forEachRemaining(Streams.java:735) ~[na:na]
	at java.base/java.util.stream.Streams$ConcatSpliterator.forEachRemaining(Streams.java:734) ~[na:na]
	at java.base/java.util.stream.ReferencePipeline$Head.forEach(ReferencePipeline.java:658) ~[na:na]
	at org.junit.jupiter.engine.descriptor.ClassBasedTestDescriptor.invokeTestInstancePostProcessors(ClassBasedTestDescriptor.java:362) ~[junit-jupiter-engine-5.8.2.jar:5.8.2]
	at org.junit.jupiter.engine.descriptor.ClassBasedTestDescriptor.lambda$instantiateAndPostProcessTestInstance$6(ClassBasedTestDescriptor.java:283) ~[junit-jupiter-engine-5.8.2.jar:5.8.2]
	at org.junit.platform.engine.support.hierarchical.ThrowableCollector.execute(ThrowableCollector.java:73) ~[junit-platform-engine-1.8.2.jar:1.8.2]
	at org.junit.jupiter.engine.descriptor.ClassBasedTestDescriptor.instantiateAndPostProcessTestInstance(ClassBasedTestDescriptor.java:282) ~[junit-jupiter-engine-5.8.2.jar:5.8.2]
	at org.junit.jupiter.engine.descriptor.ClassBasedTestDescriptor.lambda$testInstancesProvider$4(ClassBasedTestDescriptor.java:272) ~[junit-jupiter-engine-5.8.2.jar:5.8.2]
	at java.base/java.util.Optional.orElseGet(Optional.java:369) ~[na:na]
	at org.junit.jupiter.engine.descriptor.ClassBasedTestDescriptor.lambda$testInstancesProvider$5(ClassBasedTestDescriptor.java:271) ~[junit-jupiter-engine-5.8.2.jar:5.8.2]
	at org.junit.jupiter.engine.execution.TestInstancesProvider.getTestInstances(TestInstancesProvider.java:31) ~[junit-jupiter-engine-5.8.2.jar:5.8.2]
	at org.junit.jupiter.engine.descriptor.TestMethodTestDescriptor.lambda$prepare$0(TestMethodTestDescriptor.java:102) ~[junit-jupiter-engine-5.8.2.jar:5.8.2]
	at org.junit.platform.engine.support.hierarchical.ThrowableCollector.execute(ThrowableCollector.java:73) ~[junit-platform-engine-1.8.2.jar:1.8.2]
	at org.junit.jupiter.engine.descriptor.TestMethodTestDescriptor.prepare(TestMethodTestDescriptor.java:101) ~[junit-jupiter-engine-5.8.2.jar:5.8.2]
	at org.junit.jupiter.engine.descriptor.TestMethodTestDescriptor.prepare(TestMethodTestDescriptor.java:66) ~[junit-jupiter-engine-5.8.2.jar:5.8.2]
	at org.junit.platform.engine.support.hierarchical.NodeTestTask.lambda$prepare$2(NodeTestTask.java:123) ~[junit-platform-engine-1.8.2.jar:1.8.2]
	at org.junit.platform.engine.support.hierarchical.ThrowableCollector.execute(ThrowableCollector.java:73) ~[junit-platform-engine-1.8.2.jar:1.8.2]
	at org.junit.platform.engine.support.hierarchical.NodeTestTask.prepare(NodeTestTask.java:123) ~[junit-platform-engine-1.8.2.jar:1.8.2]
	at org.junit.platform.engine.support.hierarchical.NodeTestTask.execute(NodeTestTask.java:90) ~[junit-platform-engine-1.8.2.jar:1.8.2]
	at java.base/java.util.ArrayList.forEach(ArrayList.java:1541) ~[na:na]
	at org.junit.platform.engine.support.hierarchical.SameThreadHierarchicalTestExecutorService.invokeAll(SameThreadHierarchicalTestExecutorService.java:41) ~[junit-platform-engine-1.8.2.jar:1.8.2]
	at org.junit.platform.engine.support.hierarchical.NodeTestTask.lambda$executeRecursively$6(NodeTestTask.java:155) ~[junit-platform-engine-1.8.2.jar:1.8.2]
	at org.junit.platform.engine.support.hierarchical.ThrowableCollector.execute(ThrowableCollector.java:73) ~[junit-platform-engine-1.8.2.jar:1.8.2]
	at org.junit.platform.engine.support.hierarchical.NodeTestTask.lambda$executeRecursively$8(NodeTestTask.java:141) ~[junit-platform-engine-1.8.2.jar:1.8.2]
	at org.junit.platform.engine.support.hierarchical.Node.around(Node.java:137) ~[junit-platform-engine-1.8.2.jar:1.8.2]
	at org.junit.platform.engine.support.hierarchical.NodeTestTask.lambda$executeRecursively$9(NodeTestTask.java:139) ~[junit-platform-engine-1.8.2.jar:1.8.2]
	at org.junit.platform.engine.support.hierarchical.ThrowableCollector.execute(ThrowableCollector.java:73) ~[junit-platform-engine-1.8.2.jar:1.8.2]
	at org.junit.platform.engine.support.hierarchical.NodeTestTask.executeRecursively(NodeTestTask.java:138) ~[junit-platform-engine-1.8.2.jar:1.8.2]
	at org.junit.platform.engine.support.hierarchical.NodeTestTask.execute(NodeTestTask.java:95) ~[junit-platform-engine-1.8.2.jar:1.8.2]
	at java.base/java.util.ArrayList.forEach(ArrayList.java:1541) ~[na:na]
	at org.junit.platform.engine.support.hierarchical.SameThreadHierarchicalTestExecutorService.invokeAll(SameThreadHierarchicalTestExecutorService.java:41) ~[junit-platform-engine-1.8.2.jar:1.8.2]
	at org.junit.platform.engine.support.hierarchical.NodeTestTask.lambda$executeRecursively$6(NodeTestTask.java:155) ~[junit-platform-engine-1.8.2.jar:1.8.2]
	at org.junit.platform.engine.support.hierarchical.ThrowableCollector.execute(ThrowableCollector.java:73) ~[junit-platform-engine-1.8.2.jar:1.8.2]
	at org.junit.platform.engine.support.hierarchical.NodeTestTask.lambda$executeRecursively$8(NodeTestTask.java:141) ~[junit-platform-engine-1.8.2.jar:1.8.2]
	at org.junit.platform.engine.support.hierarchical.Node.around(Node.java:137) ~[junit-platform-engine-1.8.2.jar:1.8.2]
	at org.junit.platform.engine.support.hierarchical.NodeTestTask.lambda$executeRecursively$9(NodeTestTask.java:139) ~[junit-platform-engine-1.8.2.jar:1.8.2]
	at org.junit.platform.engine.support.hierarchical.ThrowableCollector.execute(ThrowableCollector.java:73) ~[junit-platform-engine-1.8.2.jar:1.8.2]
	at org.junit.platform.engine.support.hierarchical.NodeTestTask.executeRecursively(NodeTestTask.java:138) ~[junit-platform-engine-1.8.2.jar:1.8.2]
	at org.junit.platform.engine.support.hierarchical.NodeTestTask.execute(NodeTestTask.java:95) ~[junit-platform-engine-1.8.2.jar:1.8.2]
	at org.junit.platform.engine.support.hierarchical.SameThreadHierarchicalTestExecutorService.submit(SameThreadHierarchicalTestExecutorService.java:35) ~[junit-platform-engine-1.8.2.jar:1.8.2]
	at org.junit.platform.engine.support.hierarchical.HierarchicalTestExecutor.execute(HierarchicalTestExecutor.java:57) ~[junit-platform-engine-1.8.2.jar:1.8.2]
	at org.junit.platform.engine.support.hierarchical.HierarchicalTestEngine.execute(HierarchicalTestEngine.java:54) ~[junit-platform-engine-1.8.2.jar:1.8.2]
	at org.junit.platform.launcher.core.DefaultLauncher.execute(DefaultLauncher.java:220) ~[junit-platform-launcher-1.3.1.jar:1.3.1]
	at org.junit.platform.launcher.core.DefaultLauncher.lambda$execute$6(DefaultLauncher.java:188) ~[junit-platform-launcher-1.3.1.jar:1.3.1]
	at org.junit.platform.launcher.core.DefaultLauncher.withInterceptedStreams(DefaultLauncher.java:202) ~[junit-platform-launcher-1.3.1.jar:1.3.1]
	at org.junit.platform.launcher.core.DefaultLauncher.execute(DefaultLauncher.java:181) ~[junit-platform-launcher-1.3.1.jar:1.3.1]
	at org.junit.platform.launcher.core.DefaultLauncher.execute(DefaultLauncher.java:128) ~[junit-platform-launcher-1.3.1.jar:1.3.1]
	at org.apache.maven.surefire.junitplatform.JUnitPlatformProvider.invokeAllTests(JUnitPlatformProvider.java:150) ~[surefire-junit-platform-2.22.2.jar:2.22.2]
	at org.apache.maven.surefire.junitplatform.JUnitPlatformProvider.invoke(JUnitPlatformProvider.java:124) ~[surefire-junit-platform-2.22.2.jar:2.22.2]
	at org.apache.maven.surefire.booter.ForkedBooter.invokeProviderInSameClassLoader(ForkedBooter.java:384) ~[surefire-booter-2.22.2.jar:2.22.2]
	at org.apache.maven.surefire.booter.ForkedBooter.runSuitesInProcess(ForkedBooter.java:345) ~[surefire-booter-2.22.2.jar:2.22.2]
	at org.apache.maven.surefire.booter.ForkedBooter.execute(ForkedBooter.java:126) ~[surefire-booter-2.22.2.jar:2.22.2]
	at org.apache.maven.surefire.booter.ForkedBooter.main(ForkedBooter.java:418) ~[surefire-booter-2.22.2.jar:2.22.2]

2023-07-21 02:45:46.868 ERROR 29880 --- [           main] com.zaxxer.hikari.pool.HikariPool        : HikariPool-1 - Exception during pool initialization.

java.sql.SQLException: Accès refusé pour l'utilisateur: 'root'@'@localhost' (mot de passe: OUI)
	at com.mysql.cj.jdbc.exceptions.SQLError.createSQLException(SQLError.java:130) ~[mysql-connector-j-8.0.33.jar:8.0.33]
	at com.mysql.cj.jdbc.exceptions.SQLExceptionsMapping.translateException(SQLExceptionsMapping.java:122) ~[mysql-connector-j-8.0.33.jar:8.0.33]
	at com.mysql.cj.jdbc.ConnectionImpl.createNewIO(ConnectionImpl.java:825) ~[mysql-connector-j-8.0.33.jar:8.0.33]
	at com.mysql.cj.jdbc.ConnectionImpl.<init>(ConnectionImpl.java:446) ~[mysql-connector-j-8.0.33.jar:8.0.33]
	at com.mysql.cj.jdbc.ConnectionImpl.getInstance(ConnectionImpl.java:239) ~[mysql-connector-j-8.0.33.jar:8.0.33]
	at com.mysql.cj.jdbc.NonRegisteringDriver.connect(NonRegisteringDriver.java:188) ~[mysql-connector-j-8.0.33.jar:8.0.33]
	at com.zaxxer.hikari.util.DriverDataSource.getConnection(DriverDataSource.java:138) ~[HikariCP-4.0.3.jar:na]
	at com.zaxxer.hikari.pool.PoolBase.newConnection(PoolBase.java:364) ~[HikariCP-4.0.3.jar:na]
	at com.zaxxer.hikari.pool.PoolBase.newPoolEntry(PoolBase.java:206) ~[HikariCP-4.0.3.jar:na]
	at com.zaxxer.hikari.pool.HikariPool.createPoolEntry(HikariPool.java:476) ~[HikariCP-4.0.3.jar:na]
	at com.zaxxer.hikari.pool.HikariPool.checkFailFast(HikariPool.java:561) ~[HikariCP-4.0.3.jar:na]
	at com.zaxxer.hikari.pool.HikariPool.<init>(HikariPool.java:115) ~[HikariCP-4.0.3.jar:na]
	at com.zaxxer.hikari.HikariDataSource.getConnection(HikariDataSource.java:112) ~[HikariCP-4.0.3.jar:na]
	at org.hibernate.engine.jdbc.connections.internal.DatasourceConnectionProviderImpl.getConnection(DatasourceConnectionProviderImpl.java:122) ~[hibernate-core-5.6.15.Final.jar:5.6.15.Final]
	at org.hibernate.engine.jdbc.env.internal.JdbcEnvironmentInitiator$ConnectionProviderJdbcConnectionAccess.obtainConnection(JdbcEnvironmentInitiator.java:181) ~[hibernate-core-5.6.15.Final.jar:5.6.15.Final]
	at org.hibernate.resource.transaction.backend.jdbc.internal.DdlTransactionIsolatorNonJtaImpl.getIsolatedConnection(DdlTransactionIsolatorNonJtaImpl.java:44) ~[hibernate-core-5.6.15.Final.jar:5.6.15.Final]
	at org.hibernate.tool.schema.internal.exec.ImprovedExtractionContextImpl.getJdbcConnection(ImprovedExtractionContextImpl.java:63) ~[hibernate-core-5.6.15.Final.jar:5.6.15.Final]
	at org.hibernate.tool.schema.internal.exec.ImprovedExtractionContextImpl.getJdbcDatabaseMetaData(ImprovedExtractionContextImpl.java:70) ~[hibernate-core-5.6.15.Final.jar:5.6.15.Final]
	at org.hibernate.tool.schema.extract.internal.InformationExtractorJdbcDatabaseMetaDataImpl.processTableResultSet(InformationExtractorJdbcDatabaseMetaDataImpl.java:64) ~[hibernate-core-5.6.15.Final.jar:5.6.15.Final]
	at org.hibernate.tool.schema.extract.internal.AbstractInformationExtractorImpl.getTables(AbstractInformationExtractorImpl.java:565) ~[hibernate-core-5.6.15.Final.jar:5.6.15.Final]
	at org.hibernate.tool.schema.extract.internal.DatabaseInformationImpl.getTablesInformation(DatabaseInformationImpl.java:122) ~[hibernate-core-5.6.15.Final.jar:5.6.15.Final]
	at org.hibernate.tool.schema.internal.GroupedSchemaMigratorImpl.performTablesMigration(GroupedSchemaMigratorImpl.java:68) ~[hibernate-core-5.6.15.Final.jar:5.6.15.Final]
	at org.hibernate.tool.schema.internal.AbstractSchemaMigrator.performMigration(AbstractSchemaMigrator.java:220) ~[hibernate-core-5.6.15.Final.jar:5.6.15.Final]
	at org.hibernate.tool.schema.internal.AbstractSchemaMigrator.doMigration(AbstractSchemaMigrator.java:123) ~[hibernate-core-5.6.15.Final.jar:5.6.15.Final]
	at org.hibernate.tool.schema.spi.SchemaManagementToolCoordinator.performDatabaseAction(SchemaManagementToolCoordinator.java:196) ~[hibernate-core-5.6.15.Final.jar:5.6.15.Final]
	at org.hibernate.tool.schema.spi.SchemaManagementToolCoordinator.process(SchemaManagementToolCoordinator.java:85) ~[hibernate-core-5.6.15.Final.jar:5.6.15.Final]
	at org.hibernate.internal.SessionFactoryImpl.<init>(SessionFactoryImpl.java:335) ~[hibernate-core-5.6.15.Final.jar:5.6.15.Final]
	at org.hibernate.boot.internal.SessionFactoryBuilderImpl.build(SessionFactoryBuilderImpl.java:471) ~[hibernate-core-5.6.15.Final.jar:5.6.15.Final]
	at org.hibernate.jpa.boot.internal.EntityManagerFactoryBuilderImpl.build(EntityManagerFactoryBuilderImpl.java:1498) ~[hibernate-core-5.6.15.Final.jar:5.6.15.Final]
	at org.springframework.orm.jpa.vendor.SpringHibernateJpaPersistenceProvider.createContainerEntityManagerFactory(SpringHibernateJpaPersistenceProvider.java:58) ~[spring-orm-5.3.27.jar:5.3.27]
	at org.springframework.orm.jpa.LocalContainerEntityManagerFactoryBean.createNativeEntityManagerFactory(LocalContainerEntityManagerFactoryBean.java:365) ~[spring-orm-5.3.27.jar:5.3.27]
	at org.springframework.orm.jpa.AbstractEntityManagerFactoryBean.buildNativeEntityManagerFactory(AbstractEntityManagerFactoryBean.java:409) ~[spring-orm-5.3.27.jar:5.3.27]
	at org.springframework.orm.jpa.AbstractEntityManagerFactoryBean.afterPropertiesSet(AbstractEntityManagerFactoryBean.java:396) ~[spring-orm-5.3.27.jar:5.3.27]
	at org.springframework.orm.jpa.LocalContainerEntityManagerFactoryBean.afterPropertiesSet(LocalContainerEntityManagerFactoryBean.java:341) ~[spring-orm-5.3.27.jar:5.3.27]
	at org.springframework.beans.factory.support.AbstractAutowireCapableBeanFactory.invokeInitMethods(AbstractAutowireCapableBeanFactory.java:1863) ~[spring-beans-5.3.27.jar:5.3.27]
	at org.springframework.beans.factory.support.AbstractAutowireCapableBeanFactory.initializeBean(AbstractAutowireCapableBeanFactory.java:1800) ~[spring-beans-5.3.27.jar:5.3.27]
	at org.springframework.beans.factory.support.AbstractAutowireCapableBeanFactory.doCreateBean(AbstractAutowireCapableBeanFactory.java:620) ~[spring-beans-5.3.27.jar:5.3.27]
	at org.springframework.beans.factory.support.AbstractAutowireCapableBeanFactory.createBean(AbstractAutowireCapableBeanFactory.java:542) ~[spring-beans-5.3.27.jar:5.3.27]
	at org.springframework.beans.factory.support.AbstractBeanFactory.lambda$doGetBean$0(AbstractBeanFactory.java:335) ~[spring-beans-5.3.27.jar:5.3.27]
	at org.springframework.beans.factory.support.DefaultSingletonBeanRegistry.getSingleton(DefaultSingletonBeanRegistry.java:234) ~[spring-beans-5.3.27.jar:5.3.27]
	at org.springframework.beans.factory.support.AbstractBeanFactory.doGetBean(AbstractBeanFactory.java:333) ~[spring-beans-5.3.27.jar:5.3.27]
	at org.springframework.beans.factory.support.AbstractBeanFactory.getBean(AbstractBeanFactory.java:208) ~[spring-beans-5.3.27.jar:5.3.27]
	at org.springframework.context.support.AbstractApplicationContext.getBean(AbstractApplicationContext.java:1156) ~[spring-context-5.3.27.jar:5.3.27]
	at org.springframework.context.support.AbstractApplicationContext.finishBeanFactoryInitialization(AbstractApplicationContext.java:910) ~[spring-context-5.3.27.jar:5.3.27]
	at org.springframework.context.support.AbstractApplicationContext.refresh(AbstractApplicationContext.java:583) ~[spring-context-5.3.27.jar:5.3.27]
	at org.springframework.boot.SpringApplication.refresh(SpringApplication.java:731) ~[spring-boot-2.7.12.jar:2.7.12]
	at org.springframework.boot.SpringApplication.refreshContext(SpringApplication.java:408) ~[spring-boot-2.7.12.jar:2.7.12]
	at org.springframework.boot.SpringApplication.run(SpringApplication.java:307) ~[spring-boot-2.7.12.jar:2.7.12]
	at org.springframework.boot.test.context.SpringBootContextLoader.loadContext(SpringBootContextLoader.java:136) ~[spring-boot-test-2.7.12.jar:2.7.12]
	at org.springframework.test.context.cache.DefaultCacheAwareContextLoaderDelegate.loadContextInternal(DefaultCacheAwareContextLoaderDelegate.java:141) ~[spring-test-5.3.27.jar:5.3.27]
	at org.springframework.test.context.cache.DefaultCacheAwareContextLoaderDelegate.loadContext(DefaultCacheAwareContextLoaderDelegate.java:90) ~[spring-test-5.3.27.jar:5.3.27]
	at org.springframework.test.context.support.DefaultTestContext.getApplicationContext(DefaultTestContext.java:124) ~[spring-test-5.3.27.jar:5.3.27]
	at org.springframework.test.context.web.ServletTestExecutionListener.setUpRequestContextIfNecessary(ServletTestExecutionListener.java:190) ~[spring-test-5.3.27.jar:5.3.27]
	at org.springframework.test.context.web.ServletTestExecutionListener.prepareTestInstance(ServletTestExecutionListener.java:132) ~[spring-test-5.3.27.jar:5.3.27]
	at org.springframework.test.context.TestContextManager.prepareTestInstance(TestContextManager.java:248) ~[spring-test-5.3.27.jar:5.3.27]
	at org.springframework.test.context.junit.jupiter.SpringExtension.postProcessTestInstance(SpringExtension.java:138) ~[spring-test-5.3.27.jar:5.3.27]
	at org.junit.jupiter.engine.descriptor.ClassBasedTestDescriptor.lambda$invokeTestInstancePostProcessors$8(ClassBasedTestDescriptor.java:363) ~[junit-jupiter-engine-5.8.2.jar:5.8.2]
	at org.junit.jupiter.engine.descriptor.ClassBasedTestDescriptor.executeAndMaskThrowable(ClassBasedTestDescriptor.java:368) ~[junit-jupiter-engine-5.8.2.jar:5.8.2]
	at org.junit.jupiter.engine.descriptor.ClassBasedTestDescriptor.lambda$invokeTestInstancePostProcessors$9(ClassBasedTestDescriptor.java:363) ~[junit-jupiter-engine-5.8.2.jar:5.8.2]
	at java.base/java.util.stream.ReferencePipeline$3$1.accept(ReferencePipeline.java:195) ~[na:na]
	at java.base/java.util.stream.ReferencePipeline$2$1.accept(ReferencePipeline.java:177) ~[na:na]
	at java.base/java.util.ArrayList$ArrayListSpliterator.forEachRemaining(ArrayList.java:1655) ~[na:na]
	at java.base/java.util.stream.AbstractPipeline.copyInto(AbstractPipeline.java:484) ~[na:na]
	at java.base/java.util.stream.AbstractPipeline.wrapAndCopyInto(AbstractPipeline.java:474) ~[na:na]
	at java.base/java.util.stream.StreamSpliterators$WrappingSpliterator.forEachRemaining(StreamSpliterators.java:312) ~[na:na]
	at java.base/java.util.stream.Streams$ConcatSpliterator.forEachRemaining(Streams.java:735) ~[na:na]
	at java.base/java.util.stream.Streams$ConcatSpliterator.forEachRemaining(Streams.java:734) ~[na:na]
	at java.base/java.util.stream.ReferencePipeline$Head.forEach(ReferencePipeline.java:658) ~[na:na]
	at org.junit.jupiter.engine.descriptor.ClassBasedTestDescriptor.invokeTestInstancePostProcessors(ClassBasedTestDescriptor.java:362) ~[junit-jupiter-engine-5.8.2.jar:5.8.2]
	at org.junit.jupiter.engine.descriptor.ClassBasedTestDescriptor.lambda$instantiateAndPostProcessTestInstance$6(ClassBasedTestDescriptor.java:283) ~[junit-jupiter-engine-5.8.2.jar:5.8.2]
	at org.junit.platform.engine.support.hierarchical.ThrowableCollector.execute(ThrowableCollector.java:73) ~[junit-platform-engine-1.8.2.jar:1.8.2]
	at org.junit.jupiter.engine.descriptor.ClassBasedTestDescriptor.instantiateAndPostProcessTestInstance(ClassBasedTestDescriptor.java:282) ~[junit-jupiter-engine-5.8.2.jar:5.8.2]
	at org.junit.jupiter.engine.descriptor.ClassBasedTestDescriptor.lambda$testInstancesProvider$4(ClassBasedTestDescriptor.java:272) ~[junit-jupiter-engine-5.8.2.jar:5.8.2]
	at java.base/java.util.Optional.orElseGet(Optional.java:369) ~[na:na]
	at org.junit.jupiter.engine.descriptor.ClassBasedTestDescriptor.lambda$testInstancesProvider$5(ClassBasedTestDescriptor.java:271) ~[junit-jupiter-engine-5.8.2.jar:5.8.2]
	at org.junit.jupiter.engine.execution.TestInstancesProvider.getTestInstances(TestInstancesProvider.java:31) ~[junit-jupiter-engine-5.8.2.jar:5.8.2]
	at org.junit.jupiter.engine.descriptor.TestMethodTestDescriptor.lambda$prepare$0(TestMethodTestDescriptor.java:102) ~[junit-jupiter-engine-5.8.2.jar:5.8.2]
	at org.junit.platform.engine.support.hierarchical.ThrowableCollector.execute(ThrowableCollector.java:73) ~[junit-platform-engine-1.8.2.jar:1.8.2]
	at org.junit.jupiter.engine.descriptor.TestMethodTestDescriptor.prepare(TestMethodTestDescriptor.java:101) ~[junit-jupiter-engine-5.8.2.jar:5.8.2]
	at org.junit.jupiter.engine.descriptor.TestMethodTestDescriptor.prepare(TestMethodTestDescriptor.java:66) ~[junit-jupiter-engine-5.8.2.jar:5.8.2]
	at org.junit.platform.engine.support.hierarchical.NodeTestTask.lambda$prepare$2(NodeTestTask.java:123) ~[junit-platform-engine-1.8.2.jar:1.8.2]
	at org.junit.platform.engine.support.hierarchical.ThrowableCollector.execute(ThrowableCollector.java:73) ~[junit-platform-engine-1.8.2.jar:1.8.2]
	at org.junit.platform.engine.support.hierarchical.NodeTestTask.prepare(NodeTestTask.java:123) ~[junit-platform-engine-1.8.2.jar:1.8.2]
	at org.junit.platform.engine.support.hierarchical.NodeTestTask.execute(NodeTestTask.java:90) ~[junit-platform-engine-1.8.2.jar:1.8.2]
	at java.base/java.util.ArrayList.forEach(ArrayList.java:1541) ~[na:na]
	at org.junit.platform.engine.support.hierarchical.SameThreadHierarchicalTestExecutorService.invokeAll(SameThreadHierarchicalTestExecutorService.java:41) ~[junit-platform-engine-1.8.2.jar:1.8.2]
	at org.junit.platform.engine.support.hierarchical.NodeTestTask.lambda$executeRecursively$6(NodeTestTask.java:155) ~[junit-platform-engine-1.8.2.jar:1.8.2]
	at org.junit.platform.engine.support.hierarchical.ThrowableCollector.execute(ThrowableCollector.java:73) ~[junit-platform-engine-1.8.2.jar:1.8.2]
	at org.junit.platform.engine.support.hierarchical.NodeTestTask.lambda$executeRecursively$8(NodeTestTask.java:141) ~[junit-platform-engine-1.8.2.jar:1.8.2]
	at org.junit.platform.engine.support.hierarchical.Node.around(Node.java:137) ~[junit-platform-engine-1.8.2.jar:1.8.2]
	at org.junit.platform.engine.support.hierarchical.NodeTestTask.lambda$executeRecursively$9(NodeTestTask.java:139) ~[junit-platform-engine-1.8.2.jar:1.8.2]
	at org.junit.platform.engine.support.hierarchical.ThrowableCollector.execute(ThrowableCollector.java:73) ~[junit-platform-engine-1.8.2.jar:1.8.2]
	at org.junit.platform.engine.support.hierarchical.NodeTestTask.executeRecursively(NodeTestTask.java:138) ~[junit-platform-engine-1.8.2.jar:1.8.2]
	at org.junit.platform.engine.support.hierarchical.NodeTestTask.execute(NodeTestTask.java:95) ~[junit-platform-engine-1.8.2.jar:1.8.2]
	at java.base/java.util.ArrayList.forEach(ArrayList.java:1541) ~[na:na]
	at org.junit.platform.engine.support.hierarchical.SameThreadHierarchicalTestExecutorService.invokeAll(SameThreadHierarchicalTestExecutorService.java:41) ~[junit-platform-engine-1.8.2.jar:1.8.2]
	at org.junit.platform.engine.support.hierarchical.NodeTestTask.lambda$executeRecursively$6(NodeTestTask.java:155) ~[junit-platform-engine-1.8.2.jar:1.8.2]
	at org.junit.platform.engine.support.hierarchical.ThrowableCollector.execute(ThrowableCollector.java:73) ~[junit-platform-engine-1.8.2.jar:1.8.2]
	at org.junit.platform.engine.support.hierarchical.NodeTestTask.lambda$executeRecursively$8(NodeTestTask.java:141) ~[junit-platform-engine-1.8.2.jar:1.8.2]
	at org.junit.platform.engine.support.hierarchical.Node.around(Node.java:137) ~[junit-platform-engine-1.8.2.jar:1.8.2]
	at org.junit.platform.engine.support.hierarchical.NodeTestTask.lambda$executeRecursively$9(NodeTestTask.java:139) ~[junit-platform-engine-1.8.2.jar:1.8.2]
	at org.junit.platform.engine.support.hierarchical.ThrowableCollector.execute(ThrowableCollector.java:73) ~[junit-platform-engine-1.8.2.jar:1.8.2]
	at org.junit.platform.engine.support.hierarchical.NodeTestTask.executeRecursively(NodeTestTask.java:138) ~[junit-platform-engine-1.8.2.jar:1.8.2]
	at org.junit.platform.engine.support.hierarchical.NodeTestTask.execute(NodeTestTask.java:95) ~[junit-platform-engine-1.8.2.jar:1.8.2]
	at org.junit.platform.engine.support.hierarchical.SameThreadHierarchicalTestExecutorService.submit(SameThreadHierarchicalTestExecutorService.java:35) ~[junit-platform-engine-1.8.2.jar:1.8.2]
	at org.junit.platform.engine.support.hierarchical.HierarchicalTestExecutor.execute(HierarchicalTestExecutor.java:57) ~[junit-platform-engine-1.8.2.jar:1.8.2]
	at org.junit.platform.engine.support.hierarchical.HierarchicalTestEngine.execute(HierarchicalTestEngine.java:54) ~[junit-platform-engine-1.8.2.jar:1.8.2]
	at org.junit.platform.launcher.core.DefaultLauncher.execute(DefaultLauncher.java:220) ~[junit-platform-launcher-1.3.1.jar:1.3.1]
	at org.junit.platform.launcher.core.DefaultLauncher.lambda$execute$6(DefaultLauncher.java:188) ~[junit-platform-launcher-1.3.1.jar:1.3.1]
	at org.junit.platform.launcher.core.DefaultLauncher.withInterceptedStreams(DefaultLauncher.java:202) ~[junit-platform-launcher-1.3.1.jar:1.3.1]
	at org.junit.platform.launcher.core.DefaultLauncher.execute(DefaultLauncher.java:181) ~[junit-platform-launcher-1.3.1.jar:1.3.1]
	at org.junit.platform.launcher.core.DefaultLauncher.execute(DefaultLauncher.java:128) ~[junit-platform-launcher-1.3.1.jar:1.3.1]
	at org.apache.maven.surefire.junitplatform.JUnitPlatformProvider.invokeAllTests(JUnitPlatformProvider.java:150) ~[surefire-junit-platform-2.22.2.jar:2.22.2]
	at org.apache.maven.surefire.junitplatform.JUnitPlatformProvider.invoke(JUnitPlatformProvider.java:124) ~[surefire-junit-platform-2.22.2.jar:2.22.2]
	at org.apache.maven.surefire.booter.ForkedBooter.invokeProviderInSameClassLoader(ForkedBooter.java:384) ~[surefire-booter-2.22.2.jar:2.22.2]
	at org.apache.maven.surefire.booter.ForkedBooter.runSuitesInProcess(ForkedBooter.java:345) ~[surefire-booter-2.22.2.jar:2.22.2]
	at org.apache.maven.surefire.booter.ForkedBooter.execute(ForkedBooter.java:126) ~[surefire-booter-2.22.2.jar:2.22.2]
	at org.apache.maven.surefire.booter.ForkedBooter.main(ForkedBooter.java:418) ~[surefire-booter-2.22.2.jar:2.22.2]

2023-07-21 02:45:46.872  WARN 29880 --- [           main] o.h.engine.jdbc.spi.SqlExceptionHelper   : SQL Error: 1045, SQLState: 28000
2023-07-21 02:45:46.872 ERROR 29880 --- [           main] o.h.engine.jdbc.spi.SqlExceptionHelper   : Accès refusé pour l'utilisateur: 'root'@'@localhost' (mot de passe: OUI)
2023-07-21 02:45:46.876 TRACE 29880 --- [           main] o.h.type.spi.TypeConfiguration$Scope     : Handling #sessionFactoryClosed from [org.hibernate.internal.SessionFactoryImpl@73385d3f] for TypeConfiguration
2023-07-21 02:45:46.876 DEBUG 29880 --- [           main] o.h.type.spi.TypeConfiguration$Scope     : Un-scoping TypeConfiguration [org.hibernate.type.spi.TypeConfiguration$Scope@163fbbc9] from SessionFactory [org.hibernate.internal.SessionFactoryImpl@73385d3f]
2023-07-21 02:45:46.879 ERROR 29880 --- [           main] j.LocalContainerEntityManagerFactoryBean : Failed to initialize JPA EntityManagerFactory: [PersistenceUnit: default] Unable to build Hibernate SessionFactory; nested exception is org.hibernate.exception.GenericJDBCException: Unable to open JDBC Connection for DDL execution
2023-07-21 02:45:46.880  WARN 29880 --- [           main] o.s.w.c.s.GenericWebApplicationContext   : Exception encountered during context initialization - cancelling refresh attempt: org.springframework.beans.factory.BeanCreationException: Error creating bean with name 'entityManagerFactory' defined in class path resource [org/springframework/boot/autoconfigure/orm/jpa/HibernateJpaConfiguration.class]: Invocation of init method failed; nested exception is javax.persistence.PersistenceException: [PersistenceUnit: default] Unable to build Hibernate SessionFactory; nested exception is org.hibernate.exception.GenericJDBCException: Unable to open JDBC Connection for DDL execution
2023-07-21 02:45:46.880 TRACE 29880 --- [           main] o.s.b.f.s.DefaultListableBeanFactory     : Destroying singletons in org.springframework.beans.factory.support.DefaultListableBeanFactory@732bb66d: defining beans [org.springframework.boot.test.mock.mockito.MockitoPostProcessor$SpyPostProcessor,org.springframework.boot.test.mock.mockito.MockitoPostProcessor,org.springframework.context.annotation.internalConfigurationAnnotationProcessor,org.springframework.context.annotation.internalAutowiredAnnotationProcessor,org.springframework.context.annotation.internalCommonAnnotationProcessor,org.springframework.context.annotation.internalPersistenceAnnotationProcessor,org.springframework.context.event.internalEventListenerProcessor,org.springframework.context.event.internalEventListenerFactory,campApplication,org.springframework.boot.autoconfigure.internalCachingMetadataReaderFactory,appProperties,setupDataLoader,webConfig,webSecurityConfig,authController,commentaireController,publicationController,userController,restResponseEntityExceptionHandler,tokenProvider,customOAuth2UserService,customOidcUserService,httpCookieOAuth2AuthorizationRequestRepository,OAuth2AuthenticationFailureHandler,OAuth2AuthenticationSuccessHandler,commentaireServiceImp,localUserDetailService,publicationServiceImp,userServiceImpl,messageSource,localeResolver,org.springframework.security.config.annotation.configuration.ObjectPostProcessorConfiguration,objectPostProcessor,org.springframework.security.config.annotation.authentication.configuration.AuthenticationConfiguration,authenticationManagerBuilder,enableGlobalAuthenticationAutowiredConfigurer,initializeUserDetailsBeanManagerConfigurer,initializeAuthenticationProviderBeanManagerConfigurer,org.springframework.security.config.annotation.web.configuration.WebSecurityConfiguration,delegatingApplicationListener,webSecurityExpressionHandler,springSecurityFilterChain,privilegeEvaluator,conversionServicePostProcessor,org.springframework.security.config.annotation.web.configuration.WebMvcSecurityConfiguration,requestDataValueProcessor,org.springframework.security.config.annotation.web.configuration.OAuth2ClientConfiguration$OAuth2ClientWebMvcSecurityConfiguration,org.springframework.security.config.annotation.web.configuration.OAuth2ClientConfiguration,org.springframework.security.config.annotation.web.configuration.HttpSecurityConfiguration,org.springframework.security.config.annotation.web.configuration.HttpSecurityConfiguration.httpSecurity,org.springframework.security.config.annotation.method.configuration.GlobalMethodSecurityConfiguration,methodSecurityInterceptor,methodSecurityMetadataSource,preInvocationAuthorizationAdvice,org.springframework.security.config.annotation.method.configuration.Jsr250MetadataSourceConfiguration,jsr250MethodSecurityMetadataSource,tokenAuthenticationFilter,cookieAuthorizationRequestRepository,passwordEncoder,org.springframework.security.authenticationManager,metaDataSourceAdvisor,org.springframework.aop.config.internalAutoProxyCreator,org.springframework.boot.autoconfigure.AutoConfigurationPackages,org.springframework.boot.autoconfigure.context.PropertyPlaceholderAutoConfiguration,propertySourcesPlaceholderConfigurer,org.springframework.boot.autoconfigure.websocket.servlet.WebSocketServletAutoConfiguration$TomcatWebSocketConfiguration,websocketServletWebServerCustomizer,org.springframework.boot.autoconfigure.websocket.servlet.WebSocketServletAutoConfiguration,org.springframework.boot.autoconfigure.web.servlet.ServletWebServerFactoryConfiguration$EmbeddedTomcat,tomcatServletWebServerFactory,org.springframework.boot.autoconfigure.web.servlet.ServletWebServerFactoryAutoConfiguration,servletWebServerFactoryCustomizer,tomcatServletWebServerFactoryCustomizer,org.springframework.boot.context.properties.ConfigurationPropertiesBindingPostProcessor,org.springframework.boot.context.internalConfigurationPropertiesBinderFactory,org.springframework.boot.context.internalConfigurationPropertiesBinder,org.springframework.boot.context.properties.BoundConfigurationProperties,org.springframework.boot.context.properties.EnableConfigurationPropertiesRegistrar.methodValidationExcludeFilter,server-org.springframework.boot.autoconfigure.web.ServerProperties,webServerFactoryCustomizerBeanPostProcessor,errorPageRegistrarBeanPostProcessor,org.springframework.boot.autoconfigure.web.servlet.DispatcherServletAutoConfiguration$DispatcherServletConfiguration,dispatcherServlet,spring.mvc-org.springframework.boot.autoconfigure.web.servlet.WebMvcProperties,org.springframework.boot.autoconfigure.web.servlet.DispatcherServletAutoConfiguration$DispatcherServletRegistrationConfiguration,dispatcherServletRegistration,org.springframework.boot.autoconfigure.web.servlet.DispatcherServletAutoConfiguration,org.springframework.boot.autoconfigure.task.TaskExecutionAutoConfiguration,taskExecutorBuilder,applicationTaskExecutor,spring.task.execution-org.springframework.boot.autoconfigure.task.TaskExecutionProperties,org.springframework.boot.autoconfigure.validation.ValidationAutoConfiguration,defaultValidator,methodValidationPostProcessor,org.springframework.boot.autoconfigure.web.servlet.error.ErrorMvcAutoConfiguration$WhitelabelErrorViewConfiguration,error,beanNameViewResolver,org.springframework.boot.autoconfigure.web.servlet.error.ErrorMvcAutoConfiguration$DefaultErrorViewResolverConfiguration,conventionErrorViewResolver,spring.web-org.springframework.boot.autoconfigure.web.WebProperties,org.springframework.boot.autoconfigure.web.servlet.error.ErrorMvcAutoConfiguration,errorAttributes,basicErrorController,errorPageCustomizer,preserveErrorControllerTargetClassPostProcessor,org.springframework.boot.autoconfigure.web.servlet.WebMvcAutoConfiguration$EnableWebMvcConfiguration,requestMappingHandlerAdapter,welcomePageHandlerMapping,welcomePageNotAcceptableHandlerMapping,themeResolver,flashMapManager,mvcConversionService,mvcValidator,mvcContentNegotiationManager,requestMappingHandlerMapping,mvcPatternParser,mvcUrlPathHelper,mvcPathMatcher,viewControllerHandlerMapping,beanNameHandlerMapping,routerFunctionMapping,resourceHandlerMapping,mvcResourceUrlProvider,defaultServletHandlerMapping,handlerFunctionAdapter,mvcUriComponentsContributor,httpRequestHandlerAdapter,simpleControllerHandlerAdapter,handlerExceptionResolver,mvcViewResolver,mvcHandlerMappingIntrospector,viewNameTranslator,org.springframework.boot.autoconfigure.web.servlet.WebMvcAutoConfiguration$WebMvcAutoConfigurationAdapter,defaultViewResolver,viewResolver,requestContextFilter,org.springframework.boot.autoconfigure.web.servlet.WebMvcAutoConfiguration,formContentFilter,org.springframework.boot.autoconfigure.aop.AopAutoConfiguration$AspectJAutoProxyingConfiguration$CglibAutoProxyConfiguration,org.springframework.boot.autoconfigure.aop.AopAutoConfiguration$AspectJAutoProxyingConfiguration,org.springframework.boot.autoconfigure.aop.AopAutoConfiguration,org.springframework.boot.autoconfigure.availability.ApplicationAvailabilityAutoConfiguration,applicationAvailability,org.springframework.boot.autoconfigure.jackson.JacksonAutoConfiguration$Jackson2ObjectMapperBuilderCustomizerConfiguration,standardJacksonObjectMapperBuilderCustomizer,spring.jackson-org.springframework.boot.autoconfigure.jackson.JacksonProperties,org.springframework.boot.autoconfigure.jackson.JacksonAutoConfiguration$JacksonObjectMapperBuilderConfiguration,jacksonObjectMapperBuilder,org.springframework.boot.autoconfigure.jackson.JacksonAutoConfiguration$ParameterNamesModuleConfiguration,parameterNamesModule,org.springframework.boot.autoconfigure.jackson.JacksonAutoConfiguration$JacksonObjectMapperConfiguration,jacksonObjectMapper,org.springframework.boot.autoconfigure.jackson.JacksonAutoConfiguration,jsonComponentModule,jsonMixinModule,org.springframework.boot.autoconfigure.transaction.jta.JtaAutoConfiguration,org.springframework.boot.autoconfigure.jdbc.DataSourceConfiguration$Hikari,dataSource,org.springframework.boot.autoconfigure.jdbc.DataSourceAutoConfiguration$PooledDataSourceConfiguration,org.springframework.boot.autoconfigure.jdbc.metadata.DataSourcePoolMetadataProvidersConfiguration$HikariPoolDataSourceMetadataProviderConfiguration,hikariPoolDataSourceMetadataProvider,org.springframework.boot.autoconfigure.jdbc.metadata.DataSourcePoolMetadataProvidersConfiguration,org.springframework.boot.autoconfigure.jdbc.DataSourceAutoConfiguration,spring.datasource-org.springframework.boot.autoconfigure.jdbc.DataSourceProperties,org.springframework.boot.autoconfigure.orm.jpa.JpaBaseConfiguration$JpaWebConfiguration,openEntityManagerInViewInterceptor,openEntityManagerInViewInterceptorConfigurer,org.springframework.boot.autoconfigure.orm.jpa.HibernateJpaConfiguration,transactionManager,jpaVendorAdapter,entityManagerFactoryBuilder,entityManagerFactory,spring.jpa.hibernate-org.springframework.boot.autoconfigure.orm.jpa.HibernateProperties,spring.jpa-org.springframework.boot.autoconfigure.orm.jpa.JpaProperties,org.springframework.boot.autoconfigure.orm.jpa.HibernateJpaAutoConfiguration,org.springframework.boot.autoconfigure.context.ConfigurationPropertiesAutoConfiguration,org.springframework.boot.autoconfigure.context.LifecycleAutoConfiguration,lifecycleProcessor,spring.lifecycle-org.springframework.boot.autoconfigure.context.LifecycleProperties,org.springframework.boot.autoconfigure.dao.PersistenceExceptionTranslationAutoConfiguration,persistenceExceptionTranslationPostProcessor,org.springframework.boot.autoconfigure.data.jpa.JpaRepositoriesAutoConfiguration,emBeanDefinitionRegistrarPostProcessor,jpaMappingContext,jpaContext,org.springframework.data.jpa.util.JpaMetamodelCacheCleanup,org.springframework.data.jpa.repository.support.JpaEvaluationContextExtension,commentaireRepository,userRepository,roleRepository,publicationRepository,org.springframework.boot.autoconfigure.http.HttpMessageConvertersAutoConfiguration$StringHttpMessageConverterConfiguration,stringHttpMessageConverter,org.springframework.boot.autoconfigure.http.JacksonHttpMessageConvertersConfiguration$MappingJackson2HttpMessageConverterConfiguration,mappingJackson2HttpMessageConverter,org.springframework.boot.autoconfigure.http.JacksonHttpMessageConvertersConfiguration,org.springframework.boot.autoconfigure.http.HttpMessageConvertersAutoConfiguration,messageConverters,org.springframework.data.web.config.ProjectingArgumentResolverRegistrar,projectingArgumentResolverBeanPostProcessor,org.springframework.data.web.config.SpringDataWebConfiguration,pageableResolver,sortResolver,org.springframework.data.web.config.SpringDataJacksonConfiguration,jacksonGeoModule,org.springframework.boot.autoconfigure.data.web.SpringDataWebAutoConfiguration,pageableCustomizer,sortCustomizer,spring.data.web-org.springframework.boot.autoconfigure.data.web.SpringDataWebProperties,org.springframework.boot.autoconfigure.info.ProjectInfoAutoConfiguration,spring.info-org.springframework.boot.autoconfigure.info.ProjectInfoProperties,org.springframework.boot.autoconfigure.jdbc.JdbcTemplateConfiguration,jdbcTemplate,org.springframework.boot.autoconfigure.jdbc.NamedParameterJdbcTemplateConfiguration,namedParameterJdbcTemplate,org.springframework.boot.autoconfigure.jdbc.JdbcTemplateAutoConfiguration,spring.jdbc-org.springframework.boot.autoconfigure.jdbc.JdbcProperties,org.springframework.boot.sql.init.dependency.DatabaseInitializationDependencyConfigurer$DependsOnDatabaseInitializationPostProcessor,org.springframework.boot.autoconfigure.security.oauth2.client.servlet.OAuth2ClientRegistrationRepositoryConfiguration,clientRegistrationRepository,spring.security.oauth2.client-org.springframework.boot.autoconfigure.security.oauth2.client.OAuth2ClientProperties,org.springframework.boot.autoconfigure.security.oauth2.client.servlet.OAuth2WebSecurityConfiguration,authorizedClientService,authorizedClientRepository,org.springframework.boot.autoconfigure.security.oauth2.client.servlet.OAuth2ClientAutoConfiguration,org.springframework.boot.autoconfigure.security.servlet.SpringBootWebSecurityConfiguration$ErrorPageSecurityFilterConfiguration,errorPageSecurityFilter,org.springframework.boot.autoconfigure.security.servlet.SpringBootWebSecurityConfiguration,org.springframework.boot.autoconfigure.security.servlet.SecurityAutoConfiguration,authenticationEventPublisher,spring.security-org.springframework.boot.autoconfigure.security.SecurityProperties,org.springframework.boot.autoconfigure.security.servlet.SecurityFilterAutoConfiguration,securityFilterChainRegistration,org.springframework.boot.autoconfigure.sql.init.DataSourceInitializationConfiguration,dataSourceScriptDatabaseInitializer,org.springframework.boot.autoconfigure.sql.init.SqlInitializationAutoConfiguration,spring.sql.init-org.springframework.boot.autoconfigure.sql.init.SqlInitializationProperties,org.springframework.boot.autoconfigure.task.TaskSchedulingAutoConfiguration,taskSchedulerBuilder,spring.task.scheduling-org.springframework.boot.autoconfigure.task.TaskSchedulingProperties,org.springframework.boot.autoconfigure.jdbc.DataSourceTransactionManagerAutoConfiguration$JdbcTransactionManagerConfiguration,org.springframework.boot.autoconfigure.jdbc.DataSourceTransactionManagerAutoConfiguration,org.springframework.transaction.annotation.ProxyTransactionManagementConfiguration,org.springframework.transaction.config.internalTransactionAdvisor,transactionAttributeSource,transactionInterceptor,org.springframework.transaction.config.internalTransactionalEventListenerFactory,org.springframework.boot.autoconfigure.transaction.TransactionAutoConfiguration$EnableTransactionManagementConfiguration$CglibAutoProxyConfiguration,org.springframework.boot.autoconfigure.transaction.TransactionAutoConfiguration$EnableTransactionManagementConfiguration,org.springframework.boot.autoconfigure.transaction.TransactionAutoConfiguration$TransactionTemplateConfiguration,transactionTemplate,org.springframework.boot.autoconfigure.transaction.TransactionAutoConfiguration,platformTransactionManagerCustomizers,spring.transaction-org.springframework.boot.autoconfigure.transaction.TransactionProperties,org.springframework.boot.autoconfigure.web.client.RestTemplateAutoConfiguration,restTemplateBuilderConfigurer,restTemplateBuilder,org.springframework.boot.autoconfigure.web.servlet.HttpEncodingAutoConfiguration,characterEncodingFilter,localeCharsetMappingsCustomizer,org.springframework.boot.autoconfigure.web.servlet.MultipartAutoConfiguration,multipartConfigElement,multipartResolver,spring.servlet.multipart-org.springframework.boot.autoconfigure.web.servlet.MultipartProperties,org.springframework.orm.jpa.SharedEntityManagerCreator#0]; root of factory hierarchy
2023-07-21 02:45:46.880 TRACE 29880 --- [           main] o.s.b.f.s.DefaultListableBeanFactory     : Retrieved dependent beans for bean 'dataSource': [dataSourceScriptDatabaseInitializer, org.springframework.boot.autoconfigure.orm.jpa.HibernateJpaConfiguration]
2023-07-21 02:45:46.880 TRACE 29880 --- [           main] o.s.b.f.s.DefaultListableBeanFactory     : Retrieved dependent beans for bean 'org.springframework.boot.autoconfigure.orm.jpa.HibernateJpaConfiguration': [entityManagerFactoryBuilder, jpaVendorAdapter]
2023-07-21 02:45:46.880 TRACE 29880 --- [           main] o.s.b.f.support.DisposableBeanAdapter    : Invoking close() on bean with name 'dataSource'
2023-07-21 02:45:46.880 TRACE 29880 --- [           main] o.s.b.f.s.DefaultListableBeanFactory     : Retrieved dependent beans for bean 'objectPostProcessor': [org.springframework.security.config.annotation.method.configuration.GlobalMethodSecurityConfiguration]
2023-07-21 02:45:46.880 TRACE 29880 --- [           main] o.s.b.f.s.DefaultListableBeanFactory     : Retrieved dependent beans for bean 'org.springframework.security.config.annotation.method.configuration.GlobalMethodSecurityConfiguration': [methodSecurityMetadataSource]
2023-07-21 02:45:46.880 TRACE 29880 --- [           main] o.s.b.f.s.DefaultListableBeanFactory     : Retrieved dependent beans for bean 'methodSecurityMetadataSource': [metaDataSourceAdvisor]
2023-07-21 02:45:46.880 TRACE 29880 --- [           main] o.s.b.f.support.DisposableBeanAdapter    : Invoking destroy() on bean with name 'objectPostProcessor'
2023-07-21 02:45:46.880 TRACE 29880 --- [           main] o.s.b.f.s.DefaultListableBeanFactory     : Retrieved dependent beans for bean 'org.springframework.boot.autoconfigure.internalCachingMetadataReaderFactory': [org.springframework.context.annotation.internalConfigurationAnnotationProcessor]
2023-07-21 02:45:46.883 DEBUG 29880 --- [           main] o.s.boot.devtools.restart.Restarter      : Creating new Restarter for thread Thread[main,5,main]
2023-07-21 02:45:46.898 DEBUG 29880 --- [           main] ConditionEvaluationReportLoggingListener : 


============================
CONDITIONS EVALUATION REPORT
============================


Positive matches:
-----------------

   AopAutoConfiguration matched:
      - @ConditionalOnProperty (spring.aop.auto=true) matched (OnPropertyCondition)

   AopAutoConfiguration.AspectJAutoProxyingConfiguration matched:
      - @ConditionalOnClass found required class 'org.aspectj.weaver.Advice' (OnClassCondition)

   AopAutoConfiguration.AspectJAutoProxyingConfiguration.CglibAutoProxyConfiguration matched:
      - @ConditionalOnProperty (spring.aop.proxy-target-class=true) matched (OnPropertyCondition)

   ApplicationAvailabilityAutoConfiguration#applicationAvailability matched:
      - @ConditionalOnMissingBean (types: org.springframework.boot.availability.ApplicationAvailability; SearchStrategy: all) did not find any beans (OnBeanCondition)

   DataSourceAutoConfiguration matched:
      - @ConditionalOnClass found required classes 'javax.sql.DataSource', 'org.springframework.jdbc.datasource.embedded.EmbeddedDatabaseType' (OnClassCondition)
      - @ConditionalOnMissingBean (types: io.r2dbc.spi.ConnectionFactory; SearchStrategy: all) did not find any beans (OnBeanCondition)

   DataSourceAutoConfiguration.PooledDataSourceConfiguration matched:
      - AnyNestedCondition 1 matched 1 did not; NestedCondition on DataSourceAutoConfiguration.PooledDataSourceCondition.PooledDataSourceAvailable PooledDataSource found supported DataSource; NestedCondition on DataSourceAutoConfiguration.PooledDataSourceCondition.ExplicitType @ConditionalOnProperty (spring.datasource.type) did not find property 'type' (DataSourceAutoConfiguration.PooledDataSourceCondition)
      - @ConditionalOnMissingBean (types: javax.sql.DataSource,javax.sql.XADataSource; SearchStrategy: all) did not find any beans (OnBeanCondition)

   DataSourceConfiguration.Hikari matched:
      - @ConditionalOnClass found required class 'com.zaxxer.hikari.HikariDataSource' (OnClassCondition)
      - @ConditionalOnProperty (spring.datasource.type=com.zaxxer.hikari.HikariDataSource) matched (OnPropertyCondition)
      - @ConditionalOnMissingBean (types: javax.sql.DataSource; SearchStrategy: all) did not find any beans (OnBeanCondition)

   DataSourceInitializationConfiguration matched:
      - @ConditionalOnClass found required class 'org.springframework.jdbc.datasource.init.DatabasePopulator' (OnClassCondition)
      - @ConditionalOnSingleCandidate (types: javax.sql.DataSource; SearchStrategy: all) found a single bean 'dataSource'; @ConditionalOnMissingBean (types: org.springframework.boot.autoconfigure.sql.init.SqlDataSourceScriptDatabaseInitializer,org.springframework.boot.autoconfigure.sql.init.SqlR2dbcScriptDatabaseInitializer; SearchStrategy: all) did not find any beans (OnBeanCondition)

   DataSourcePoolMetadataProvidersConfiguration.HikariPoolDataSourceMetadataProviderConfiguration matched:
      - @ConditionalOnClass found required class 'com.zaxxer.hikari.HikariDataSource' (OnClassCondition)

   DataSourceTransactionManagerAutoConfiguration matched:
      - @ConditionalOnClass found required classes 'org.springframework.jdbc.core.JdbcTemplate', 'org.springframework.transaction.TransactionManager' (OnClassCondition)

   DataSourceTransactionManagerAutoConfiguration.JdbcTransactionManagerConfiguration matched:
      - @ConditionalOnSingleCandidate (types: javax.sql.DataSource; SearchStrategy: all) found a single bean 'dataSource' (OnBeanCondition)

   DispatcherServletAutoConfiguration matched:
      - @ConditionalOnClass found required class 'org.springframework.web.servlet.DispatcherServlet' (OnClassCondition)
      - found 'session' scope (OnWebApplicationCondition)

   DispatcherServletAutoConfiguration.DispatcherServletConfiguration matched:
      - @ConditionalOnClass found required class 'javax.servlet.ServletRegistration' (OnClassCondition)
      - Default DispatcherServlet did not find dispatcher servlet beans (DispatcherServletAutoConfiguration.DefaultDispatcherServletCondition)

   DispatcherServletAutoConfiguration.DispatcherServletRegistrationConfiguration matched:
      - @ConditionalOnClass found required class 'javax.servlet.ServletRegistration' (OnClassCondition)
      - DispatcherServlet Registration did not find servlet registration bean (DispatcherServletAutoConfiguration.DispatcherServletRegistrationCondition)

   DispatcherServletAutoConfiguration.DispatcherServletRegistrationConfiguration#dispatcherServletRegistration matched:
      - @ConditionalOnBean (names: dispatcherServlet types: org.springframework.web.servlet.DispatcherServlet; SearchStrategy: all) found bean 'dispatcherServlet' (OnBeanCondition)

   ErrorMvcAutoConfiguration matched:
      - @ConditionalOnClass found required classes 'javax.servlet.Servlet', 'org.springframework.web.servlet.DispatcherServlet' (OnClassCondition)
      - found 'session' scope (OnWebApplicationCondition)

   ErrorMvcAutoConfiguration#basicErrorController matched:
      - @ConditionalOnMissingBean (types: org.springframework.boot.web.servlet.error.ErrorController; SearchStrategy: current) did not find any beans (OnBeanCondition)

   ErrorMvcAutoConfiguration#errorAttributes matched:
      - @ConditionalOnMissingBean (types: org.springframework.boot.web.servlet.error.ErrorAttributes; SearchStrategy: current) did not find any beans (OnBeanCondition)

   ErrorMvcAutoConfiguration.DefaultErrorViewResolverConfiguration#conventionErrorViewResolver matched:
      - @ConditionalOnBean (types: org.springframework.web.servlet.DispatcherServlet; SearchStrategy: all) found bean 'dispatcherServlet'; @ConditionalOnMissingBean (types: org.springframework.boot.autoconfigure.web.servlet.error.ErrorViewResolver; SearchStrategy: all) did not find any beans (OnBeanCondition)

   ErrorMvcAutoConfiguration.WhitelabelErrorViewConfiguration matched:
      - @ConditionalOnProperty (server.error.whitelabel.enabled) matched (OnPropertyCondition)
      - ErrorTemplate Missing did not find error template view (ErrorMvcAutoConfiguration.ErrorTemplateMissingCondition)

   ErrorMvcAutoConfiguration.WhitelabelErrorViewConfiguration#beanNameViewResolver matched:
      - @ConditionalOnMissingBean (types: org.springframework.web.servlet.view.BeanNameViewResolver; SearchStrategy: all) did not find any beans (OnBeanCondition)

   ErrorMvcAutoConfiguration.WhitelabelErrorViewConfiguration#defaultErrorView matched:
      - @ConditionalOnMissingBean (names: error; SearchStrategy: all) did not find any beans (OnBeanCondition)

   GenericCacheConfiguration matched:
      - Cache org.springframework.boot.autoconfigure.cache.GenericCacheConfiguration automatic cache type (CacheCondition)

   HibernateJpaAutoConfiguration matched:
      - @ConditionalOnClass found required classes 'org.springframework.orm.jpa.LocalContainerEntityManagerFactoryBean', 'javax.persistence.EntityManager', 'org.hibernate.engine.spi.SessionImplementor' (OnClassCondition)

   HibernateJpaConfiguration matched:
      - @ConditionalOnSingleCandidate (types: javax.sql.DataSource; SearchStrategy: all) found a single bean 'dataSource' (OnBeanCondition)

   HttpEncodingAutoConfiguration matched:
      - @ConditionalOnClass found required class 'org.springframework.web.filter.CharacterEncodingFilter' (OnClassCondition)
      - found 'session' scope (OnWebApplicationCondition)
      - @ConditionalOnProperty (server.servlet.encoding.enabled) matched (OnPropertyCondition)

   HttpEncodingAutoConfiguration#characterEncodingFilter matched:
      - @ConditionalOnMissingBean (types: org.springframework.web.filter.CharacterEncodingFilter; SearchStrategy: all) did not find any beans (OnBeanCondition)

   HttpMessageConvertersAutoConfiguration matched:
      - @ConditionalOnClass found required class 'org.springframework.http.converter.HttpMessageConverter' (OnClassCondition)
      - NoneNestedConditions 0 matched 1 did not; NestedCondition on HttpMessageConvertersAutoConfiguration.NotReactiveWebApplicationCondition.ReactiveWebApplication did not find reactive web application classes (HttpMessageConvertersAutoConfiguration.NotReactiveWebApplicationCondition)

   HttpMessageConvertersAutoConfiguration#messageConverters matched:
      - @ConditionalOnMissingBean (types: org.springframework.boot.autoconfigure.http.HttpMessageConverters; SearchStrategy: all) did not find any beans (OnBeanCondition)

   HttpMessageConvertersAutoConfiguration.StringHttpMessageConverterConfiguration matched:
      - @ConditionalOnClass found required class 'org.springframework.http.converter.StringHttpMessageConverter' (OnClassCondition)

   HttpMessageConvertersAutoConfiguration.StringHttpMessageConverterConfiguration#stringHttpMessageConverter matched:
      - @ConditionalOnMissingBean (types: org.springframework.http.converter.StringHttpMessageConverter; SearchStrategy: all) did not find any beans (OnBeanCondition)

   JacksonAutoConfiguration matched:
      - @ConditionalOnClass found required class 'com.fasterxml.jackson.databind.ObjectMapper' (OnClassCondition)

   JacksonAutoConfiguration.Jackson2ObjectMapperBuilderCustomizerConfiguration matched:
      - @ConditionalOnClass found required class 'org.springframework.http.converter.json.Jackson2ObjectMapperBuilder' (OnClassCondition)

   JacksonAutoConfiguration.JacksonObjectMapperBuilderConfiguration matched:
      - @ConditionalOnClass found required class 'org.springframework.http.converter.json.Jackson2ObjectMapperBuilder' (OnClassCondition)

   JacksonAutoConfiguration.JacksonObjectMapperBuilderConfiguration#jacksonObjectMapperBuilder matched:
      - @ConditionalOnMissingBean (types: org.springframework.http.converter.json.Jackson2ObjectMapperBuilder; SearchStrategy: all) did not find any beans (OnBeanCondition)

   JacksonAutoConfiguration.JacksonObjectMapperConfiguration matched:
      - @ConditionalOnClass found required class 'org.springframework.http.converter.json.Jackson2ObjectMapperBuilder' (OnClassCondition)

   JacksonAutoConfiguration.JacksonObjectMapperConfiguration#jacksonObjectMapper matched:
      - @ConditionalOnMissingBean (types: com.fasterxml.jackson.databind.ObjectMapper; SearchStrategy: all) did not find any beans (OnBeanCondition)

   JacksonAutoConfiguration.ParameterNamesModuleConfiguration matched:
      - @ConditionalOnClass found required class 'com.fasterxml.jackson.module.paramnames.ParameterNamesModule' (OnClassCondition)

   JacksonAutoConfiguration.ParameterNamesModuleConfiguration#parameterNamesModule matched:
      - @ConditionalOnMissingBean (types: com.fasterxml.jackson.module.paramnames.ParameterNamesModule; SearchStrategy: all) did not find any beans (OnBeanCondition)

   JacksonHttpMessageConvertersConfiguration.MappingJackson2HttpMessageConverterConfiguration matched:
      - @ConditionalOnClass found required class 'com.fasterxml.jackson.databind.ObjectMapper' (OnClassCondition)
      - @ConditionalOnProperty (spring.mvc.converters.preferred-json-mapper=jackson) matched (OnPropertyCondition)
      - @ConditionalOnBean (types: com.fasterxml.jackson.databind.ObjectMapper; SearchStrategy: all) found bean 'jacksonObjectMapper' (OnBeanCondition)

   JacksonHttpMessageConvertersConfiguration.MappingJackson2HttpMessageConverterConfiguration#mappingJackson2HttpMessageConverter matched:
      - @ConditionalOnMissingBean (types: org.springframework.http.converter.json.MappingJackson2HttpMessageConverter ignored: org.springframework.hateoas.server.mvc.TypeConstrainedMappingJackson2HttpMessageConverter,org.springframework.data.rest.webmvc.alps.AlpsJsonHttpMessageConverter; SearchStrategy: all) did not find any beans (OnBeanCondition)

   JdbcTemplateAutoConfiguration matched:
      - @ConditionalOnClass found required classes 'javax.sql.DataSource', 'org.springframework.jdbc.core.JdbcTemplate' (OnClassCondition)
      - @ConditionalOnSingleCandidate (types: javax.sql.DataSource; SearchStrategy: all) found a single bean 'dataSource' (OnBeanCondition)

   JdbcTemplateConfiguration matched:
      - @ConditionalOnMissingBean (types: org.springframework.jdbc.core.JdbcOperations; SearchStrategy: all) did not find any beans (OnBeanCondition)

   JpaBaseConfiguration#entityManagerFactory matched:
      - @ConditionalOnMissingBean (types: org.springframework.orm.jpa.LocalContainerEntityManagerFactoryBean,javax.persistence.EntityManagerFactory; SearchStrategy: all) did not find any beans (OnBeanCondition)

   JpaBaseConfiguration#entityManagerFactoryBuilder matched:
      - @ConditionalOnMissingBean (types: org.springframework.boot.orm.jpa.EntityManagerFactoryBuilder; SearchStrategy: all) did not find any beans (OnBeanCondition)

   JpaBaseConfiguration#jpaVendorAdapter matched:
      - @ConditionalOnMissingBean (types: org.springframework.orm.jpa.JpaVendorAdapter; SearchStrategy: all) did not find any beans (OnBeanCondition)

   JpaBaseConfiguration#transactionManager matched:
      - @ConditionalOnMissingBean (types: org.springframework.transaction.TransactionManager; SearchStrategy: all) did not find any beans (OnBeanCondition)

   JpaBaseConfiguration.JpaWebConfiguration matched:
      - @ConditionalOnClass found required class 'org.springframework.web.servlet.config.annotation.WebMvcConfigurer' (OnClassCondition)
      - found 'session' scope (OnWebApplicationCondition)
      - @ConditionalOnProperty (spring.jpa.open-in-view=true) matched (OnPropertyCondition)
      - @ConditionalOnMissingBean (types: org.springframework.orm.jpa.support.OpenEntityManagerInViewInterceptor,org.springframework.orm.jpa.support.OpenEntityManagerInViewFilter; SearchStrategy: all) did not find any beans (OnBeanCondition)

   JpaRepositoriesAutoConfiguration matched:
      - @ConditionalOnClass found required class 'org.springframework.data.jpa.repository.JpaRepository' (OnClassCondition)
      - @ConditionalOnProperty (spring.data.jpa.repositories.enabled=true) matched (OnPropertyCondition)
      - @ConditionalOnBean (types: javax.sql.DataSource; SearchStrategy: all) found bean 'dataSource'; @ConditionalOnMissingBean (types: org.springframework.data.jpa.repository.support.JpaRepositoryFactoryBean,org.springframework.data.jpa.repository.config.JpaRepositoryConfigExtension; SearchStrategy: all) did not find any beans (OnBeanCondition)

   JtaAutoConfiguration matched:
      - @ConditionalOnClass found required class 'javax.transaction.Transaction' (OnClassCondition)
      - @ConditionalOnProperty (spring.jta.enabled) matched (OnPropertyCondition)

   LifecycleAutoConfiguration#defaultLifecycleProcessor matched:
      - @ConditionalOnMissingBean (names: lifecycleProcessor; SearchStrategy: current) did not find any beans (OnBeanCondition)

   MultipartAutoConfiguration matched:
      - @ConditionalOnClass found required classes 'javax.servlet.Servlet', 'org.springframework.web.multipart.support.StandardServletMultipartResolver', 'javax.servlet.MultipartConfigElement' (OnClassCondition)
      - found 'session' scope (OnWebApplicationCondition)
      - @ConditionalOnProperty (spring.servlet.multipart.enabled) matched (OnPropertyCondition)

   MultipartAutoConfiguration#multipartConfigElement matched:
      - @ConditionalOnMissingBean (types: javax.servlet.MultipartConfigElement,org.springframework.web.multipart.commons.CommonsMultipartResolver; SearchStrategy: all) did not find any beans (OnBeanCondition)

   MultipartAutoConfiguration#multipartResolver matched:
      - @ConditionalOnMissingBean (types: org.springframework.web.multipart.MultipartResolver; SearchStrategy: all) did not find any beans (OnBeanCondition)

   NamedParameterJdbcTemplateConfiguration matched:
      - @ConditionalOnSingleCandidate (types: org.springframework.jdbc.core.JdbcTemplate; SearchStrategy: all) found a single bean 'jdbcTemplate'; @ConditionalOnMissingBean (types: org.springframework.jdbc.core.namedparam.NamedParameterJdbcOperations; SearchStrategy: all) did not find any beans (OnBeanCondition)

   NoOpCacheConfiguration matched:
      - Cache org.springframework.boot.autoconfigure.cache.NoOpCacheConfiguration automatic cache type (CacheCondition)

   OAuth2ClientAutoConfiguration matched:
      - @ConditionalOnClass found required classes 'org.springframework.security.config.annotation.web.configuration.EnableWebSecurity', 'org.springframework.security.oauth2.client.registration.ClientRegistration' (OnClassCondition)
      - found 'session' scope (OnWebApplicationCondition)

   OAuth2ClientRegistrationRepositoryConfiguration matched:
      - OAuth2 Clients Configured Condition found registered clients 253761577221-507jgbrqdmq9splsoh3j4t4ir8nq2ss1.apps.googleusercontent.com, 6437993349616335, e9f7c951792728e3fceb (ClientsConfiguredCondition)

   OAuth2ClientRegistrationRepositoryConfiguration#clientRegistrationRepository matched:
      - @ConditionalOnMissingBean (types: org.springframework.security.oauth2.client.registration.ClientRegistrationRepository; SearchStrategy: all) did not find any beans (OnBeanCondition)

   OAuth2WebSecurityConfiguration matched:
      - @ConditionalOnBean (types: org.springframework.security.oauth2.client.registration.ClientRegistrationRepository; SearchStrategy: all) found bean 'clientRegistrationRepository' (OnBeanCondition)

   OAuth2WebSecurityConfiguration#authorizedClientRepository matched:
      - @ConditionalOnMissingBean (types: org.springframework.security.oauth2.client.web.OAuth2AuthorizedClientRepository; SearchStrategy: all) did not find any beans (OnBeanCondition)

   OAuth2WebSecurityConfiguration#authorizedClientService matched:
      - @ConditionalOnMissingBean (types: org.springframework.security.oauth2.client.OAuth2AuthorizedClientService; SearchStrategy: all) did not find any beans (OnBeanCondition)

   PersistenceExceptionTranslationAutoConfiguration matched:
      - @ConditionalOnClass found required class 'org.springframework.dao.annotation.PersistenceExceptionTranslationPostProcessor' (OnClassCondition)

   PersistenceExceptionTranslationAutoConfiguration#persistenceExceptionTranslationPostProcessor matched:
      - @ConditionalOnProperty (spring.dao.exceptiontranslation.enabled) matched (OnPropertyCondition)
      - @ConditionalOnMissingBean (types: org.springframework.dao.annotation.PersistenceExceptionTranslationPostProcessor; SearchStrategy: all) did not find any beans (OnBeanCondition)

   PropertyPlaceholderAutoConfiguration#propertySourcesPlaceholderConfigurer matched:
      - @ConditionalOnMissingBean (types: org.springframework.context.support.PropertySourcesPlaceholderConfigurer; SearchStrategy: current) did not find any beans (OnBeanCondition)

   RestTemplateAutoConfiguration matched:
      - @ConditionalOnClass found required class 'org.springframework.web.client.RestTemplate' (OnClassCondition)
      - NoneNestedConditions 0 matched 1 did not; NestedCondition on RestTemplateAutoConfiguration.NotReactiveWebApplicationCondition.ReactiveWebApplication did not find reactive web application classes (RestTemplateAutoConfiguration.NotReactiveWebApplicationCondition)

   RestTemplateAutoConfiguration#restTemplateBuilder matched:
      - @ConditionalOnMissingBean (types: org.springframework.boot.web.client.RestTemplateBuilder; SearchStrategy: all) did not find any beans (OnBeanCondition)

   RestTemplateAutoConfiguration#restTemplateBuilderConfigurer matched:
      - @ConditionalOnMissingBean (types: org.springframework.boot.autoconfigure.web.client.RestTemplateBuilderConfigurer; SearchStrategy: all) did not find any beans (OnBeanCondition)

   SecurityAutoConfiguration matched:
      - @ConditionalOnClass found required class 'org.springframework.security.authentication.DefaultAuthenticationEventPublisher' (OnClassCondition)

   SecurityAutoConfiguration#authenticationEventPublisher matched:
      - @ConditionalOnMissingBean (types: org.springframework.security.authentication.AuthenticationEventPublisher; SearchStrategy: all) did not find any beans (OnBeanCondition)

   SecurityFilterAutoConfiguration matched:
      - @ConditionalOnClass found required classes 'org.springframework.security.web.context.AbstractSecurityWebApplicationInitializer', 'org.springframework.security.config.http.SessionCreationPolicy' (OnClassCondition)
      - found 'session' scope (OnWebApplicationCondition)

   SecurityFilterAutoConfiguration#securityFilterChainRegistration matched:
      - @ConditionalOnBean (names: springSecurityFilterChain; SearchStrategy: all) found bean 'springSecurityFilterChain' (OnBeanCondition)

   ServletWebServerFactoryAutoConfiguration matched:
      - @ConditionalOnClass found required class 'javax.servlet.ServletRequest' (OnClassCondition)
      - found 'session' scope (OnWebApplicationCondition)

   ServletWebServerFactoryAutoConfiguration#tomcatServletWebServerFactoryCustomizer matched:
      - @ConditionalOnClass found required class 'org.apache.catalina.startup.Tomcat' (OnClassCondition)

   ServletWebServerFactoryConfiguration.EmbeddedTomcat matched:
      - @ConditionalOnClass found required classes 'javax.servlet.Servlet', 'org.apache.catalina.startup.Tomcat', 'org.apache.coyote.UpgradeProtocol' (OnClassCondition)
      - @ConditionalOnMissingBean (types: org.springframework.boot.web.servlet.server.ServletWebServerFactory; SearchStrategy: current) did not find any beans (OnBeanCondition)

   SimpleCacheConfiguration matched:
      - Cache org.springframework.boot.autoconfigure.cache.SimpleCacheConfiguration automatic cache type (CacheCondition)

   SpringBootWebSecurityConfiguration matched:
      - found 'session' scope (OnWebApplicationCondition)

   SpringBootWebSecurityConfiguration.ErrorPageSecurityFilterConfiguration matched:
      - @ConditionalOnClass found required class 'org.springframework.security.web.access.WebInvocationPrivilegeEvaluator' (OnClassCondition)
      - @ConditionalOnBean (types: org.springframework.security.web.access.WebInvocationPrivilegeEvaluator; SearchStrategy: all) found bean 'privilegeEvaluator' (OnBeanCondition)

   SpringDataWebAutoConfiguration matched:
      - @ConditionalOnClass found required classes 'org.springframework.data.web.PageableHandlerMethodArgumentResolver', 'org.springframework.web.servlet.config.annotation.WebMvcConfigurer' (OnClassCondition)
      - found 'session' scope (OnWebApplicationCondition)
      - @ConditionalOnMissingBean (types: org.springframework.data.web.PageableHandlerMethodArgumentResolver; SearchStrategy: all) did not find any beans (OnBeanCondition)

   SpringDataWebAutoConfiguration#pageableCustomizer matched:
      - @ConditionalOnMissingBean (types: org.springframework.data.web.config.PageableHandlerMethodArgumentResolverCustomizer; SearchStrategy: all) did not find any beans (OnBeanCondition)

   SpringDataWebAutoConfiguration#sortCustomizer matched:
      - @ConditionalOnMissingBean (types: org.springframework.data.web.config.SortHandlerMethodArgumentResolverCustomizer; SearchStrategy: all) did not find any beans (OnBeanCondition)

   SqlInitializationAutoConfiguration matched:
      - @ConditionalOnProperty (spring.sql.init.enabled) matched (OnPropertyCondition)
      - NoneNestedConditions 0 matched 1 did not; NestedCondition on SqlInitializationAutoConfiguration.SqlInitializationModeCondition.ModeIsNever @ConditionalOnProperty (spring.sql.init.mode=never) did not find property 'mode' (SqlInitializationAutoConfiguration.SqlInitializationModeCondition)

   TaskExecutionAutoConfiguration matched:
      - @ConditionalOnClass found required class 'org.springframework.scheduling.concurrent.ThreadPoolTaskExecutor' (OnClassCondition)

   TaskExecutionAutoConfiguration#applicationTaskExecutor matched:
      - @ConditionalOnMissingBean (types: java.util.concurrent.Executor; SearchStrategy: all) did not find any beans (OnBeanCondition)

   TaskExecutionAutoConfiguration#taskExecutorBuilder matched:
      - @ConditionalOnMissingBean (types: org.springframework.boot.task.TaskExecutorBuilder; SearchStrategy: all) did not find any beans (OnBeanCondition)

   TaskSchedulingAutoConfiguration matched:
      - @ConditionalOnClass found required class 'org.springframework.scheduling.concurrent.ThreadPoolTaskScheduler' (OnClassCondition)

   TaskSchedulingAutoConfiguration#taskSchedulerBuilder matched:
      - @ConditionalOnMissingBean (types: org.springframework.boot.task.TaskSchedulerBuilder; SearchStrategy: all) did not find any beans (OnBeanCondition)

   TransactionAutoConfiguration matched:
      - @ConditionalOnClass found required class 'org.springframework.transaction.PlatformTransactionManager' (OnClassCondition)

   TransactionAutoConfiguration#platformTransactionManagerCustomizers matched:
      - @ConditionalOnMissingBean (types: org.springframework.boot.autoconfigure.transaction.TransactionManagerCustomizers; SearchStrategy: all) did not find any beans (OnBeanCondition)

   TransactionAutoConfiguration.EnableTransactionManagementConfiguration matched:
      - @ConditionalOnBean (types: org.springframework.transaction.TransactionManager; SearchStrategy: all) found bean 'transactionManager'; @ConditionalOnMissingBean (types: org.springframework.transaction.annotation.AbstractTransactionManagementConfiguration; SearchStrategy: all) did not find any beans (OnBeanCondition)

   TransactionAutoConfiguration.EnableTransactionManagementConfiguration.CglibAutoProxyConfiguration matched:
      - @ConditionalOnProperty (spring.aop.proxy-target-class=true) matched (OnPropertyCondition)

   TransactionAutoConfiguration.TransactionTemplateConfiguration matched:
      - @ConditionalOnSingleCandidate (types: org.springframework.transaction.PlatformTransactionManager; SearchStrategy: all) found a single bean 'transactionManager' (OnBeanCondition)

   TransactionAutoConfiguration.TransactionTemplateConfiguration#transactionTemplate matched:
      - @ConditionalOnMissingBean (types: org.springframework.transaction.support.TransactionOperations; SearchStrategy: all) did not find any beans (OnBeanCondition)

   ValidationAutoConfiguration matched:
      - @ConditionalOnClass found required class 'javax.validation.executable.ExecutableValidator' (OnClassCondition)
      - @ConditionalOnResource found location classpath:META-INF/services/javax.validation.spi.ValidationProvider (OnResourceCondition)

   ValidationAutoConfiguration#defaultValidator matched:
      - @ConditionalOnMissingBean (types: javax.validation.Validator; SearchStrategy: all) did not find any beans (OnBeanCondition)

   ValidationAutoConfiguration#methodValidationPostProcessor matched:
      - @ConditionalOnMissingBean (types: org.springframework.validation.beanvalidation.MethodValidationPostProcessor; SearchStrategy: current) did not find any beans (OnBeanCondition)

   WebMvcAutoConfiguration matched:
      - @ConditionalOnClass found required classes 'javax.servlet.Servlet', 'org.springframework.web.servlet.DispatcherServlet', 'org.springframework.web.servlet.config.annotation.WebMvcConfigurer' (OnClassCondition)
      - found 'session' scope (OnWebApplicationCondition)
      - @ConditionalOnMissingBean (types: org.springframework.web.servlet.config.annotation.WebMvcConfigurationSupport; SearchStrategy: all) did not find any beans (OnBeanCondition)

   WebMvcAutoConfiguration#formContentFilter matched:
      - @ConditionalOnProperty (spring.mvc.formcontent.filter.enabled) matched (OnPropertyCondition)
      - @ConditionalOnMissingBean (types: org.springframework.web.filter.FormContentFilter; SearchStrategy: all) did not find any beans (OnBeanCondition)

   WebMvcAutoConfiguration.EnableWebMvcConfiguration#flashMapManager matched:
      - @ConditionalOnMissingBean (names: flashMapManager; SearchStrategy: all) did not find any beans (OnBeanCondition)

   WebMvcAutoConfiguration.EnableWebMvcConfiguration#themeResolver matched:
      - @ConditionalOnMissingBean (names: themeResolver; SearchStrategy: all) did not find any beans (OnBeanCondition)

   WebMvcAutoConfiguration.WebMvcAutoConfigurationAdapter#defaultViewResolver matched:
      - @ConditionalOnMissingBean (types: org.springframework.web.servlet.view.InternalResourceViewResolver; SearchStrategy: all) did not find any beans (OnBeanCondition)

   WebMvcAutoConfiguration.WebMvcAutoConfigurationAdapter#requestContextFilter matched:
      - @ConditionalOnMissingBean (types: org.springframework.web.context.request.RequestContextListener,org.springframework.web.filter.RequestContextFilter; SearchStrategy: all) did not find any beans (OnBeanCondition)

   WebMvcAutoConfiguration.WebMvcAutoConfigurationAdapter#viewResolver matched:
      - @ConditionalOnBean (types: org.springframework.web.servlet.ViewResolver; SearchStrategy: all) found beans 'defaultViewResolver', 'beanNameViewResolver', 'mvcViewResolver'; @ConditionalOnMissingBean (names: viewResolver types: org.springframework.web.servlet.view.ContentNegotiatingViewResolver; SearchStrategy: all) did not find any beans (OnBeanCondition)

   WebSocketServletAutoConfiguration matched:
      - @ConditionalOnClass found required classes 'javax.servlet.Servlet', 'javax.websocket.server.ServerContainer' (OnClassCondition)
      - found 'session' scope (OnWebApplicationCondition)

   WebSocketServletAutoConfiguration.TomcatWebSocketConfiguration matched:
      - @ConditionalOnClass found required classes 'org.apache.catalina.startup.Tomcat', 'org.apache.tomcat.websocket.server.WsSci' (OnClassCondition)

   WebSocketServletAutoConfiguration.TomcatWebSocketConfiguration#websocketServletWebServerCustomizer matched:
      - @ConditionalOnMissingBean (names: websocketServletWebServerCustomizer; SearchStrategy: all) did not find any beans (OnBeanCondition)


Negative matches:
-----------------

   ActiveMQAutoConfiguration:
      Did not match:
         - @ConditionalOnClass did not find required class 'javax.jms.ConnectionFactory' (OnClassCondition)

   AopAutoConfiguration.AspectJAutoProxyingConfiguration.JdkDynamicAutoProxyConfiguration:
      Did not match:
         - @ConditionalOnProperty (spring.aop.proxy-target-class=false) did not find property 'proxy-target-class' (OnPropertyCondition)

   AopAutoConfiguration.ClassProxyingConfiguration:
      Did not match:
         - @ConditionalOnMissingClass found unwanted class 'org.aspectj.weaver.Advice' (OnClassCondition)

   ArtemisAutoConfiguration:
      Did not match:
         - @ConditionalOnClass did not find required class 'javax.jms.ConnectionFactory' (OnClassCondition)

   AtomikosJtaConfiguration:
      Did not match:
         - @ConditionalOnClass did not find required class 'com.atomikos.icatch.jta.UserTransactionManager' (OnClassCondition)

   BatchAutoConfiguration:
      Did not match:
         - @ConditionalOnClass did not find required class 'org.springframework.batch.core.launch.JobLauncher' (OnClassCondition)

   Cache2kCacheConfiguration:
      Did not match:
         - @ConditionalOnClass did not find required class 'org.cache2k.Cache2kBuilder' (OnClassCondition)

   CacheAutoConfiguration:
      Did not match:
         - @ConditionalOnBean (types: org.springframework.cache.interceptor.CacheAspectSupport; SearchStrategy: all) did not find any beans of type org.springframework.cache.interceptor.CacheAspectSupport (OnBeanCondition)
      Matched:
         - @ConditionalOnClass found required class 'org.springframework.cache.CacheManager' (OnClassCondition)

   CacheAutoConfiguration.CacheManagerEntityManagerFactoryDependsOnPostProcessor:
      Did not match:
         - Ancestor org.springframework.boot.autoconfigure.cache.CacheAutoConfiguration did not match (ConditionEvaluationReport.AncestorsMatchedCondition)
      Matched:
         - @ConditionalOnClass found required class 'org.springframework.orm.jpa.LocalContainerEntityManagerFactoryBean' (OnClassCondition)

   CaffeineCacheConfiguration:
      Did not match:
         - @ConditionalOnClass did not find required class 'com.github.benmanes.caffeine.cache.Caffeine' (OnClassCondition)

   CassandraAutoConfiguration:
      Did not match:
         - @ConditionalOnClass did not find required class 'com.datastax.oss.driver.api.core.CqlSession' (OnClassCondition)

   CassandraDataAutoConfiguration:
      Did not match:
         - @ConditionalOnClass did not find required class 'com.datastax.oss.driver.api.core.CqlSession' (OnClassCondition)

   CassandraReactiveDataAutoConfiguration:
      Did not match:
         - @ConditionalOnClass did not find required class 'com.datastax.oss.driver.api.core.CqlSession' (OnClassCondition)

   CassandraReactiveRepositoriesAutoConfiguration:
      Did not match:
         - @ConditionalOnClass did not find required class 'org.springframework.data.cassandra.ReactiveSession' (OnClassCondition)

   CassandraRepositoriesAutoConfiguration:
      Did not match:
         - @ConditionalOnClass did not find required class 'com.datastax.oss.driver.api.core.CqlSession' (OnClassCondition)

   ClientHttpConnectorAutoConfiguration:
      Did not match:
         - @ConditionalOnClass did not find required class 'org.springframework.web.reactive.function.client.WebClient' (OnClassCondition)

   CodecsAutoConfiguration:
      Did not match:
         - @ConditionalOnClass did not find required class 'org.springframework.web.reactive.function.client.WebClient' (OnClassCondition)

   CouchbaseAutoConfiguration:
      Did not match:
         - @ConditionalOnClass did not find required class 'com.couchbase.client.java.Cluster' (OnClassCondition)

   CouchbaseCacheConfiguration:
      Did not match:
         - @ConditionalOnClass did not find required class 'com.couchbase.client.java.Cluster' (OnClassCondition)

   CouchbaseDataAutoConfiguration:
      Did not match:
         - @ConditionalOnClass did not find required class 'com.couchbase.client.java.Bucket' (OnClassCondition)

   CouchbaseReactiveDataAutoConfiguration:
      Did not match:
         - @ConditionalOnClass did not find required class 'com.couchbase.client.java.Cluster' (OnClassCondition)

   CouchbaseReactiveRepositoriesAutoConfiguration:
      Did not match:
         - @ConditionalOnClass did not find required class 'com.couchbase.client.java.Cluster' (OnClassCondition)

   CouchbaseRepositoriesAutoConfiguration:
      Did not match:
         - @ConditionalOnClass did not find required class 'com.couchbase.client.java.Bucket' (OnClassCondition)

   DataSourceAutoConfiguration.EmbeddedDatabaseConfiguration:
      Did not match:
         - EmbeddedDataSource spring.datasource.url is set (DataSourceAutoConfiguration.EmbeddedDatabaseCondition)

   DataSourceConfiguration.Dbcp2:
      Did not match:
         - @ConditionalOnClass did not find required class 'org.apache.commons.dbcp2.BasicDataSource' (OnClassCondition)

   DataSourceConfiguration.Generic:
      Did not match:
         - @ConditionalOnProperty (spring.datasource.type) did not find property 'spring.datasource.type' (OnPropertyCondition)

   DataSourceConfiguration.OracleUcp:
      Did not match:
         - @ConditionalOnClass did not find required classes 'oracle.ucp.jdbc.PoolDataSourceImpl', 'oracle.jdbc.OracleConnection' (OnClassCondition)

   DataSourceConfiguration.Tomcat:
      Did not match:
         - @ConditionalOnClass did not find required class 'org.apache.tomcat.jdbc.pool.DataSource' (OnClassCondition)

   DataSourceJmxConfiguration:
      Did not match:
         - @ConditionalOnProperty (spring.jmx.enabled=true) found different value in property 'enabled' (OnPropertyCondition)

   DataSourcePoolMetadataProvidersConfiguration.CommonsDbcp2PoolDataSourceMetadataProviderConfiguration:
      Did not match:
         - @ConditionalOnClass did not find required class 'org.apache.commons.dbcp2.BasicDataSource' (OnClassCondition)

   DataSourcePoolMetadataProvidersConfiguration.OracleUcpPoolDataSourceMetadataProviderConfiguration:
      Did not match:
         - @ConditionalOnClass did not find required classes 'oracle.ucp.jdbc.PoolDataSource', 'oracle.jdbc.OracleConnection' (OnClassCondition)

   DataSourcePoolMetadataProvidersConfiguration.TomcatDataSourcePoolMetadataProviderConfiguration:
      Did not match:
         - @ConditionalOnClass did not find required class 'org.apache.tomcat.jdbc.pool.DataSource' (OnClassCondition)

   DataSourceTransactionManagerAutoConfiguration.JdbcTransactionManagerConfiguration#transactionManager:
      Did not match:
         - @ConditionalOnMissingBean (types: org.springframework.transaction.TransactionManager; SearchStrategy: all) found beans of type 'org.springframework.transaction.TransactionManager' transactionManager (OnBeanCondition)

   DevToolsDataSourceAutoConfiguration:
      Did not match:
         - Devtools devtools is disabled for current context. (OnEnabledDevToolsCondition)

   DevToolsR2dbcAutoConfiguration:
      Did not match:
         - @ConditionalOnClass did not find required class 'io.r2dbc.spi.ConnectionFactory' (OnClassCondition)

   DispatcherServletAutoConfiguration.DispatcherServletConfiguration#multipartResolver:
      Did not match:
         - @ConditionalOnBean (types: org.springframework.web.multipart.MultipartResolver; SearchStrategy: all) did not find any beans of type org.springframework.web.multipart.MultipartResolver (OnBeanCondition)

   EhCacheCacheConfiguration:
      Did not match:
         - @ConditionalOnClass did not find required class 'net.sf.ehcache.Cache' (OnClassCondition)

   ElasticsearchDataAutoConfiguration:
      Did not match:
         - @ConditionalOnClass did not find required class 'org.springframework.data.elasticsearch.core.ElasticsearchRestTemplate' (OnClassCondition)

   ElasticsearchRepositoriesAutoConfiguration:
      Did not match:
         - @ConditionalOnClass did not find required class 'org.elasticsearch.client.Client' (OnClassCondition)

   ElasticsearchRestClientAutoConfiguration:
      Did not match:
         - @ConditionalOnClass did not find required class 'org.elasticsearch.client.RestClientBuilder' (OnClassCondition)

   EmbeddedLdapAutoConfiguration:
      Did not match:
         - @ConditionalOnClass did not find required class 'com.unboundid.ldap.listener.InMemoryDirectoryServer' (OnClassCondition)

   EmbeddedMongoAutoConfiguration:
      Did not match:
         - @ConditionalOnClass did not find required class 'com.mongodb.MongoClientSettings' (OnClassCondition)

   EmbeddedWebServerFactoryCustomizerAutoConfiguration:
      Did not match:
         - Application is deployed as a WAR file. (OnWarDeploymentCondition)
      Matched:
         - @ConditionalOnWebApplication (required) found 'session' scope (OnWebApplicationCondition)

   ErrorWebFluxAutoConfiguration:
      Did not match:
         - @ConditionalOnClass did not find required class 'org.springframework.web.reactive.config.WebFluxConfigurer' (OnClassCondition)

   FlywayAutoConfiguration:
      Did not match:
         - @ConditionalOnClass did not find required class 'org.flywaydb.core.Flyway' (OnClassCondition)

   FreeMarkerAutoConfiguration:
      Did not match:
         - @ConditionalOnClass did not find required class 'freemarker.template.Configuration' (OnClassCondition)

   GraphQlAutoConfiguration:
      Did not match:
         - @ConditionalOnClass did not find required class 'graphql.GraphQL' (OnClassCondition)

   GraphQlQueryByExampleAutoConfiguration:
      Did not match:
         - @ConditionalOnClass did not find required class 'graphql.GraphQL' (OnClassCondition)

   GraphQlQuerydslAutoConfiguration:
      Did not match:
         - @ConditionalOnClass did not find required class 'graphql.GraphQL' (OnClassCondition)

   GraphQlRSocketAutoConfiguration:
      Did not match:
         - @ConditionalOnClass did not find required class 'graphql.GraphQL' (OnClassCondition)

   GraphQlReactiveQueryByExampleAutoConfiguration:
      Did not match:
         - @ConditionalOnClass did not find required class 'graphql.GraphQL' (OnClassCondition)

   GraphQlReactiveQuerydslAutoConfiguration:
      Did not match:
         - @ConditionalOnClass did not find required class 'graphql.GraphQL' (OnClassCondition)

   GraphQlWebFluxAutoConfiguration:
      Did not match:
         - @ConditionalOnClass did not find required class 'graphql.GraphQL' (OnClassCondition)

   GraphQlWebFluxSecurityAutoConfiguration:
      Did not match:
         - @ConditionalOnClass did not find required class 'graphql.GraphQL' (OnClassCondition)

   GraphQlWebMvcAutoConfiguration:
      Did not match:
         - @ConditionalOnClass did not find required class 'graphql.GraphQL' (OnClassCondition)

   GraphQlWebMvcSecurityAutoConfiguration:
      Did not match:
         - @ConditionalOnClass did not find required class 'graphql.GraphQL' (OnClassCondition)

   GroovyTemplateAutoConfiguration:
      Did not match:
         - @ConditionalOnClass did not find required class 'groovy.text.markup.MarkupTemplateEngine' (OnClassCondition)

   GsonAutoConfiguration:
      Did not match:
         - @ConditionalOnClass did not find required class 'com.google.gson.Gson' (OnClassCondition)

   GsonHttpMessageConvertersConfiguration:
      Did not match:
         - @ConditionalOnClass did not find required class 'com.google.gson.Gson' (OnClassCondition)

   H2ConsoleAutoConfiguration:
      Did not match:
         - @ConditionalOnClass did not find required class 'org.h2.server.web.WebServlet' (OnClassCondition)

   HazelcastAutoConfiguration:
      Did not match:
         - @ConditionalOnClass did not find required class 'com.hazelcast.core.HazelcastInstance' (OnClassCondition)

   HazelcastCacheConfiguration:
      Did not match:
         - @ConditionalOnClass did not find required class 'com.hazelcast.core.HazelcastInstance' (OnClassCondition)

   HazelcastJpaDependencyAutoConfiguration:
      Did not match:
         - @ConditionalOnClass did not find required class 'com.hazelcast.core.HazelcastInstance' (OnClassCondition)

   HttpHandlerAutoConfiguration:
      Did not match:
         - @ConditionalOnClass did not find required class 'org.springframework.web.reactive.DispatcherHandler' (OnClassCondition)

   HypermediaAutoConfiguration:
      Did not match:
         - @ConditionalOnClass did not find required class 'org.springframework.hateoas.EntityModel' (OnClassCondition)

   InfinispanCacheConfiguration:
      Did not match:
         - @ConditionalOnClass did not find required class 'org.infinispan.spring.embedded.provider.SpringEmbeddedCacheManager' (OnClassCondition)

   InfluxDbAutoConfiguration:
      Did not match:
         - @ConditionalOnClass did not find required class 'org.influxdb.InfluxDB' (OnClassCondition)

   IntegrationAutoConfiguration:
      Did not match:
         - @ConditionalOnClass did not find required class 'org.springframework.integration.config.EnableIntegration' (OnClassCondition)

   JCacheCacheConfiguration:
      Did not match:
         - @ConditionalOnClass did not find required class 'javax.cache.Caching' (OnClassCondition)

   JacksonHttpMessageConvertersConfiguration.MappingJackson2XmlHttpMessageConverterConfiguration:
      Did not match:
         - @ConditionalOnClass did not find required class 'com.fasterxml.jackson.dataformat.xml.XmlMapper' (OnClassCondition)

   JdbcRepositoriesAutoConfiguration:
      Did not match:
         - @ConditionalOnClass did not find required class 'org.springframework.data.jdbc.repository.config.AbstractJdbcConfiguration' (OnClassCondition)

   JerseyAutoConfiguration:
      Did not match:
         - @ConditionalOnClass did not find required class 'org.glassfish.jersey.server.spring.SpringComponentProvider' (OnClassCondition)

   JmsAutoConfiguration:
      Did not match:
         - @ConditionalOnClass did not find required class 'javax.jms.Message' (OnClassCondition)

   JmxAutoConfiguration:
      Did not match:
         - @ConditionalOnProperty (spring.jmx.enabled=true) found different value in property 'enabled' (OnPropertyCondition)
      Matched:
         - @ConditionalOnClass found required class 'org.springframework.jmx.export.MBeanExporter' (OnClassCondition)

   JndiConnectionFactoryAutoConfiguration:
      Did not match:
         - @ConditionalOnClass did not find required class 'org.springframework.jms.core.JmsTemplate' (OnClassCondition)

   JndiDataSourceAutoConfiguration:
      Did not match:
         - @ConditionalOnProperty (spring.datasource.jndi-name) did not find property 'jndi-name' (OnPropertyCondition)
      Matched:
         - @ConditionalOnClass found required classes 'javax.sql.DataSource', 'org.springframework.jdbc.datasource.embedded.EmbeddedDatabaseType' (OnClassCondition)

   JndiJtaConfiguration:
      Did not match:
         - @ConditionalOnJndi JNDI environment is not available (OnJndiCondition)
      Matched:
         - @ConditionalOnClass found required class 'org.springframework.transaction.jta.JtaTransactionManager' (OnClassCondition)

   JooqAutoConfiguration:
      Did not match:
         - @ConditionalOnClass did not find required class 'org.jooq.DSLContext' (OnClassCondition)

   JpaRepositoriesAutoConfiguration#entityManagerFactoryBootstrapExecutorCustomizer:
      Did not match:
         - AnyNestedCondition 0 matched 2 did not; NestedCondition on JpaRepositoriesAutoConfiguration.BootstrapExecutorCondition.LazyBootstrapMode @ConditionalOnProperty (spring.data.jpa.repositories.bootstrap-mode=lazy) did not find property 'bootstrap-mode'; NestedCondition on JpaRepositoriesAutoConfiguration.BootstrapExecutorCondition.DeferredBootstrapMode @ConditionalOnProperty (spring.data.jpa.repositories.bootstrap-mode=deferred) did not find property 'bootstrap-mode' (JpaRepositoriesAutoConfiguration.BootstrapExecutorCondition)

   JsonbAutoConfiguration:
      Did not match:
         - @ConditionalOnClass did not find required class 'javax.json.bind.Jsonb' (OnClassCondition)

   JsonbHttpMessageConvertersConfiguration:
      Did not match:
         - @ConditionalOnClass did not find required class 'javax.json.bind.Jsonb' (OnClassCondition)

   KafkaAutoConfiguration:
      Did not match:
         - @ConditionalOnClass did not find required class 'org.springframework.kafka.core.KafkaTemplate' (OnClassCondition)

   LdapAutoConfiguration:
      Did not match:
         - @ConditionalOnClass did not find required class 'org.springframework.ldap.core.ContextSource' (OnClassCondition)

   LdapRepositoriesAutoConfiguration:
      Did not match:
         - @ConditionalOnClass did not find required class 'org.springframework.data.ldap.repository.LdapRepository' (OnClassCondition)

   LiquibaseAutoConfiguration:
      Did not match:
         - @ConditionalOnClass did not find required class 'liquibase.change.DatabaseChange' (OnClassCondition)

   LocalDevToolsAutoConfiguration:
      Did not match:
         - Initialized Restarter Condition initialized without URLs (OnInitializedRestarterCondition)

   MailSenderAutoConfiguration:
      Did not match:
         - @ConditionalOnClass did not find required class 'javax.mail.internet.MimeMessage' (OnClassCondition)

   MailSenderValidatorAutoConfiguration:
      Did not match:
         - @ConditionalOnSingleCandidate did not find required type 'org.springframework.mail.javamail.JavaMailSenderImpl' (OnBeanCondition)

   MessageSourceAutoConfiguration:
      Did not match:
         - ResourceBundle did not find bundle with basename messages (MessageSourceAutoConfiguration.ResourceBundleCondition)

   MongoAutoConfiguration:
      Did not match:
         - @ConditionalOnClass did not find required class 'com.mongodb.client.MongoClient' (OnClassCondition)

   MongoDataAutoConfiguration:
      Did not match:
         - @ConditionalOnClass did not find required class 'com.mongodb.client.MongoClient' (OnClassCondition)

   MongoReactiveAutoConfiguration:
      Did not match:
         - @ConditionalOnClass did not find required class 'com.mongodb.reactivestreams.client.MongoClient' (OnClassCondition)

   MongoReactiveDataAutoConfiguration:
      Did not match:
         - @ConditionalOnClass did not find required class 'com.mongodb.reactivestreams.client.MongoClient' (OnClassCondition)

   MongoReactiveRepositoriesAutoConfiguration:
      Did not match:
         - @ConditionalOnClass did not find required class 'com.mongodb.reactivestreams.client.MongoClient' (OnClassCondition)

   MongoRepositoriesAutoConfiguration:
      Did not match:
         - @ConditionalOnClass did not find required class 'com.mongodb.client.MongoClient' (OnClassCondition)

   MustacheAutoConfiguration:
      Did not match:
         - @ConditionalOnClass did not find required class 'com.samskivert.mustache.Mustache' (OnClassCondition)

   Neo4jAutoConfiguration:
      Did not match:
         - @ConditionalOnClass did not find required class 'org.neo4j.driver.Driver' (OnClassCondition)

   Neo4jDataAutoConfiguration:
      Did not match:
         - @ConditionalOnClass did not find required class 'org.neo4j.driver.Driver' (OnClassCondition)

   Neo4jReactiveDataAutoConfiguration:
      Did not match:
         - @ConditionalOnClass did not find required class 'org.neo4j.driver.Driver' (OnClassCondition)

   Neo4jReactiveRepositoriesAutoConfiguration:
      Did not match:
         - @ConditionalOnClass did not find required class 'org.neo4j.driver.Driver' (OnClassCondition)

   Neo4jRepositoriesAutoConfiguration:
      Did not match:
         - @ConditionalOnClass did not find required class 'org.neo4j.driver.Driver' (OnClassCondition)

   NettyAutoConfiguration:
      Did not match:
         - @ConditionalOnClass did not find required class 'io.netty.util.NettyRuntime' (OnClassCondition)

   OAuth2ResourceServerAutoConfiguration:
      Did not match:
         - @ConditionalOnClass did not find required class 'org.springframework.security.oauth2.server.resource.BearerTokenAuthenticationToken' (OnClassCondition)

   OAuth2WebSecurityConfiguration.OAuth2SecurityFilterChainConfiguration:
      Did not match:
         - AllNestedConditions 1 matched 1 did not; NestedCondition on DefaultWebSecurityCondition.Beans @ConditionalOnMissingBean (types: org.springframework.security.config.annotation.web.configuration.WebSecurityConfigurerAdapter,org.springframework.security.web.SecurityFilterChain; SearchStrategy: all) found beans of type 'org.springframework.security.config.annotation.web.configuration.WebSecurityConfigurerAdapter' webSecurityConfig; NestedCondition on DefaultWebSecurityCondition.Classes @ConditionalOnClass found required classes 'org.springframework.security.web.SecurityFilterChain', 'org.springframework.security.config.annotation.web.builders.HttpSecurity' (DefaultWebSecurityCondition)

   ProjectInfoAutoConfiguration#buildProperties:
      Did not match:
         - @ConditionalOnResource did not find resource '${spring.info.build.location:classpath:META-INF/build-info.properties}' (OnResourceCondition)

   ProjectInfoAutoConfiguration#gitProperties:
      Did not match:
         - GitResource did not find git info at classpath:git.properties (ProjectInfoAutoConfiguration.GitResourceAvailableCondition)

   QuartzAutoConfiguration:
      Did not match:
         - @ConditionalOnClass did not find required class 'org.quartz.Scheduler' (OnClassCondition)

   R2dbcAutoConfiguration:
      Did not match:
         - @ConditionalOnClass did not find required class 'io.r2dbc.spi.ConnectionFactory' (OnClassCondition)

   R2dbcDataAutoConfiguration:
      Did not match:
         - @ConditionalOnClass did not find required class 'org.springframework.data.r2dbc.core.R2dbcEntityTemplate' (OnClassCondition)

   R2dbcInitializationConfiguration:
      Did not match:
         - @ConditionalOnClass did not find required classes 'io.r2dbc.spi.ConnectionFactory', 'org.springframework.r2dbc.connection.init.DatabasePopulator' (OnClassCondition)

   R2dbcRepositoriesAutoConfiguration:
      Did not match:
         - @ConditionalOnClass did not find required class 'io.r2dbc.spi.ConnectionFactory' (OnClassCondition)

   R2dbcTransactionManagerAutoConfiguration:
      Did not match:
         - @ConditionalOnClass did not find required class 'org.springframework.r2dbc.connection.R2dbcTransactionManager' (OnClassCondition)

   RSocketGraphQlClientAutoConfiguration:
      Did not match:
         - @ConditionalOnClass did not find required class 'graphql.GraphQL' (OnClassCondition)

   RSocketMessagingAutoConfiguration:
      Did not match:
         - @ConditionalOnClass did not find required class 'io.rsocket.RSocket' (OnClassCondition)

   RSocketRequesterAutoConfiguration:
      Did not match:
         - @ConditionalOnClass did not find required class 'io.rsocket.RSocket' (OnClassCondition)

   RSocketSecurityAutoConfiguration:
      Did not match:
         - @ConditionalOnClass did not find required class 'org.springframework.security.rsocket.core.SecuritySocketAcceptorInterceptor' (OnClassCondition)

   RSocketServerAutoConfiguration:
      Did not match:
         - @ConditionalOnClass did not find required class 'io.rsocket.core.RSocketServer' (OnClassCondition)

   RSocketStrategiesAutoConfiguration:
      Did not match:
         - @ConditionalOnClass did not find required class 'io.netty.buffer.PooledByteBufAllocator' (OnClassCondition)

   RabbitAutoConfiguration:
      Did not match:
         - @ConditionalOnClass did not find required class 'com.rabbitmq.client.Channel' (OnClassCondition)

   ReactiveElasticsearchRepositoriesAutoConfiguration:
      Did not match:
         - @ConditionalOnClass did not find required class 'org.springframework.data.elasticsearch.client.reactive.ReactiveElasticsearchClient' (OnClassCondition)

   ReactiveElasticsearchRestClientAutoConfiguration:
      Did not match:
         - @ConditionalOnClass did not find required class 'reactor.netty.http.client.HttpClient' (OnClassCondition)

   ReactiveMultipartAutoConfiguration:
      Did not match:
         - @ConditionalOnClass did not find required class 'org.springframework.web.reactive.config.WebFluxConfigurer' (OnClassCondition)

   ReactiveOAuth2ClientAutoConfiguration:
      Did not match:
         - @ConditionalOnClass did not find required class 'reactor.core.publisher.Flux' (OnClassCondition)

   ReactiveOAuth2ResourceServerAutoConfiguration:
      Did not match:
         - @ConditionalOnWebApplication did not find reactive web application classes (OnWebApplicationCondition)

   ReactiveSecurityAutoConfiguration:
      Did not match:
         - @ConditionalOnClass did not find required class 'reactor.core.publisher.Flux' (OnClassCondition)

   ReactiveUserDetailsServiceAutoConfiguration:
      Did not match:
         - AnyNestedCondition 0 matched 2 did not; NestedCondition on ReactiveUserDetailsServiceAutoConfiguration.ReactiveUserDetailsServiceCondition.ReactiveWebApplicationCondition did not find reactive web application classes; NestedCondition on ReactiveUserDetailsServiceAutoConfiguration.ReactiveUserDetailsServiceCondition.RSocketSecurityEnabledCondition @ConditionalOnBean (types: org.springframework.messaging.rsocket.annotation.support.RSocketMessageHandler; SearchStrategy: all) did not find any beans of type org.springframework.messaging.rsocket.annotation.support.RSocketMessageHandler (ReactiveUserDetailsServiceAutoConfiguration.ReactiveUserDetailsServiceCondition)
      Matched:
         - @ConditionalOnClass found required class 'org.springframework.security.authentication.ReactiveAuthenticationManager' (OnClassCondition)

   ReactiveWebServerFactoryAutoConfiguration:
      Did not match:
         - @ConditionalOnWebApplication did not find reactive web application classes (OnWebApplicationCondition)

   RedisAutoConfiguration:
      Did not match:
         - @ConditionalOnClass did not find required class 'org.springframework.data.redis.core.RedisOperations' (OnClassCondition)

   RedisCacheConfiguration:
      Did not match:
         - @ConditionalOnClass did not find required class 'org.springframework.data.redis.connection.RedisConnectionFactory' (OnClassCondition)

   RedisReactiveAutoConfiguration:
      Did not match:
         - @ConditionalOnClass did not find required class 'reactor.core.publisher.Flux' (OnClassCondition)

   RedisRepositoriesAutoConfiguration:
      Did not match:
         - @ConditionalOnClass did not find required class 'org.springframework.data.redis.repository.configuration.EnableRedisRepositories' (OnClassCondition)

   RemoteDevToolsAutoConfiguration:
      Did not match:
         - @ConditionalOnProperty (spring.devtools.remote.secret) did not find property 'secret' (OnPropertyCondition)
      Matched:
         - @ConditionalOnClass found required classes 'javax.servlet.Filter', 'org.springframework.http.server.ServerHttpRequest' (OnClassCondition)

   RepositoryRestMvcAutoConfiguration:
      Did not match:
         - @ConditionalOnClass did not find required class 'org.springframework.data.rest.webmvc.config.RepositoryRestMvcConfiguration' (OnClassCondition)

   Saml2RelyingPartyAutoConfiguration:
      Did not match:
         - @ConditionalOnClass did not find required class 'org.springframework.security.saml2.provider.service.registration.RelyingPartyRegistrationRepository' (OnClassCondition)

   SecurityDataConfiguration:
      Did not match:
         - @ConditionalOnClass did not find required class 'org.springframework.security.data.repository.query.SecurityEvaluationContextExtension' (OnClassCondition)

   SendGridAutoConfiguration:
      Did not match:
         - @ConditionalOnClass did not find required class 'com.sendgrid.SendGrid' (OnClassCondition)

   ServletWebServerFactoryAutoConfiguration.ForwardedHeaderFilterConfiguration:
      Did not match:
         - @ConditionalOnProperty (server.forward-headers-strategy=framework) did not find property 'server.forward-headers-strategy' (OnPropertyCondition)

   ServletWebServerFactoryConfiguration.EmbeddedJetty:
      Did not match:
         - @ConditionalOnClass did not find required classes 'org.eclipse.jetty.server.Server', 'org.eclipse.jetty.util.Loader', 'org.eclipse.jetty.webapp.WebAppContext' (OnClassCondition)

   ServletWebServerFactoryConfiguration.EmbeddedUndertow:
      Did not match:
         - @ConditionalOnClass did not find required classes 'io.undertow.Undertow', 'org.xnio.SslClientAuthMode' (OnClassCondition)

   SessionAutoConfiguration:
      Did not match:
         - @ConditionalOnClass did not find required class 'org.springframework.session.Session' (OnClassCondition)

   SolrAutoConfiguration:
      Did not match:
         - @ConditionalOnClass did not find required class 'org.apache.solr.client.solrj.impl.CloudSolrClient' (OnClassCondition)

   SpringApplicationAdminJmxAutoConfiguration:
      Did not match:
         - @ConditionalOnProperty (spring.application.admin.enabled=true) did not find property 'enabled' (OnPropertyCondition)

   SpringBootWebSecurityConfiguration.SecurityFilterChainConfiguration:
      Did not match:
         - AllNestedConditions 1 matched 1 did not; NestedCondition on DefaultWebSecurityCondition.Beans @ConditionalOnMissingBean (types: org.springframework.security.config.annotation.web.configuration.WebSecurityConfigurerAdapter,org.springframework.security.web.SecurityFilterChain; SearchStrategy: all) found beans of type 'org.springframework.security.config.annotation.web.configuration.WebSecurityConfigurerAdapter' webSecurityConfig; NestedCondition on DefaultWebSecurityCondition.Classes @ConditionalOnClass found required classes 'org.springframework.security.web.SecurityFilterChain', 'org.springframework.security.config.annotation.web.builders.HttpSecurity' (DefaultWebSecurityCondition)

   SpringBootWebSecurityConfiguration.WebSecurityEnablerConfiguration:
      Did not match:
         - @ConditionalOnMissingBean (names: springSecurityFilterChain; SearchStrategy: all) found beans named springSecurityFilterChain (OnBeanCondition)
      Matched:
         - @ConditionalOnClass found required class 'org.springframework.security.config.annotation.web.configuration.EnableWebSecurity' (OnClassCondition)

   TaskSchedulingAutoConfiguration#scheduledBeanLazyInitializationExcludeFilter:
      Did not match:
         - @ConditionalOnBean (names: org.springframework.context.annotation.internalScheduledAnnotationProcessor; SearchStrategy: all) did not find any beans named org.springframework.context.annotation.internalScheduledAnnotationProcessor (OnBeanCondition)

   TaskSchedulingAutoConfiguration#taskScheduler:
      Did not match:
         - @ConditionalOnBean (names: org.springframework.context.annotation.internalScheduledAnnotationProcessor; SearchStrategy: all) did not find any beans named org.springframework.context.annotation.internalScheduledAnnotationProcessor (OnBeanCondition)

   ThymeleafAutoConfiguration:
      Did not match:
         - @ConditionalOnClass did not find required class 'org.thymeleaf.spring5.SpringTemplateEngine' (OnClassCondition)

   TransactionAutoConfiguration#transactionalOperator:
      Did not match:
         - @ConditionalOnSingleCandidate (types: org.springframework.transaction.ReactiveTransactionManager; SearchStrategy: all) did not find any beans (OnBeanCondition)

   TransactionAutoConfiguration.EnableTransactionManagementConfiguration.JdkDynamicAutoProxyConfiguration:
      Did not match:
         - @ConditionalOnProperty (spring.aop.proxy-target-class=false) did not find property 'proxy-target-class' (OnPropertyCondition)

   UserDetailsServiceAutoConfiguration:
      Did not match:
         - @ConditionalOnMissingBean (types: org.springframework.security.authentication.AuthenticationManager,org.springframework.security.authentication.AuthenticationProvider,org.springframework.security.core.userdetails.UserDetailsService,org.springframework.security.authentication.AuthenticationManagerResolver,org.springframework.security.oauth2.jwt.JwtDecoder,org.springframework.security.oauth2.server.resource.introspection.OpaqueTokenIntrospector,org.springframework.security.oauth2.client.registration.ClientRegistrationRepository,org.springframework.security.saml2.provider.service.registration.RelyingPartyRegistrationRepository; SearchStrategy: all) found beans of type 'org.springframework.security.authentication.AuthenticationManager' org.springframework.security.authenticationManager and found beans of type 'org.springframework.security.core.userdetails.UserDetailsService' localUserDetailService and found beans of type 'org.springframework.security.oauth2.client.registration.ClientRegistrationRepository' clientRegistrationRepository (OnBeanCondition)
      Matched:
         - @ConditionalOnClass found required class 'org.springframework.security.authentication.AuthenticationManager' (OnClassCondition)

   WebClientAutoConfiguration:
      Did not match:
         - @ConditionalOnClass did not find required class 'org.springframework.web.reactive.function.client.WebClient' (OnClassCondition)

   WebFluxAutoConfiguration:
      Did not match:
         - @ConditionalOnClass did not find required class 'org.springframework.web.reactive.config.WebFluxConfigurer' (OnClassCondition)

   WebMvcAutoConfiguration#hiddenHttpMethodFilter:
      Did not match:
         - @ConditionalOnProperty (spring.mvc.hiddenmethod.filter.enabled) did not find property 'enabled' (OnPropertyCondition)

   WebMvcAutoConfiguration.EnableWebMvcConfiguration#localeResolver:
      Did not match:
         - @ConditionalOnMissingBean (names: localeResolver; SearchStrategy: all) found beans named localeResolver (OnBeanCondition)

   WebMvcAutoConfiguration.ResourceChainCustomizerConfiguration:
      Did not match:
         - @ConditionalOnEnabledResourceChain did not find class org.webjars.WebJarAssetLocator (OnEnabledResourceChainCondition)

   WebMvcAutoConfiguration.WebMvcAutoConfigurationAdapter#beanNameViewResolver:
      Did not match:
         - @ConditionalOnMissingBean (types: org.springframework.web.servlet.view.BeanNameViewResolver; SearchStrategy: all) found beans of type 'org.springframework.web.servlet.view.BeanNameViewResolver' beanNameViewResolver (OnBeanCondition)

   WebServiceTemplateAutoConfiguration:
      Did not match:
         - @ConditionalOnClass did not find required class 'org.springframework.oxm.Marshaller' (OnClassCondition)

   WebServicesAutoConfiguration:
      Did not match:
         - @ConditionalOnClass did not find required class 'org.springframework.ws.transport.http.MessageDispatcherServlet' (OnClassCondition)

   WebSessionIdResolverAutoConfiguration:
      Did not match:
         - @ConditionalOnClass did not find required class 'reactor.core.publisher.Mono' (OnClassCondition)

   WebSocketMessagingAutoConfiguration:
      Did not match:
         - @ConditionalOnClass did not find required class 'org.springframework.web.socket.config.annotation.WebSocketMessageBrokerConfigurer' (OnClassCondition)

   WebSocketReactiveAutoConfiguration:
      Did not match:
         - @ConditionalOnWebApplication did not find reactive web application classes (OnWebApplicationCondition)

   WebSocketServletAutoConfiguration.Jetty10WebSocketConfiguration:
      Did not match:
         - @ConditionalOnClass did not find required classes 'org.eclipse.jetty.websocket.javax.server.internal.JavaxWebSocketServerContainer', 'org.eclipse.jetty.websocket.server.JettyWebSocketServerContainer' (OnClassCondition)

   WebSocketServletAutoConfiguration.JettyWebSocketConfiguration:
      Did not match:
         - @ConditionalOnClass did not find required class 'org.eclipse.jetty.websocket.jsr356.server.deploy.WebSocketServerContainerInitializer' (OnClassCondition)

   WebSocketServletAutoConfiguration.UndertowWebSocketConfiguration:
      Did not match:
         - @ConditionalOnClass did not find required class 'io.undertow.websockets.jsr.Bootstrap' (OnClassCondition)

   XADataSourceAutoConfiguration:
      Did not match:
         - @ConditionalOnBean (types: org.springframework.boot.jdbc.XADataSourceWrapper; SearchStrategy: all) did not find any beans of type org.springframework.boot.jdbc.XADataSourceWrapper (OnBeanCondition)
      Matched:
         - @ConditionalOnClass found required classes 'javax.sql.DataSource', 'javax.transaction.TransactionManager', 'org.springframework.jdbc.datasource.embedded.EmbeddedDatabaseType' (OnClassCondition)


Exclusions:
-----------

    None


Unconditional classes:
----------------------

    org.springframework.boot.autoconfigure.context.ConfigurationPropertiesAutoConfiguration

    org.springframework.boot.autoconfigure.context.LifecycleAutoConfiguration

    org.springframework.boot.autoconfigure.context.PropertyPlaceholderAutoConfiguration

    org.springframework.boot.autoconfigure.availability.ApplicationAvailabilityAutoConfiguration

    org.springframework.boot.autoconfigure.info.ProjectInfoAutoConfiguration



2023-07-21 02:45:46.932 TRACE 29880 --- [           main] o.s.boot.diagnostics.FailureAnalyzers    : Skipping org.springframework.boot.liquibase.LiquibaseChangelogMissingFailureAnalyzer: liquibase/exception/ChangeLogParseException
2023-07-21 02:45:46.938 TRACE 29880 --- [           main] o.s.boot.diagnostics.FailureAnalyzers    : Skipping org.springframework.boot.autoconfigure.flyway.FlywayMigrationScriptMissingFailureAnalyzer: org.springframework.boot.autoconfigure.flyway.FlywayMigrationScriptMissingFailureAnalyzer
2023-07-21 02:45:46.946 TRACE 29880 --- [           main] o.s.boot.diagnostics.FailureAnalyzers    : FailureAnalyzer null failed

java.lang.NullPointerException: null
	at org.springframework.boot.diagnostics.FailureAnalyzers.analyze(FailureAnalyzers.java:126) ~[spring-boot-2.7.12.jar:2.7.12]
	at org.springframework.boot.diagnostics.FailureAnalyzers.reportException(FailureAnalyzers.java:119) ~[spring-boot-2.7.12.jar:2.7.12]
	at org.springframework.boot.SpringApplication.reportFailure(SpringApplication.java:811) ~[spring-boot-2.7.12.jar:2.7.12]
	at org.springframework.boot.SpringApplication.handleRunFailure(SpringApplication.java:785) ~[spring-boot-2.7.12.jar:2.7.12]
	at org.springframework.boot.SpringApplication.run(SpringApplication.java:317) ~[spring-boot-2.7.12.jar:2.7.12]
	at org.springframework.boot.test.context.SpringBootContextLoader.loadContext(SpringBootContextLoader.java:136) ~[spring-boot-test-2.7.12.jar:2.7.12]
	at org.springframework.test.context.cache.DefaultCacheAwareContextLoaderDelegate.loadContextInternal(DefaultCacheAwareContextLoaderDelegate.java:141) ~[spring-test-5.3.27.jar:5.3.27]
	at org.springframework.test.context.cache.DefaultCacheAwareContextLoaderDelegate.loadContext(DefaultCacheAwareContextLoaderDelegate.java:90) ~[spring-test-5.3.27.jar:5.3.27]
	at org.springframework.test.context.support.DefaultTestContext.getApplicationContext(DefaultTestContext.java:124) ~[spring-test-5.3.27.jar:5.3.27]
	at org.springframework.test.context.web.ServletTestExecutionListener.setUpRequestContextIfNecessary(ServletTestExecutionListener.java:190) ~[spring-test-5.3.27.jar:5.3.27]
	at org.springframework.test.context.web.ServletTestExecutionListener.prepareTestInstance(ServletTestExecutionListener.java:132) ~[spring-test-5.3.27.jar:5.3.27]
	at org.springframework.test.context.TestContextManager.prepareTestInstance(TestContextManager.java:248) ~[spring-test-5.3.27.jar:5.3.27]
	at org.springframework.test.context.junit.jupiter.SpringExtension.postProcessTestInstance(SpringExtension.java:138) ~[spring-test-5.3.27.jar:5.3.27]
	at org.junit.jupiter.engine.descriptor.ClassBasedTestDescriptor.lambda$invokeTestInstancePostProcessors$8(ClassBasedTestDescriptor.java:363) ~[junit-jupiter-engine-5.8.2.jar:5.8.2]
	at org.junit.jupiter.engine.descriptor.ClassBasedTestDescriptor.executeAndMaskThrowable(ClassBasedTestDescriptor.java:368) ~[junit-jupiter-engine-5.8.2.jar:5.8.2]
	at org.junit.jupiter.engine.descriptor.ClassBasedTestDescriptor.lambda$invokeTestInstancePostProcessors$9(ClassBasedTestDescriptor.java:363) ~[junit-jupiter-engine-5.8.2.jar:5.8.2]
	at java.base/java.util.stream.ReferencePipeline$3$1.accept(ReferencePipeline.java:195) ~[na:na]
	at java.base/java.util.stream.ReferencePipeline$2$1.accept(ReferencePipeline.java:177) ~[na:na]
	at java.base/java.util.ArrayList$ArrayListSpliterator.forEachRemaining(ArrayList.java:1655) ~[na:na]
	at java.base/java.util.stream.AbstractPipeline.copyInto(AbstractPipeline.java:484) ~[na:na]
	at java.base/java.util.stream.AbstractPipeline.wrapAndCopyInto(AbstractPipeline.java:474) ~[na:na]
	at java.base/java.util.stream.StreamSpliterators$WrappingSpliterator.forEachRemaining(StreamSpliterators.java:312) ~[na:na]
	at java.base/java.util.stream.Streams$ConcatSpliterator.forEachRemaining(Streams.java:735) ~[na:na]
	at java.base/java.util.stream.Streams$ConcatSpliterator.forEachRemaining(Streams.java:734) ~[na:na]
	at java.base/java.util.stream.ReferencePipeline$Head.forEach(ReferencePipeline.java:658) ~[na:na]
	at org.junit.jupiter.engine.descriptor.ClassBasedTestDescriptor.invokeTestInstancePostProcessors(ClassBasedTestDescriptor.java:362) ~[junit-jupiter-engine-5.8.2.jar:5.8.2]
	at org.junit.jupiter.engine.descriptor.ClassBasedTestDescriptor.lambda$instantiateAndPostProcessTestInstance$6(ClassBasedTestDescriptor.java:283) ~[junit-jupiter-engine-5.8.2.jar:5.8.2]
	at org.junit.platform.engine.support.hierarchical.ThrowableCollector.execute(ThrowableCollector.java:73) ~[junit-platform-engine-1.8.2.jar:1.8.2]
	at org.junit.jupiter.engine.descriptor.ClassBasedTestDescriptor.instantiateAndPostProcessTestInstance(ClassBasedTestDescriptor.java:282) ~[junit-jupiter-engine-5.8.2.jar:5.8.2]
	at org.junit.jupiter.engine.descriptor.ClassBasedTestDescriptor.lambda$testInstancesProvider$4(ClassBasedTestDescriptor.java:272) ~[junit-jupiter-engine-5.8.2.jar:5.8.2]
	at java.base/java.util.Optional.orElseGet(Optional.java:369) ~[na:na]
	at org.junit.jupiter.engine.descriptor.ClassBasedTestDescriptor.lambda$testInstancesProvider$5(ClassBasedTestDescriptor.java:271) ~[junit-jupiter-engine-5.8.2.jar:5.8.2]
	at org.junit.jupiter.engine.execution.TestInstancesProvider.getTestInstances(TestInstancesProvider.java:31) ~[junit-jupiter-engine-5.8.2.jar:5.8.2]
	at org.junit.jupiter.engine.descriptor.TestMethodTestDescriptor.lambda$prepare$0(TestMethodTestDescriptor.java:102) ~[junit-jupiter-engine-5.8.2.jar:5.8.2]
	at org.junit.platform.engine.support.hierarchical.ThrowableCollector.execute(ThrowableCollector.java:73) ~[junit-platform-engine-1.8.2.jar:1.8.2]
	at org.junit.jupiter.engine.descriptor.TestMethodTestDescriptor.prepare(TestMethodTestDescriptor.java:101) ~[junit-jupiter-engine-5.8.2.jar:5.8.2]
	at org.junit.jupiter.engine.descriptor.TestMethodTestDescriptor.prepare(TestMethodTestDescriptor.java:66) ~[junit-jupiter-engine-5.8.2.jar:5.8.2]
	at org.junit.platform.engine.support.hierarchical.NodeTestTask.lambda$prepare$2(NodeTestTask.java:123) ~[junit-platform-engine-1.8.2.jar:1.8.2]
	at org.junit.platform.engine.support.hierarchical.ThrowableCollector.execute(ThrowableCollector.java:73) ~[junit-platform-engine-1.8.2.jar:1.8.2]
	at org.junit.platform.engine.support.hierarchical.NodeTestTask.prepare(NodeTestTask.java:123) ~[junit-platform-engine-1.8.2.jar:1.8.2]
	at org.junit.platform.engine.support.hierarchical.NodeTestTask.execute(NodeTestTask.java:90) ~[junit-platform-engine-1.8.2.jar:1.8.2]
	at java.base/java.util.ArrayList.forEach(ArrayList.java:1541) ~[na:na]
	at org.junit.platform.engine.support.hierarchical.SameThreadHierarchicalTestExecutorService.invokeAll(SameThreadHierarchicalTestExecutorService.java:41) ~[junit-platform-engine-1.8.2.jar:1.8.2]
	at org.junit.platform.engine.support.hierarchical.NodeTestTask.lambda$executeRecursively$6(NodeTestTask.java:155) ~[junit-platform-engine-1.8.2.jar:1.8.2]
	at org.junit.platform.engine.support.hierarchical.ThrowableCollector.execute(ThrowableCollector.java:73) ~[junit-platform-engine-1.8.2.jar:1.8.2]
	at org.junit.platform.engine.support.hierarchical.NodeTestTask.lambda$executeRecursively$8(NodeTestTask.java:141) ~[junit-platform-engine-1.8.2.jar:1.8.2]
	at org.junit.platform.engine.support.hierarchical.Node.around(Node.java:137) ~[junit-platform-engine-1.8.2.jar:1.8.2]
	at org.junit.platform.engine.support.hierarchical.NodeTestTask.lambda$executeRecursively$9(NodeTestTask.java:139) ~[junit-platform-engine-1.8.2.jar:1.8.2]
	at org.junit.platform.engine.support.hierarchical.ThrowableCollector.execute(ThrowableCollector.java:73) ~[junit-platform-engine-1.8.2.jar:1.8.2]
	at org.junit.platform.engine.support.hierarchical.NodeTestTask.executeRecursively(NodeTestTask.java:138) ~[junit-platform-engine-1.8.2.jar:1.8.2]
	at org.junit.platform.engine.support.hierarchical.NodeTestTask.execute(NodeTestTask.java:95) ~[junit-platform-engine-1.8.2.jar:1.8.2]
	at java.base/java.util.ArrayList.forEach(ArrayList.java:1541) ~[na:na]
	at org.junit.platform.engine.support.hierarchical.SameThreadHierarchicalTestExecutorService.invokeAll(SameThreadHierarchicalTestExecutorService.java:41) ~[junit-platform-engine-1.8.2.jar:1.8.2]
	at org.junit.platform.engine.support.hierarchical.NodeTestTask.lambda$executeRecursively$6(NodeTestTask.java:155) ~[junit-platform-engine-1.8.2.jar:1.8.2]
	at org.junit.platform.engine.support.hierarchical.ThrowableCollector.execute(ThrowableCollector.java:73) ~[junit-platform-engine-1.8.2.jar:1.8.2]
	at org.junit.platform.engine.support.hierarchical.NodeTestTask.lambda$executeRecursively$8(NodeTestTask.java:141) ~[junit-platform-engine-1.8.2.jar:1.8.2]
	at org.junit.platform.engine.support.hierarchical.Node.around(Node.java:137) ~[junit-platform-engine-1.8.2.jar:1.8.2]
	at org.junit.platform.engine.support.hierarchical.NodeTestTask.lambda$executeRecursively$9(NodeTestTask.java:139) ~[junit-platform-engine-1.8.2.jar:1.8.2]
	at org.junit.platform.engine.support.hierarchical.ThrowableCollector.execute(ThrowableCollector.java:73) ~[junit-platform-engine-1.8.2.jar:1.8.2]
	at org.junit.platform.engine.support.hierarchical.NodeTestTask.executeRecursively(NodeTestTask.java:138) ~[junit-platform-engine-1.8.2.jar:1.8.2]
	at org.junit.platform.engine.support.hierarchical.NodeTestTask.execute(NodeTestTask.java:95) ~[junit-platform-engine-1.8.2.jar:1.8.2]
	at org.junit.platform.engine.support.hierarchical.SameThreadHierarchicalTestExecutorService.submit(SameThreadHierarchicalTestExecutorService.java:35) ~[junit-platform-engine-1.8.2.jar:1.8.2]
	at org.junit.platform.engine.support.hierarchical.HierarchicalTestExecutor.execute(HierarchicalTestExecutor.java:57) ~[junit-platform-engine-1.8.2.jar:1.8.2]
	at org.junit.platform.engine.support.hierarchical.HierarchicalTestEngine.execute(HierarchicalTestEngine.java:54) ~[junit-platform-engine-1.8.2.jar:1.8.2]
	at org.junit.platform.launcher.core.DefaultLauncher.execute(DefaultLauncher.java:220) ~[junit-platform-launcher-1.3.1.jar:1.3.1]
	at org.junit.platform.launcher.core.DefaultLauncher.lambda$execute$6(DefaultLauncher.java:188) ~[junit-platform-launcher-1.3.1.jar:1.3.1]
	at org.junit.platform.launcher.core.DefaultLauncher.withInterceptedStreams(DefaultLauncher.java:202) ~[junit-platform-launcher-1.3.1.jar:1.3.1]
	at org.junit.platform.launcher.core.DefaultLauncher.execute(DefaultLauncher.java:181) ~[junit-platform-launcher-1.3.1.jar:1.3.1]
	at org.junit.platform.launcher.core.DefaultLauncher.execute(DefaultLauncher.java:128) ~[junit-platform-launcher-1.3.1.jar:1.3.1]
	at org.apache.maven.surefire.junitplatform.JUnitPlatformProvider.invokeAllTests(JUnitPlatformProvider.java:150) ~[surefire-junit-platform-2.22.2.jar:2.22.2]
	at org.apache.maven.surefire.junitplatform.JUnitPlatformProvider.invoke(JUnitPlatformProvider.java:124) ~[surefire-junit-platform-2.22.2.jar:2.22.2]
	at org.apache.maven.surefire.booter.ForkedBooter.invokeProviderInSameClassLoader(ForkedBooter.java:384) ~[surefire-booter-2.22.2.jar:2.22.2]
	at org.apache.maven.surefire.booter.ForkedBooter.runSuitesInProcess(ForkedBooter.java:345) ~[surefire-booter-2.22.2.jar:2.22.2]
	at org.apache.maven.surefire.booter.ForkedBooter.execute(ForkedBooter.java:126) ~[surefire-booter-2.22.2.jar:2.22.2]
	at org.apache.maven.surefire.booter.ForkedBooter.main(ForkedBooter.java:418) ~[surefire-booter-2.22.2.jar:2.22.2]

2023-07-21 02:45:46.946 TRACE 29880 --- [           main] o.s.boot.diagnostics.FailureAnalyzers    : FailureAnalyzer null failed

java.lang.NullPointerException: null
	at org.springframework.boot.diagnostics.FailureAnalyzers.analyze(FailureAnalyzers.java:126) ~[spring-boot-2.7.12.jar:2.7.12]
	at org.springframework.boot.diagnostics.FailureAnalyzers.reportException(FailureAnalyzers.java:119) ~[spring-boot-2.7.12.jar:2.7.12]
	at org.springframework.boot.SpringApplication.reportFailure(SpringApplication.java:811) ~[spring-boot-2.7.12.jar:2.7.12]
	at org.springframework.boot.SpringApplication.handleRunFailure(SpringApplication.java:785) ~[spring-boot-2.7.12.jar:2.7.12]
	at org.springframework.boot.SpringApplication.run(SpringApplication.java:317) ~[spring-boot-2.7.12.jar:2.7.12]
	at org.springframework.boot.test.context.SpringBootContextLoader.loadContext(SpringBootContextLoader.java:136) ~[spring-boot-test-2.7.12.jar:2.7.12]
	at org.springframework.test.context.cache.DefaultCacheAwareContextLoaderDelegate.loadContextInternal(DefaultCacheAwareContextLoaderDelegate.java:141) ~[spring-test-5.3.27.jar:5.3.27]
	at org.springframework.test.context.cache.DefaultCacheAwareContextLoaderDelegate.loadContext(DefaultCacheAwareContextLoaderDelegate.java:90) ~[spring-test-5.3.27.jar:5.3.27]
	at org.springframework.test.context.support.DefaultTestContext.getApplicationContext(DefaultTestContext.java:124) ~[spring-test-5.3.27.jar:5.3.27]
	at org.springframework.test.context.web.ServletTestExecutionListener.setUpRequestContextIfNecessary(ServletTestExecutionListener.java:190) ~[spring-test-5.3.27.jar:5.3.27]
	at org.springframework.test.context.web.ServletTestExecutionListener.prepareTestInstance(ServletTestExecutionListener.java:132) ~[spring-test-5.3.27.jar:5.3.27]
	at org.springframework.test.context.TestContextManager.prepareTestInstance(TestContextManager.java:248) ~[spring-test-5.3.27.jar:5.3.27]
	at org.springframework.test.context.junit.jupiter.SpringExtension.postProcessTestInstance(SpringExtension.java:138) ~[spring-test-5.3.27.jar:5.3.27]
	at org.junit.jupiter.engine.descriptor.ClassBasedTestDescriptor.lambda$invokeTestInstancePostProcessors$8(ClassBasedTestDescriptor.java:363) ~[junit-jupiter-engine-5.8.2.jar:5.8.2]
	at org.junit.jupiter.engine.descriptor.ClassBasedTestDescriptor.executeAndMaskThrowable(ClassBasedTestDescriptor.java:368) ~[junit-jupiter-engine-5.8.2.jar:5.8.2]
	at org.junit.jupiter.engine.descriptor.ClassBasedTestDescriptor.lambda$invokeTestInstancePostProcessors$9(ClassBasedTestDescriptor.java:363) ~[junit-jupiter-engine-5.8.2.jar:5.8.2]
	at java.base/java.util.stream.ReferencePipeline$3$1.accept(ReferencePipeline.java:195) ~[na:na]
	at java.base/java.util.stream.ReferencePipeline$2$1.accept(ReferencePipeline.java:177) ~[na:na]
	at java.base/java.util.ArrayList$ArrayListSpliterator.forEachRemaining(ArrayList.java:1655) ~[na:na]
	at java.base/java.util.stream.AbstractPipeline.copyInto(AbstractPipeline.java:484) ~[na:na]
	at java.base/java.util.stream.AbstractPipeline.wrapAndCopyInto(AbstractPipeline.java:474) ~[na:na]
	at java.base/java.util.stream.StreamSpliterators$WrappingSpliterator.forEachRemaining(StreamSpliterators.java:312) ~[na:na]
	at java.base/java.util.stream.Streams$ConcatSpliterator.forEachRemaining(Streams.java:735) ~[na:na]
	at java.base/java.util.stream.Streams$ConcatSpliterator.forEachRemaining(Streams.java:734) ~[na:na]
	at java.base/java.util.stream.ReferencePipeline$Head.forEach(ReferencePipeline.java:658) ~[na:na]
	at org.junit.jupiter.engine.descriptor.ClassBasedTestDescriptor.invokeTestInstancePostProcessors(ClassBasedTestDescriptor.java:362) ~[junit-jupiter-engine-5.8.2.jar:5.8.2]
	at org.junit.jupiter.engine.descriptor.ClassBasedTestDescriptor.lambda$instantiateAndPostProcessTestInstance$6(ClassBasedTestDescriptor.java:283) ~[junit-jupiter-engine-5.8.2.jar:5.8.2]
	at org.junit.platform.engine.support.hierarchical.ThrowableCollector.execute(ThrowableCollector.java:73) ~[junit-platform-engine-1.8.2.jar:1.8.2]
	at org.junit.jupiter.engine.descriptor.ClassBasedTestDescriptor.instantiateAndPostProcessTestInstance(ClassBasedTestDescriptor.java:282) ~[junit-jupiter-engine-5.8.2.jar:5.8.2]
	at org.junit.jupiter.engine.descriptor.ClassBasedTestDescriptor.lambda$testInstancesProvider$4(ClassBasedTestDescriptor.java:272) ~[junit-jupiter-engine-5.8.2.jar:5.8.2]
	at java.base/java.util.Optional.orElseGet(Optional.java:369) ~[na:na]
	at org.junit.jupiter.engine.descriptor.ClassBasedTestDescriptor.lambda$testInstancesProvider$5(ClassBasedTestDescriptor.java:271) ~[junit-jupiter-engine-5.8.2.jar:5.8.2]
	at org.junit.jupiter.engine.execution.TestInstancesProvider.getTestInstances(TestInstancesProvider.java:31) ~[junit-jupiter-engine-5.8.2.jar:5.8.2]
	at org.junit.jupiter.engine.descriptor.TestMethodTestDescriptor.lambda$prepare$0(TestMethodTestDescriptor.java:102) ~[junit-jupiter-engine-5.8.2.jar:5.8.2]
	at org.junit.platform.engine.support.hierarchical.ThrowableCollector.execute(ThrowableCollector.java:73) ~[junit-platform-engine-1.8.2.jar:1.8.2]
	at org.junit.jupiter.engine.descriptor.TestMethodTestDescriptor.prepare(TestMethodTestDescriptor.java:101) ~[junit-jupiter-engine-5.8.2.jar:5.8.2]
	at org.junit.jupiter.engine.descriptor.TestMethodTestDescriptor.prepare(TestMethodTestDescriptor.java:66) ~[junit-jupiter-engine-5.8.2.jar:5.8.2]
	at org.junit.platform.engine.support.hierarchical.NodeTestTask.lambda$prepare$2(NodeTestTask.java:123) ~[junit-platform-engine-1.8.2.jar:1.8.2]
	at org.junit.platform.engine.support.hierarchical.ThrowableCollector.execute(ThrowableCollector.java:73) ~[junit-platform-engine-1.8.2.jar:1.8.2]
	at org.junit.platform.engine.support.hierarchical.NodeTestTask.prepare(NodeTestTask.java:123) ~[junit-platform-engine-1.8.2.jar:1.8.2]
	at org.junit.platform.engine.support.hierarchical.NodeTestTask.execute(NodeTestTask.java:90) ~[junit-platform-engine-1.8.2.jar:1.8.2]
	at java.base/java.util.ArrayList.forEach(ArrayList.java:1541) ~[na:na]
	at org.junit.platform.engine.support.hierarchical.SameThreadHierarchicalTestExecutorService.invokeAll(SameThreadHierarchicalTestExecutorService.java:41) ~[junit-platform-engine-1.8.2.jar:1.8.2]
	at org.junit.platform.engine.support.hierarchical.NodeTestTask.lambda$executeRecursively$6(NodeTestTask.java:155) ~[junit-platform-engine-1.8.2.jar:1.8.2]
	at org.junit.platform.engine.support.hierarchical.ThrowableCollector.execute(ThrowableCollector.java:73) ~[junit-platform-engine-1.8.2.jar:1.8.2]
	at org.junit.platform.engine.support.hierarchical.NodeTestTask.lambda$executeRecursively$8(NodeTestTask.java:141) ~[junit-platform-engine-1.8.2.jar:1.8.2]
	at org.junit.platform.engine.support.hierarchical.Node.around(Node.java:137) ~[junit-platform-engine-1.8.2.jar:1.8.2]
	at org.junit.platform.engine.support.hierarchical.NodeTestTask.lambda$executeRecursively$9(NodeTestTask.java:139) ~[junit-platform-engine-1.8.2.jar:1.8.2]
	at org.junit.platform.engine.support.hierarchical.ThrowableCollector.execute(ThrowableCollector.java:73) ~[junit-platform-engine-1.8.2.jar:1.8.2]
	at org.junit.platform.engine.support.hierarchical.NodeTestTask.executeRecursively(NodeTestTask.java:138) ~[junit-platform-engine-1.8.2.jar:1.8.2]
	at org.junit.platform.engine.support.hierarchical.NodeTestTask.execute(NodeTestTask.java:95) ~[junit-platform-engine-1.8.2.jar:1.8.2]
	at java.base/java.util.ArrayList.forEach(ArrayList.java:1541) ~[na:na]
	at org.junit.platform.engine.support.hierarchical.SameThreadHierarchicalTestExecutorService.invokeAll(SameThreadHierarchicalTestExecutorService.java:41) ~[junit-platform-engine-1.8.2.jar:1.8.2]
	at org.junit.platform.engine.support.hierarchical.NodeTestTask.lambda$executeRecursively$6(NodeTestTask.java:155) ~[junit-platform-engine-1.8.2.jar:1.8.2]
	at org.junit.platform.engine.support.hierarchical.ThrowableCollector.execute(ThrowableCollector.java:73) ~[junit-platform-engine-1.8.2.jar:1.8.2]
	at org.junit.platform.engine.support.hierarchical.NodeTestTask.lambda$executeRecursively$8(NodeTestTask.java:141) ~[junit-platform-engine-1.8.2.jar:1.8.2]
	at org.junit.platform.engine.support.hierarchical.Node.around(Node.java:137) ~[junit-platform-engine-1.8.2.jar:1.8.2]
	at org.junit.platform.engine.support.hierarchical.NodeTestTask.lambda$executeRecursively$9(NodeTestTask.java:139) ~[junit-platform-engine-1.8.2.jar:1.8.2]
	at org.junit.platform.engine.support.hierarchical.ThrowableCollector.execute(ThrowableCollector.java:73) ~[junit-platform-engine-1.8.2.jar:1.8.2]
	at org.junit.platform.engine.support.hierarchical.NodeTestTask.executeRecursively(NodeTestTask.java:138) ~[junit-platform-engine-1.8.2.jar:1.8.2]
	at org.junit.platform.engine.support.hierarchical.NodeTestTask.execute(NodeTestTask.java:95) ~[junit-platform-engine-1.8.2.jar:1.8.2]
	at org.junit.platform.engine.support.hierarchical.SameThreadHierarchicalTestExecutorService.submit(SameThreadHierarchicalTestExecutorService.java:35) ~[junit-platform-engine-1.8.2.jar:1.8.2]
	at org.junit.platform.engine.support.hierarchical.HierarchicalTestExecutor.execute(HierarchicalTestExecutor.java:57) ~[junit-platform-engine-1.8.2.jar:1.8.2]
	at org.junit.platform.engine.support.hierarchical.HierarchicalTestEngine.execute(HierarchicalTestEngine.java:54) ~[junit-platform-engine-1.8.2.jar:1.8.2]
	at org.junit.platform.launcher.core.DefaultLauncher.execute(DefaultLauncher.java:220) ~[junit-platform-launcher-1.3.1.jar:1.3.1]
	at org.junit.platform.launcher.core.DefaultLauncher.lambda$execute$6(DefaultLauncher.java:188) ~[junit-platform-launcher-1.3.1.jar:1.3.1]
	at org.junit.platform.launcher.core.DefaultLauncher.withInterceptedStreams(DefaultLauncher.java:202) ~[junit-platform-launcher-1.3.1.jar:1.3.1]
	at org.junit.platform.launcher.core.DefaultLauncher.execute(DefaultLauncher.java:181) ~[junit-platform-launcher-1.3.1.jar:1.3.1]
	at org.junit.platform.launcher.core.DefaultLauncher.execute(DefaultLauncher.java:128) ~[junit-platform-launcher-1.3.1.jar:1.3.1]
	at org.apache.maven.surefire.junitplatform.JUnitPlatformProvider.invokeAllTests(JUnitPlatformProvider.java:150) ~[surefire-junit-platform-2.22.2.jar:2.22.2]
	at org.apache.maven.surefire.junitplatform.JUnitPlatformProvider.invoke(JUnitPlatformProvider.java:124) ~[surefire-junit-platform-2.22.2.jar:2.22.2]
	at org.apache.maven.surefire.booter.ForkedBooter.invokeProviderInSameClassLoader(ForkedBooter.java:384) ~[surefire-booter-2.22.2.jar:2.22.2]
	at org.apache.maven.surefire.booter.ForkedBooter.runSuitesInProcess(ForkedBooter.java:345) ~[surefire-booter-2.22.2.jar:2.22.2]
	at org.apache.maven.surefire.booter.ForkedBooter.execute(ForkedBooter.java:126) ~[surefire-booter-2.22.2.jar:2.22.2]
	at org.apache.maven.surefire.booter.ForkedBooter.main(ForkedBooter.java:418) ~[surefire-booter-2.22.2.jar:2.22.2]

2023-07-21 02:45:46.948 TRACE 29880 --- [           main] o.s.c.io.support.SpringFactoriesLoader   : Loaded [org.springframework.boot.diagnostics.FailureAnalysisReporter] names: [org.springframework.boot.diagnostics.LoggingFailureAnalysisReporter]
2023-07-21 02:45:46.951 ERROR 29880 --- [           main] o.s.boot.SpringApplication               : Application run failed

org.springframework.beans.factory.BeanCreationException: Error creating bean with name 'entityManagerFactory' defined in class path resource [org/springframework/boot/autoconfigure/orm/jpa/HibernateJpaConfiguration.class]: Invocation of init method failed; nested exception is javax.persistence.PersistenceException: [PersistenceUnit: default] Unable to build Hibernate SessionFactory; nested exception is org.hibernate.exception.GenericJDBCException: Unable to open JDBC Connection for DDL execution
	at org.springframework.beans.factory.support.AbstractAutowireCapableBeanFactory.initializeBean(AbstractAutowireCapableBeanFactory.java:1804) ~[spring-beans-5.3.27.jar:5.3.27]
	at org.springframework.beans.factory.support.AbstractAutowireCapableBeanFactory.doCreateBean(AbstractAutowireCapableBeanFactory.java:620) ~[spring-beans-5.3.27.jar:5.3.27]
	at org.springframework.beans.factory.support.AbstractAutowireCapableBeanFactory.createBean(AbstractAutowireCapableBeanFactory.java:542) ~[spring-beans-5.3.27.jar:5.3.27]
	at org.springframework.beans.factory.support.AbstractBeanFactory.lambda$doGetBean$0(AbstractBeanFactory.java:335) ~[spring-beans-5.3.27.jar:5.3.27]
	at org.springframework.beans.factory.support.DefaultSingletonBeanRegistry.getSingleton(DefaultSingletonBeanRegistry.java:234) ~[spring-beans-5.3.27.jar:5.3.27]
	at org.springframework.beans.factory.support.AbstractBeanFactory.doGetBean(AbstractBeanFactory.java:333) ~[spring-beans-5.3.27.jar:5.3.27]
	at org.springframework.beans.factory.support.AbstractBeanFactory.getBean(AbstractBeanFactory.java:208) ~[spring-beans-5.3.27.jar:5.3.27]
	at org.springframework.context.support.AbstractApplicationContext.getBean(AbstractApplicationContext.java:1156) ~[spring-context-5.3.27.jar:5.3.27]
	at org.springframework.context.support.AbstractApplicationContext.finishBeanFactoryInitialization(AbstractApplicationContext.java:910) ~[spring-context-5.3.27.jar:5.3.27]
	at org.springframework.context.support.AbstractApplicationContext.refresh(AbstractApplicationContext.java:583) ~[spring-context-5.3.27.jar:5.3.27]
	at org.springframework.boot.SpringApplication.refresh(SpringApplication.java:731) ~[spring-boot-2.7.12.jar:2.7.12]
	at org.springframework.boot.SpringApplication.refreshContext(SpringApplication.java:408) ~[spring-boot-2.7.12.jar:2.7.12]
	at org.springframework.boot.SpringApplication.run(SpringApplication.java:307) ~[spring-boot-2.7.12.jar:2.7.12]
	at org.springframework.boot.test.context.SpringBootContextLoader.loadContext(SpringBootContextLoader.java:136) ~[spring-boot-test-2.7.12.jar:2.7.12]
	at org.springframework.test.context.cache.DefaultCacheAwareContextLoaderDelegate.loadContextInternal(DefaultCacheAwareContextLoaderDelegate.java:141) ~[spring-test-5.3.27.jar:5.3.27]
	at org.springframework.test.context.cache.DefaultCacheAwareContextLoaderDelegate.loadContext(DefaultCacheAwareContextLoaderDelegate.java:90) ~[spring-test-5.3.27.jar:5.3.27]
	at org.springframework.test.context.support.DefaultTestContext.getApplicationContext(DefaultTestContext.java:124) ~[spring-test-5.3.27.jar:5.3.27]
	at org.springframework.test.context.web.ServletTestExecutionListener.setUpRequestContextIfNecessary(ServletTestExecutionListener.java:190) ~[spring-test-5.3.27.jar:5.3.27]
	at org.springframework.test.context.web.ServletTestExecutionListener.prepareTestInstance(ServletTestExecutionListener.java:132) ~[spring-test-5.3.27.jar:5.3.27]
	at org.springframework.test.context.TestContextManager.prepareTestInstance(TestContextManager.java:248) ~[spring-test-5.3.27.jar:5.3.27]
	at org.springframework.test.context.junit.jupiter.SpringExtension.postProcessTestInstance(SpringExtension.java:138) ~[spring-test-5.3.27.jar:5.3.27]
	at org.junit.jupiter.engine.descriptor.ClassBasedTestDescriptor.lambda$invokeTestInstancePostProcessors$8(ClassBasedTestDescriptor.java:363) ~[junit-jupiter-engine-5.8.2.jar:5.8.2]
	at org.junit.jupiter.engine.descriptor.ClassBasedTestDescriptor.executeAndMaskThrowable(ClassBasedTestDescriptor.java:368) ~[junit-jupiter-engine-5.8.2.jar:5.8.2]
	at org.junit.jupiter.engine.descriptor.ClassBasedTestDescriptor.lambda$invokeTestInstancePostProcessors$9(ClassBasedTestDescriptor.java:363) ~[junit-jupiter-engine-5.8.2.jar:5.8.2]
	at java.base/java.util.stream.ReferencePipeline$3$1.accept(ReferencePipeline.java:195) ~[na:na]
	at java.base/java.util.stream.ReferencePipeline$2$1.accept(ReferencePipeline.java:177) ~[na:na]
	at java.base/java.util.ArrayList$ArrayListSpliterator.forEachRemaining(ArrayList.java:1655) ~[na:na]
	at java.base/java.util.stream.AbstractPipeline.copyInto(AbstractPipeline.java:484) ~[na:na]
	at java.base/java.util.stream.AbstractPipeline.wrapAndCopyInto(AbstractPipeline.java:474) ~[na:na]
	at java.base/java.util.stream.StreamSpliterators$WrappingSpliterator.forEachRemaining(StreamSpliterators.java:312) ~[na:na]
	at java.base/java.util.stream.Streams$ConcatSpliterator.forEachRemaining(Streams.java:735) ~[na:na]
	at java.base/java.util.stream.Streams$ConcatSpliterator.forEachRemaining(Streams.java:734) ~[na:na]
	at java.base/java.util.stream.ReferencePipeline$Head.forEach(ReferencePipeline.java:658) ~[na:na]
	at org.junit.jupiter.engine.descriptor.ClassBasedTestDescriptor.invokeTestInstancePostProcessors(ClassBasedTestDescriptor.java:362) ~[junit-jupiter-engine-5.8.2.jar:5.8.2]
	at org.junit.jupiter.engine.descriptor.ClassBasedTestDescriptor.lambda$instantiateAndPostProcessTestInstance$6(ClassBasedTestDescriptor.java:283) ~[junit-jupiter-engine-5.8.2.jar:5.8.2]
	at org.junit.platform.engine.support.hierarchical.ThrowableCollector.execute(ThrowableCollector.java:73) ~[junit-platform-engine-1.8.2.jar:1.8.2]
	at org.junit.jupiter.engine.descriptor.ClassBasedTestDescriptor.instantiateAndPostProcessTestInstance(ClassBasedTestDescriptor.java:282) ~[junit-jupiter-engine-5.8.2.jar:5.8.2]
	at org.junit.jupiter.engine.descriptor.ClassBasedTestDescriptor.lambda$testInstancesProvider$4(ClassBasedTestDescriptor.java:272) ~[junit-jupiter-engine-5.8.2.jar:5.8.2]
	at java.base/java.util.Optional.orElseGet(Optional.java:369) ~[na:na]
	at org.junit.jupiter.engine.descriptor.ClassBasedTestDescriptor.lambda$testInstancesProvider$5(ClassBasedTestDescriptor.java:271) ~[junit-jupiter-engine-5.8.2.jar:5.8.2]
	at org.junit.jupiter.engine.execution.TestInstancesProvider.getTestInstances(TestInstancesProvider.java:31) ~[junit-jupiter-engine-5.8.2.jar:5.8.2]
	at org.junit.jupiter.engine.descriptor.TestMethodTestDescriptor.lambda$prepare$0(TestMethodTestDescriptor.java:102) ~[junit-jupiter-engine-5.8.2.jar:5.8.2]
	at org.junit.platform.engine.support.hierarchical.ThrowableCollector.execute(ThrowableCollector.java:73) ~[junit-platform-engine-1.8.2.jar:1.8.2]
	at org.junit.jupiter.engine.descriptor.TestMethodTestDescriptor.prepare(TestMethodTestDescriptor.java:101) ~[junit-jupiter-engine-5.8.2.jar:5.8.2]
	at org.junit.jupiter.engine.descriptor.TestMethodTestDescriptor.prepare(TestMethodTestDescriptor.java:66) ~[junit-jupiter-engine-5.8.2.jar:5.8.2]
	at org.junit.platform.engine.support.hierarchical.NodeTestTask.lambda$prepare$2(NodeTestTask.java:123) ~[junit-platform-engine-1.8.2.jar:1.8.2]
	at org.junit.platform.engine.support.hierarchical.ThrowableCollector.execute(ThrowableCollector.java:73) ~[junit-platform-engine-1.8.2.jar:1.8.2]
	at org.junit.platform.engine.support.hierarchical.NodeTestTask.prepare(NodeTestTask.java:123) ~[junit-platform-engine-1.8.2.jar:1.8.2]
	at org.junit.platform.engine.support.hierarchical.NodeTestTask.execute(NodeTestTask.java:90) ~[junit-platform-engine-1.8.2.jar:1.8.2]
	at java.base/java.util.ArrayList.forEach(ArrayList.java:1541) ~[na:na]
	at org.junit.platform.engine.support.hierarchical.SameThreadHierarchicalTestExecutorService.invokeAll(SameThreadHierarchicalTestExecutorService.java:41) ~[junit-platform-engine-1.8.2.jar:1.8.2]
	at org.junit.platform.engine.support.hierarchical.NodeTestTask.lambda$executeRecursively$6(NodeTestTask.java:155) ~[junit-platform-engine-1.8.2.jar:1.8.2]
	at org.junit.platform.engine.support.hierarchical.ThrowableCollector.execute(ThrowableCollector.java:73) ~[junit-platform-engine-1.8.2.jar:1.8.2]
	at org.junit.platform.engine.support.hierarchical.NodeTestTask.lambda$executeRecursively$8(NodeTestTask.java:141) ~[junit-platform-engine-1.8.2.jar:1.8.2]
	at org.junit.platform.engine.support.hierarchical.Node.around(Node.java:137) ~[junit-platform-engine-1.8.2.jar:1.8.2]
	at org.junit.platform.engine.support.hierarchical.NodeTestTask.lambda$executeRecursively$9(NodeTestTask.java:139) ~[junit-platform-engine-1.8.2.jar:1.8.2]
	at org.junit.platform.engine.support.hierarchical.ThrowableCollector.execute(ThrowableCollector.java:73) ~[junit-platform-engine-1.8.2.jar:1.8.2]
	at org.junit.platform.engine.support.hierarchical.NodeTestTask.executeRecursively(NodeTestTask.java:138) ~[junit-platform-engine-1.8.2.jar:1.8.2]
	at org.junit.platform.engine.support.hierarchical.NodeTestTask.execute(NodeTestTask.java:95) ~[junit-platform-engine-1.8.2.jar:1.8.2]
	at java.base/java.util.ArrayList.forEach(ArrayList.java:1541) ~[na:na]
	at org.junit.platform.engine.support.hierarchical.SameThreadHierarchicalTestExecutorService.invokeAll(SameThreadHierarchicalTestExecutorService.java:41) ~[junit-platform-engine-1.8.2.jar:1.8.2]
	at org.junit.platform.engine.support.hierarchical.NodeTestTask.lambda$executeRecursively$6(NodeTestTask.java:155) ~[junit-platform-engine-1.8.2.jar:1.8.2]
	at org.junit.platform.engine.support.hierarchical.ThrowableCollector.execute(ThrowableCollector.java:73) ~[junit-platform-engine-1.8.2.jar:1.8.2]
	at org.junit.platform.engine.support.hierarchical.NodeTestTask.lambda$executeRecursively$8(NodeTestTask.java:141) ~[junit-platform-engine-1.8.2.jar:1.8.2]
	at org.junit.platform.engine.support.hierarchical.Node.around(Node.java:137) ~[junit-platform-engine-1.8.2.jar:1.8.2]
	at org.junit.platform.engine.support.hierarchical.NodeTestTask.lambda$executeRecursively$9(NodeTestTask.java:139) ~[junit-platform-engine-1.8.2.jar:1.8.2]
	at org.junit.platform.engine.support.hierarchical.ThrowableCollector.execute(ThrowableCollector.java:73) ~[junit-platform-engine-1.8.2.jar:1.8.2]
	at org.junit.platform.engine.support.hierarchical.NodeTestTask.executeRecursively(NodeTestTask.java:138) ~[junit-platform-engine-1.8.2.jar:1.8.2]
	at org.junit.platform.engine.support.hierarchical.NodeTestTask.execute(NodeTestTask.java:95) ~[junit-platform-engine-1.8.2.jar:1.8.2]
	at org.junit.platform.engine.support.hierarchical.SameThreadHierarchicalTestExecutorService.submit(SameThreadHierarchicalTestExecutorService.java:35) ~[junit-platform-engine-1.8.2.jar:1.8.2]
	at org.junit.platform.engine.support.hierarchical.HierarchicalTestExecutor.execute(HierarchicalTestExecutor.java:57) ~[junit-platform-engine-1.8.2.jar:1.8.2]
	at org.junit.platform.engine.support.hierarchical.HierarchicalTestEngine.execute(HierarchicalTestEngine.java:54) ~[junit-platform-engine-1.8.2.jar:1.8.2]
	at org.junit.platform.launcher.core.DefaultLauncher.execute(DefaultLauncher.java:220) ~[junit-platform-launcher-1.3.1.jar:1.3.1]
	at org.junit.platform.launcher.core.DefaultLauncher.lambda$execute$6(DefaultLauncher.java:188) ~[junit-platform-launcher-1.3.1.jar:1.3.1]
	at org.junit.platform.launcher.core.DefaultLauncher.withInterceptedStreams(DefaultLauncher.java:202) ~[junit-platform-launcher-1.3.1.jar:1.3.1]
	at org.junit.platform.launcher.core.DefaultLauncher.execute(DefaultLauncher.java:181) ~[junit-platform-launcher-1.3.1.jar:1.3.1]
	at org.junit.platform.launcher.core.DefaultLauncher.execute(DefaultLauncher.java:128) ~[junit-platform-launcher-1.3.1.jar:1.3.1]
	at org.apache.maven.surefire.junitplatform.JUnitPlatformProvider.invokeAllTests(JUnitPlatformProvider.java:150) ~[surefire-junit-platform-2.22.2.jar:2.22.2]
	at org.apache.maven.surefire.junitplatform.JUnitPlatformProvider.invoke(JUnitPlatformProvider.java:124) ~[surefire-junit-platform-2.22.2.jar:2.22.2]
	at org.apache.maven.surefire.booter.ForkedBooter.invokeProviderInSameClassLoader(ForkedBooter.java:384) ~[surefire-booter-2.22.2.jar:2.22.2]
	at org.apache.maven.surefire.booter.ForkedBooter.runSuitesInProcess(ForkedBooter.java:345) ~[surefire-booter-2.22.2.jar:2.22.2]
	at org.apache.maven.surefire.booter.ForkedBooter.execute(ForkedBooter.java:126) ~[surefire-booter-2.22.2.jar:2.22.2]
	at org.apache.maven.surefire.booter.ForkedBooter.main(ForkedBooter.java:418) ~[surefire-booter-2.22.2.jar:2.22.2]
Caused by: javax.persistence.PersistenceException: [PersistenceUnit: default] Unable to build Hibernate SessionFactory; nested exception is org.hibernate.exception.GenericJDBCException: Unable to open JDBC Connection for DDL execution
	at org.springframework.orm.jpa.AbstractEntityManagerFactoryBean.buildNativeEntityManagerFactory(AbstractEntityManagerFactoryBean.java:421) ~[spring-orm-5.3.27.jar:5.3.27]
	at org.springframework.orm.jpa.AbstractEntityManagerFactoryBean.afterPropertiesSet(AbstractEntityManagerFactoryBean.java:396) ~[spring-orm-5.3.27.jar:5.3.27]
	at org.springframework.orm.jpa.LocalContainerEntityManagerFactoryBean.afterPropertiesSet(LocalContainerEntityManagerFactoryBean.java:341) ~[spring-orm-5.3.27.jar:5.3.27]
	at org.springframework.beans.factory.support.AbstractAutowireCapableBeanFactory.invokeInitMethods(AbstractAutowireCapableBeanFactory.java:1863) ~[spring-beans-5.3.27.jar:5.3.27]
	at org.springframework.beans.factory.support.AbstractAutowireCapableBeanFactory.initializeBean(AbstractAutowireCapableBeanFactory.java:1800) ~[spring-beans-5.3.27.jar:5.3.27]
	... 82 common frames omitted
Caused by: org.hibernate.exception.GenericJDBCException: Unable to open JDBC Connection for DDL execution
	at org.hibernate.exception.internal.StandardSQLExceptionConverter.convert(StandardSQLExceptionConverter.java:42) ~[hibernate-core-5.6.15.Final.jar:5.6.15.Final]
	at org.hibernate.engine.jdbc.spi.SqlExceptionHelper.convert(SqlExceptionHelper.java:113) ~[hibernate-core-5.6.15.Final.jar:5.6.15.Final]
	at org.hibernate.engine.jdbc.spi.SqlExceptionHelper.convert(SqlExceptionHelper.java:99) ~[hibernate-core-5.6.15.Final.jar:5.6.15.Final]
	at org.hibernate.resource.transaction.backend.jdbc.internal.DdlTransactionIsolatorNonJtaImpl.getIsolatedConnection(DdlTransactionIsolatorNonJtaImpl.java:71) ~[hibernate-core-5.6.15.Final.jar:5.6.15.Final]
	at org.hibernate.tool.schema.internal.exec.ImprovedExtractionContextImpl.getJdbcConnection(ImprovedExtractionContextImpl.java:63) ~[hibernate-core-5.6.15.Final.jar:5.6.15.Final]
	at org.hibernate.tool.schema.internal.exec.ImprovedExtractionContextImpl.getJdbcDatabaseMetaData(ImprovedExtractionContextImpl.java:70) ~[hibernate-core-5.6.15.Final.jar:5.6.15.Final]
	at org.hibernate.tool.schema.extract.internal.InformationExtractorJdbcDatabaseMetaDataImpl.processTableResultSet(InformationExtractorJdbcDatabaseMetaDataImpl.java:64) ~[hibernate-core-5.6.15.Final.jar:5.6.15.Final]
	at org.hibernate.tool.schema.extract.internal.AbstractInformationExtractorImpl.getTables(AbstractInformationExtractorImpl.java:565) ~[hibernate-core-5.6.15.Final.jar:5.6.15.Final]
	at org.hibernate.tool.schema.extract.internal.DatabaseInformationImpl.getTablesInformation(DatabaseInformationImpl.java:122) ~[hibernate-core-5.6.15.Final.jar:5.6.15.Final]
	at org.hibernate.tool.schema.internal.GroupedSchemaMigratorImpl.performTablesMigration(GroupedSchemaMigratorImpl.java:68) ~[hibernate-core-5.6.15.Final.jar:5.6.15.Final]
	at org.hibernate.tool.schema.internal.AbstractSchemaMigrator.performMigration(AbstractSchemaMigrator.java:220) ~[hibernate-core-5.6.15.Final.jar:5.6.15.Final]
	at org.hibernate.tool.schema.internal.AbstractSchemaMigrator.doMigration(AbstractSchemaMigrator.java:123) ~[hibernate-core-5.6.15.Final.jar:5.6.15.Final]
	at org.hibernate.tool.schema.spi.SchemaManagementToolCoordinator.performDatabaseAction(SchemaManagementToolCoordinator.java:196) ~[hibernate-core-5.6.15.Final.jar:5.6.15.Final]
	at org.hibernate.tool.schema.spi.SchemaManagementToolCoordinator.process(SchemaManagementToolCoordinator.java:85) ~[hibernate-core-5.6.15.Final.jar:5.6.15.Final]
	at org.hibernate.internal.SessionFactoryImpl.<init>(SessionFactoryImpl.java:335) ~[hibernate-core-5.6.15.Final.jar:5.6.15.Final]
	at org.hibernate.boot.internal.SessionFactoryBuilderImpl.build(SessionFactoryBuilderImpl.java:471) ~[hibernate-core-5.6.15.Final.jar:5.6.15.Final]
	at org.hibernate.jpa.boot.internal.EntityManagerFactoryBuilderImpl.build(EntityManagerFactoryBuilderImpl.java:1498) ~[hibernate-core-5.6.15.Final.jar:5.6.15.Final]
	at org.springframework.orm.jpa.vendor.SpringHibernateJpaPersistenceProvider.createContainerEntityManagerFactory(SpringHibernateJpaPersistenceProvider.java:58) ~[spring-orm-5.3.27.jar:5.3.27]
	at org.springframework.orm.jpa.LocalContainerEntityManagerFactoryBean.createNativeEntityManagerFactory(LocalContainerEntityManagerFactoryBean.java:365) ~[spring-orm-5.3.27.jar:5.3.27]
	at org.springframework.orm.jpa.AbstractEntityManagerFactoryBean.buildNativeEntityManagerFactory(AbstractEntityManagerFactoryBean.java:409) ~[spring-orm-5.3.27.jar:5.3.27]
	... 86 common frames omitted
Caused by: java.sql.SQLException: Accès refusé pour l'utilisateur: 'root'@'@localhost' (mot de passe: OUI)
	at com.mysql.cj.jdbc.exceptions.SQLError.createSQLException(SQLError.java:130) ~[mysql-connector-j-8.0.33.jar:8.0.33]
	at com.mysql.cj.jdbc.exceptions.SQLExceptionsMapping.translateException(SQLExceptionsMapping.java:122) ~[mysql-connector-j-8.0.33.jar:8.0.33]
	at com.mysql.cj.jdbc.ConnectionImpl.createNewIO(ConnectionImpl.java:825) ~[mysql-connector-j-8.0.33.jar:8.0.33]
	at com.mysql.cj.jdbc.ConnectionImpl.<init>(ConnectionImpl.java:446) ~[mysql-connector-j-8.0.33.jar:8.0.33]
	at com.mysql.cj.jdbc.ConnectionImpl.getInstance(ConnectionImpl.java:239) ~[mysql-connector-j-8.0.33.jar:8.0.33]
	at com.mysql.cj.jdbc.NonRegisteringDriver.connect(NonRegisteringDriver.java:188) ~[mysql-connector-j-8.0.33.jar:8.0.33]
	at com.zaxxer.hikari.util.DriverDataSource.getConnection(DriverDataSource.java:138) ~[HikariCP-4.0.3.jar:na]
	at com.zaxxer.hikari.pool.PoolBase.newConnection(PoolBase.java:364) ~[HikariCP-4.0.3.jar:na]
	at com.zaxxer.hikari.pool.PoolBase.newPoolEntry(PoolBase.java:206) ~[HikariCP-4.0.3.jar:na]
	at com.zaxxer.hikari.pool.HikariPool.createPoolEntry(HikariPool.java:476) ~[HikariCP-4.0.3.jar:na]
	at com.zaxxer.hikari.pool.HikariPool.checkFailFast(HikariPool.java:561) ~[HikariCP-4.0.3.jar:na]
	at com.zaxxer.hikari.pool.HikariPool.<init>(HikariPool.java:115) ~[HikariCP-4.0.3.jar:na]
	at com.zaxxer.hikari.HikariDataSource.getConnection(HikariDataSource.java:112) ~[HikariCP-4.0.3.jar:na]
	at org.hibernate.engine.jdbc.connections.internal.DatasourceConnectionProviderImpl.getConnection(DatasourceConnectionProviderImpl.java:122) ~[hibernate-core-5.6.15.Final.jar:5.6.15.Final]
	at org.hibernate.engine.jdbc.env.internal.JdbcEnvironmentInitiator$ConnectionProviderJdbcConnectionAccess.obtainConnection(JdbcEnvironmentInitiator.java:181) ~[hibernate-core-5.6.15.Final.jar:5.6.15.Final]
	at org.hibernate.resource.transaction.backend.jdbc.internal.DdlTransactionIsolatorNonJtaImpl.getIsolatedConnection(DdlTransactionIsolatorNonJtaImpl.java:44) ~[hibernate-core-5.6.15.Final.jar:5.6.15.Final]
	... 102 common frames omitted

2023-07-21 02:45:46.954 ERROR 29880 --- [           main] o.s.test.context.TestContextManager      : Caught exception while allowing TestExecutionListener [org.springframework.test.context.web.ServletTestExecutionListener@e98770d] to prepare test instance [com.camping.camp.CampApplicationTests@76e2a621]

java.lang.IllegalStateException: Failed to load ApplicationContext
	at org.springframework.test.context.cache.DefaultCacheAwareContextLoaderDelegate.loadContext(DefaultCacheAwareContextLoaderDelegate.java:98) ~[spring-test-5.3.27.jar:5.3.27]
	at org.springframework.test.context.support.DefaultTestContext.getApplicationContext(DefaultTestContext.java:124) ~[spring-test-5.3.27.jar:5.3.27]
	at org.springframework.test.context.web.ServletTestExecutionListener.setUpRequestContextIfNecessary(ServletTestExecutionListener.java:190) ~[spring-test-5.3.27.jar:5.3.27]
	at org.springframework.test.context.web.ServletTestExecutionListener.prepareTestInstance(ServletTestExecutionListener.java:132) ~[spring-test-5.3.27.jar:5.3.27]
	at org.springframework.test.context.TestContextManager.prepareTestInstance(TestContextManager.java:248) ~[spring-test-5.3.27.jar:5.3.27]
	at org.springframework.test.context.junit.jupiter.SpringExtension.postProcessTestInstance(SpringExtension.java:138) ~[spring-test-5.3.27.jar:5.3.27]
	at org.junit.jupiter.engine.descriptor.ClassBasedTestDescriptor.lambda$invokeTestInstancePostProcessors$8(ClassBasedTestDescriptor.java:363) ~[junit-jupiter-engine-5.8.2.jar:5.8.2]
	at org.junit.jupiter.engine.descriptor.ClassBasedTestDescriptor.executeAndMaskThrowable(ClassBasedTestDescriptor.java:368) ~[junit-jupiter-engine-5.8.2.jar:5.8.2]
	at org.junit.jupiter.engine.descriptor.ClassBasedTestDescriptor.lambda$invokeTestInstancePostProcessors$9(ClassBasedTestDescriptor.java:363) ~[junit-jupiter-engine-5.8.2.jar:5.8.2]
	at java.base/java.util.stream.ReferencePipeline$3$1.accept(ReferencePipeline.java:195) ~[na:na]
	at java.base/java.util.stream.ReferencePipeline$2$1.accept(ReferencePipeline.java:177) ~[na:na]
	at java.base/java.util.ArrayList$ArrayListSpliterator.forEachRemaining(ArrayList.java:1655) ~[na:na]
	at java.base/java.util.stream.AbstractPipeline.copyInto(AbstractPipeline.java:484) ~[na:na]
	at java.base/java.util.stream.AbstractPipeline.wrapAndCopyInto(AbstractPipeline.java:474) ~[na:na]
	at java.base/java.util.stream.StreamSpliterators$WrappingSpliterator.forEachRemaining(StreamSpliterators.java:312) ~[na:na]
	at java.base/java.util.stream.Streams$ConcatSpliterator.forEachRemaining(Streams.java:735) ~[na:na]
	at java.base/java.util.stream.Streams$ConcatSpliterator.forEachRemaining(Streams.java:734) ~[na:na]
	at java.base/java.util.stream.ReferencePipeline$Head.forEach(ReferencePipeline.java:658) ~[na:na]
	at org.junit.jupiter.engine.descriptor.ClassBasedTestDescriptor.invokeTestInstancePostProcessors(ClassBasedTestDescriptor.java:362) ~[junit-jupiter-engine-5.8.2.jar:5.8.2]
	at org.junit.jupiter.engine.descriptor.ClassBasedTestDescriptor.lambda$instantiateAndPostProcessTestInstance$6(ClassBasedTestDescriptor.java:283) ~[junit-jupiter-engine-5.8.2.jar:5.8.2]
	at org.junit.platform.engine.support.hierarchical.ThrowableCollector.execute(ThrowableCollector.java:73) ~[junit-platform-engine-1.8.2.jar:1.8.2]
	at org.junit.jupiter.engine.descriptor.ClassBasedTestDescriptor.instantiateAndPostProcessTestInstance(ClassBasedTestDescriptor.java:282) ~[junit-jupiter-engine-5.8.2.jar:5.8.2]
	at org.junit.jupiter.engine.descriptor.ClassBasedTestDescriptor.lambda$testInstancesProvider$4(ClassBasedTestDescriptor.java:272) ~[junit-jupiter-engine-5.8.2.jar:5.8.2]
	at java.base/java.util.Optional.orElseGet(Optional.java:369) ~[na:na]
	at org.junit.jupiter.engine.descriptor.ClassBasedTestDescriptor.lambda$testInstancesProvider$5(ClassBasedTestDescriptor.java:271) ~[junit-jupiter-engine-5.8.2.jar:5.8.2]
	at org.junit.jupiter.engine.execution.TestInstancesProvider.getTestInstances(TestInstancesProvider.java:31) ~[junit-jupiter-engine-5.8.2.jar:5.8.2]
	at org.junit.jupiter.engine.descriptor.TestMethodTestDescriptor.lambda$prepare$0(TestMethodTestDescriptor.java:102) ~[junit-jupiter-engine-5.8.2.jar:5.8.2]
	at org.junit.platform.engine.support.hierarchical.ThrowableCollector.execute(ThrowableCollector.java:73) ~[junit-platform-engine-1.8.2.jar:1.8.2]
	at org.junit.jupiter.engine.descriptor.TestMethodTestDescriptor.prepare(TestMethodTestDescriptor.java:101) ~[junit-jupiter-engine-5.8.2.jar:5.8.2]
	at org.junit.jupiter.engine.descriptor.TestMethodTestDescriptor.prepare(TestMethodTestDescriptor.java:66) ~[junit-jupiter-engine-5.8.2.jar:5.8.2]
	at org.junit.platform.engine.support.hierarchical.NodeTestTask.lambda$prepare$2(NodeTestTask.java:123) ~[junit-platform-engine-1.8.2.jar:1.8.2]
	at org.junit.platform.engine.support.hierarchical.ThrowableCollector.execute(ThrowableCollector.java:73) ~[junit-platform-engine-1.8.2.jar:1.8.2]
	at org.junit.platform.engine.support.hierarchical.NodeTestTask.prepare(NodeTestTask.java:123) ~[junit-platform-engine-1.8.2.jar:1.8.2]
	at org.junit.platform.engine.support.hierarchical.NodeTestTask.execute(NodeTestTask.java:90) ~[junit-platform-engine-1.8.2.jar:1.8.2]
	at java.base/java.util.ArrayList.forEach(ArrayList.java:1541) ~[na:na]
	at org.junit.platform.engine.support.hierarchical.SameThreadHierarchicalTestExecutorService.invokeAll(SameThreadHierarchicalTestExecutorService.java:41) ~[junit-platform-engine-1.8.2.jar:1.8.2]
	at org.junit.platform.engine.support.hierarchical.NodeTestTask.lambda$executeRecursively$6(NodeTestTask.java:155) ~[junit-platform-engine-1.8.2.jar:1.8.2]
	at org.junit.platform.engine.support.hierarchical.ThrowableCollector.execute(ThrowableCollector.java:73) ~[junit-platform-engine-1.8.2.jar:1.8.2]
	at org.junit.platform.engine.support.hierarchical.NodeTestTask.lambda$executeRecursively$8(NodeTestTask.java:141) ~[junit-platform-engine-1.8.2.jar:1.8.2]
	at org.junit.platform.engine.support.hierarchical.Node.around(Node.java:137) ~[junit-platform-engine-1.8.2.jar:1.8.2]
	at org.junit.platform.engine.support.hierarchical.NodeTestTask.lambda$executeRecursively$9(NodeTestTask.java:139) ~[junit-platform-engine-1.8.2.jar:1.8.2]
	at org.junit.platform.engine.support.hierarchical.ThrowableCollector.execute(ThrowableCollector.java:73) ~[junit-platform-engine-1.8.2.jar:1.8.2]
	at org.junit.platform.engine.support.hierarchical.NodeTestTask.executeRecursively(NodeTestTask.java:138) ~[junit-platform-engine-1.8.2.jar:1.8.2]
	at org.junit.platform.engine.support.hierarchical.NodeTestTask.execute(NodeTestTask.java:95) ~[junit-platform-engine-1.8.2.jar:1.8.2]
	at java.base/java.util.ArrayList.forEach(ArrayList.java:1541) ~[na:na]
	at org.junit.platform.engine.support.hierarchical.SameThreadHierarchicalTestExecutorService.invokeAll(SameThreadHierarchicalTestExecutorService.java:41) ~[junit-platform-engine-1.8.2.jar:1.8.2]
	at org.junit.platform.engine.support.hierarchical.NodeTestTask.lambda$executeRecursively$6(NodeTestTask.java:155) ~[junit-platform-engine-1.8.2.jar:1.8.2]
	at org.junit.platform.engine.support.hierarchical.ThrowableCollector.execute(ThrowableCollector.java:73) ~[junit-platform-engine-1.8.2.jar:1.8.2]
	at org.junit.platform.engine.support.hierarchical.NodeTestTask.lambda$executeRecursively$8(NodeTestTask.java:141) ~[junit-platform-engine-1.8.2.jar:1.8.2]
	at org.junit.platform.engine.support.hierarchical.Node.around(Node.java:137) ~[junit-platform-engine-1.8.2.jar:1.8.2]
	at org.junit.platform.engine.support.hierarchical.NodeTestTask.lambda$executeRecursively$9(NodeTestTask.java:139) ~[junit-platform-engine-1.8.2.jar:1.8.2]
	at org.junit.platform.engine.support.hierarchical.ThrowableCollector.execute(ThrowableCollector.java:73) ~[junit-platform-engine-1.8.2.jar:1.8.2]
	at org.junit.platform.engine.support.hierarchical.NodeTestTask.executeRecursively(NodeTestTask.java:138) ~[junit-platform-engine-1.8.2.jar:1.8.2]
	at org.junit.platform.engine.support.hierarchical.NodeTestTask.execute(NodeTestTask.java:95) ~[junit-platform-engine-1.8.2.jar:1.8.2]
	at org.junit.platform.engine.support.hierarchical.SameThreadHierarchicalTestExecutorService.submit(SameThreadHierarchicalTestExecutorService.java:35) ~[junit-platform-engine-1.8.2.jar:1.8.2]
	at org.junit.platform.engine.support.hierarchical.HierarchicalTestExecutor.execute(HierarchicalTestExecutor.java:57) ~[junit-platform-engine-1.8.2.jar:1.8.2]
	at org.junit.platform.engine.support.hierarchical.HierarchicalTestEngine.execute(HierarchicalTestEngine.java:54) ~[junit-platform-engine-1.8.2.jar:1.8.2]
	at org.junit.platform.launcher.core.DefaultLauncher.execute(DefaultLauncher.java:220) ~[junit-platform-launcher-1.3.1.jar:1.3.1]
	at org.junit.platform.launcher.core.DefaultLauncher.lambda$execute$6(DefaultLauncher.java:188) ~[junit-platform-launcher-1.3.1.jar:1.3.1]
	at org.junit.platform.launcher.core.DefaultLauncher.withInterceptedStreams(DefaultLauncher.java:202) ~[junit-platform-launcher-1.3.1.jar:1.3.1]
	at org.junit.platform.launcher.core.DefaultLauncher.execute(DefaultLauncher.java:181) ~[junit-platform-launcher-1.3.1.jar:1.3.1]
	at org.junit.platform.launcher.core.DefaultLauncher.execute(DefaultLauncher.java:128) ~[junit-platform-launcher-1.3.1.jar:1.3.1]
	at org.apache.maven.surefire.junitplatform.JUnitPlatformProvider.invokeAllTests(JUnitPlatformProvider.java:150) ~[surefire-junit-platform-2.22.2.jar:2.22.2]
	at org.apache.maven.surefire.junitplatform.JUnitPlatformProvider.invoke(JUnitPlatformProvider.java:124) ~[surefire-junit-platform-2.22.2.jar:2.22.2]
	at org.apache.maven.surefire.booter.ForkedBooter.invokeProviderInSameClassLoader(ForkedBooter.java:384) ~[surefire-booter-2.22.2.jar:2.22.2]
	at org.apache.maven.surefire.booter.ForkedBooter.runSuitesInProcess(ForkedBooter.java:345) ~[surefire-booter-2.22.2.jar:2.22.2]
	at org.apache.maven.surefire.booter.ForkedBooter.execute(ForkedBooter.java:126) ~[surefire-booter-2.22.2.jar:2.22.2]
	at org.apache.maven.surefire.booter.ForkedBooter.main(ForkedBooter.java:418) ~[surefire-booter-2.22.2.jar:2.22.2]
Caused by: org.springframework.beans.factory.BeanCreationException: Error creating bean with name 'entityManagerFactory' defined in class path resource [org/springframework/boot/autoconfigure/orm/jpa/HibernateJpaConfiguration.class]: Invocation of init method failed; nested exception is javax.persistence.PersistenceException: [PersistenceUnit: default] Unable to build Hibernate SessionFactory; nested exception is org.hibernate.exception.GenericJDBCException: Unable to open JDBC Connection for DDL execution
	at org.springframework.beans.factory.support.AbstractAutowireCapableBeanFactory.initializeBean(AbstractAutowireCapableBeanFactory.java:1804) ~[spring-beans-5.3.27.jar:5.3.27]
	at org.springframework.beans.factory.support.AbstractAutowireCapableBeanFactory.doCreateBean(AbstractAutowireCapableBeanFactory.java:620) ~[spring-beans-5.3.27.jar:5.3.27]
	at org.springframework.beans.factory.support.AbstractAutowireCapableBeanFactory.createBean(AbstractAutowireCapableBeanFactory.java:542) ~[spring-beans-5.3.27.jar:5.3.27]
	at org.springframework.beans.factory.support.AbstractBeanFactory.lambda$doGetBean$0(AbstractBeanFactory.java:335) ~[spring-beans-5.3.27.jar:5.3.27]
	at org.springframework.beans.factory.support.DefaultSingletonBeanRegistry.getSingleton(DefaultSingletonBeanRegistry.java:234) ~[spring-beans-5.3.27.jar:5.3.27]
	at org.springframework.beans.factory.support.AbstractBeanFactory.doGetBean(AbstractBeanFactory.java:333) ~[spring-beans-5.3.27.jar:5.3.27]
	at org.springframework.beans.factory.support.AbstractBeanFactory.getBean(AbstractBeanFactory.java:208) ~[spring-beans-5.3.27.jar:5.3.27]
	at org.springframework.context.support.AbstractApplicationContext.getBean(AbstractApplicationContext.java:1156) ~[spring-context-5.3.27.jar:5.3.27]
	at org.springframework.context.support.AbstractApplicationContext.finishBeanFactoryInitialization(AbstractApplicationContext.java:910) ~[spring-context-5.3.27.jar:5.3.27]
	at org.springframework.context.support.AbstractApplicationContext.refresh(AbstractApplicationContext.java:583) ~[spring-context-5.3.27.jar:5.3.27]
	at org.springframework.boot.SpringApplication.refresh(SpringApplication.java:731) ~[spring-boot-2.7.12.jar:2.7.12]
	at org.springframework.boot.SpringApplication.refreshContext(SpringApplication.java:408) ~[spring-boot-2.7.12.jar:2.7.12]
	at org.springframework.boot.SpringApplication.run(SpringApplication.java:307) ~[spring-boot-2.7.12.jar:2.7.12]
	at org.springframework.boot.test.context.SpringBootContextLoader.loadContext(SpringBootContextLoader.java:136) ~[spring-boot-test-2.7.12.jar:2.7.12]
	at org.springframework.test.context.cache.DefaultCacheAwareContextLoaderDelegate.loadContextInternal(DefaultCacheAwareContextLoaderDelegate.java:141) ~[spring-test-5.3.27.jar:5.3.27]
	at org.springframework.test.context.cache.DefaultCacheAwareContextLoaderDelegate.loadContext(DefaultCacheAwareContextLoaderDelegate.java:90) ~[spring-test-5.3.27.jar:5.3.27]
	... 67 common frames omitted
Caused by: javax.persistence.PersistenceException: [PersistenceUnit: default] Unable to build Hibernate SessionFactory; nested exception is org.hibernate.exception.GenericJDBCException: Unable to open JDBC Connection for DDL execution
	at org.springframework.orm.jpa.AbstractEntityManagerFactoryBean.buildNativeEntityManagerFactory(AbstractEntityManagerFactoryBean.java:421) ~[spring-orm-5.3.27.jar:5.3.27]
	at org.springframework.orm.jpa.AbstractEntityManagerFactoryBean.afterPropertiesSet(AbstractEntityManagerFactoryBean.java:396) ~[spring-orm-5.3.27.jar:5.3.27]
	at org.springframework.orm.jpa.LocalContainerEntityManagerFactoryBean.afterPropertiesSet(LocalContainerEntityManagerFactoryBean.java:341) ~[spring-orm-5.3.27.jar:5.3.27]
	at org.springframework.beans.factory.support.AbstractAutowireCapableBeanFactory.invokeInitMethods(AbstractAutowireCapableBeanFactory.java:1863) ~[spring-beans-5.3.27.jar:5.3.27]
	at org.springframework.beans.factory.support.AbstractAutowireCapableBeanFactory.initializeBean(AbstractAutowireCapableBeanFactory.java:1800) ~[spring-beans-5.3.27.jar:5.3.27]
	... 82 common frames omitted
Caused by: org.hibernate.exception.GenericJDBCException: Unable to open JDBC Connection for DDL execution
	at org.hibernate.exception.internal.StandardSQLExceptionConverter.convert(StandardSQLExceptionConverter.java:42) ~[hibernate-core-5.6.15.Final.jar:5.6.15.Final]
	at org.hibernate.engine.jdbc.spi.SqlExceptionHelper.convert(SqlExceptionHelper.java:113) ~[hibernate-core-5.6.15.Final.jar:5.6.15.Final]
	at org.hibernate.engine.jdbc.spi.SqlExceptionHelper.convert(SqlExceptionHelper.java:99) ~[hibernate-core-5.6.15.Final.jar:5.6.15.Final]
	at org.hibernate.resource.transaction.backend.jdbc.internal.DdlTransactionIsolatorNonJtaImpl.getIsolatedConnection(DdlTransactionIsolatorNonJtaImpl.java:71) ~[hibernate-core-5.6.15.Final.jar:5.6.15.Final]
	at org.hibernate.tool.schema.internal.exec.ImprovedExtractionContextImpl.getJdbcConnection(ImprovedExtractionContextImpl.java:63) ~[hibernate-core-5.6.15.Final.jar:5.6.15.Final]
	at org.hibernate.tool.schema.internal.exec.ImprovedExtractionContextImpl.getJdbcDatabaseMetaData(ImprovedExtractionContextImpl.java:70) ~[hibernate-core-5.6.15.Final.jar:5.6.15.Final]
	at org.hibernate.tool.schema.extract.internal.InformationExtractorJdbcDatabaseMetaDataImpl.processTableResultSet(InformationExtractorJdbcDatabaseMetaDataImpl.java:64) ~[hibernate-core-5.6.15.Final.jar:5.6.15.Final]
	at org.hibernate.tool.schema.extract.internal.AbstractInformationExtractorImpl.getTables(AbstractInformationExtractorImpl.java:565) ~[hibernate-core-5.6.15.Final.jar:5.6.15.Final]
	at org.hibernate.tool.schema.extract.internal.DatabaseInformationImpl.getTablesInformation(DatabaseInformationImpl.java:122) ~[hibernate-core-5.6.15.Final.jar:5.6.15.Final]
	at org.hibernate.tool.schema.internal.GroupedSchemaMigratorImpl.performTablesMigration(GroupedSchemaMigratorImpl.java:68) ~[hibernate-core-5.6.15.Final.jar:5.6.15.Final]
	at org.hibernate.tool.schema.internal.AbstractSchemaMigrator.performMigration(AbstractSchemaMigrator.java:220) ~[hibernate-core-5.6.15.Final.jar:5.6.15.Final]
	at org.hibernate.tool.schema.internal.AbstractSchemaMigrator.doMigration(AbstractSchemaMigrator.java:123) ~[hibernate-core-5.6.15.Final.jar:5.6.15.Final]
	at org.hibernate.tool.schema.spi.SchemaManagementToolCoordinator.performDatabaseAction(SchemaManagementToolCoordinator.java:196) ~[hibernate-core-5.6.15.Final.jar:5.6.15.Final]
	at org.hibernate.tool.schema.spi.SchemaManagementToolCoordinator.process(SchemaManagementToolCoordinator.java:85) ~[hibernate-core-5.6.15.Final.jar:5.6.15.Final]
	at org.hibernate.internal.SessionFactoryImpl.<init>(SessionFactoryImpl.java:335) ~[hibernate-core-5.6.15.Final.jar:5.6.15.Final]
	at org.hibernate.boot.internal.SessionFactoryBuilderImpl.build(SessionFactoryBuilderImpl.java:471) ~[hibernate-core-5.6.15.Final.jar:5.6.15.Final]
	at org.hibernate.jpa.boot.internal.EntityManagerFactoryBuilderImpl.build(EntityManagerFactoryBuilderImpl.java:1498) ~[hibernate-core-5.6.15.Final.jar:5.6.15.Final]
	at org.springframework.orm.jpa.vendor.SpringHibernateJpaPersistenceProvider.createContainerEntityManagerFactory(SpringHibernateJpaPersistenceProvider.java:58) ~[spring-orm-5.3.27.jar:5.3.27]
	at org.springframework.orm.jpa.LocalContainerEntityManagerFactoryBean.createNativeEntityManagerFactory(LocalContainerEntityManagerFactoryBean.java:365) ~[spring-orm-5.3.27.jar:5.3.27]
	at org.springframework.orm.jpa.AbstractEntityManagerFactoryBean.buildNativeEntityManagerFactory(AbstractEntityManagerFactoryBean.java:409) ~[spring-orm-5.3.27.jar:5.3.27]
	... 86 common frames omitted
Caused by: java.sql.SQLException: Accès refusé pour l'utilisateur: 'root'@'@localhost' (mot de passe: OUI)
	at com.mysql.cj.jdbc.exceptions.SQLError.createSQLException(SQLError.java:130) ~[mysql-connector-j-8.0.33.jar:8.0.33]
	at com.mysql.cj.jdbc.exceptions.SQLExceptionsMapping.translateException(SQLExceptionsMapping.java:122) ~[mysql-connector-j-8.0.33.jar:8.0.33]
	at com.mysql.cj.jdbc.ConnectionImpl.createNewIO(ConnectionImpl.java:825) ~[mysql-connector-j-8.0.33.jar:8.0.33]
	at com.mysql.cj.jdbc.ConnectionImpl.<init>(ConnectionImpl.java:446) ~[mysql-connector-j-8.0.33.jar:8.0.33]
	at com.mysql.cj.jdbc.ConnectionImpl.getInstance(ConnectionImpl.java:239) ~[mysql-connector-j-8.0.33.jar:8.0.33]
	at com.mysql.cj.jdbc.NonRegisteringDriver.connect(NonRegisteringDriver.java:188) ~[mysql-connector-j-8.0.33.jar:8.0.33]
	at com.zaxxer.hikari.util.DriverDataSource.getConnection(DriverDataSource.java:138) ~[HikariCP-4.0.3.jar:na]
	at com.zaxxer.hikari.pool.PoolBase.newConnection(PoolBase.java:364) ~[HikariCP-4.0.3.jar:na]
	at com.zaxxer.hikari.pool.PoolBase.newPoolEntry(PoolBase.java:206) ~[HikariCP-4.0.3.jar:na]
	at com.zaxxer.hikari.pool.HikariPool.createPoolEntry(HikariPool.java:476) ~[HikariCP-4.0.3.jar:na]
	at com.zaxxer.hikari.pool.HikariPool.checkFailFast(HikariPool.java:561) ~[HikariCP-4.0.3.jar:na]
	at com.zaxxer.hikari.pool.HikariPool.<init>(HikariPool.java:115) ~[HikariCP-4.0.3.jar:na]
	at com.zaxxer.hikari.HikariDataSource.getConnection(HikariDataSource.java:112) ~[HikariCP-4.0.3.jar:na]
	at org.hibernate.engine.jdbc.connections.internal.DatasourceConnectionProviderImpl.getConnection(DatasourceConnectionProviderImpl.java:122) ~[hibernate-core-5.6.15.Final.jar:5.6.15.Final]
	at org.hibernate.engine.jdbc.env.internal.JdbcEnvironmentInitiator$ConnectionProviderJdbcConnectionAccess.obtainConnection(JdbcEnvironmentInitiator.java:181) ~[hibernate-core-5.6.15.Final.jar:5.6.15.Final]
	at org.hibernate.resource.transaction.backend.jdbc.internal.DdlTransactionIsolatorNonJtaImpl.getIsolatedConnection(DdlTransactionIsolatorNonJtaImpl.java:44) ~[hibernate-core-5.6.15.Final.jar:5.6.15.Final]
	... 102 common frames omitted

]]></system-out>
  </testcase>
</testsuite>